#
# There is insufficient memory for the Java Runtime Environment to continue.
# Native memory allocation (malloc) failed to allocate 32744 bytes for ChunkPool::allocate
# Possible reasons:
#   The system is out of physical RAM or swap space
#   The process is running with CompressedOops enabled, and the Java Heap may be blocking the growth of the native heap
# Possible solutions:
#   Reduce memory load on the system
#   Increase physical memory or swap space
#   Check if swap backing store is full
#   Decrease Java heap size (-Xmx/-Xms)
#   Decrease number of Java threads
#   Decrease Java thread stack sizes (-Xss)
#   Set larger code cache with -XX:ReservedCodeCacheSize=
#   JVM is running with Unscaled Compressed Oops mode in which the Java heap is
#     placed in the first 4GB address space. The Java Heap base address is the
#     maximum limit for the native heap growth. Please use -XX:HeapBaseMinAddress
#     to set the Java Heap base and to place the Java Heap above 4GB virtual address.
# This output file may be truncated or incomplete.
#
#  Out of Memory Error (c:/jenkins/workspace/zulu9-silver-build-win64/zulu-src/hotspot/src/share/vm/memory/allocation.cpp:256), pid=5436, tid=5400
#
# JRE version: OpenJDK Runtime Environment (9.0.1+1) (build 9.0.7.1+1)
# Java VM: OpenJDK 64-Bit Server VM (9.0.7.1+1, mixed mode, tiered, compressed oops, g1 gc, windows-amd64)
# No core dump will be written. Minidumps are not enabled by default on client versions of Windows
#

---------------  S U M M A R Y ------------

Command Line: -XX:TieredStopAtLevel=1 -Xverify:none -Dspring.output.ansi.enabled=always -Dcom.sun.management.jmxremote -Dcom.sun.management.jmxremote.port=54608 -Dcom.sun.management.jmxremote.authenticate=false -Dcom.sun.management.jmxremote.ssl=false -Djava.rmi.server.hostname=localhost -Dspring.liveBeansView.mbeanDomain -Dspring.application.admin.enabled=true -javaagent:L:\JetBrains\IntelliJ IDEA 2018.2.1\lib\idea_rt.jar=54609:L:\JetBrains\IntelliJ IDEA 2018.2.1\bin -Dfile.encoding=UTF-8 ru.lanit.springboot.afisha.AfishaApplication

Host: Intel(R) Core(TM) i5-7300HQ CPU @ 2.50GHz, 4 cores, 7G,  Windows 10 , 64 bit Build 17134 (10.0.17134.1)
Time: Tue Aug 28 13:21:27 2018 RTZ 2 (ceia) elapsed time: 6 seconds (0d 0h 0m 6s)

---------------  T H R E A D  ---------------

Current thread (0x000002074ff83800):  JavaThread "C1 CompilerThread1" daemon [_thread_in_native, id=5400, stack(0x00000087cde00000,0x00000087cdf00000)]


Current CompileTask:
C1:   6969 5359       1       java.util.regex.Pattern::escape (1323 bytes)

Stack: [0x00000087cde00000,0x00000087cdf00000]
Native frames: (J=compiled Java code, j=interpreted, Vv=VM code, C=native code)
V  [jvm.dll+0x541df8]
V  [jvm.dll+0x65172e]
V  [jvm.dll+0x65263a]
V  [jvm.dll+0x652c63]
V  [jvm.dll+0x2178d8]
V  [jvm.dll+0xa7ead]
V  [jvm.dll+0xa797a]
V  [jvm.dll+0xa826c]
V  [jvm.dll+0x1204b0]
V  [jvm.dll+0x131173]
V  [jvm.dll+0x1384b7]
V  [jvm.dll+0x13209e]
V  [jvm.dll+0x11ec00]
V  [jvm.dll+0x1076c0]
V  [jvm.dll+0x107249]
V  [jvm.dll+0x1073b3]
V  [jvm.dll+0x106723]
V  [jvm.dll+0x108257]
V  [jvm.dll+0x1f0d6a]
V  [jvm.dll+0x1efa06]
V  [jvm.dll+0x620a6f]
V  [jvm.dll+0x541230]
C  [msvcr120.dll+0x24f7f]
C  [msvcr120.dll+0x25126]
C  [KERNEL32.DLL+0x13034]
C  [ntdll.dll+0x71431]


---------------  P R O C E S S  ---------------

Java Threads: ( => current thread )
  0x0000020750d46800 JavaThread "HikariPool-1 connection adder" daemon [_thread_blocked, id=13544, stack(0x00000087cf400000,0x00000087cf500000)]
  0x0000020750d49800 JavaThread "HikariPool-1 housekeeper" daemon [_thread_blocked, id=14096, stack(0x00000087cf300000,0x00000087cf400000)]
  0x0000020750d45000 JavaThread "Abandoned connection cleanup thread" daemon [_thread_blocked, id=2216, stack(0x00000087cf100000,0x00000087cf200000)]
  0x0000020750d48800 JavaThread "container-0" [_thread_blocked, id=1572, stack(0x00000087cf000000,0x00000087cf100000)]
  0x0000020750d48000 JavaThread "ContainerBackgroundProcessor[StandardEngine[Tomcat]]" daemon [_thread_blocked, id=2844, stack(0x00000087cef00000,0x00000087cf000000)]
  0x0000020750d44000 JavaThread "localhost-startStop-1" daemon [_thread_blocked, id=2624, stack(0x00000087cee00000,0x00000087cef00000)]
  0x0000020750d47000 JavaThread "Tomcat-startStop-1" daemon [_thread_blocked, id=13688, stack(0x00000087cea00000,0x00000087ceb00000)]
  0x0000020750d43800 JavaThread "RMI TCP Connection(2)-127.0.0.1" daemon [_thread_in_native, id=3752, stack(0x00000087ced00000,0x00000087cee00000)]
  0x0000020750978800 JavaThread "RMI Scheduler(0)" daemon [_thread_blocked, id=13376, stack(0x00000087cec00000,0x00000087ced00000)]
  0x0000020751a64800 JavaThread "RMI TCP Connection(1)-127.0.0.1" daemon [_thread_blocked, id=10192, stack(0x00000087ceb00000,0x00000087cec00000)]
  0x0000020750b17800 JavaThread "restartedMain" [_thread_blocked, id=12884, stack(0x00000087ce900000,0x00000087cea00000)]
  0x0000020750b01800 JavaThread "Thread-0" [_thread_blocked, id=11812, stack(0x00000087ce800000,0x00000087ce900000)]
  0x0000020750950000 JavaThread "RMI TCP Accept-0" daemon [_thread_in_native, id=7660, stack(0x00000087ce600000,0x00000087ce700000)]
  0x000002075093d000 JavaThread "RMI TCP Accept-54608" daemon [_thread_in_native, id=12556, stack(0x00000087ce500000,0x00000087ce600000)]
  0x0000020750933800 JavaThread "RMI TCP Accept-0" daemon [_thread_in_native, id=5848, stack(0x00000087ce400000,0x00000087ce500000)]
  0x000002075051e000 JavaThread "Service Thread" daemon [_thread_blocked, id=2456, stack(0x00000087ce300000,0x00000087ce400000)]
  0x0000020750515000 JavaThread "Monitor Ctrl-Break" daemon [_thread_in_native, id=9892, stack(0x00000087ce200000,0x00000087ce300000)]
  0x000002075000f000 JavaThread "Common-Cleaner" daemon [_thread_blocked, id=9536, stack(0x00000087ce100000,0x00000087ce200000)]
  0x000002074ffbc800 JavaThread "Sweeper thread" daemon [_thread_blocked, id=9496, stack(0x00000087ce000000,0x00000087ce100000)]
  0x000002074ffb7800 JavaThread "C1 CompilerThread2" daemon [_thread_blocked, id=11204, stack(0x00000087cdf00000,0x00000087ce000000)]
=>0x000002074ff83800 JavaThread "C1 CompilerThread1" daemon [_thread_in_native, id=5400, stack(0x00000087cde00000,0x00000087cdf00000)]
  0x000002074ff7f800 JavaThread "C1 CompilerThread0" daemon [_thread_in_native, id=10200, stack(0x00000087cdd00000,0x00000087cde00000)]
  0x000002074ff7e800 JavaThread "Attach Listener" daemon [_thread_blocked, id=396, stack(0x00000087cdc00000,0x00000087cdd00000)]
  0x000002074ff7c800 JavaThread "Signal Dispatcher" daemon [_thread_blocked, id=11388, stack(0x00000087cdb00000,0x00000087cdc00000)]
  0x000002074ff72000 JavaThread "Finalizer" daemon [_thread_blocked, id=13696, stack(0x00000087cda00000,0x00000087cdb00000)]
  0x000002074ff69800 JavaThread "Reference Handler" daemon [_thread_blocked, id=7516, stack(0x00000087cd900000,0x00000087cda00000)]
  0x000002072ebd4800 JavaThread "main" [_thread_blocked, id=14228, stack(0x00000087ccc00000,0x00000087ccd00000)]

Other Threads:
  0x000002074f640800 VMThread "VM Thread" [stack: 0x00000087cd800000,0x00000087cd900000] [id=8652]
  0x0000020750950800 WatcherThread [stack: 0x00000087ce700000,0x00000087ce800000] [id=14328]
  0x000002072ebe7800 GCTaskThread "GC Thread#0" [stack: 0x00000087ccd00000,0x00000087cce00000] [id=12492]
  0x000002072ebe9000 GCTaskThread "GC Thread#1" [stack: 0x00000087cce00000,0x00000087ccf00000] [id=9668]
  0x000002072ebeb800 GCTaskThread "GC Thread#2" [stack: 0x00000087ccf00000,0x00000087cd000000] [id=7676]
  0x000002072ebee800 GCTaskThread "GC Thread#3" [stack: 0x00000087cd000000,0x00000087cd100000] [id=5804]
  0x000002072ec7a000 ConcurrentGCThread "G1 Main Marker" [stack: 0x00000087cd600000,0x00000087cd700000] [id=8176]
  0x000002072ec7a800 ConcurrentGCThread "G1 Marker#0" [stack: 0x00000087cd700000,0x00000087cd800000] [id=12852]
  0x000002072ec02000 ConcurrentGCThread "G1 Refine#0" [stack: 0x00000087cd400000,0x00000087cd500000] [id=12572]
  0x000002072ec01800 ConcurrentGCThread "G1 Refine#1" [stack: 0x00000087cd300000,0x00000087cd400000] [id=10732]
  0x000002072ebf6800 ConcurrentGCThread "G1 Refine#2" [stack: 0x00000087cd200000,0x00000087cd300000] [id=12640]
  0x000002072ebf5800 ConcurrentGCThread "G1 Refine#3" [stack: 0x00000087cd100000,0x00000087cd200000] [id=5004]
  0x000002072ec04000 ConcurrentGCThread "G1 Young RemSet Sampling" [stack: 0x00000087cd500000,0x00000087cd600000] [id=10656]

Threads with active compile tasks:
C1 CompilerThread15359       1       java.util.regex.Pattern::escape (1323 bytes)
C1 CompilerThread05384       1       java.text.DecimalFormatSymbols::initialize (207 bytes)

VM state:at safepoint (normal execution)

VM Mutex/Monitor currently owned by a thread:  ([mutex/lock_event])
[0x000002072ebd0f80] Threads_lock - owner thread: 0x000002074f640800
[0x000002072ebd0cb0] Heap_lock - owner thread: 0x0000020750b17800

Heap address: 0x0000000081e00000, size: 2018 MB, Compressed Oops mode: 32-bit
Narrow klass base: 0x0000000000000000, Narrow klass shift: 3
Compressed class space size: 1073741824 Address: 0x0000000100000000

Heap:
 garbage-first heap   total 189440K, used 35327K [0x0000000081e00000, 0x0000000081f005c8, 0x0000000100000000)
  region size 1024K, 9 young (9216K), 9 survivors (9216K)
 Metaspace       used 52194K, capacity 55196K, committed 55424K, reserved 1099776K
  class space    used 6732K, capacity 7276K, committed 7296K, reserved 1048576K
Heap Regions: E=young(eden), S=young(survivor), O=old, HS=humongous(starts), HC=humongous(continues), CS=collection set, F=free, A=archive, TS=gc time stamp, AC=allocation context, TAMS=top-at-mark-start (previous, next)
|   0|0x0000000081e00000, 0x0000000081f00000, 0x0000000081f00000|100%| O|  |TS  0|AC  0|TAMS 0x0000000081f00000, 0x0000000081f00000|
|   1|0x0000000081f00000, 0x0000000082000000, 0x0000000082000000|100%| O|  |TS  0|AC  0|TAMS 0x0000000082000000, 0x0000000082000000|
|   2|0x0000000082000000, 0x0000000082100000, 0x0000000082100000|100%| O|  |TS  0|AC  0|TAMS 0x0000000082100000, 0x0000000082100000|
|   3|0x0000000082100000, 0x0000000082200000, 0x0000000082200000|100%| O|  |TS  0|AC  0|TAMS 0x0000000082200000, 0x0000000082200000|
|   4|0x0000000082200000, 0x0000000082300000, 0x0000000082300000|100%| O|  |TS  0|AC  0|TAMS 0x0000000082300000, 0x0000000082300000|
|   5|0x0000000082300000, 0x0000000082400000, 0x0000000082400000|100%| O|  |TS  0|AC  0|TAMS 0x0000000082400000, 0x0000000082400000|
|   6|0x0000000082400000, 0x0000000082500000, 0x0000000082500000|100%| O|  |TS  0|AC  0|TAMS 0x0000000082500000, 0x0000000082500000|
|   7|0x0000000082500000, 0x0000000082600000, 0x0000000082600000|100%| O|  |TS  5|AC  0|TAMS 0x0000000082500000, 0x0000000082600000|
|   8|0x0000000082600000, 0x0000000082700000, 0x0000000082700000|100%| O|  |TS  0|AC  0|TAMS 0x0000000082700000, 0x0000000082700000|
|   9|0x0000000082700000, 0x0000000082800000, 0x0000000082800000|100%| O|  |TS  0|AC  0|TAMS 0x0000000082800000, 0x0000000082800000|
|  10|0x0000000082800000, 0x0000000082900000, 0x0000000082900000|100%| O|  |TS  0|AC  0|TAMS 0x0000000082900000, 0x0000000082900000|
|  11|0x0000000082900000, 0x0000000082a00000, 0x0000000082a00000|100%| O|  |TS  0|AC  0|TAMS 0x0000000082a00000, 0x0000000082a00000|
|  12|0x0000000082a00000, 0x0000000082b00000, 0x0000000082b00000|100%| O|  |TS  0|AC  0|TAMS 0x0000000082b00000, 0x0000000082b00000|
|  13|0x0000000082b00000, 0x0000000082c00000, 0x0000000082c00000|100%| O|  |TS  0|AC  0|TAMS 0x0000000082c00000, 0x0000000082c00000|
|  14|0x0000000082c00000, 0x0000000082d00000, 0x0000000082d00000|100%| O|  |TS  0|AC  0|TAMS 0x0000000082d00000, 0x0000000082d00000|
|  15|0x0000000082d00000, 0x0000000082e00000, 0x0000000082e00000|100%| O|  |TS  0|AC  0|TAMS 0x0000000082e00000, 0x0000000082e00000|
|  16|0x0000000082e00000, 0x0000000082f00000, 0x0000000082f00000|100%| O|  |TS  0|AC  0|TAMS 0x0000000082f00000, 0x0000000082f00000|
|  17|0x0000000082f00000, 0x0000000083000000, 0x0000000083000000|100%| O|  |TS  0|AC  0|TAMS 0x0000000083000000, 0x0000000083000000|
|  18|0x0000000083000000, 0x0000000083100000, 0x0000000083100000|100%| O|  |TS  0|AC  0|TAMS 0x0000000083100000, 0x0000000083100000|
|  19|0x0000000083100000, 0x0000000083200000, 0x0000000083200000|100%| O|  |TS  0|AC  0|TAMS 0x0000000083200000, 0x0000000083200000|
|  20|0x0000000083200000, 0x0000000083300000, 0x0000000083300000|100%| O|  |TS  5|AC  0|TAMS 0x00000000832fa800, 0x0000000083300000|
|  21|0x0000000083300000, 0x0000000083400000, 0x0000000083400000|100%| O|  |TS  5|AC  0|TAMS 0x0000000083300000, 0x0000000083400000|
|  22|0x0000000083400000, 0x0000000083500000, 0x0000000083500000|100%| O|  |TS  5|AC  0|TAMS 0x0000000083400000, 0x0000000083500000|
|  23|0x0000000083500000, 0x0000000083600000, 0x0000000083600000|100%| O|  |TS  5|AC  0|TAMS 0x0000000083500000, 0x0000000083600000|
|  24|0x0000000083600000, 0x0000000083700000, 0x0000000083700000|100%| O|  |TS  5|AC  0|TAMS 0x0000000083600000, 0x0000000083700000|
|  25|0x0000000083700000, 0x00000000837cf200, 0x0000000083800000| 80%| O|  |TS  7|AC  0|TAMS 0x0000000083700000, 0x00000000837cf200|
|  26|0x0000000083800000, 0x0000000083800000, 0x0000000083900000|  0%| F|  |TS  0|AC  0|TAMS 0x0000000083800000, 0x0000000083800000|
|  27|0x0000000083900000, 0x0000000083900000, 0x0000000083a00000|  0%| F|  |TS  0|AC  0|TAMS 0x0000000083900000, 0x0000000083900000|
|  28|0x0000000083a00000, 0x0000000083a00000, 0x0000000083b00000|  0%| F|  |TS  0|AC  0|TAMS 0x0000000083a00000, 0x0000000083a00000|
|  29|0x0000000083b00000, 0x0000000083b00000, 0x0000000083c00000|  0%| F|  |TS  0|AC  0|TAMS 0x0000000083b00000, 0x0000000083b00000|
|  30|0x0000000083c00000, 0x0000000083c00000, 0x0000000083d00000|  0%| F|  |TS  0|AC  0|TAMS 0x0000000083c00000, 0x0000000083c00000|
|  31|0x0000000083d00000, 0x0000000083d00000, 0x0000000083e00000|  0%| F|  |TS  0|AC  0|TAMS 0x0000000083d00000, 0x0000000083d00000|
|  32|0x0000000083e00000, 0x0000000083e00000, 0x0000000083f00000|  0%| F|  |TS  0|AC  0|TAMS 0x0000000083e00000, 0x0000000083e00000|
|  33|0x0000000083f00000, 0x0000000083f00000, 0x0000000084000000|  0%| F|  |TS  0|AC  0|TAMS 0x0000000083f00000, 0x0000000083f00000|
|  34|0x0000000084000000, 0x0000000084000000, 0x0000000084100000|  0%| F|  |TS  0|AC  0|TAMS 0x0000000084000000, 0x0000000084000000|
|  35|0x0000000084100000, 0x0000000084100000, 0x0000000084200000|  0%| F|  |TS  0|AC  0|TAMS 0x0000000084100000, 0x0000000084100000|
|  36|0x0000000084200000, 0x0000000084200000, 0x0000000084300000|  0%| F|  |TS  0|AC  0|TAMS 0x0000000084200000, 0x0000000084200000|
|  37|0x0000000084300000, 0x0000000084300000, 0x0000000084400000|  0%| F|  |TS  0|AC  0|TAMS 0x0000000084300000, 0x0000000084300000|
|  38|0x0000000084400000, 0x0000000084400000, 0x0000000084500000|  0%| F|  |TS  0|AC  0|TAMS 0x0000000084400000, 0x0000000084400000|
|  39|0x0000000084500000, 0x0000000084500000, 0x0000000084600000|  0%| F|  |TS  0|AC  0|TAMS 0x0000000084500000, 0x0000000084500000|
|  40|0x0000000084600000, 0x0000000084600000, 0x0000000084700000|  0%| F|  |TS  0|AC  0|TAMS 0x0000000084600000, 0x0000000084600000|
|  41|0x0000000084700000, 0x0000000084700000, 0x0000000084800000|  0%| F|  |TS  0|AC  0|TAMS 0x0000000084700000, 0x0000000084700000|
|  42|0x0000000084800000, 0x0000000084800000, 0x0000000084900000|  0%| F|  |TS  0|AC  0|TAMS 0x0000000084800000, 0x0000000084800000|
|  43|0x0000000084900000, 0x0000000084900000, 0x0000000084a00000|  0%| F|  |TS  0|AC  0|TAMS 0x0000000084900000, 0x0000000084900000|
|  44|0x0000000084a00000, 0x0000000084a00000, 0x0000000084b00000|  0%| F|  |TS  0|AC  0|TAMS 0x0000000084a00000, 0x0000000084a00000|
|  45|0x0000000084b00000, 0x0000000084b00000, 0x0000000084c00000|  0%| F|  |TS  0|AC  0|TAMS 0x0000000084b00000, 0x0000000084b00000|
|  46|0x0000000084c00000, 0x0000000084c00000, 0x0000000084d00000|  0%| F|  |TS  0|AC  0|TAMS 0x0000000084c00000, 0x0000000084c00000|
|  47|0x0000000084d00000, 0x0000000084d00000, 0x0000000084e00000|  0%| F|  |TS  0|AC  0|TAMS 0x0000000084d00000, 0x0000000084d00000|
|  48|0x0000000084e00000, 0x0000000084e00000, 0x0000000084f00000|  0%| F|  |TS  0|AC  0|TAMS 0x0000000084e00000, 0x0000000084e00000|
|  49|0x0000000084f00000, 0x0000000084f00000, 0x0000000085000000|  0%| F|  |TS  0|AC  0|TAMS 0x0000000084f00000, 0x0000000084f00000|
|  50|0x0000000085000000, 0x0000000085000000, 0x0000000085100000|  0%| F|  |TS  0|AC  0|TAMS 0x0000000085000000, 0x0000000085000000|
|  51|0x0000000085100000, 0x0000000085100000, 0x0000000085200000|  0%| F|  |TS  5|AC  0|TAMS 0x0000000085100000, 0x0000000085100000|
|  52|0x0000000085200000, 0x0000000085200000, 0x0000000085300000|  0%| F|  |TS  5|AC  0|TAMS 0x0000000085200000, 0x0000000085200000|
|  53|0x0000000085300000, 0x0000000085300000, 0x0000000085400000|  0%| F|  |TS  5|AC  0|TAMS 0x0000000085300000, 0x0000000085300000|
|  54|0x0000000085400000, 0x0000000085400000, 0x0000000085500000|  0%| F|  |TS  5|AC  0|TAMS 0x0000000085400000, 0x0000000085400000|
|  55|0x0000000085500000, 0x0000000085500000, 0x0000000085600000|  0%| F|  |TS  5|AC  0|TAMS 0x0000000085500000, 0x0000000085500000|
|  56|0x0000000085600000, 0x0000000085600000, 0x0000000085700000|  0%| F|  |TS  5|AC  0|TAMS 0x0000000085600000, 0x0000000085600000|
|  57|0x0000000085700000, 0x0000000085700000, 0x0000000085800000|  0%| F|  |TS  3|AC  0|TAMS 0x0000000085700000, 0x0000000085700000|
|  58|0x0000000085800000, 0x0000000085800000, 0x0000000085900000|  0%| F|  |TS  3|AC  0|TAMS 0x0000000085800000, 0x0000000085800000|
|  59|0x0000000085900000, 0x0000000085900000, 0x0000000085a00000|  0%| F|  |TS  3|AC  0|TAMS 0x0000000085900000, 0x0000000085900000|
|  60|0x0000000085a00000, 0x0000000085a00000, 0x0000000085b00000|  0%| F|  |TS  3|AC  0|TAMS 0x0000000085a00000, 0x0000000085a00000|
|  61|0x0000000085b00000, 0x0000000085b00000, 0x0000000085c00000|  0%| F|  |TS  7|AC  0|TAMS 0x0000000085b00000, 0x0000000085b00000|
|  62|0x0000000085c00000, 0x0000000085c00000, 0x0000000085d00000|  0%| F|  |TS  5|AC  0|TAMS 0x0000000085c00000, 0x0000000085c00000|
|  63|0x0000000085d00000, 0x0000000085d00000, 0x0000000085e00000|  0%| F|  |TS  5|AC  0|TAMS 0x0000000085d00000, 0x0000000085d00000|
|  64|0x0000000085e00000, 0x0000000085e00000, 0x0000000085f00000|  0%| F|  |TS  5|AC  0|TAMS 0x0000000085e00000, 0x0000000085e00000|
|  65|0x0000000085f00000, 0x0000000085f00000, 0x0000000086000000|  0%| F|  |TS  5|AC  0|TAMS 0x0000000085f00000, 0x0000000085f00000|
|  66|0x0000000086000000, 0x0000000086000000, 0x0000000086100000|  0%| F|  |TS  5|AC  0|TAMS 0x0000000086000000, 0x0000000086000000|
|  67|0x0000000086100000, 0x0000000086100000, 0x0000000086200000|  0%| F|  |TS  7|AC  0|TAMS 0x0000000086100000, 0x0000000086100000|
|  68|0x0000000086200000, 0x0000000086200000, 0x0000000086300000|  0%| F|  |TS  7|AC  0|TAMS 0x0000000086200000, 0x0000000086200000|
|  69|0x0000000086300000, 0x0000000086300000, 0x0000000086400000|  0%| F|  |TS  7|AC  0|TAMS 0x0000000086300000, 0x0000000086300000|
|  70|0x0000000086400000, 0x0000000086400000, 0x0000000086500000|  0%| F|  |TS  7|AC  0|TAMS 0x0000000086400000, 0x0000000086400000|
|  71|0x0000000086500000, 0x0000000086500000, 0x0000000086600000|  0%| F|  |TS  7|AC  0|TAMS 0x0000000086500000, 0x0000000086500000|
|  72|0x0000000086600000, 0x0000000086600000, 0x0000000086700000|  0%| F|  |TS  7|AC  0|TAMS 0x0000000086600000, 0x0000000086600000|
|  73|0x0000000086700000, 0x0000000086700000, 0x0000000086800000|  0%| F|  |TS  5|AC  0|TAMS 0x0000000086700000, 0x0000000086700000|
|  74|0x0000000086800000, 0x0000000086800000, 0x0000000086900000|  0%| F|  |TS  5|AC  0|TAMS 0x0000000086800000, 0x0000000086800000|
|  75|0x0000000086900000, 0x0000000086900000, 0x0000000086a00000|  0%| F|  |TS  5|AC  0|TAMS 0x0000000086900000, 0x0000000086900000|
|  76|0x0000000086a00000, 0x0000000086a00000, 0x0000000086b00000|  0%| F|  |TS  5|AC  0|TAMS 0x0000000086a00000, 0x0000000086a00000|
|  77|0x0000000086b00000, 0x0000000086b00000, 0x0000000086c00000|  0%| F|  |TS  5|AC  0|TAMS 0x0000000086b00000, 0x0000000086b00000|
|  78|0x0000000086c00000, 0x0000000086c00000, 0x0000000086d00000|  0%| F|  |TS  5|AC  0|TAMS 0x0000000086c00000, 0x0000000086c00000|
|  79|0x0000000086d00000, 0x0000000086d00000, 0x0000000086e00000|  0%| F|  |TS  5|AC  0|TAMS 0x0000000086d00000, 0x0000000086d00000|
|  80|0x0000000086e00000, 0x0000000086e00000, 0x0000000086f00000|  0%| F|  |TS  5|AC  0|TAMS 0x0000000086e00000, 0x0000000086e00000|
|  81|0x0000000086f00000, 0x0000000086f00000, 0x0000000087000000|  0%| F|  |TS  5|AC  0|TAMS 0x0000000086f00000, 0x0000000086f00000|
|  82|0x0000000087000000, 0x0000000087000000, 0x0000000087100000|  0%| F|  |TS  5|AC  0|TAMS 0x0000000087000000, 0x0000000087000000|
|  83|0x0000000087100000, 0x0000000087100000, 0x0000000087200000|  0%| F|  |TS  5|AC  0|TAMS 0x0000000087100000, 0x0000000087100000|
|  84|0x0000000087200000, 0x0000000087200000, 0x0000000087300000|  0%| F|  |TS  5|AC  0|TAMS 0x0000000087200000, 0x0000000087200000|
|  85|0x0000000087300000, 0x0000000087300000, 0x0000000087400000|  0%| F|  |TS  5|AC  0|TAMS 0x0000000087300000, 0x0000000087300000|
|  86|0x0000000087400000, 0x0000000087400000, 0x0000000087500000|  0%| F|  |TS  5|AC  0|TAMS 0x0000000087400000, 0x0000000087400000|
|  87|0x0000000087500000, 0x0000000087500000, 0x0000000087600000|  0%| F|  |TS  5|AC  0|TAMS 0x0000000087500000, 0x0000000087500000|
|  88|0x0000000087600000, 0x0000000087600000, 0x0000000087700000|  0%| F|  |TS  5|AC  0|TAMS 0x0000000087600000, 0x0000000087600000|
|  89|0x0000000087700000, 0x0000000087700000, 0x0000000087800000|  0%| F|  |TS  5|AC  0|TAMS 0x0000000087700000, 0x0000000087700000|
|  90|0x0000000087800000, 0x0000000087800000, 0x0000000087900000|  0%| F|  |TS  5|AC  0|TAMS 0x0000000087800000, 0x0000000087800000|
|  91|0x0000000087900000, 0x0000000087900000, 0x0000000087a00000|  0%| F|  |TS  5|AC  0|TAMS 0x0000000087900000, 0x0000000087900000|
|  92|0x0000000087a00000, 0x0000000087a00000, 0x0000000087b00000|  0%| F|  |TS  5|AC  0|TAMS 0x0000000087a00000, 0x0000000087a00000|
|  93|0x0000000087b00000, 0x0000000087b00000, 0x0000000087c00000|  0%| F|  |TS  5|AC  0|TAMS 0x0000000087b00000, 0x0000000087b00000|
|  94|0x0000000087c00000, 0x0000000087c00000, 0x0000000087d00000|  0%| F|  |TS  5|AC  0|TAMS 0x0000000087c00000, 0x0000000087c00000|
|  95|0x0000000087d00000, 0x0000000087d00000, 0x0000000087e00000|  0%| F|  |TS  5|AC  0|TAMS 0x0000000087d00000, 0x0000000087d00000|
|  96|0x0000000087e00000, 0x0000000087eb0b80, 0x0000000087f00000| 69%| S|  |TS  7|AC  0|TAMS 0x0000000087e00000, 0x0000000087e00000|
|  97|0x0000000087f00000, 0x0000000088000000, 0x0000000088000000|100%| S|  |TS  7|AC  0|TAMS 0x0000000087f00000, 0x0000000087f00000|
|  98|0x0000000088000000, 0x0000000088100000, 0x0000000088100000|100%| S|  |TS  7|AC  0|TAMS 0x0000000088000000, 0x0000000088000000|
|  99|0x0000000088100000, 0x0000000088200000, 0x0000000088200000|100%| S|  |TS  7|AC  0|TAMS 0x0000000088100000, 0x0000000088100000|
| 100|0x0000000088200000, 0x0000000088300000, 0x0000000088300000|100%| S|  |TS  7|AC  0|TAMS 0x0000000088200000, 0x0000000088200000|
| 101|0x0000000088300000, 0x0000000088400000, 0x0000000088400000|100%| S|  |TS  7|AC  0|TAMS 0x0000000088300000, 0x0000000088300000|
| 102|0x0000000088400000, 0x0000000088500000, 0x0000000088500000|100%| S|  |TS  7|AC  0|TAMS 0x0000000088400000, 0x0000000088400000|
| 103|0x0000000088500000, 0x0000000088600000, 0x0000000088600000|100%| S|  |TS  7|AC  0|TAMS 0x0000000088500000, 0x0000000088500000|
| 104|0x0000000088600000, 0x0000000088700000, 0x0000000088700000|100%| S|  |TS  7|AC  0|TAMS 0x0000000088600000, 0x0000000088600000|
| 105|0x0000000088700000, 0x0000000088700000, 0x0000000088800000|  0%| F|  |TS  7|AC  0|TAMS 0x0000000088700000, 0x0000000088700000|
| 106|0x0000000088800000, 0x0000000088800000, 0x0000000088900000|  0%| F|  |TS  7|AC  0|TAMS 0x0000000088800000, 0x0000000088800000|
| 107|0x0000000088900000, 0x0000000088900000, 0x0000000088a00000|  0%| F|  |TS  7|AC  0|TAMS 0x0000000088900000, 0x0000000088900000|
| 108|0x0000000088a00000, 0x0000000088a00000, 0x0000000088b00000|  0%| F|  |TS  7|AC  0|TAMS 0x0000000088a00000, 0x0000000088a00000|
| 109|0x0000000088b00000, 0x0000000088b00000, 0x0000000088c00000|  0%| F|  |TS  7|AC  0|TAMS 0x0000000088b00000, 0x0000000088b00000|
| 110|0x0000000088c00000, 0x0000000088c00000, 0x0000000088d00000|  0%| F|  |TS  7|AC  0|TAMS 0x0000000088c00000, 0x0000000088c00000|
| 111|0x0000000088d00000, 0x0000000088d00000, 0x0000000088e00000|  0%| F|  |TS  7|AC  0|TAMS 0x0000000088d00000, 0x0000000088d00000|
| 112|0x0000000088e00000, 0x0000000088e00000, 0x0000000088f00000|  0%| F|  |TS  7|AC  0|TAMS 0x0000000088e00000, 0x0000000088e00000|
| 113|0x0000000088f00000, 0x0000000088f00000, 0x0000000089000000|  0%| F|  |TS  7|AC  0|TAMS 0x0000000088f00000, 0x0000000088f00000|
| 114|0x0000000089000000, 0x0000000089000000, 0x0000000089100000|  0%| F|  |TS  7|AC  0|TAMS 0x0000000089000000, 0x0000000089000000|
| 115|0x0000000089100000, 0x0000000089100000, 0x0000000089200000|  0%| F|  |TS  7|AC  0|TAMS 0x0000000089100000, 0x0000000089100000|
| 116|0x0000000089200000, 0x0000000089200000, 0x0000000089300000|  0%| F|  |TS  7|AC  0|TAMS 0x0000000089200000, 0x0000000089200000|
| 117|0x0000000089300000, 0x0000000089300000, 0x0000000089400000|  0%| F|  |TS  7|AC  0|TAMS 0x0000000089300000, 0x0000000089300000|
| 118|0x0000000089400000, 0x0000000089400000, 0x0000000089500000|  0%| F|  |TS  7|AC  0|TAMS 0x0000000089400000, 0x0000000089400000|
| 119|0x0000000089500000, 0x0000000089500000, 0x0000000089600000|  0%| F|  |TS  7|AC  0|TAMS 0x0000000089500000, 0x0000000089500000|
| 120|0x0000000089600000, 0x0000000089600000, 0x0000000089700000|  0%| F|  |TS  7|AC  0|TAMS 0x0000000089600000, 0x0000000089600000|
| 121|0x0000000089700000, 0x0000000089700000, 0x0000000089800000|  0%| F|  |TS  7|AC  0|TAMS 0x0000000089700000, 0x0000000089700000|
| 122|0x0000000089800000, 0x0000000089800000, 0x0000000089900000|  0%| F|  |TS  7|AC  0|TAMS 0x0000000089800000, 0x0000000089800000|
| 123|0x0000000089900000, 0x0000000089900000, 0x0000000089a00000|  0%| F|  |TS  7|AC  0|TAMS 0x0000000089900000, 0x0000000089900000|
| 124|0x0000000089a00000, 0x0000000089a00000, 0x0000000089b00000|  0%| F|  |TS  7|AC  0|TAMS 0x0000000089a00000, 0x0000000089a00000|
| 125|0x0000000089b00000, 0x0000000089b00000, 0x0000000089c00000|  0%| F|  |TS  7|AC  0|TAMS 0x0000000089b00000, 0x0000000089b00000|
| 126|0x0000000089c00000, 0x0000000089c00000, 0x0000000089d00000|  0%| F|  |TS  7|AC  0|TAMS 0x0000000089c00000, 0x0000000089c00000|
| 127|0x0000000089d00000, 0x0000000089d00000, 0x0000000089e00000|  0%| F|  |TS  7|AC  0|TAMS 0x0000000089d00000, 0x0000000089d00000|
| 128|0x0000000089e00000, 0x0000000089e00000, 0x0000000089f00000|  0%| F|  |TS  7|AC  0|TAMS 0x0000000089e00000, 0x0000000089e00000|
| 129|0x0000000089f00000, 0x0000000089f00000, 0x000000008a000000|  0%| F|  |TS  7|AC  0|TAMS 0x0000000089f00000, 0x0000000089f00000|
| 130|0x000000008a000000, 0x000000008a000000, 0x000000008a100000|  0%| F|  |TS  7|AC  0|TAMS 0x000000008a000000, 0x000000008a000000|
| 131|0x000000008a100000, 0x000000008a100000, 0x000000008a200000|  0%| F|  |TS  7|AC  0|TAMS 0x000000008a100000, 0x000000008a100000|
| 132|0x000000008a200000, 0x000000008a200000, 0x000000008a300000|  0%| F|  |TS  7|AC  0|TAMS 0x000000008a200000, 0x000000008a200000|
| 133|0x000000008a300000, 0x000000008a300000, 0x000000008a400000|  0%| F|  |TS  7|AC  0|TAMS 0x000000008a300000, 0x000000008a300000|
| 134|0x000000008a400000, 0x000000008a400000, 0x000000008a500000|  0%| F|  |TS  7|AC  0|TAMS 0x000000008a400000, 0x000000008a400000|
| 135|0x000000008a500000, 0x000000008a500000, 0x000000008a600000|  0%| F|  |TS  7|AC  0|TAMS 0x000000008a500000, 0x000000008a500000|
| 136|0x000000008a600000, 0x000000008a600000, 0x000000008a700000|  0%| F|  |TS  7|AC  0|TAMS 0x000000008a600000, 0x000000008a600000|
| 137|0x000000008a700000, 0x000000008a700000, 0x000000008a800000|  0%| F|  |TS  7|AC  0|TAMS 0x000000008a700000, 0x000000008a700000|
| 138|0x000000008a800000, 0x000000008a800000, 0x000000008a900000|  0%| F|  |TS  7|AC  0|TAMS 0x000000008a800000, 0x000000008a800000|
| 139|0x000000008a900000, 0x000000008a900000, 0x000000008aa00000|  0%| F|  |TS  7|AC  0|TAMS 0x000000008a900000, 0x000000008a900000|
| 140|0x000000008aa00000, 0x000000008aa00000, 0x000000008ab00000|  0%| F|  |TS  7|AC  0|TAMS 0x000000008aa00000, 0x000000008aa00000|
| 141|0x000000008ab00000, 0x000000008ab00000, 0x000000008ac00000|  0%| F|  |TS  7|AC  0|TAMS 0x000000008ab00000, 0x000000008ab00000|
| 142|0x000000008ac00000, 0x000000008ac00000, 0x000000008ad00000|  0%| F|  |TS  7|AC  0|TAMS 0x000000008ac00000, 0x000000008ac00000|
| 143|0x000000008ad00000, 0x000000008ad00000, 0x000000008ae00000|  0%| F|  |TS  7|AC  0|TAMS 0x000000008ad00000, 0x000000008ad00000|
| 144|0x000000008ae00000, 0x000000008ae00000, 0x000000008af00000|  0%| F|  |TS  7|AC  0|TAMS 0x000000008ae00000, 0x000000008ae00000|
| 145|0x000000008af00000, 0x000000008af00000, 0x000000008b000000|  0%| F|  |TS  7|AC  0|TAMS 0x000000008af00000, 0x000000008af00000|
| 146|0x000000008b000000, 0x000000008b000000, 0x000000008b100000|  0%| F|  |TS  7|AC  0|TAMS 0x000000008b000000, 0x000000008b000000|
| 147|0x000000008b100000, 0x000000008b100000, 0x000000008b200000|  0%| F|  |TS  7|AC  0|TAMS 0x000000008b100000, 0x000000008b100000|
| 148|0x000000008b200000, 0x000000008b200000, 0x000000008b300000|  0%| F|  |TS  7|AC  0|TAMS 0x000000008b200000, 0x000000008b200000|
| 149|0x000000008b300000, 0x000000008b300000, 0x000000008b400000|  0%| F|  |TS  7|AC  0|TAMS 0x000000008b300000, 0x000000008b300000|
| 150|0x000000008b400000, 0x000000008b400000, 0x000000008b500000|  0%| F|  |TS  7|AC  0|TAMS 0x000000008b400000, 0x000000008b400000|
| 151|0x000000008b500000, 0x000000008b500000, 0x000000008b600000|  0%| F|  |TS  7|AC  0|TAMS 0x000000008b500000, 0x000000008b500000|
| 152|0x000000008b600000, 0x000000008b600000, 0x000000008b700000|  0%| F|  |TS  7|AC  0|TAMS 0x000000008b600000, 0x000000008b600000|
| 153|0x000000008b700000, 0x000000008b700000, 0x000000008b800000|  0%| F|  |TS  7|AC  0|TAMS 0x000000008b700000, 0x000000008b700000|
| 154|0x000000008b800000, 0x000000008b800000, 0x000000008b900000|  0%| F|  |TS  7|AC  0|TAMS 0x000000008b800000, 0x000000008b800000|
| 155|0x000000008b900000, 0x000000008b900000, 0x000000008ba00000|  0%| F|  |TS  7|AC  0|TAMS 0x000000008b900000, 0x000000008b900000|
| 156|0x000000008ba00000, 0x000000008ba00000, 0x000000008bb00000|  0%| F|  |TS  7|AC  0|TAMS 0x000000008ba00000, 0x000000008ba00000|
| 157|0x000000008bb00000, 0x000000008bb00000, 0x000000008bc00000|  0%| F|  |TS  7|AC  0|TAMS 0x000000008bb00000, 0x000000008bb00000|
| 158|0x000000008bc00000, 0x000000008bc00000, 0x000000008bd00000|  0%| F|  |TS  7|AC  0|TAMS 0x000000008bc00000, 0x000000008bc00000|
| 159|0x000000008bd00000, 0x000000008bd00000, 0x000000008be00000|  0%| F|  |TS  7|AC  0|TAMS 0x000000008bd00000, 0x000000008bd00000|
| 160|0x000000008be00000, 0x000000008be00000, 0x000000008bf00000|  0%| F|  |TS  7|AC  0|TAMS 0x000000008be00000, 0x000000008be00000|
| 161|0x000000008bf00000, 0x000000008bf00000, 0x000000008c000000|  0%| F|  |TS  7|AC  0|TAMS 0x000000008bf00000, 0x000000008bf00000|
| 162|0x000000008c000000, 0x000000008c000000, 0x000000008c100000|  0%| F|  |TS  7|AC  0|TAMS 0x000000008c000000, 0x000000008c000000|
| 163|0x000000008c100000, 0x000000008c100000, 0x000000008c200000|  0%| F|  |TS  7|AC  0|TAMS 0x000000008c100000, 0x000000008c100000|
| 164|0x000000008c200000, 0x000000008c200000, 0x000000008c300000|  0%| F|  |TS  7|AC  0|TAMS 0x000000008c200000, 0x000000008c200000|
| 165|0x000000008c300000, 0x000000008c300000, 0x000000008c400000|  0%| F|  |TS  7|AC  0|TAMS 0x000000008c300000, 0x000000008c300000|
| 166|0x000000008c400000, 0x000000008c400000, 0x000000008c500000|  0%| F|  |TS  7|AC  0|TAMS 0x000000008c400000, 0x000000008c400000|
| 167|0x000000008c500000, 0x000000008c500000, 0x000000008c600000|  0%| F|  |TS  7|AC  0|TAMS 0x000000008c500000, 0x000000008c500000|
| 168|0x000000008c600000, 0x000000008c600000, 0x000000008c700000|  0%| F|  |TS  7|AC  0|TAMS 0x000000008c600000, 0x000000008c600000|
| 169|0x000000008c700000, 0x000000008c700000, 0x000000008c800000|  0%| F|  |TS  7|AC  0|TAMS 0x000000008c700000, 0x000000008c700000|
| 170|0x000000008c800000, 0x000000008c800000, 0x000000008c900000|  0%| F|  |TS  7|AC  0|TAMS 0x000000008c800000, 0x000000008c800000|
| 171|0x000000008c900000, 0x000000008c900000, 0x000000008ca00000|  0%| F|  |TS  7|AC  0|TAMS 0x000000008c900000, 0x000000008c900000|
| 172|0x000000008ca00000, 0x000000008ca00000, 0x000000008cb00000|  0%| F|  |TS  7|AC  0|TAMS 0x000000008ca00000, 0x000000008ca00000|
| 173|0x000000008cb00000, 0x000000008cb00000, 0x000000008cc00000|  0%| F|  |TS  7|AC  0|TAMS 0x000000008cb00000, 0x000000008cb00000|
| 174|0x000000008cc00000, 0x000000008cc00000, 0x000000008cd00000|  0%| F|  |TS  7|AC  0|TAMS 0x000000008cc00000, 0x000000008cc00000|
| 175|0x000000008cd00000, 0x000000008cd00000, 0x000000008ce00000|  0%| F|  |TS  7|AC  0|TAMS 0x000000008cd00000, 0x000000008cd00000|
| 176|0x000000008ce00000, 0x000000008ce00000, 0x000000008cf00000|  0%| F|  |TS  7|AC  0|TAMS 0x000000008ce00000, 0x000000008ce00000|
| 177|0x000000008cf00000, 0x000000008cf00000, 0x000000008d000000|  0%| F|  |TS  7|AC  0|TAMS 0x000000008cf00000, 0x000000008cf00000|
| 178|0x000000008d000000, 0x000000008d000000, 0x000000008d100000|  0%| F|  |TS  7|AC  0|TAMS 0x000000008d000000, 0x000000008d000000|
| 179|0x000000008d100000, 0x000000008d100000, 0x000000008d200000|  0%| F|  |TS  7|AC  0|TAMS 0x000000008d100000, 0x000000008d100000|
| 180|0x000000008d200000, 0x000000008d200000, 0x000000008d300000|  0%| F|  |TS  7|AC  0|TAMS 0x000000008d200000, 0x000000008d200000|
| 181|0x000000008d300000, 0x000000008d300000, 0x000000008d400000|  0%| F|  |TS  7|AC  0|TAMS 0x000000008d300000, 0x000000008d300000|
| 182|0x000000008d400000, 0x000000008d400000, 0x000000008d500000|  0%| F|  |TS  7|AC  0|TAMS 0x000000008d400000, 0x000000008d400000|
| 183|0x000000008d500000, 0x000000008d500000, 0x000000008d600000|  0%| F|  |TS  7|AC  0|TAMS 0x000000008d500000, 0x000000008d500000|
| 184|0x000000008d600000, 0x000000008d600000, 0x000000008d700000|  0%| F|  |TS  7|AC  0|TAMS 0x000000008d600000, 0x000000008d600000|

Card table byte_map: [0x0000020748970000,0x0000020748d70000] byte_map_base: 0x0000020748561000

Marking Bits (Prev, Next): (CMBitMap*) 0x000002072ec79580, (CMBitMap*) 0x000002072ec795b8
 Prev Bits: [0x0000020749170000, 0x000002074b0f8000)
 Next Bits: [0x000002074b100000, 0x000002074d088000)

Polling page: 0x000002072eaa0000

CodeHeap 'non-profiled nmethods': size=238912Kb used=9244Kb max_used=9244Kb free=229667Kb
 bounds [0x00000207391f0000, 0x0000020739b00000, 0x0000020747b40000]
CodeHeap 'non-nmethods': size=6848Kb used=2501Kb max_used=2501Kb free=4346Kb
 bounds [0x0000020738b40000, 0x0000020738dc0000, 0x00000207391f0000]
 total_blobs=6023 nmethods=5402 adapters=529
 compilation: enabled

Compilation events (10 events):
Event: 6.896 Thread 0x000002074ffb7800 nmethod 5367 0x0000020739ae5390 code [0x0000020739ae5540, 0x0000020739ae5778]
Event: 6.896 Thread 0x000002074ff7f800 nmethod 5366 0x0000020739ae5810 code [0x0000020739ae59c0, 0x0000020739ae5c18]
Event: 6.896 Thread 0x000002074ff7f800 5369       1       org.springframework.beans.factory.annotation.AutowiredAnnotationBeanPostProcessor$$Lambda$381/680816251::<init> (15 bytes)
Event: 6.896 Thread 0x000002074ffb7800 5368       1       org.springframework.beans.factory.annotation.AutowiredAnnotationBeanPostProcessor$$Lambda$381/680816251::get$Lambda (10 bytes)
Event: 6.897 Thread 0x000002074ff7f800 nmethod 5369 0x0000020739ae5c90 code [0x0000020739ae5e40, 0x0000020739ae5ff8]
Event: 6.897 Thread 0x000002074ffb7800 nmethod 5368 0x0000020739ae6090 code [0x0000020739ae6240, 0x0000020739ae6418]
Event: 6.897 Thread 0x000002074ff7f800 5370       1       org.springframework.beans.factory.annotation.AutowiredAnnotationBeanPostProcessor$$Lambda$382/115313698::get$Lambda (11 bytes)
Event: 6.897 Thread 0x000002074ff7f800 nmethod 5370 0x0000020739ae6490 code [0x0000020739ae6640, 0x0000020739ae6898]
Event: 6.899 Thread 0x000002074ffb7800 5371   !   1       org.springframework.orm.jpa.support.PersistenceAnnotationBeanPostProcessor::findPersistenceMetadata (124 bytes)
Event: 6.899 Thread 0x000002074ff7f800 5372   !   1       org.springframework.context.annotation.CommonAnnotationBeanPostProcessor::findResourceMetadata (124 bytes)

GC Heap History (10 events):
Event: 3.283 GC heap before
{Heap before GC invocations=6 (full 0):
 garbage-first heap   total 157696K, used 106704K [0x0000000081e00000, 0x0000000081f004d0, 0x0000000100000000)
  region size 1024K, 88 young (90112K), 3 survivors (3072K)
 Metaspace       used 32306K, capacity 34344K, committed 34560K, reserved 1079296K
  class space    used 4125K, capacity 4570K, committed 4608K, reserved 1048576K
}
Event: 3.291 GC heap after
{Heap after GC invocations=7 (full 0):
 garbage-first heap   total 157696K, used 24568K [0x0000000081e00000, 0x0000000081f004d0, 0x0000000100000000)
  region size 1024K, 8 young (8192K), 8 survivors (8192K)
 Metaspace       used 32306K, capacity 34344K, committed 34560K, reserved 1079296K
  class space    used 4125K, capacity 4570K, committed 4608K, reserved 1048576K
}
Event: 3.422 GC heap before
{Heap before GC invocations=7 (full 0):
 garbage-first heap   total 157696K, used 41976K [0x0000000081e00000, 0x0000000081f004d0, 0x0000000100000000)
  region size 1024K, 26 young (26624K), 8 survivors (8192K)
 Metaspace       used 33398K, capacity 35722K, committed 35920K, reserved 1081344K
  class space    used 4269K, capacity 4713K, committed 4736K, reserved 1048576K
}
Event: 3.429 GC heap after
{Heap after GC invocations=8 (full 0):
 garbage-first heap   total 157696K, used 23864K [0x0000000081e00000, 0x0000000081f004d0, 0x0000000100000000)
  region size 1024K, 3 young (3072K), 3 survivors (3072K)
 Metaspace       used 33398K, capacity 35722K, committed 35920K, reserved 1081344K
  class space    used 4269K, capacity 4713K, committed 4736K, reserved 1048576K
}
Event: 3.666 GC heap before
{Heap before GC invocations=9 (full 0):
 garbage-first heap   total 157696K, used 113976K [0x0000000081e00000, 0x0000000081f004d0, 0x0000000100000000)
  region size 1024K, 92 young (94208K), 3 survivors (3072K)
 Metaspace       used 34866K, capacity 37216K, committed 37404K, reserved 1081344K
  class space    used 4436K, capacity 4922K, committed 4992K, reserved 1048576K
}
Event: 3.671 GC heap after
{Heap after GC invocations=10 (full 0):
 garbage-first heap   total 157696K, used 24699K [0x0000000081e00000, 0x0000000081f004d0, 0x0000000100000000)
  region size 1024K, 5 young (5120K), 5 survivors (5120K)
 Metaspace       used 34866K, capacity 37216K, committed 37404K, reserved 1081344K
  class space    used 4436K, capacity 4922K, committed 4992K, reserved 1048576K
}
Event: 4.346 GC heap before
{Heap before GC invocations=10 (full 0):
 garbage-first heap   total 157696K, used 113787K [0x0000000081e00000, 0x0000000081f004d0, 0x0000000100000000)
  region size 1024K, 92 young (94208K), 5 survivors (5120K)
 Metaspace       used 42955K, capacity 45414K, committed 45696K, reserved 1089536K
  class space    used 5482K, capacity 5951K, committed 6016K, reserved 1048576K
}
Event: 4.355 GC heap after
{Heap after GC invocations=11 (full 0):
 garbage-first heap   total 157696K, used 31722K [0x0000000081e00000, 0x0000000081f004d0, 0x0000000100000000)
  region size 1024K, 11 young (11264K), 11 survivors (11264K)
 Metaspace       used 42955K, capacity 45414K, committed 45696K, reserved 1089536K
  class space    used 5482K, capacity 5951K, committed 6016K, reserved 1048576K
}
Event: 6.362 GC heap before
{Heap before GC invocations=11 (full 0):
 garbage-first heap   total 157696K, used 114666K [0x0000000081e00000, 0x0000000081f004d0, 0x0000000100000000)
  region size 1024K, 92 young (94208K), 11 survivors (11264K)
 Metaspace       used 48120K, capacity 50632K, committed 50944K, reserved 1093632K
  class space    used 6162K, capacity 6632K, committed 6656K, reserved 1048576K
}
Event: 6.374 GC heap after
{Heap after GC invocations=12 (full 0):
 garbage-first heap   total 189440K, used 33457K [0x0000000081e00000, 0x0000000081f005c8, 0x0000000100000000)
  region size 1024K, 7 young (7168K), 7 survivors (7168K)
 Metaspace       used 48120K, capacity 50632K, committed 50944K, reserved 1093632K
  class space    used 6162K, capacity 6632K, committed 6656K, reserved 1048576K
}

Deoptimization events (0 events):
No events

Classes redefined (0 events):
No events

Internal exceptions (10 events):
Event: 6.888 Thread 0x0000020750b17800 Exception <a 'java/lang/ClassNotFoundException'{0x00000000892d67f8}: org/springframework/security/web/access/WebInvocationPrivilegeEvaluatorCustomizer> (0x00000000892d67f8) thrown at [c:/jenkins/workspace/zulu9-silver-build-win64/zulu-src/hotspot/src/shar
Event: 6.889 Thread 0x0000020750b17800 Exception <a 'java/lang/ClassNotFoundException'{0x00000000892f0fd8}: java/lang/ObjectCustomizer> (0x00000000892f0fd8) thrown at [c:/jenkins/workspace/zulu9-silver-build-win64/zulu-src/hotspot/src/share/vm/classfile/systemDictionary.cpp, line 218]
Event: 6.890 Thread 0x0000020750b17800 Exception <a 'java/lang/ClassNotFoundException'{0x00000000891117d0}: org/springframework/security/web/servlet/support/csrf/CsrfRequestDataValueProcessorCustomizer> (0x00000000891117d0) thrown at [c:/jenkins/workspace/zulu9-silver-build-win64/zulu-src/hots
Event: 6.890 Thread 0x0000020750b17800 Exception <a 'java/lang/ClassNotFoundException'{0x000000008912f9b8}: org/springframework/web/servlet/support/RequestDataValueProcessorCustomizer> (0x000000008912f9b8) thrown at [c:/jenkins/workspace/zulu9-silver-build-win64/zulu-src/hotspot/src/share/vm/c
Event: 6.891 Thread 0x0000020750b17800 Exception <a 'java/lang/ClassNotFoundException'{0x0000000089146038}: java/lang/ObjectCustomizer> (0x0000000089146038) thrown at [c:/jenkins/workspace/zulu9-silver-build-win64/zulu-src/hotspot/src/share/vm/classfile/systemDictionary.cpp, line 218]
Event: 6.891 Thread 0x0000020750b17800 Exception <a 'java/lang/ClassNotFoundException'{0x00000000891670c8}: org/springframework/security/access/expression/method/ExpressionBasedPreInvocationAdviceCustomizer> (0x00000000891670c8) thrown at [c:/jenkins/workspace/zulu9-silver-build-win64/zulu-src
Event: 6.891 Thread 0x0000020750b17800 Exception <a 'java/lang/ClassNotFoundException'{0x0000000089186710}: org/springframework/security/access/prepost/PreInvocationAuthorizationAdviceCustomizer> (0x0000000089186710) thrown at [c:/jenkins/workspace/zulu9-silver-build-win64/zulu-src/hotspot/src
Event: 6.898 Thread 0x0000020750b17800 Exception <a 'java/lang/ClassNotFoundException'{0x00000000890308f0}: java/lang/ObjectCustomizer> (0x00000000890308f0) thrown at [c:/jenkins/workspace/zulu9-silver-build-win64/zulu-src/hotspot/src/share/vm/classfile/systemDictionary.cpp, line 218]
Event: 6.898 Thread 0x0000020750b17800 Exception <a 'java/lang/ClassNotFoundException'{0x000000008904be38}: org/springframework/security/crypto/bcrypt/BCryptPasswordEncoderCustomizer> (0x000000008904be38) thrown at [c:/jenkins/workspace/zulu9-silver-build-win64/zulu-src/hotspot/src/share/vm/cl
Event: 6.899 Thread 0x0000020750b17800 Exception <a 'java/lang/ClassNotFoundException'{0x0000000089065d80}: org/springframework/security/crypto/password/PasswordEncoderCustomizer> (0x0000000089065d80) thrown at [c:/jenkins/workspace/zulu9-silver-build-win64/zulu-src/hotspot/src/share/vm/classf

Events (10 events):
Event: 6.898 loading class org/springframework/security/crypto/bcrypt/BCryptPasswordEncoderCustomizer
Event: 6.898 loading class org/springframework/security/crypto/bcrypt/BCryptPasswordEncoderCustomizer done
Event: 6.898 loading class org/springframework/security/crypto/bcrypt/BCryptPasswordEncoderCustomizer
Event: 6.898 loading class org/springframework/security/crypto/bcrypt/BCryptPasswordEncoderCustomizer done
Event: 6.898 loading class org/springframework/security/crypto/password/PasswordEncoderCustomizer
Event: 6.898 loading class org/springframework/security/crypto/password/PasswordEncoderCustomizer done
Event: 6.898 loading class org/springframework/security/crypto/password/PasswordEncoderCustomizer
Event: 6.898 loading class org/springframework/security/crypto/password/PasswordEncoderCustomizer done
Event: 6.899 loading class org/springframework/security/crypto/password/PasswordEncoderCustomizer
Event: 6.899 loading class org/springframework/security/crypto/password/PasswordEncoderCustomizer done


Dynamic libraries:
0x00007ff6ca670000 - 0x00007ff6ca6ad000 	C:\Users\fun4l\.sdkman\candidates\java\9.0.7-zulu\bin\java.exe
0x00007ffe2af80000 - 0x00007ffe2b161000 	C:\WINDOWS\SYSTEM32\ntdll.dll
0x00007ffe2adf0000 - 0x00007ffe2aea2000 	C:\WINDOWS\System32\KERNEL32.DLL
0x00007ffe28070000 - 0x00007ffe282e3000 	C:\WINDOWS\System32\KERNELBASE.dll
0x00007ffe2aac0000 - 0x00007ffe2ac50000 	C:\WINDOWS\System32\USER32.dll
0x00007ffe27350000 - 0x00007ffe27370000 	C:\WINDOWS\System32\win32u.dll
0x00007ffe29de0000 - 0x00007ffe29e08000 	C:\WINDOWS\System32\GDI32.dll
0x00007ffe27c80000 - 0x00007ffe27e12000 	C:\WINDOWS\System32\gdi32full.dll
0x00007ffe28370000 - 0x00007ffe2840f000 	C:\WINDOWS\System32\msvcp_win.dll
0x00007ffe27370000 - 0x00007ffe2746a000 	C:\WINDOWS\System32\ucrtbase.dll
0x00007ffe156f0000 - 0x00007ffe15959000 	C:\WINDOWS\WinSxS\amd64_microsoft.windows.common-controls_6595b64144ccf1df_6.0.17134.228_none_fb4599993062b194\COMCTL32.dll
0x00007ffe2aeb0000 - 0x00007ffe2af4e000 	C:\WINDOWS\System32\msvcrt.dll
0x00007ffe2a340000 - 0x00007ffe2a663000 	C:\WINDOWS\System32\combase.dll
0x00007ffe29b40000 - 0x00007ffe29c64000 	C:\WINDOWS\System32\RPCRT4.dll
0x00007ffe282f0000 - 0x00007ffe2836a000 	C:\WINDOWS\System32\bcryptPrimitives.dll
0x00007ffe29d20000 - 0x00007ffe29d4d000 	C:\WINDOWS\System32\IMM32.DLL
0x00007ffe22fc0000 - 0x00007ffe230af000 	C:\Users\fun4l\.sdkman\candidates\java\9.0.7-zulu\bin\msvcr120.dll
0x00007ffe21f60000 - 0x00007ffe22006000 	C:\Users\fun4l\.sdkman\candidates\java\9.0.7-zulu\bin\msvcp120.dll
0x0000000058550000 - 0x0000000058f04000 	C:\Users\fun4l\.sdkman\candidates\java\9.0.7-zulu\bin\server\jvm.dll
0x00007ffe2a1d0000 - 0x00007ffe2a271000 	C:\WINDOWS\System32\ADVAPI32.dll
0x00007ffe2ad90000 - 0x00007ffe2adeb000 	C:\WINDOWS\System32\sechost.dll
0x00007ffe28570000 - 0x00007ffe28578000 	C:\WINDOWS\System32\PSAPI.DLL
0x00007ffe16800000 - 0x00007ffe16809000 	C:\WINDOWS\SYSTEM32\WSOCK32.dll
0x00007ffe2ac70000 - 0x00007ffe2acdc000 	C:\WINDOWS\System32\WS2_32.dll
0x00007ffe25490000 - 0x00007ffe254b3000 	C:\WINDOWS\SYSTEM32\WINMM.dll
0x00007ffe23ef0000 - 0x00007ffe23efa000 	C:\WINDOWS\SYSTEM32\VERSION.dll
0x00007ffe25460000 - 0x00007ffe2548a000 	C:\WINDOWS\SYSTEM32\WINMMBASE.dll
0x00007ffe27c30000 - 0x00007ffe27c79000 	C:\WINDOWS\System32\cfgmgr32.dll
0x00007ffe255b0000 - 0x00007ffe255bf000 	C:\Users\fun4l\.sdkman\candidates\java\9.0.7-zulu\bin\verify.dll
0x00007ffe23130000 - 0x00007ffe23157000 	C:\Users\fun4l\.sdkman\candidates\java\9.0.7-zulu\bin\java.dll
0x00007ffe21a30000 - 0x00007ffe21a5a000 	C:\Users\fun4l\.sdkman\candidates\java\9.0.7-zulu\bin\instrument.dll
0x00007ffe23110000 - 0x00007ffe23126000 	C:\Users\fun4l\.sdkman\candidates\java\9.0.7-zulu\bin\zip.dll
0x00007ffe23e00000 - 0x00007ffe23e0a000 	C:\Users\fun4l\.sdkman\candidates\java\9.0.7-zulu\bin\jimage.dll
0x00007ffe28580000 - 0x00007ffe299c0000 	C:\WINDOWS\System32\SHELL32.dll
0x00007ffe29c70000 - 0x00007ffe29d19000 	C:\WINDOWS\System32\shcore.dll
0x00007ffe27520000 - 0x00007ffe27c2d000 	C:\WINDOWS\System32\windows.storage.dll
0x00007ffe2a280000 - 0x00007ffe2a2d1000 	C:\WINDOWS\System32\shlwapi.dll
0x00007ffe272e0000 - 0x00007ffe272f1000 	C:\WINDOWS\System32\kernel.appcore.dll
0x00007ffe27290000 - 0x00007ffe272af000 	C:\WINDOWS\System32\profapi.dll
0x00007ffe27300000 - 0x00007ffe2734c000 	C:\WINDOWS\System32\powrprof.dll
0x00007ffe272d0000 - 0x00007ffe272da000 	C:\WINDOWS\System32\FLTLIB.DLL
0x00007ffe22fa0000 - 0x00007ffe22fba000 	C:\Users\fun4l\.sdkman\candidates\java\9.0.7-zulu\bin\net.dll
0x00007ffe226e0000 - 0x00007ffe227bc000 	C:\WINDOWS\SYSTEM32\WINHTTP.dll
0x00007ffe26b10000 - 0x00007ffe26b76000 	C:\WINDOWS\system32\mswsock.dll
0x00007ffe22f80000 - 0x00007ffe22f91000 	C:\Users\fun4l\.sdkman\candidates\java\9.0.7-zulu\bin\nio.dll
0x00007ffe21b00000 - 0x00007ffe21b1a000 	L:\JetBrains\IntelliJ IDEA 2018.2.1\bin\breakgen64.dll
0x00007ffe237d0000 - 0x00007ffe237d9000 	C:\Users\fun4l\.sdkman\candidates\java\9.0.7-zulu\bin\management.dll
0x00007ffe23100000 - 0x00007ffe2310a000 	C:\Users\fun4l\.sdkman\candidates\java\9.0.7-zulu\bin\management_ext.dll
0x00007ffe234c0000 - 0x00007ffe234d6000 	C:\WINDOWS\system32\napinsp.dll
0x00007ffe233e0000 - 0x00007ffe233fa000 	C:\WINDOWS\system32\pnrpnsp.dll
0x00007ffe1e260000 - 0x00007ffe1e279000 	C:\WINDOWS\system32\NLAapi.dll
0x00007ffe268d0000 - 0x00007ffe2698e000 	C:\WINDOWS\SYSTEM32\DNSAPI.dll
0x00007ffe29d50000 - 0x00007ffe29d58000 	C:\WINDOWS\System32\NSI.dll
0x00007ffe26890000 - 0x00007ffe268c8000 	C:\WINDOWS\SYSTEM32\IPHLPAPI.DLL
0x00007ffe233d0000 - 0x00007ffe233de000 	C:\WINDOWS\System32\winrnr.dll
0x00007ffe1a240000 - 0x00007ffe1a24a000 	C:\Windows\System32\rasadhlp.dll
0x00007ffe1d890000 - 0x00007ffe1d902000 	C:\WINDOWS\System32\fwpuclnt.dll
0x00007ffe26df0000 - 0x00007ffe26e15000 	C:\WINDOWS\SYSTEM32\bcrypt.dll
0x00007ffe26cc0000 - 0x00007ffe26cd7000 	C:\WINDOWS\SYSTEM32\CRYPTSP.dll
0x00007ffe266f0000 - 0x00007ffe26723000 	C:\WINDOWS\system32\rsaenh.dll
0x00007ffe27190000 - 0x00007ffe271b8000 	C:\WINDOWS\SYSTEM32\USERENV.dll
0x00007ffe26ce0000 - 0x00007ffe26ceb000 	C:\WINDOWS\SYSTEM32\CRYPTBASE.dll
0x00007ffe1d480000 - 0x00007ffe1d496000 	C:\WINDOWS\SYSTEM32\dhcpcsvc6.DLL
0x00007ffe1dd40000 - 0x00007ffe1dd5a000 	C:\WINDOWS\SYSTEM32\dhcpcsvc.DLL
0x00007ffe14840000 - 0x00007ffe14a09000 	C:\WINDOWS\SYSTEM32\dbghelp.dll

VM Arguments:
jvm_args: -XX:TieredStopAtLevel=1 -Xverify:none -Dspring.output.ansi.enabled=always -Dcom.sun.management.jmxremote -Dcom.sun.management.jmxremote.port=54608 -Dcom.sun.management.jmxremote.authenticate=false -Dcom.sun.management.jmxremote.ssl=false -Djava.rmi.server.hostname=localhost -Dspring.liveBeansView.mbeanDomain -Dspring.application.admin.enabled=true -javaagent:L:\JetBrains\IntelliJ IDEA 2018.2.1\lib\idea_rt.jar=54609:L:\JetBrains\IntelliJ IDEA 2018.2.1\bin -Dfile.encoding=UTF-8 
java_command: ru.lanit.springboot.afisha.AfishaApplication
java_class_path (initial): C:\Users\fun4l\dev\study\Lanit\SpringBootAfisha\target\classes;C:\Users\fun4l\.m2\repository\org\springframework\boot\spring-boot-starter-web\2.0.3.RELEASE\spring-boot-starter-web-2.0.3.RELEASE.jar;C:\Users\fun4l\.m2\repository\org\springframework\boot\spring-boot-starter\2.0.3.RELEASE\spring-boot-starter-2.0.3.RELEASE.jar;C:\Users\fun4l\.m2\repository\org\springframework\boot\spring-boot-starter-logging\2.0.3.RELEASE\spring-boot-starter-logging-2.0.3.RELEASE.jar;C:\Users\fun4l\.m2\repository\ch\qos\logback\logback-classic\1.2.3\logback-classic-1.2.3.jar;C:\Users\fun4l\.m2\repository\ch\qos\logback\logback-core\1.2.3\logback-core-1.2.3.jar;C:\Users\fun4l\.m2\repository\org\apache\logging\log4j\log4j-to-slf4j\2.10.0\log4j-to-slf4j-2.10.0.jar;C:\Users\fun4l\.m2\repository\org\apache\logging\log4j\log4j-api\2.10.0\log4j-api-2.10.0.jar;C:\Users\fun4l\.m2\repository\org\slf4j\jul-to-slf4j\1.7.25\jul-to-slf4j-1.7.25.jar;C:\Users\fun4l\.m2\repository\javax\annotation\javax.annotation-api\1.3.2\javax.annotation-api-1.3.2.jar;C:\Users\fun4l\.m2\repository\org\yaml\snakeyaml\1.19\snakeyaml-1.19.jar;C:\Users\fun4l\.m2\repository\org\springframework\boot\spring-boot-starter-json\2.0.3.RELEASE\spring-boot-starter-json-2.0.3.RELEASE.jar;C:\Users\fun4l\.m2\repository\com\fasterxml\jackson\core\jackson-databind\2.9.6\jackson-databind-2.9.6.jar;C:\Users\fun4l\.m2\repository\com\fasterxml\jackson\core\jackson-annotations\2.9.0\jackson-annotations-2.9.0.jar;C:\Users\fun4l\.m2\repository\com\fasterxml\jackson\core\jackson-core\2.9.6\jackson-core-2.9.6.jar;C:\Users\fun4l\.m2\repository\com\fasterxml\jackson\datatype\jackson-datatype-jdk8\2.9.6\jackson-datatype-jdk8-2.9.6.jar;C:\Users\fun4l\.m2\repository\com\fasterxml\jackson\datatype\jackson-datatype-jsr310\2.9.6\jackson-datatype-jsr310-2.9.6.jar;C:\Users\fun4l\.m2\repository\com\fasterxml\jackson\module\jackson-module-parameter-names\2.9.6\jackson-module-parameter-names-2.9.6.jar;C:\Users\fun4l\.m2\reposit
Launcher Type: SUN_STANDARD

Logging:
Log output configuration:
#0: stdout all=warning uptime,level,tags
#1: stderr all=off uptime,level,tags

Environment Variables:
JAVA_HOME=C:\Program Files\Java\jdk-9.0.4
PATH=C:\ProgramData\Oracle\Java\javapath;C:\Program Files (x86)\Common Files\Intel\Shared Files\cpp\bin\Intel64;C:\Program Files (x86)\Intel\iCLS Client\;C:\Program Files\Intel\iCLS Client\;C:\WINDOWS\system32;C:\WINDOWS;C:\WINDOWS\System32\Wbem;C:\WINDOWS\System32\WindowsPowerShell\v1.0\;C:\Program Files (x86)\NVIDIA Corporation\PhysX\Common;C:\Program Files (x86)\Intel\Intel(R) Management Engine Components\DAL;C:\Program Files\Intel\Intel(R) Management Engine Components\DAL;C:\Program Files (x86)\Intel\Intel(R) Management Engine Components\IPT;C:\Program Files\Intel\Intel(R) Management Engine Components\IPT;L:\MATLAB\R2016b\runtime\win64;L:\MATLAB\R2016b\bin;L:\MATLAB\R2016b\polyspace\bin;C:\Program Files\Microsoft SQL Server\Client SDK\ODBC\110\Tools\Binn\;C:\Program Files (x86)\Microsoft SQL Server\120\Tools\Binn\;C:\Program Files\Microsoft SQL Server\120\Tools\Binn\;C:\Program Files\Microsoft SQL Server\120\DTS\Binn\;C:\Program Files (x86)\Windows Kits\8.1\Windows Performance Toolkit\;C:\WINDOWS\system32;C:\WINDOWS;C:\WINDOWS\System32\Wbem;C:\WINDOWS\System32\WindowsPowerShell\v1.0\;C:\Program Files\Java\jdk-9.0.4\bin;C:\Program Files\Git\cmd;C:\Program Files\Git\mingw64\bin;C:\Program Files\Git\usr\bin;C:\ProgramData\chocolatey\bin;;C:\WINDOWS\System32\OpenSSH\;C:\Users\fun4l\AppData\Local\Microsoft\WindowsApps
USERNAME=fun4l
OS=Windows_NT
PROCESSOR_IDENTIFIER=Intel64 Family 6 Model 158 Stepping 9, GenuineIntel



---------------  S Y S T E M  ---------------

OS: Windows 10 , 64 bit Build 17134 (10.0.17134.1)

CPU:total 4 (initial active 4) (4 cores per cpu, 1 threads per core) family 6 model 158 stepping 9, cmov, cx8, fxsr, mmx, sse, sse2, sse3, ssse3, sse4.1, sse4.2, popcnt, avx, avx2, aes, clmul, erms, 3dnowpref, lzcnt, tsc, tscinvbit, bmi1, bmi2, adx, fma

Memory: 4k page, physical 8260772k(1551972k free), swap 8260772k(2228k free)

vm_info: OpenJDK 64-Bit Server VM (9.0.7.1+1) for windows-amd64 JRE (9.0.7.1+1), built on Apr  6 2018 03:06:52 by "" with MS VC++ 12.0 (VS2013)

END.
