#
# There is insufficient memory for the Java Runtime Environment to continue.
# Native memory allocation (malloc) failed to allocate 32744 bytes for ChunkPool::allocate
# Possible reasons:
#   The system is out of physical RAM or swap space
#   The process is running with CompressedOops enabled, and the Java Heap may be blocking the growth of the native heap
# Possible solutions:
#   Reduce memory load on the system
#   Increase physical memory or swap space
#   Check if swap backing store is full
#   Decrease Java heap size (-Xmx/-Xms)
#   Decrease number of Java threads
#   Decrease Java thread stack sizes (-Xss)
#   Set larger code cache with -XX:ReservedCodeCacheSize=
#   JVM is running with Unscaled Compressed Oops mode in which the Java heap is
#     placed in the first 4GB address space. The Java Heap base address is the
#     maximum limit for the native heap growth. Please use -XX:HeapBaseMinAddress
#     to set the Java Heap base and to place the Java Heap above 4GB virtual address.
# This output file may be truncated or incomplete.
#
#  Out of Memory Error (c:/jenkins/workspace/zulu9-silver-build-win64/zulu-src/hotspot/src/share/vm/memory/allocation.cpp:256), pid=12148, tid=9856
#
# JRE version: OpenJDK Runtime Environment (9.0.1+1) (build 9.0.7.1+1)
# Java VM: OpenJDK 64-Bit Server VM (9.0.7.1+1, mixed mode, tiered, compressed oops, g1 gc, windows-amd64)
# No core dump will be written. Minidumps are not enabled by default on client versions of Windows
#

---------------  S U M M A R Y ------------

Command Line: -XX:TieredStopAtLevel=1 -Xverify:none -Dspring.output.ansi.enabled=always -Dcom.sun.management.jmxremote -Dcom.sun.management.jmxremote.port=52129 -Dcom.sun.management.jmxremote.authenticate=false -Dcom.sun.management.jmxremote.ssl=false -Djava.rmi.server.hostname=localhost -Dspring.liveBeansView.mbeanDomain -Dspring.application.admin.enabled=true -javaagent:L:\JetBrains\IntelliJ IDEA 2018.2.1\lib\idea_rt.jar=52130:L:\JetBrains\IntelliJ IDEA 2018.2.1\bin -Dfile.encoding=UTF-8 ru.lanit.springboot.afisha.AfishaApplication

Host: Intel(R) Core(TM) i5-7300HQ CPU @ 2.50GHz, 4 cores, 7G,  Windows 10 , 64 bit Build 17134 (10.0.17134.1)
Time: Tue Aug 28 16:44:36 2018 RTZ 2 (ceia) elapsed time: 12 seconds (0d 0h 0m 12s)

---------------  T H R E A D  ---------------

Current thread (0x00000229e2c4c800):  VMThread "VM Thread" [stack: 0x000000808c000000,0x000000808c100000] [id=9856]

Stack: [0x000000808c000000,0x000000808c100000]
[error occurred during error reporting (printing stack bounds), id 0xe0000001]

Native frames: (J=compiled Java code, j=interpreted, Vv=VM code, C=native code)
V  [jvm.dll+0x541df8]

[error occurred during error reporting (printing native stack), id 0xe0000001]

VM_Operation (0x000000808e6fbd90): CollectForMetadataAllocation, mode: safepoint, requested by thread 0x00000229e5351800


---------------  P R O C E S S  ---------------

Java Threads: ( => current thread )
  0x00000229e70ed800 JavaThread "RMI TCP Connection(18)-127.0.0.1" daemon [_thread_in_native, id=5976, stack(0x000000808f400000,0x000000808f500000)]
  0x00000229e70eb800 JavaThread "RMI TCP Connection(16)-127.0.0.1" daemon [_thread_in_native, id=12656, stack(0x000000808d000000,0x000000808d100000)]
  0x00000229e70f1800 JavaThread "DestroyJavaVM" [_thread_blocked, id=13088, stack(0x000000808b300000,0x000000808b400000)]
  0x00000229e535d800 JavaThread "http-nio-8080-AsyncTimeout" daemon [_thread_blocked, id=10300, stack(0x000000808f300000,0x000000808f400000)]
  0x00000229e535b000 JavaThread "http-nio-8080-Acceptor-0" daemon [_thread_in_native, id=9584, stack(0x000000808f200000,0x000000808f300000)]
  0x00000229e5358000 JavaThread "http-nio-8080-ClientPoller-1" daemon [_thread_in_native, id=10204, stack(0x000000808f100000,0x000000808f200000)]
  0x00000229e535a800 JavaThread "http-nio-8080-ClientPoller-0" daemon [_thread_in_native, id=11732, stack(0x000000808f000000,0x000000808f100000)]
  0x00000229e5357800 JavaThread "http-nio-8080-exec-10" daemon [_thread_blocked, id=1100, stack(0x000000808ef00000,0x000000808f000000)]
  0x00000229e535c800 JavaThread "http-nio-8080-exec-9" daemon [_thread_blocked, id=10720, stack(0x000000808ee00000,0x000000808ef00000)]
  0x00000229e535c000 JavaThread "http-nio-8080-exec-8" daemon [_thread_blocked, id=1236, stack(0x000000808ed00000,0x000000808ee00000)]
  0x00000229e5359800 JavaThread "http-nio-8080-exec-7" daemon [_thread_blocked, id=8784, stack(0x000000808ec00000,0x000000808ed00000)]
  0x00000229e5359000 JavaThread "http-nio-8080-exec-6" daemon [_thread_blocked, id=2736, stack(0x000000808eb00000,0x000000808ec00000)]
  0x00000229e5356800 JavaThread "http-nio-8080-exec-5" daemon [_thread_blocked, id=3140, stack(0x000000808ea00000,0x000000808eb00000)]
  0x00000229e534f000 JavaThread "http-nio-8080-exec-4" daemon [_thread_blocked, id=10864, stack(0x000000808e900000,0x000000808ea00000)]
  0x00000229e5356000 JavaThread "http-nio-8080-exec-3" daemon [_thread_blocked, id=10588, stack(0x000000808e800000,0x000000808e900000)]
  0x00000229e534e800 JavaThread "http-nio-8080-exec-2" daemon [_thread_blocked, id=2308, stack(0x000000808e700000,0x000000808e800000)]
  0x00000229e5351800 JavaThread "http-nio-8080-exec-1" daemon [_thread_blocked, id=2164, stack(0x000000808e600000,0x000000808e700000)]
  0x00000229e5353800 JavaThread "NioBlockingSelector.BlockPoller-1" daemon [_thread_in_native, id=796, stack(0x000000808e400000,0x000000808e500000)]
  0x00000229e5355000 JavaThread "Live Reload Server" daemon [_thread_in_native, id=9560, stack(0x000000808e500000,0x000000808e600000)]
  0x00000229e5353000 JavaThread "File Watcher" daemon [_thread_blocked, id=11456, stack(0x000000808e300000,0x000000808e400000)]
  0x00000229e5350800 JavaThread "RMI TCP Connection(idle)" daemon [_thread_blocked, id=8940, stack(0x000000808e200000,0x000000808e300000)]
  0x00000229e5350000 JavaThread "RMI TCP Connection(14)-127.0.0.1" daemon [_thread_in_native, id=2888, stack(0x000000808e100000,0x000000808e200000)]
  0x00000229e5354800 JavaThread "HikariPool-1 housekeeper" daemon [_thread_blocked, id=10340, stack(0x000000808df00000,0x000000808e000000)]
  0x00000229e46ba000 JavaThread "RMI TCP Connection(12)-127.0.0.1" daemon [_thread_in_native, id=3476, stack(0x000000808de00000,0x000000808df00000)]
  0x00000229e46b9800 JavaThread "Abandoned connection cleanup thread" daemon [_thread_blocked, id=812, stack(0x000000808dc00000,0x000000808dd00000)]
  0x00000229e46b8800 JavaThread "container-0" [_thread_blocked, id=6016, stack(0x000000808db00000,0x000000808dc00000)]
  0x00000229e46b8000 JavaThread "ContainerBackgroundProcessor[StandardEngine[Tomcat]]" daemon [_thread_blocked, id=12996, stack(0x000000808da00000,0x000000808db00000)]
  0x00000229e46b5000 JavaThread "RMI TCP Connection(10)-127.0.0.1" daemon [_thread_in_native, id=9148, stack(0x000000808d900000,0x000000808da00000)]
  0x00000229e46bb800 JavaThread "localhost-startStop-1" daemon [_thread_blocked, id=1844, stack(0x000000808d800000,0x000000808d900000)]
  0x00000229e46bb000 JavaThread "Tomcat-startStop-1" daemon [_thread_blocked, id=11500, stack(0x000000808d700000,0x000000808d800000)]
  0x00000229e46b7000 JavaThread "RMI TCP Connection(8)-127.0.0.1" daemon [_thread_in_native, id=2156, stack(0x000000808d200000,0x000000808d300000)]
  0x00000229e46b6800 JavaThread "RMI TCP Connection(6)-127.0.0.1" daemon [_thread_in_native, id=10148, stack(0x000000808d600000,0x000000808d700000)]
  0x00000229e46b5800 JavaThread "RMI TCP Connection(4)-127.0.0.1" daemon [_thread_in_native, id=1596, stack(0x000000808d500000,0x000000808d600000)]
  0x00000229e467c800 JavaThread "RMI Scheduler(0)" daemon [_thread_blocked, id=8856, stack(0x000000808d400000,0x000000808d500000)]
  0x00000229e3a4d000 JavaThread "RMI TCP Connection(1)-127.0.0.1" daemon [_thread_in_native, id=12260, stack(0x000000808d300000,0x000000808d400000)]
  0x00000229e3485800 JavaThread "RMI TCP Accept-0" daemon [_thread_in_native, id=12204, stack(0x000000808ce00000,0x000000808cf00000)]
  0x00000229e34a5000 JavaThread "RMI TCP Accept-52129" daemon [_thread_in_native, id=13020, stack(0x000000808cd00000,0x000000808ce00000)]
  0x00000229e3489800 JavaThread "RMI TCP Accept-0" daemon [_thread_in_native, id=9940, stack(0x000000808cc00000,0x000000808cd00000)]
  0x00000229e323a000 JavaThread "Service Thread" daemon [_thread_blocked, id=7780, stack(0x000000808cb00000,0x000000808cc00000)]
  0x00000229e3233800 JavaThread "Monitor Ctrl-Break" daemon [_thread_in_native, id=12116, stack(0x000000808ca00000,0x000000808cb00000)]
  0x00000229e2d15800 JavaThread "Common-Cleaner" daemon [_thread_blocked, id=1668, stack(0x000000808c900000,0x000000808ca00000)]
  0x00000229e2cd6800 JavaThread "Sweeper thread" daemon [_thread_blocked, id=5972, stack(0x000000808c800000,0x000000808c900000)]
  0x00000229e2cd6000 JavaThread "C1 CompilerThread2" daemon [_thread_blocked, id=11444, stack(0x000000808c700000,0x000000808c800000)]
  0x00000229e2ccd800 JavaThread "C1 CompilerThread1" daemon [_thread_blocked, id=10208, stack(0x000000808c600000,0x000000808c700000)]
  0x00000229e2cae800 JavaThread "C1 CompilerThread0" daemon [_thread_blocked, id=6012, stack(0x000000808c500000,0x000000808c600000)]
  0x00000229e2cae000 JavaThread "Attach Listener" daemon [_thread_blocked, id=6376, stack(0x000000808c400000,0x000000808c500000)]
  0x00000229e2cac800 JavaThread "Signal Dispatcher" daemon [_thread_blocked, id=3240, stack(0x000000808c300000,0x000000808c400000)]
  0x00000229e2c53800 JavaThread "Finalizer" daemon [_thread_blocked, id=11576, stack(0x000000808c200000,0x000000808c300000)]
  0x00000229e2c53000 JavaThread "Reference Handler" daemon [_thread_blocked, id=6484, stack(0x000000808c100000,0x000000808c200000)]

Other Threads:
=>0x00000229e2c4c800 VMThread "VM Thread" [stack: 0x000000808c000000,0x000000808c100000] [id=9856]
  0x00000229e3486000 WatcherThread [stack: 0x000000808cf00000,0x000000808d000000] [id=9784]
  0x00000229c1718000 GCTaskThread "GC Thread#0" [stack: 0x000000808b500000,0x000000808b600000] [id=11856]
  0x00000229c1719800 GCTaskThread "GC Thread#1" [stack: 0x000000808b600000,0x000000808b700000] [id=8460]
  0x00000229c171c000 GCTaskThread "GC Thread#2" [stack: 0x000000808b700000,0x000000808b800000] [id=12928]
  0x00000229c171e000 GCTaskThread "GC Thread#3" [stack: 0x000000808b800000,0x000000808b900000] [id=6148]
  0x00000229c17a9000 ConcurrentGCThread "G1 Main Marker" [stack: 0x000000808be00000,0x000000808bf00000] [id=13076]
  0x00000229c17aa000 ConcurrentGCThread "G1 Marker#0" [stack: 0x000000808bf00000,0x000000808c000000] [id=3348]
  0x00000229c172c800 ConcurrentGCThread "G1 Refine#0" [stack: 0x000000808bc00000,0x000000808bd00000] [id=2556]
  0x00000229c172b800 ConcurrentGCThread "G1 Refine#1" [stack: 0x000000808bb00000,0x000000808bc00000] [id=12724]
  0x00000229c1726000 ConcurrentGCThread "G1 Refine#2" [stack: 0x000000808ba00000,0x000000808bb00000] [id=11792]
  0x00000229c1725800 ConcurrentGCThread "G1 Refine#3" [stack: 0x000000808b900000,0x000000808ba00000] [id=4840]
  0x00000229c173a000 ConcurrentGCThread "G1 Young RemSet Sampling" [stack: 0x000000808bd00000,0x000000808be00000] [id=6432]

Threads with active compile tasks:

VM state:at safepoint (normal execution)

VM Mutex/Monitor currently owned by a thread:  ([mutex/lock_event])
[0x00000229c17016e0] Threads_lock - owner thread: 0x00000229e2c4c800
[0x00000229c1702a00] Heap_lock - owner thread: 0x00000229e5351800

Heap address: 0x0000000081e00000, size: 2018 MB, Compressed Oops mode: 32-bit
Narrow klass base: 0x0000000000000000, Narrow klass shift: 3
Compressed class space size: 1073741824 Address: 0x0000000100000000

Heap:
 garbage-first heap   total 189440K, used 41343K [0x0000000081e00000, 0x0000000081f005c8, 0x0000000100000000)
  region size 1024K, 3 young (3072K), 3 survivors (3072K)
 Metaspace       used 56482K, capacity 59754K, committed 59856K, reserved 1112064K
  class space    used 7289K, capacity 7876K, committed 7888K, reserved 1048576K
Heap Regions: E=young(eden), S=young(survivor), O=old, HS=humongous(starts), HC=humongous(continues), CS=collection set, F=free, A=archive, TS=gc time stamp, AC=allocation context, TAMS=top-at-mark-start (previous, next)
|   0|0x0000000081e00000, 0x0000000081f00000, 0x0000000081f00000|100%| O|  |TS  0|AC  0|TAMS 0x0000000081f00000, 0x0000000081f00000|
|   1|0x0000000081f00000, 0x0000000082000000, 0x0000000082000000|100%| O|  |TS  0|AC  0|TAMS 0x0000000082000000, 0x0000000082000000|
|   2|0x0000000082000000, 0x0000000082100000, 0x0000000082100000|100%| O|  |TS  0|AC  0|TAMS 0x0000000082100000, 0x0000000082100000|
|   3|0x0000000082100000, 0x0000000082200000, 0x0000000082200000|100%| O|  |TS  0|AC  0|TAMS 0x0000000082200000, 0x0000000082200000|
|   4|0x0000000082200000, 0x0000000082300000, 0x0000000082300000|100%| O|  |TS  0|AC  0|TAMS 0x0000000082300000, 0x0000000082300000|
|   5|0x0000000082300000, 0x0000000082400000, 0x0000000082400000|100%| O|  |TS  0|AC  0|TAMS 0x0000000082400000, 0x0000000082400000|
|   6|0x0000000082400000, 0x0000000082500000, 0x0000000082500000|100%| O|  |TS  0|AC  0|TAMS 0x0000000082500000, 0x0000000082500000|
|   7|0x0000000082500000, 0x0000000082600000, 0x0000000082600000|100%| O|  |TS  0|AC  0|TAMS 0x0000000082600000, 0x0000000082600000|
|   8|0x0000000082600000, 0x0000000082700000, 0x0000000082700000|100%| O|  |TS  3|AC  0|TAMS 0x0000000082600000, 0x0000000082700000|
|   9|0x0000000082700000, 0x0000000082800000, 0x0000000082800000|100%| O|  |TS  0|AC  0|TAMS 0x0000000082800000, 0x0000000082800000|
|  10|0x0000000082800000, 0x0000000082900000, 0x0000000082900000|100%| O|  |TS  0|AC  0|TAMS 0x0000000082900000, 0x0000000082900000|
|  11|0x0000000082900000, 0x0000000082a00000, 0x0000000082a00000|100%| O|  |TS  0|AC  0|TAMS 0x0000000082a00000, 0x0000000082a00000|
|  12|0x0000000082a00000, 0x0000000082b00000, 0x0000000082b00000|100%| O|  |TS  0|AC  0|TAMS 0x0000000082b00000, 0x0000000082b00000|
|  13|0x0000000082b00000, 0x0000000082c00000, 0x0000000082c00000|100%| O|  |TS  0|AC  0|TAMS 0x0000000082c00000, 0x0000000082c00000|
|  14|0x0000000082c00000, 0x0000000082d00000, 0x0000000082d00000|100%| O|  |TS  0|AC  0|TAMS 0x0000000082d00000, 0x0000000082d00000|
|  15|0x0000000082d00000, 0x0000000082e00000, 0x0000000082e00000|100%| O|  |TS  0|AC  0|TAMS 0x0000000082e00000, 0x0000000082e00000|
|  16|0x0000000082e00000, 0x0000000082f00000, 0x0000000082f00000|100%| O|  |TS  0|AC  0|TAMS 0x0000000082f00000, 0x0000000082f00000|
|  17|0x0000000082f00000, 0x0000000083000000, 0x0000000083000000|100%| O|  |TS  0|AC  0|TAMS 0x0000000083000000, 0x0000000083000000|
|  18|0x0000000083000000, 0x0000000083100000, 0x0000000083100000|100%| O|  |TS  3|AC  0|TAMS 0x0000000083000000, 0x0000000083100000|
|  19|0x0000000083100000, 0x0000000083200000, 0x0000000083200000|100%| O|  |TS  5|AC  0|TAMS 0x0000000083100000, 0x0000000083200000|
|  20|0x0000000083200000, 0x0000000083300000, 0x0000000083300000|100%| O|  |TS  5|AC  0|TAMS 0x0000000083200000, 0x0000000083300000|
|  21|0x0000000083300000, 0x0000000083400000, 0x0000000083400000|100%| O|  |TS  5|AC  0|TAMS 0x0000000083300000, 0x0000000083400000|
|  22|0x0000000083400000, 0x0000000083500000, 0x0000000083500000|100%| O|  |TS  5|AC  0|TAMS 0x0000000083400000, 0x0000000083500000|
|  23|0x0000000083500000, 0x0000000083600000, 0x0000000083600000|100%| O|  |TS  5|AC  0|TAMS 0x0000000083500000, 0x0000000083600000|
|  24|0x0000000083600000, 0x0000000083700000, 0x0000000083700000|100%| O|  |TS  5|AC  0|TAMS 0x0000000083600000, 0x0000000083700000|
|  25|0x0000000083700000, 0x0000000083800000, 0x0000000083800000|100%| O|  |TS  5|AC  0|TAMS 0x0000000083700000, 0x0000000083800000|
|  26|0x0000000083800000, 0x0000000083900000, 0x0000000083900000|100%| O|  |TS  9|AC  0|TAMS 0x0000000083800000, 0x0000000083900000|
|  27|0x0000000083900000, 0x0000000083a00000, 0x0000000083a00000|100%| O|  |TS  9|AC  0|TAMS 0x0000000083900000, 0x0000000083a00000|
|  28|0x0000000083a00000, 0x0000000083b00000, 0x0000000083b00000|100%| O|  |TS  9|AC  0|TAMS 0x0000000083a00000, 0x0000000083b00000|
|  29|0x0000000083b00000, 0x0000000083c00000, 0x0000000083c00000|100%| O|  |TS  9|AC  0|TAMS 0x0000000083b00000, 0x0000000083c00000|
|  30|0x0000000083c00000, 0x0000000083d00000, 0x0000000083d00000|100%| O|  |TS  9|AC  0|TAMS 0x0000000083c00000, 0x0000000083d00000|
|  31|0x0000000083d00000, 0x0000000083e00000, 0x0000000083e00000|100%| O|  |TS  9|AC  0|TAMS 0x0000000083d00000, 0x0000000083e00000|
|  32|0x0000000083e00000, 0x0000000083f00000, 0x0000000083f00000|100%| O|  |TS 11|AC  0|TAMS 0x0000000083e00000, 0x0000000083f00000|
|  33|0x0000000083f00000, 0x0000000084000000, 0x0000000084000000|100%| O|  |TS 11|AC  0|TAMS 0x0000000083f00000, 0x0000000084000000|
|  34|0x0000000084000000, 0x0000000084100000, 0x0000000084100000|100%| O|  |TS 11|AC  0|TAMS 0x0000000084000000, 0x0000000084100000|
|  35|0x0000000084100000, 0x0000000084200000, 0x0000000084200000|100%| O|  |TS 11|AC  0|TAMS 0x0000000084100000, 0x0000000084200000|
|  36|0x0000000084200000, 0x0000000084300000, 0x0000000084300000|100%| O|  |TS 11|AC  0|TAMS 0x0000000084200000, 0x0000000084300000|
|  37|0x0000000084300000, 0x0000000084400000, 0x0000000084400000|100%| O|  |TS 11|AC  0|TAMS 0x0000000084300000, 0x0000000084400000|
|  38|0x0000000084400000, 0x0000000084400000, 0x0000000084500000|  0%| F|  |TS  0|AC  0|TAMS 0x0000000084400000, 0x0000000084400000|
|  39|0x0000000084500000, 0x0000000084500000, 0x0000000084600000|  0%| F|  |TS  0|AC  0|TAMS 0x0000000084500000, 0x0000000084500000|
|  40|0x0000000084600000, 0x0000000084600000, 0x0000000084700000|  0%| F|  |TS  0|AC  0|TAMS 0x0000000084600000, 0x0000000084600000|
|  41|0x0000000084700000, 0x0000000084700000, 0x0000000084800000|  0%| F|  |TS  0|AC  0|TAMS 0x0000000084700000, 0x0000000084700000|
|  42|0x0000000084800000, 0x0000000084800000, 0x0000000084900000|  0%| F|  |TS  0|AC  0|TAMS 0x0000000084800000, 0x0000000084800000|
|  43|0x0000000084900000, 0x0000000084900000, 0x0000000084a00000|  0%| F|  |TS  0|AC  0|TAMS 0x0000000084900000, 0x0000000084900000|
|  44|0x0000000084a00000, 0x0000000084a00000, 0x0000000084b00000|  0%| F|  |TS  0|AC  0|TAMS 0x0000000084a00000, 0x0000000084a00000|
|  45|0x0000000084b00000, 0x0000000084b00000, 0x0000000084c00000|  0%| F|  |TS  0|AC  0|TAMS 0x0000000084b00000, 0x0000000084b00000|
|  46|0x0000000084c00000, 0x0000000084c00000, 0x0000000084d00000|  0%| F|  |TS  0|AC  0|TAMS 0x0000000084c00000, 0x0000000084c00000|
|  47|0x0000000084d00000, 0x0000000084d00000, 0x0000000084e00000|  0%| F|  |TS  0|AC  0|TAMS 0x0000000084d00000, 0x0000000084d00000|
|  48|0x0000000084e00000, 0x0000000084e00000, 0x0000000084f00000|  0%| F|  |TS  0|AC  0|TAMS 0x0000000084e00000, 0x0000000084e00000|
|  49|0x0000000084f00000, 0x0000000084f00000, 0x0000000085000000|  0%| F|  |TS  0|AC  0|TAMS 0x0000000084f00000, 0x0000000084f00000|
|  50|0x0000000085000000, 0x0000000085000000, 0x0000000085100000|  0%| F|  |TS  5|AC  0|TAMS 0x0000000085000000, 0x0000000085000000|
|  51|0x0000000085100000, 0x0000000085100000, 0x0000000085200000|  0%| F|  |TS  5|AC  0|TAMS 0x0000000085100000, 0x0000000085100000|
|  52|0x0000000085200000, 0x0000000085200000, 0x0000000085300000|  0%| F|  |TS  5|AC  0|TAMS 0x0000000085200000, 0x0000000085200000|
|  53|0x0000000085300000, 0x0000000085300000, 0x0000000085400000|  0%| F|  |TS  5|AC  0|TAMS 0x0000000085300000, 0x0000000085300000|
|  54|0x0000000085400000, 0x0000000085400000, 0x0000000085500000|  0%| F|  |TS  3|AC  0|TAMS 0x0000000085400000, 0x0000000085400000|
|  55|0x0000000085500000, 0x0000000085500000, 0x0000000085600000|  0%| F|  |TS  3|AC  0|TAMS 0x0000000085500000, 0x0000000085500000|
|  56|0x0000000085600000, 0x0000000085600000, 0x0000000085700000|  0%| F|  |TS  3|AC  0|TAMS 0x0000000085600000, 0x0000000085600000|
|  57|0x0000000085700000, 0x0000000085700000, 0x0000000085800000|  0%| F|  |TS  3|AC  0|TAMS 0x0000000085700000, 0x0000000085700000|
|  58|0x0000000085800000, 0x0000000085800000, 0x0000000085900000|  0%| F|  |TS  7|AC  0|TAMS 0x0000000085800000, 0x0000000085800000|
|  59|0x0000000085900000, 0x0000000085900000, 0x0000000085a00000|  0%| F|  |TS  7|AC  0|TAMS 0x0000000085900000, 0x0000000085900000|
|  60|0x0000000085a00000, 0x0000000085a00000, 0x0000000085b00000|  0%| F|  |TS  7|AC  0|TAMS 0x0000000085a00000, 0x0000000085a00000|
|  61|0x0000000085b00000, 0x0000000085b00000, 0x0000000085c00000|  0%| F|  |TS  7|AC  0|TAMS 0x0000000085b00000, 0x0000000085b00000|
|  62|0x0000000085c00000, 0x0000000085c00000, 0x0000000085d00000|  0%| F|  |TS  5|AC  0|TAMS 0x0000000085c00000, 0x0000000085c00000|
|  63|0x0000000085d00000, 0x0000000085d00000, 0x0000000085e00000|  0%| F|  |TS  5|AC  0|TAMS 0x0000000085d00000, 0x0000000085d00000|
|  64|0x0000000085e00000, 0x0000000085e00000, 0x0000000085f00000|  0%| F|  |TS  5|AC  0|TAMS 0x0000000085e00000, 0x0000000085e00000|
|  65|0x0000000085f00000, 0x0000000085f00000, 0x0000000086000000|  0%| F|  |TS  5|AC  0|TAMS 0x0000000085f00000, 0x0000000085f00000|
|  66|0x0000000086000000, 0x0000000086000000, 0x0000000086100000|  0%| F|  |TS 11|AC  0|TAMS 0x0000000086000000, 0x0000000086000000|
|  67|0x0000000086100000, 0x0000000086100000, 0x0000000086200000|  0%| F|  |TS 11|AC  0|TAMS 0x0000000086100000, 0x0000000086100000|
|  68|0x0000000086200000, 0x0000000086200000, 0x0000000086300000|  0%| F|  |TS  9|AC  0|TAMS 0x0000000086200000, 0x0000000086200000|
|  69|0x0000000086300000, 0x0000000086300000, 0x0000000086400000|  0%| F|  |TS  9|AC  0|TAMS 0x0000000086300000, 0x0000000086300000|
|  70|0x0000000086400000, 0x0000000086400000, 0x0000000086500000|  0%| F|  |TS 11|AC  0|TAMS 0x0000000086400000, 0x0000000086400000|
|  71|0x0000000086500000, 0x0000000086500000, 0x0000000086600000|  0%| F|  |TS 11|AC  0|TAMS 0x0000000086500000, 0x0000000086500000|
|  72|0x0000000086600000, 0x0000000086600000, 0x0000000086700000|  0%| F|  |TS 11|AC  0|TAMS 0x0000000086600000, 0x0000000086600000|
|  73|0x0000000086700000, 0x0000000086700000, 0x0000000086800000|  0%| F|  |TS 11|AC  0|TAMS 0x0000000086700000, 0x0000000086700000|
|  74|0x0000000086800000, 0x0000000086800000, 0x0000000086900000|  0%| F|  |TS  9|AC  0|TAMS 0x0000000086800000, 0x0000000086800000|
|  75|0x0000000086900000, 0x0000000086900000, 0x0000000086a00000|  0%| F|  |TS  9|AC  0|TAMS 0x0000000086900000, 0x0000000086900000|
|  76|0x0000000086a00000, 0x0000000086a00000, 0x0000000086b00000|  0%| F|  |TS  9|AC  0|TAMS 0x0000000086a00000, 0x0000000086a00000|
|  77|0x0000000086b00000, 0x0000000086b00000, 0x0000000086c00000|  0%| F|  |TS  9|AC  0|TAMS 0x0000000086b00000, 0x0000000086b00000|
|  78|0x0000000086c00000, 0x0000000086c00000, 0x0000000086d00000|  0%| F|  |TS  9|AC  0|TAMS 0x0000000086c00000, 0x0000000086c00000|
|  79|0x0000000086d00000, 0x0000000086d00000, 0x0000000086e00000|  0%| F|  |TS  9|AC  0|TAMS 0x0000000086d00000, 0x0000000086d00000|
|  80|0x0000000086e00000, 0x0000000086e00000, 0x0000000086f00000|  0%| F|  |TS  9|AC  0|TAMS 0x0000000086e00000, 0x0000000086e00000|
|  81|0x0000000086f00000, 0x0000000086f00000, 0x0000000087000000|  0%| F|  |TS  9|AC  0|TAMS 0x0000000086f00000, 0x0000000086f00000|
|  82|0x0000000087000000, 0x0000000087000000, 0x0000000087100000|  0%| F|  |TS 11|AC  0|TAMS 0x0000000087000000, 0x0000000087000000|
|  83|0x0000000087100000, 0x0000000087100000, 0x0000000087200000|  0%| F|  |TS 11|AC  0|TAMS 0x0000000087100000, 0x0000000087100000|
|  84|0x0000000087200000, 0x0000000087200000, 0x0000000087300000|  0%| F|  |TS  9|AC  0|TAMS 0x0000000087200000, 0x0000000087200000|
|  85|0x0000000087300000, 0x0000000087300000, 0x0000000087400000|  0%| F|  |TS  9|AC  0|TAMS 0x0000000087300000, 0x0000000087300000|
|  86|0x0000000087400000, 0x0000000087400000, 0x0000000087500000|  0%| F|  |TS  9|AC  0|TAMS 0x0000000087400000, 0x0000000087400000|
|  87|0x0000000087500000, 0x0000000087500000, 0x0000000087600000|  0%| F|  |TS  9|AC  0|TAMS 0x0000000087500000, 0x0000000087500000|
|  88|0x0000000087600000, 0x0000000087600000, 0x0000000087700000|  0%| F|  |TS  9|AC  0|TAMS 0x0000000087600000, 0x0000000087600000|
|  89|0x0000000087700000, 0x0000000087700000, 0x0000000087800000|  0%| F|  |TS  9|AC  0|TAMS 0x0000000087700000, 0x0000000087700000|
|  90|0x0000000087800000, 0x0000000087800000, 0x0000000087900000|  0%| F|  |TS  9|AC  0|TAMS 0x0000000087800000, 0x0000000087800000|
|  91|0x0000000087900000, 0x0000000087900000, 0x0000000087a00000|  0%| F|  |TS  9|AC  0|TAMS 0x0000000087900000, 0x0000000087900000|
|  92|0x0000000087a00000, 0x0000000087a00000, 0x0000000087b00000|  0%| F|  |TS  9|AC  0|TAMS 0x0000000087a00000, 0x0000000087a00000|
|  93|0x0000000087b00000, 0x0000000087b00000, 0x0000000087c00000|  0%| F|  |TS  9|AC  0|TAMS 0x0000000087b00000, 0x0000000087b00000|
|  94|0x0000000087c00000, 0x0000000087c00000, 0x0000000087d00000|  0%| F|  |TS  9|AC  0|TAMS 0x0000000087c00000, 0x0000000087c00000|
|  95|0x0000000087d00000, 0x0000000087d00000, 0x0000000087e00000|  0%| F|  |TS  9|AC  0|TAMS 0x0000000087d00000, 0x0000000087d00000|
|  96|0x0000000087e00000, 0x0000000087e00000, 0x0000000087f00000|  0%| F|  |TS  9|AC  0|TAMS 0x0000000087e00000, 0x0000000087e00000|
|  97|0x0000000087f00000, 0x0000000087f00000, 0x0000000088000000|  0%| F|  |TS  9|AC  0|TAMS 0x0000000087f00000, 0x0000000087f00000|
|  98|0x0000000088000000, 0x0000000088000000, 0x0000000088100000|  0%| F|  |TS  9|AC  0|TAMS 0x0000000088000000, 0x0000000088000000|
|  99|0x0000000088100000, 0x0000000088100000, 0x0000000088200000|  0%| F|  |TS  9|AC  0|TAMS 0x0000000088100000, 0x0000000088100000|
| 100|0x0000000088200000, 0x0000000088200000, 0x0000000088300000|  0%| F|  |TS  9|AC  0|TAMS 0x0000000088200000, 0x0000000088200000|
| 101|0x0000000088300000, 0x0000000088300000, 0x0000000088400000|  0%| F|  |TS  9|AC  0|TAMS 0x0000000088300000, 0x0000000088300000|
| 102|0x0000000088400000, 0x0000000088400000, 0x0000000088500000|  0%| F|  |TS  9|AC  0|TAMS 0x0000000088400000, 0x0000000088400000|
| 103|0x0000000088500000, 0x0000000088500000, 0x0000000088600000|  0%| F|  |TS  9|AC  0|TAMS 0x0000000088500000, 0x0000000088500000|
| 104|0x0000000088600000, 0x0000000088600000, 0x0000000088700000|  0%| F|  |TS  9|AC  0|TAMS 0x0000000088600000, 0x0000000088600000|
| 105|0x0000000088700000, 0x0000000088700000, 0x0000000088800000|  0%| F|  |TS  9|AC  0|TAMS 0x0000000088700000, 0x0000000088700000|
| 106|0x0000000088800000, 0x0000000088800000, 0x0000000088900000|  0%| F|  |TS  9|AC  0|TAMS 0x0000000088800000, 0x0000000088800000|
| 107|0x0000000088900000, 0x0000000088900000, 0x0000000088a00000|  0%| F|  |TS  9|AC  0|TAMS 0x0000000088900000, 0x0000000088900000|
| 108|0x0000000088a00000, 0x0000000088a00000, 0x0000000088b00000|  0%| F|  |TS  9|AC  0|TAMS 0x0000000088a00000, 0x0000000088a00000|
| 109|0x0000000088b00000, 0x0000000088b00000, 0x0000000088c00000|  0%| F|  |TS  9|AC  0|TAMS 0x0000000088b00000, 0x0000000088b00000|
| 110|0x0000000088c00000, 0x0000000088c00000, 0x0000000088d00000|  0%| F|  |TS  9|AC  0|TAMS 0x0000000088c00000, 0x0000000088c00000|
| 111|0x0000000088d00000, 0x0000000088d00000, 0x0000000088e00000|  0%| F|  |TS  9|AC  0|TAMS 0x0000000088d00000, 0x0000000088d00000|
| 112|0x0000000088e00000, 0x0000000088e00000, 0x0000000088f00000|  0%| F|  |TS  9|AC  0|TAMS 0x0000000088e00000, 0x0000000088e00000|
| 113|0x0000000088f00000, 0x0000000088f00000, 0x0000000089000000|  0%| F|  |TS  9|AC  0|TAMS 0x0000000088f00000, 0x0000000088f00000|
| 114|0x0000000089000000, 0x0000000089000000, 0x0000000089100000|  0%| F|  |TS  9|AC  0|TAMS 0x0000000089000000, 0x0000000089000000|
| 115|0x0000000089100000, 0x0000000089100000, 0x0000000089200000|  0%| F|  |TS  9|AC  0|TAMS 0x0000000089100000, 0x0000000089100000|
| 116|0x0000000089200000, 0x0000000089200000, 0x0000000089300000|  0%| F|  |TS  9|AC  0|TAMS 0x0000000089200000, 0x0000000089200000|
| 117|0x0000000089300000, 0x0000000089300000, 0x0000000089400000|  0%| F|  |TS  9|AC  0|TAMS 0x0000000089300000, 0x0000000089300000|
| 118|0x0000000089400000, 0x0000000089400000, 0x0000000089500000|  0%| F|  |TS  9|AC  0|TAMS 0x0000000089400000, 0x0000000089400000|
| 119|0x0000000089500000, 0x0000000089500000, 0x0000000089600000|  0%| F|  |TS  9|AC  0|TAMS 0x0000000089500000, 0x0000000089500000|
| 120|0x0000000089600000, 0x0000000089600000, 0x0000000089700000|  0%| F|  |TS  9|AC  0|TAMS 0x0000000089600000, 0x0000000089600000|
| 121|0x0000000089700000, 0x0000000089700000, 0x0000000089800000|  0%| F|  |TS  9|AC  0|TAMS 0x0000000089700000, 0x0000000089700000|
| 122|0x0000000089800000, 0x0000000089800000, 0x0000000089900000|  0%| F|  |TS  9|AC  0|TAMS 0x0000000089800000, 0x0000000089800000|
| 123|0x0000000089900000, 0x0000000089900000, 0x0000000089a00000|  0%| F|  |TS  9|AC  0|TAMS 0x0000000089900000, 0x0000000089900000|
| 124|0x0000000089a00000, 0x0000000089a00000, 0x0000000089b00000|  0%| F|  |TS  9|AC  0|TAMS 0x0000000089a00000, 0x0000000089a00000|
| 125|0x0000000089b00000, 0x0000000089b00000, 0x0000000089c00000|  0%| F|  |TS  9|AC  0|TAMS 0x0000000089b00000, 0x0000000089b00000|
| 126|0x0000000089c00000, 0x0000000089c00000, 0x0000000089d00000|  0%| F|  |TS  9|AC  0|TAMS 0x0000000089c00000, 0x0000000089c00000|
| 127|0x0000000089d00000, 0x0000000089d00000, 0x0000000089e00000|  0%| F|  |TS  9|AC  0|TAMS 0x0000000089d00000, 0x0000000089d00000|
| 128|0x0000000089e00000, 0x0000000089e00000, 0x0000000089f00000|  0%| F|  |TS  9|AC  0|TAMS 0x0000000089e00000, 0x0000000089e00000|
| 129|0x0000000089f00000, 0x0000000089f00000, 0x000000008a000000|  0%| F|  |TS  9|AC  0|TAMS 0x0000000089f00000, 0x0000000089f00000|
| 130|0x000000008a000000, 0x000000008a000000, 0x000000008a100000|  0%| F|  |TS  9|AC  0|TAMS 0x000000008a000000, 0x000000008a000000|
| 131|0x000000008a100000, 0x000000008a100000, 0x000000008a200000|  0%| F|  |TS  9|AC  0|TAMS 0x000000008a100000, 0x000000008a100000|
| 132|0x000000008a200000, 0x000000008a200000, 0x000000008a300000|  0%| F|  |TS  9|AC  0|TAMS 0x000000008a200000, 0x000000008a200000|
| 133|0x000000008a300000, 0x000000008a300000, 0x000000008a400000|  0%| F|  |TS  9|AC  0|TAMS 0x000000008a300000, 0x000000008a300000|
| 134|0x000000008a400000, 0x000000008a400000, 0x000000008a500000|  0%| F|  |TS  9|AC  0|TAMS 0x000000008a400000, 0x000000008a400000|
| 135|0x000000008a500000, 0x000000008a500000, 0x000000008a600000|  0%| F|  |TS  9|AC  0|TAMS 0x000000008a500000, 0x000000008a500000|
| 136|0x000000008a600000, 0x000000008a600000, 0x000000008a700000|  0%| F|  |TS  9|AC  0|TAMS 0x000000008a600000, 0x000000008a600000|
| 137|0x000000008a700000, 0x000000008a700000, 0x000000008a800000|  0%| F|  |TS  9|AC  0|TAMS 0x000000008a700000, 0x000000008a700000|
| 138|0x000000008a800000, 0x000000008a800000, 0x000000008a900000|  0%| F|  |TS  9|AC  0|TAMS 0x000000008a800000, 0x000000008a800000|
| 139|0x000000008a900000, 0x000000008a900000, 0x000000008aa00000|  0%| F|  |TS  9|AC  0|TAMS 0x000000008a900000, 0x000000008a900000|
| 140|0x000000008aa00000, 0x000000008aa00000, 0x000000008ab00000|  0%| F|  |TS  9|AC  0|TAMS 0x000000008aa00000, 0x000000008aa00000|
| 141|0x000000008ab00000, 0x000000008ab00000, 0x000000008ac00000|  0%| F|  |TS  9|AC  0|TAMS 0x000000008ab00000, 0x000000008ab00000|
| 142|0x000000008ac00000, 0x000000008ac00000, 0x000000008ad00000|  0%| F|  |TS  9|AC  0|TAMS 0x000000008ac00000, 0x000000008ac00000|
| 143|0x000000008ad00000, 0x000000008ad00000, 0x000000008ae00000|  0%| F|  |TS  9|AC  0|TAMS 0x000000008ad00000, 0x000000008ad00000|
| 144|0x000000008ae00000, 0x000000008ae00000, 0x000000008af00000|  0%| F|  |TS  9|AC  0|TAMS 0x000000008ae00000, 0x000000008ae00000|
| 145|0x000000008af00000, 0x000000008af00000, 0x000000008b000000|  0%| F|  |TS  9|AC  0|TAMS 0x000000008af00000, 0x000000008af00000|
| 146|0x000000008b000000, 0x000000008b000000, 0x000000008b100000|  0%| F|  |TS  9|AC  0|TAMS 0x000000008b000000, 0x000000008b000000|
| 147|0x000000008b100000, 0x000000008b100000, 0x000000008b200000|  0%| F|  |TS  9|AC  0|TAMS 0x000000008b100000, 0x000000008b100000|
| 148|0x000000008b200000, 0x000000008b200000, 0x000000008b300000|  0%| F|  |TS  9|AC  0|TAMS 0x000000008b200000, 0x000000008b200000|
| 149|0x000000008b300000, 0x000000008b300000, 0x000000008b400000|  0%| F|  |TS  9|AC  0|TAMS 0x000000008b300000, 0x000000008b300000|
| 150|0x000000008b400000, 0x000000008b400000, 0x000000008b500000|  0%| F|  |TS  9|AC  0|TAMS 0x000000008b400000, 0x000000008b400000|
| 151|0x000000008b500000, 0x000000008b500000, 0x000000008b600000|  0%| F|  |TS  9|AC  0|TAMS 0x000000008b500000, 0x000000008b500000|
| 152|0x000000008b600000, 0x000000008b600000, 0x000000008b700000|  0%| F|  |TS  9|AC  0|TAMS 0x000000008b600000, 0x000000008b600000|
| 153|0x000000008b700000, 0x000000008b700000, 0x000000008b800000|  0%| F|  |TS  9|AC  0|TAMS 0x000000008b700000, 0x000000008b700000|
| 154|0x000000008b800000, 0x000000008b800000, 0x000000008b900000|  0%| F|  |TS  9|AC  0|TAMS 0x000000008b800000, 0x000000008b800000|
| 155|0x000000008b900000, 0x000000008b900000, 0x000000008ba00000|  0%| F|  |TS  9|AC  0|TAMS 0x000000008b900000, 0x000000008b900000|
| 156|0x000000008ba00000, 0x000000008ba00000, 0x000000008bb00000|  0%| F|  |TS  9|AC  0|TAMS 0x000000008ba00000, 0x000000008ba00000|
| 157|0x000000008bb00000, 0x000000008bb00000, 0x000000008bc00000|  0%| F|  |TS  9|AC  0|TAMS 0x000000008bb00000, 0x000000008bb00000|
| 158|0x000000008bc00000, 0x000000008bc00000, 0x000000008bd00000|  0%| F|  |TS  9|AC  0|TAMS 0x000000008bc00000, 0x000000008bc00000|
| 159|0x000000008bd00000, 0x000000008bd00000, 0x000000008be00000|  0%| F|  |TS  9|AC  0|TAMS 0x000000008bd00000, 0x000000008bd00000|
| 160|0x000000008be00000, 0x000000008be00000, 0x000000008bf00000|  0%| F|  |TS  9|AC  0|TAMS 0x000000008be00000, 0x000000008be00000|
| 161|0x000000008bf00000, 0x000000008bf00000, 0x000000008c000000|  0%| F|  |TS  9|AC  0|TAMS 0x000000008bf00000, 0x000000008bf00000|
| 162|0x000000008c000000, 0x000000008c000000, 0x000000008c100000|  0%| F|  |TS  9|AC  0|TAMS 0x000000008c000000, 0x000000008c000000|
| 163|0x000000008c100000, 0x000000008c15fc80, 0x000000008c200000| 37%| S|  |TS 11|AC  0|TAMS 0x000000008c100000, 0x000000008c100000|
| 164|0x000000008c200000, 0x000000008c300000, 0x000000008c300000|100%| S|  |TS 11|AC  0|TAMS 0x000000008c200000, 0x000000008c200000|
| 165|0x000000008c300000, 0x000000008c400000, 0x000000008c400000|100%| S|  |TS 11|AC  0|TAMS 0x000000008c300000, 0x000000008c300000|
| 166|0x000000008c400000, 0x000000008c400000, 0x000000008c500000|  0%| F|  |TS 11|AC  0|TAMS 0x000000008c400000, 0x000000008c400000|
| 167|0x000000008c500000, 0x000000008c500000, 0x000000008c600000|  0%| F|  |TS 11|AC  0|TAMS 0x000000008c500000, 0x000000008c500000|
| 168|0x000000008c600000, 0x000000008c600000, 0x000000008c700000|  0%| F|  |TS 11|AC  0|TAMS 0x000000008c600000, 0x000000008c600000|
| 169|0x000000008c700000, 0x000000008c700000, 0x000000008c800000|  0%| F|  |TS 11|AC  0|TAMS 0x000000008c700000, 0x000000008c700000|
| 170|0x000000008c800000, 0x000000008c800000, 0x000000008c900000|  0%| F|  |TS 11|AC  0|TAMS 0x000000008c800000, 0x000000008c800000|
| 171|0x000000008c900000, 0x000000008c900000, 0x000000008ca00000|  0%| F|  |TS 11|AC  0|TAMS 0x000000008c900000, 0x000000008c900000|
| 172|0x000000008ca00000, 0x000000008ca00000, 0x000000008cb00000|  0%| F|  |TS 11|AC  0|TAMS 0x000000008ca00000, 0x000000008ca00000|
| 173|0x000000008cb00000, 0x000000008cb00000, 0x000000008cc00000|  0%| F|  |TS 11|AC  0|TAMS 0x000000008cb00000, 0x000000008cb00000|
| 174|0x000000008cc00000, 0x000000008cc00000, 0x000000008cd00000|  0%| F|  |TS 11|AC  0|TAMS 0x000000008cc00000, 0x000000008cc00000|
| 175|0x000000008cd00000, 0x000000008cd00000, 0x000000008ce00000|  0%| F|  |TS 11|AC  0|TAMS 0x000000008cd00000, 0x000000008cd00000|
| 176|0x000000008ce00000, 0x000000008ce00000, 0x000000008cf00000|  0%| F|  |TS 11|AC  0|TAMS 0x000000008ce00000, 0x000000008ce00000|
| 177|0x000000008cf00000, 0x000000008cf00000, 0x000000008d000000|  0%| F|  |TS 11|AC  0|TAMS 0x000000008cf00000, 0x000000008cf00000|
| 178|0x000000008d000000, 0x000000008d000000, 0x000000008d100000|  0%| F|  |TS 11|AC  0|TAMS 0x000000008d000000, 0x000000008d000000|
| 179|0x000000008d100000, 0x000000008d100000, 0x000000008d200000|  0%| F|  |TS 11|AC  0|TAMS 0x000000008d100000, 0x000000008d100000|
| 180|0x000000008d200000, 0x000000008d200000, 0x000000008d300000|  0%| F|  |TS 11|AC  0|TAMS 0x000000008d200000, 0x000000008d200000|
| 181|0x000000008d300000, 0x000000008d300000, 0x000000008d400000|  0%| F|  |TS 11|AC  0|TAMS 0x000000008d300000, 0x000000008d300000|
| 182|0x000000008d400000, 0x000000008d400000, 0x000000008d500000|  0%| F|  |TS 11|AC  0|TAMS 0x000000008d400000, 0x000000008d400000|
| 183|0x000000008d500000, 0x000000008d500000, 0x000000008d600000|  0%| F|  |TS 11|AC  0|TAMS 0x000000008d500000, 0x000000008d500000|
| 184|0x000000008d600000, 0x000000008d600000, 0x000000008d700000|  0%| F|  |TS 11|AC  0|TAMS 0x000000008d600000, 0x000000008d600000|

Card table byte_map: [0x00000229db6e0000,0x00000229dbae0000] byte_map_base: 0x00000229db2d1000

Marking Bits (Prev, Next): (CMBitMap*) 0x00000229c17a8850, (CMBitMap*) 0x00000229c17a8888
 Prev Bits: [0x00000229dbee0000, 0x00000229dde68000)
 Next Bits: [0x00000229dde70000, 0x00000229dfdf8000)

Polling page: 0x00000229c3040000

CodeHeap 'non-profiled nmethods': size=238912Kb used=10279Kb max_used=10279Kb free=228633Kb
 bounds [0x00000229cbf70000, 0x00000229cc980000, 0x00000229da8c0000]
CodeHeap 'non-nmethods': size=6848Kb used=2507Kb max_used=2507Kb free=4340Kb
 bounds [0x00000229cb8c0000, 0x00000229cbb40000, 0x00000229cbf70000]
 total_blobs=6558 nmethods=5928 adapters=538
 compilation: enabled

Compilation events (10 events):
Event: 12.559 Thread 0x00000229e2cae800 5922       1       org.springframework.beans.factory.support.AbstractBeanDefinition::isPrototype (10 bytes)
Event: 12.559 Thread 0x00000229e2cae800 nmethod 5922 0x00000229cc975110 code [0x00000229cc9752c0, 0x00000229cc975410]
Event: 12.560 Thread 0x00000229e2ccd800 nmethod 5921 0x00000229cc975490 code [0x00000229cc975760, 0x00000229cc976180]
Event: 12.560 Thread 0x00000229e2cd6000 nmethod 5920 0x00000229cc976690 code [0x00000229cc976960, 0x00000229cc977660]
Event: 12.567 Thread 0x00000229e2cae800 5923       1       java.util.Collections$SetFromMap::remove (19 bytes)
Event: 12.567 Thread 0x00000229e2cae800 nmethod 5923 0x00000229cc977d10 code [0x00000229cc977ec0, 0x00000229cc978010]
Event: 12.571 Thread 0x00000229e2ccd800 5924       1       org.apache.catalina.webresources.AbstractResourceSet::getWebAppMount (5 bytes)
Event: 12.571 Thread 0x00000229e2ccd800 nmethod 5924 0x00000229cc978090 code [0x00000229cc978240, 0x00000229cc978358]
Event: 12.594 Thread 0x00000229e2cd6000 5928       1       java.util.Properties$LineReader::readLine (585 bytes)
Event: 12.595 Thread 0x00000229e2cd6000 nmethod 5928 0x00000229cc978a10 code [0x00000229cc978c40, 0x00000229cc979650]

GC Heap History (10 events):
Event: 5.781 GC heap after
{Heap after GC invocations=11 (full 0):
 garbage-first heap   total 157696K, used 32347K [0x0000000081e00000, 0x0000000081f004d0, 0x0000000100000000)
  region size 1024K, 12 young (12288K), 12 survivors (12288K)
 Metaspace       used 42490K, capacity 44968K, committed 45136K, reserved 1089536K
  class space    used 5403K, capacity 5888K, committed 5968K, reserved 1048576K
}
Event: 7.233 GC heap before
{Heap before GC invocations=11 (full 0):
 garbage-first heap   total 157696K, used 114267K [0x0000000081e00000, 0x0000000081f004d0, 0x0000000100000000)
  region size 1024K, 92 young (94208K), 12 survivors (12288K)
 Metaspace       used 47891K, capacity 50410K, committed 50768K, reserved 1093632K
  class space    used 6144K, capacity 6627K, committed 6736K, reserved 1048576K
}
Event: 7.246 GC heap after
{Heap after GC invocations=12 (full 0):
 garbage-first heap   total 189440K, used 34690K [0x0000000081e00000, 0x0000000081f005c8, 0x0000000100000000)
  region size 1024K, 8 young (8192K), 8 survivors (8192K)
 Metaspace       used 47891K, capacity 50410K, committed 50768K, reserved 1093632K
  class space    used 6144K, capacity 6627K, committed 6736K, reserved 1048576K
}
Event: 7.813 GC heap before
{Heap before GC invocations=12 (full 0):
 garbage-first heap   total 189440K, used 140162K [0x0000000081e00000, 0x0000000081f005c8, 0x0000000100000000)
  region size 1024K, 111 young (113664K), 8 survivors (8192K)
 Metaspace       used 52562K, capacity 55620K, committed 55760K, reserved 1097728K
  class space    used 6786K, capacity 7348K, committed 7376K, reserved 1048576K
}
Event: 7.823 GC heap after
{Heap after GC invocations=13 (full 0):
 garbage-first heap   total 189440K, used 37261K [0x0000000081e00000, 0x0000000081f005c8, 0x0000000100000000)
  region size 1024K, 10 young (10240K), 10 survivors (10240K)
 Metaspace       used 52562K, capacity 55620K, committed 55760K, reserved 1097728K
  class space    used 6786K, capacity 7348K, committed 7376K, reserved 1048576K
}
Event: 8.334 GC heap before
{Heap before GC invocations=13 (full 0):
 garbage-first heap   total 189440K, used 140685K [0x0000000081e00000, 0x0000000081f005c8, 0x0000000100000000)
  region size 1024K, 111 young (113664K), 10 survivors (10240K)
 Metaspace       used 54926K, capacity 58174K, committed 58448K, reserved 1099776K
  class space    used 7081K, capacity 7649K, committed 7760K, reserved 1048576K
}
Event: 8.348 GC heap after
{Heap after GC invocations=14 (full 0):
 garbage-first heap   total 189440K, used 41507K [0x0000000081e00000, 0x0000000081f005c8, 0x0000000100000000)
  region size 1024K, 8 young (8192K), 8 survivors (8192K)
 Metaspace       used 54926K, capacity 58174K, committed 58448K, reserved 1099776K
  class space    used 7081K, capacity 7649K, committed 7760K, reserved 1048576K
}
Event: 12.600 GC heap before
{Heap before GC invocations=14 (full 0):
 garbage-first heap   total 189440K, used 59939K [0x0000000081e00000, 0x0000000081f005c8, 0x0000000100000000)
  region size 1024K, 27 young (27648K), 8 survivors (8192K)
 Metaspace       used 56482K, capacity 59754K, committed 59856K, reserved 1110016K
  class space    used 7289K, capacity 7876K, committed 7888K, reserved 1048576K
}
Event: 12.609 GC heap after
{Heap after GC invocations=15 (full 0):
 garbage-first heap   total 189440K, used 41343K [0x0000000081e00000, 0x0000000081f005c8, 0x0000000100000000)
  region size 1024K, 3 young (3072K), 3 survivors (3072K)
 Metaspace       used 56482K, capacity 59754K, committed 59856K, reserved 1110016K
  class space    used 7289K, capacity 7876K, committed 7888K, reserved 1048576K
}
Event: 12.609 GC heap before
{Heap before GC invocations=15 (full 0):
 garbage-first heap   total 189440K, used 41343K [0x0000000081e00000, 0x0000000081f005c8, 0x0000000100000000)
  region size 1024K, 3 young (3072K), 3 survivors (3072K)
 Metaspace       used 56482K, capacity 59754K, committed 59856K, reserved 1112064K
  class space    used 7289K, capacity 7876K, committed 7888K, reserved 1048576K
}

Deoptimization events (0 events):
No events

Classes redefined (0 events):
No events

Internal exceptions (10 events):
Event: 12.558 Thread 0x00000229e5351800 Exception <a 'java/lang/ClassNotFoundException'{0x000000008c730298}: org/springframework/web/servlet/ThemeResolverCustomizer> (0x000000008c730298) thrown at [c:/jenkins/workspace/zulu9-silver-build-win64/zulu-src/hotspot/src/share/vm/classfile/systemDicti
Event: 12.563 Thread 0x00000229e5351800 Exception <a 'java/lang/ClassNotFoundException'{0x000000008c758830}: java/lang/ObjectCustomizer> (0x000000008c758830) thrown at [c:/jenkins/workspace/zulu9-silver-build-win64/zulu-src/hotspot/src/share/vm/classfile/systemDictionary.cpp, line 218]
Event: 12.564 Thread 0x00000229e5351800 Exception <a 'java/lang/ClassNotFoundException'{0x000000008c7770b0}: org/springframework/web/servlet/view/DefaultRequestToViewNameTranslatorCustomizer> (0x000000008c7770b0) thrown at [c:/jenkins/workspace/zulu9-silver-build-win64/zulu-src/hotspot/src/shar
Event: 12.565 Thread 0x00000229e5351800 Exception <a 'java/lang/ClassNotFoundException'{0x000000008c79ffe8}: org/springframework/web/servlet/RequestToViewNameTranslatorCustomizer> (0x000000008c79ffe8) thrown at [c:/jenkins/workspace/zulu9-silver-build-win64/zulu-src/hotspot/src/share/vm/classfi
Event: 12.570 Thread 0x00000229e5351800 Exception <a 'java/lang/ClassNotFoundException'{0x000000008c7e03a0}: java/lang/ObjectCustomizer> (0x000000008c7e03a0) thrown at [c:/jenkins/workspace/zulu9-silver-build-win64/zulu-src/hotspot/src/share/vm/classfile/systemDictionary.cpp, line 218]
Event: 12.571 Thread 0x00000229e5351800 Exception <a 'java/lang/ClassNotFoundException'{0x000000008c7fcd20}: org/springframework/web/servlet/support/AbstractFlashMapManagerCustomizer> (0x000000008c7fcd20) thrown at [c:/jenkins/workspace/zulu9-silver-build-win64/zulu-src/hotspot/src/share/vm/cla
Event: 12.572 Thread 0x00000229e5351800 Exception <a 'java/lang/ClassNotFoundException'{0x000000008c61b540}: org/springframework/web/servlet/support/SessionFlashMapManagerCustomizer> (0x000000008c61b540) thrown at [c:/jenkins/workspace/zulu9-silver-build-win64/zulu-src/hotspot/src/share/vm/clas
Event: 12.572 Thread 0x00000229e5351800 Exception <a 'java/lang/ClassNotFoundException'{0x000000008c633848}: org/springframework/web/servlet/FlashMapManagerCustomizer> (0x000000008c633848) thrown at [c:/jenkins/workspace/zulu9-silver-build-win64/zulu-src/hotspot/src/share/vm/classfile/systemDic
Event: 12.593 Thread 0x00000229e5351800 Exception <a 'java/lang/NoSuchMethodError'{0x000000008c4447d0}: java.lang.invoke.DirectMethodHandle$Holder.invokeStatic(Ljava/lang/Object;ILjava/lang/Object;Ljava/lang/Object;)Ljava/lang/Object;> (0x000000008c4447d0) thrown at [c:/jenkins/workspace/zulu9-
Event: 12.593 Thread 0x00000229e5351800 Exception <a 'java/lang/NoSuchMethodError'{0x000000008c44b920}: java.lang.invoke.DirectMethodHandle$Holder.invokeSpecial(Ljava/lang/Object;Ljava/lang/Object;ILjava/lang/Object;Ljava/lang/Object;)Ljava/lang/Object;> (0x000000008c44b920) thrown at [c:/jenki

Events (10 events):
Event: 12.599 Executing VM operation: RevokeBias done
Event: 12.599 Executing VM operation: RevokeBias
Event: 12.599 Executing VM operation: RevokeBias done
Event: 12.599 Executing VM operation: RevokeBias
Event: 12.599 Executing VM operation: RevokeBias done
Event: 12.599 loading class javax/servlet/http/RFC6265Validator
Event: 12.599 loading class javax/servlet/http/RFC6265Validator done
Event: 12.599 loading class javax/servlet/http/CookieNameValidator
Event: 12.599 loading class javax/servlet/http/CookieNameValidator done
Event: 12.600 Executing VM operation: CollectForMetadataAllocation


Dynamic libraries:
0x00007ff653060000 - 0x00007ff65309d000 	C:\Users\fun4l\.sdkman\candidates\java\9.0.7-zulu\bin\java.exe
0x00007ffc5d490000 - 0x00007ffc5d671000 	C:\WINDOWS\SYSTEM32\ntdll.dll
0x00007ffc5c4a0000 - 0x00007ffc5c552000 	C:\WINDOWS\System32\KERNEL32.DLL
0x00007ffc59df0000 - 0x00007ffc5a063000 	C:\WINDOWS\System32\KERNELBASE.dll
0x00007ffc5c260000 - 0x00007ffc5c3f0000 	C:\WINDOWS\System32\USER32.dll
0x00007ffc59dd0000 - 0x00007ffc59df0000 	C:\WINDOWS\System32\win32u.dll
0x00007ffc5c560000 - 0x00007ffc5c588000 	C:\WINDOWS\System32\GDI32.dll
0x00007ffc59940000 - 0x00007ffc59ad2000 	C:\WINDOWS\System32\gdi32full.dll
0x00007ffc5a070000 - 0x00007ffc5a10f000 	C:\WINDOWS\System32\msvcp_win.dll
0x00007ffc5a110000 - 0x00007ffc5a20a000 	C:\WINDOWS\System32\ucrtbase.dll
0x00007ffc402f0000 - 0x00007ffc40559000 	C:\WINDOWS\WinSxS\amd64_microsoft.windows.common-controls_6595b64144ccf1df_6.0.17134.228_none_fb4599993062b194\COMCTL32.dll
0x00007ffc5c8c0000 - 0x00007ffc5c95e000 	C:\WINDOWS\System32\msvcrt.dll
0x00007ffc5bf30000 - 0x00007ffc5c253000 	C:\WINDOWS\System32\combase.dll
0x00007ffc5c590000 - 0x00007ffc5c6b4000 	C:\WINDOWS\System32\RPCRT4.dll
0x00007ffc59860000 - 0x00007ffc598da000 	C:\WINDOWS\System32\bcryptPrimitives.dll
0x00007ffc5c470000 - 0x00007ffc5c49d000 	C:\WINDOWS\System32\IMM32.DLL
0x00007ffc37810000 - 0x00007ffc378ff000 	C:\Users\fun4l\.sdkman\candidates\java\9.0.7-zulu\bin\msvcr120.dll
0x00007ffc359c0000 - 0x00007ffc35a66000 	C:\Users\fun4l\.sdkman\candidates\java\9.0.7-zulu\bin\msvcp120.dll
0x000000006aa80000 - 0x000000006b434000 	C:\Users\fun4l\.sdkman\candidates\java\9.0.7-zulu\bin\server\jvm.dll
0x00007ffc5d180000 - 0x00007ffc5d221000 	C:\WINDOWS\System32\ADVAPI32.dll
0x00007ffc5c6c0000 - 0x00007ffc5c71b000 	C:\WINDOWS\System32\sechost.dll
0x00007ffc5c960000 - 0x00007ffc5c968000 	C:\WINDOWS\System32\PSAPI.DLL
0x00007ffc41e80000 - 0x00007ffc41e89000 	C:\WINDOWS\SYSTEM32\WSOCK32.dll
0x00007ffc5c400000 - 0x00007ffc5c46c000 	C:\WINDOWS\System32\WS2_32.dll
0x00007ffc538c0000 - 0x00007ffc538e3000 	C:\WINDOWS\SYSTEM32\WINMM.dll
0x00007ffc54b90000 - 0x00007ffc54b9a000 	C:\WINDOWS\SYSTEM32\VERSION.dll
0x00007ffc53890000 - 0x00007ffc538ba000 	C:\WINDOWS\SYSTEM32\WINMMBASE.dll
0x00007ffc59b90000 - 0x00007ffc59bd9000 	C:\WINDOWS\System32\cfgmgr32.dll
0x00007ffc56680000 - 0x00007ffc5668f000 	C:\Users\fun4l\.sdkman\candidates\java\9.0.7-zulu\bin\verify.dll
0x00007ffc40ce0000 - 0x00007ffc40d07000 	C:\Users\fun4l\.sdkman\candidates\java\9.0.7-zulu\bin\java.dll
0x00007ffc373f0000 - 0x00007ffc3741a000 	C:\Users\fun4l\.sdkman\candidates\java\9.0.7-zulu\bin\instrument.dll
0x00007ffc377d0000 - 0x00007ffc377e6000 	C:\Users\fun4l\.sdkman\candidates\java\9.0.7-zulu\bin\zip.dll
0x00007ffc55b00000 - 0x00007ffc55b0a000 	C:\Users\fun4l\.sdkman\candidates\java\9.0.7-zulu\bin\jimage.dll
0x00007ffc5aaf0000 - 0x00007ffc5bf30000 	C:\WINDOWS\System32\SHELL32.dll
0x00007ffc5ceb0000 - 0x00007ffc5cf59000 	C:\WINDOWS\System32\shcore.dll
0x00007ffc5a210000 - 0x00007ffc5a91d000 	C:\WINDOWS\System32\windows.storage.dll
0x00007ffc5d400000 - 0x00007ffc5d451000 	C:\WINDOWS\System32\shlwapi.dll
0x00007ffc597d0000 - 0x00007ffc597e1000 	C:\WINDOWS\System32\kernel.appcore.dll
0x00007ffc597f0000 - 0x00007ffc5980f000 	C:\WINDOWS\System32\profapi.dll
0x00007ffc59810000 - 0x00007ffc5985c000 	C:\WINDOWS\System32\powrprof.dll
0x00007ffc597a0000 - 0x00007ffc597aa000 	C:\WINDOWS\System32\FLTLIB.DLL
0x00007ffc377b0000 - 0x00007ffc377ca000 	C:\Users\fun4l\.sdkman\candidates\java\9.0.7-zulu\bin\net.dll
0x00007ffc52f80000 - 0x00007ffc5305c000 	C:\WINDOWS\SYSTEM32\WINHTTP.dll
0x00007ffc59020000 - 0x00007ffc59086000 	C:\WINDOWS\system32\mswsock.dll
0x00007ffc37790000 - 0x00007ffc377a1000 	C:\Users\fun4l\.sdkman\candidates\java\9.0.7-zulu\bin\nio.dll
0x00007ffc35bb0000 - 0x00007ffc35bca000 	L:\JetBrains\IntelliJ IDEA 2018.2.1\bin\breakgen64.dll
0x00007ffc40cd0000 - 0x00007ffc40cd9000 	C:\Users\fun4l\.sdkman\candidates\java\9.0.7-zulu\bin\management.dll
0x00007ffc402e0000 - 0x00007ffc402ea000 	C:\Users\fun4l\.sdkman\candidates\java\9.0.7-zulu\bin\management_ext.dll
0x00007ffc408b0000 - 0x00007ffc408c6000 	C:\WINDOWS\system32\napinsp.dll
0x00007ffc40890000 - 0x00007ffc408aa000 	C:\WINDOWS\system32\pnrpnsp.dll
0x00007ffc56640000 - 0x00007ffc56659000 	C:\WINDOWS\system32\NLAapi.dll
0x00007ffc58de0000 - 0x00007ffc58e9e000 	C:\WINDOWS\SYSTEM32\DNSAPI.dll
0x00007ffc5a920000 - 0x00007ffc5a928000 	C:\WINDOWS\System32\NSI.dll
0x00007ffc58da0000 - 0x00007ffc58dd8000 	C:\WINDOWS\SYSTEM32\IPHLPAPI.DLL
0x00007ffc409c0000 - 0x00007ffc409ce000 	C:\WINDOWS\System32\winrnr.dll
0x00007ffc53bf0000 - 0x00007ffc53bfa000 	C:\Windows\System32\rasadhlp.dll
0x00007ffc52f00000 - 0x00007ffc52f72000 	C:\WINDOWS\System32\fwpuclnt.dll
0x00007ffc59300000 - 0x00007ffc59325000 	C:\WINDOWS\SYSTEM32\bcrypt.dll
0x00007ffc591d0000 - 0x00007ffc591e7000 	C:\WINDOWS\SYSTEM32\CRYPTSP.dll
0x00007ffc58c00000 - 0x00007ffc58c33000 	C:\WINDOWS\system32\rsaenh.dll
0x00007ffc596d0000 - 0x00007ffc596f8000 	C:\WINDOWS\SYSTEM32\USERENV.dll
0x00007ffc591f0000 - 0x00007ffc591fb000 	C:\WINDOWS\SYSTEM32\CRYPTBASE.dll
0x00007ffc54940000 - 0x00007ffc54956000 	C:\WINDOWS\SYSTEM32\dhcpcsvc6.DLL
0x00007ffc54980000 - 0x00007ffc5499a000 	C:\WINDOWS\SYSTEM32\dhcpcsvc.DLL

VM Arguments:
jvm_args: -XX:TieredStopAtLevel=1 -Xverify:none -Dspring.output.ansi.enabled=always -Dcom.sun.management.jmxremote -Dcom.sun.management.jmxremote.port=52129 -Dcom.sun.management.jmxremote.authenticate=false -Dcom.sun.management.jmxremote.ssl=false -Djava.rmi.server.hostname=localhost -Dspring.liveBeansView.mbeanDomain -Dspring.application.admin.enabled=true -javaagent:L:\JetBrains\IntelliJ IDEA 2018.2.1\lib\idea_rt.jar=52130:L:\JetBrains\IntelliJ IDEA 2018.2.1\bin -Dfile.encoding=UTF-8 
java_command: ru.lanit.springboot.afisha.AfishaApplication
java_class_path (initial): C:\Users\fun4l\dev\study\Lanit\SpringBootAfisha\target\classes;C:\Users\fun4l\.m2\repository\org\springframework\boot\spring-boot-starter-web\2.0.3.RELEASE\spring-boot-starter-web-2.0.3.RELEASE.jar;C:\Users\fun4l\.m2\repository\org\springframework\boot\spring-boot-starter\2.0.3.RELEASE\spring-boot-starter-2.0.3.RELEASE.jar;C:\Users\fun4l\.m2\repository\org\springframework\boot\spring-boot-starter-logging\2.0.3.RELEASE\spring-boot-starter-logging-2.0.3.RELEASE.jar;C:\Users\fun4l\.m2\repository\ch\qos\logback\logback-classic\1.2.3\logback-classic-1.2.3.jar;C:\Users\fun4l\.m2\repository\ch\qos\logback\logback-core\1.2.3\logback-core-1.2.3.jar;C:\Users\fun4l\.m2\repository\org\apache\logging\log4j\log4j-to-slf4j\2.10.0\log4j-to-slf4j-2.10.0.jar;C:\Users\fun4l\.m2\repository\org\apache\logging\log4j\log4j-api\2.10.0\log4j-api-2.10.0.jar;C:\Users\fun4l\.m2\repository\org\slf4j\jul-to-slf4j\1.7.25\jul-to-slf4j-1.7.25.jar;C:\Users\fun4l\.m2\repository\javax\annotation\javax.annotation-api\1.3.2\javax.annotation-api-1.3.2.jar;C:\Users\fun4l\.m2\repository\org\yaml\snakeyaml\1.19\snakeyaml-1.19.jar;C:\Users\fun4l\.m2\repository\org\springframework\boot\spring-boot-starter-json\2.0.3.RELEASE\spring-boot-starter-json-2.0.3.RELEASE.jar;C:\Users\fun4l\.m2\repository\com\fasterxml\jackson\core\jackson-databind\2.9.6\jackson-databind-2.9.6.jar;C:\Users\fun4l\.m2\repository\com\fasterxml\jackson\core\jackson-annotations\2.9.0\jackson-annotations-2.9.0.jar;C:\Users\fun4l\.m2\repository\com\fasterxml\jackson\core\jackson-core\2.9.6\jackson-core-2.9.6.jar;C:\Users\fun4l\.m2\repository\com\fasterxml\jackson\datatype\jackson-datatype-jdk8\2.9.6\jackson-datatype-jdk8-2.9.6.jar;C:\Users\fun4l\.m2\repository\com\fasterxml\jackson\datatype\jackson-datatype-jsr310\2.9.6\jackson-datatype-jsr310-2.9.6.jar;C:\Users\fun4l\.m2\repository\com\fasterxml\jackson\module\jackson-module-parameter-names\2.9.6\jackson-module-parameter-names-2.9.6.jar;C:\Users\fun4l\.m2\reposit
Launcher Type: SUN_STANDARD

Logging:
Log output configuration:
#0: stdout all=warning uptime,level,tags
#1: stderr all=off uptime,level,tags

Environment Variables:
JAVA_HOME=C:\Program Files\Java\jdk-9.0.4
PATH=C:\ProgramData\Oracle\Java\javapath;C:\Program Files (x86)\Common Files\Intel\Shared Files\cpp\bin\Intel64;C:\Program Files (x86)\Intel\iCLS Client\;C:\Program Files\Intel\iCLS Client\;C:\WINDOWS\system32;C:\WINDOWS;C:\WINDOWS\System32\Wbem;C:\WINDOWS\System32\WindowsPowerShell\v1.0\;C:\Program Files (x86)\NVIDIA Corporation\PhysX\Common;C:\Program Files (x86)\Intel\Intel(R) Management Engine Components\DAL;C:\Program Files\Intel\Intel(R) Management Engine Components\DAL;C:\Program Files (x86)\Intel\Intel(R) Management Engine Components\IPT;C:\Program Files\Intel\Intel(R) Management Engine Components\IPT;L:\MATLAB\R2016b\runtime\win64;L:\MATLAB\R2016b\bin;L:\MATLAB\R2016b\polyspace\bin;C:\Program Files\Microsoft SQL Server\Client SDK\ODBC\110\Tools\Binn\;C:\Program Files (x86)\Microsoft SQL Server\120\Tools\Binn\;C:\Program Files\Microsoft SQL Server\120\Tools\Binn\;C:\Program Files\Microsoft SQL Server\120\DTS\Binn\;C:\Program Files (x86)\Windows Kits\8.1\Windows Performance Toolkit\;C:\WINDOWS\system32;C:\WINDOWS;C:\WINDOWS\System32\Wbem;C:\WINDOWS\System32\WindowsPowerShell\v1.0\;C:\Program Files\Java\jdk-9.0.4\bin;C:\Program Files\Git\cmd;C:\Program Files\Git\mingw64\bin;C:\Program Files\Git\usr\bin;C:\ProgramData\chocolatey\bin;;C:\WINDOWS\System32\OpenSSH\;C:\Users\fun4l\AppData\Local\Microsoft\WindowsApps
USERNAME=fun4l
OS=Windows_NT
PROCESSOR_IDENTIFIER=Intel64 Family 6 Model 158 Stepping 9, GenuineIntel



---------------  S Y S T E M  ---------------

OS: Windows 10 , 64 bit Build 17134 (10.0.17134.1)

CPU:total 4 (initial active 4) (4 cores per cpu, 1 threads per core) family 6 model 158 stepping 9, cmov, cx8, fxsr, mmx, sse, sse2, sse3, ssse3, sse4.1, sse4.2, popcnt, avx, avx2, aes, clmul, erms, 3dnowpref, lzcnt, tsc, tscinvbit, bmi1, bmi2, adx, fma

Memory: 4k page, physical 8260772k(1568112k free), swap 8260772k(2748k free)

vm_info: OpenJDK 64-Bit Server VM (9.0.7.1+1) for windows-amd64 JRE (9.0.7.1+1), built on Apr  6 2018 03:06:52 by "" with MS VC++ 12.0 (VS2013)

END.
