#
# There is insufficient memory for the Java Runtime Environment to continue.
# Native memory allocation (mmap) failed to map 27262976 bytes for Failed to commit area from 0x0000000089e00000 to 0x000000008b800000 of length 27262976.
# Possible reasons:
#   The system is out of physical RAM or swap space
#   The process is running with CompressedOops enabled, and the Java Heap may be blocking the growth of the native heap
# Possible solutions:
#   Reduce memory load on the system
#   Increase physical memory or swap space
#   Check if swap backing store is full
#   Decrease Java heap size (-Xmx/-Xms)
#   Decrease number of Java threads
#   Decrease Java thread stack sizes (-Xss)
#   Set larger code cache with -XX:ReservedCodeCacheSize=
#   JVM is running with Unscaled Compressed Oops mode in which the Java heap is
#     placed in the first 4GB address space. The Java Heap base address is the
#     maximum limit for the native heap growth. Please use -XX:HeapBaseMinAddress
#     to set the Java Heap base and to place the Java Heap above 4GB virtual address.
# This output file may be truncated or incomplete.
#
#  Out of Memory Error (c:/jenkins/workspace/zulu9-silver-build-win64/zulu-src/hotspot/src/os/windows/vm/os_windows.cpp:3357), pid=1652, tid=13292
#
# JRE version: OpenJDK Runtime Environment (9.0.1+1) (build 9.0.7.1+1)
# Java VM: OpenJDK 64-Bit Server VM (9.0.7.1+1, mixed mode, tiered, compressed oops, g1 gc, windows-amd64)
# No core dump will be written. Minidumps are not enabled by default on client versions of Windows
#

---------------  S U M M A R Y ------------

Command Line: -XX:TieredStopAtLevel=1 -Xverify:none -Dspring.output.ansi.enabled=always -Dcom.sun.management.jmxremote -Dcom.sun.management.jmxremote.port=53385 -Dcom.sun.management.jmxremote.authenticate=false -Dcom.sun.management.jmxremote.ssl=false -Djava.rmi.server.hostname=localhost -Dspring.liveBeansView.mbeanDomain -Dspring.application.admin.enabled=true -javaagent:L:\JetBrains\IntelliJ IDEA 2018.2.1\lib\idea_rt.jar=53386:L:\JetBrains\IntelliJ IDEA 2018.2.1\bin -Dfile.encoding=UTF-8 ru.lanit.springboot.afisha.AfishaApplication

Host: Intel(R) Core(TM) i5-7300HQ CPU @ 2.50GHz, 4 cores, 7G,  Windows 10 , 64 bit Build 17134 (10.0.17134.1)
Time: Tue Aug 28 17:50:08 2018 RTZ 2 (ceia) elapsed time: 2 seconds (0d 0h 0m 2s)

---------------  T H R E A D  ---------------

Current thread (0x0000025f7b956000):  VMThread "VM Thread" [stack: 0x000000ec91a00000,0x000000ec91b00000] [id=13292]

Stack: [0x000000ec91a00000,0x000000ec91b00000]
[error occurred during error reporting (printing stack bounds), id 0xe0000002]

Native frames: (J=compiled Java code, j=interpreted, Vv=VM code, C=native code)
V  [jvm.dll+0x541df8]
V  [jvm.dll+0x65172e]
V  [jvm.dll+0x65263a]
V  [jvm.dll+0x6521d5]
V  [jvm.dll+0x652bcb]
V  [jvm.dll+0x541666]
V  [jvm.dll+0x541a28]
C  [ntdll.dll+0x9eced]
C  [ntdll.dll+0x6c86]
C  [ntdll.dll+0x9dc1e]
C  0x0000025f00000b2a

VM_Operation (0x000000ec92bfc9d0): G1IncCollectionPause, mode: safepoint, requested by thread 0x0000025f7c541800


---------------  P R O C E S S  ---------------

Java Threads: ( => current thread )
  0x0000025f7d414000 JavaThread "RMI Scheduler(0)" daemon [_thread_blocked, id=10708, stack(0x000000ec92f00000,0x000000ec93000000)]
  0x0000025f7d3aa800 JavaThread "RMI TCP Connection(2)-127.0.0.1" daemon [_thread_in_native, id=11248, stack(0x000000ec92e00000,0x000000ec92f00000)]
  0x0000025f7d385000 JavaThread "RMI TCP Connection(1)-127.0.0.1" daemon [_thread_blocked, id=7936, stack(0x000000ec92d00000,0x000000ec92e00000)]
  0x0000025f7c541800 JavaThread "restartedMain" [_thread_blocked, id=5540, stack(0x000000ec92b00000,0x000000ec92c00000)]
  0x0000025f7c532000 JavaThread "Thread-0" [_thread_blocked, id=11656, stack(0x000000ec92a00000,0x000000ec92b00000)]
  0x0000025f7c31b000 JavaThread "RMI TCP Accept-0" daemon [_thread_in_native, id=10392, stack(0x000000ec92800000,0x000000ec92900000)]
  0x0000025f7c2fe000 JavaThread "RMI TCP Accept-53385" daemon [_thread_in_native, id=8080, stack(0x000000ec92700000,0x000000ec92800000)]
  0x0000025f7c13f000 JavaThread "RMI TCP Accept-0" daemon [_thread_in_native, id=1432, stack(0x000000ec92600000,0x000000ec92700000)]
  0x0000025f7bf49000 JavaThread "Service Thread" daemon [_thread_blocked, id=13064, stack(0x000000ec92500000,0x000000ec92600000)]
  0x0000025f7bf40000 JavaThread "Monitor Ctrl-Break" daemon [_thread_in_native, id=10476, stack(0x000000ec92400000,0x000000ec92500000)]
  0x0000025f7ba34800 JavaThread "Common-Cleaner" daemon [_thread_blocked, id=3812, stack(0x000000ec92300000,0x000000ec92400000)]
  0x0000025f7b9f2000 JavaThread "Sweeper thread" daemon [_thread_blocked, id=11432, stack(0x000000ec92200000,0x000000ec92300000)]
  0x0000025f7b9d1000 JavaThread "C1 CompilerThread2" daemon [_thread_blocked, id=11852, stack(0x000000ec92100000,0x000000ec92200000)]
  0x0000025f7b9b9000 JavaThread "C1 CompilerThread1" daemon [_thread_blocked, id=1936, stack(0x000000ec92000000,0x000000ec92100000)]
  0x0000025f7b9b6000 JavaThread "C1 CompilerThread0" daemon [_thread_blocked, id=9592, stack(0x000000ec91f00000,0x000000ec92000000)]
  0x0000025f7b9b5800 JavaThread "Attach Listener" daemon [_thread_blocked, id=12580, stack(0x000000ec91e00000,0x000000ec91f00000)]
  0x0000025f7b9b3800 JavaThread "Signal Dispatcher" daemon [_thread_blocked, id=12556, stack(0x000000ec91d00000,0x000000ec91e00000)]
  0x0000025f7b967000 JavaThread "Finalizer" daemon [_thread_blocked, id=2424, stack(0x000000ec91c00000,0x000000ec91d00000)]
  0x0000025f7b95e000 JavaThread "Reference Handler" daemon [_thread_blocked, id=9372, stack(0x000000ec91b00000,0x000000ec91c00000)]
  0x0000025f69575800 JavaThread "main" [_thread_blocked, id=2700, stack(0x000000ec90e00000,0x000000ec90f00000)]

Other Threads:
=>0x0000025f7b956000 VMThread "VM Thread" [stack: 0x000000ec91a00000,0x000000ec91b00000] [id=13292]
  0x0000025f7c31c000 WatcherThread [stack: 0x000000ec92900000,0x000000ec92a00000] [id=3732]
  0x0000025f69587800 GCTaskThread "GC Thread#0" [stack: 0x000000ec90f00000,0x000000ec91000000] [id=12844]
  0x0000025f69589000 GCTaskThread "GC Thread#1" [stack: 0x000000ec91000000,0x000000ec91100000] [id=12872]
  0x0000025f6958c000 GCTaskThread "GC Thread#2" [stack: 0x000000ec91100000,0x000000ec91200000] [id=6860]
  0x0000025f6958f000 GCTaskThread "GC Thread#3" [stack: 0x000000ec91200000,0x000000ec91300000] [id=1424]
  0x0000025f69614800 ConcurrentGCThread "G1 Main Marker" [stack: 0x000000ec91800000,0x000000ec91900000] [id=3476]
  0x0000025f69617000 ConcurrentGCThread "G1 Marker#0" [stack: 0x000000ec91900000,0x000000ec91a00000] [id=3024]
  0x0000025f695a3800 ConcurrentGCThread "G1 Refine#0" [stack: 0x000000ec91600000,0x000000ec91700000] [id=11396]
  0x0000025f695a2000 ConcurrentGCThread "G1 Refine#1" [stack: 0x000000ec91500000,0x000000ec91600000] [id=11556]
  0x0000025f6959f000 ConcurrentGCThread "G1 Refine#2" [stack: 0x000000ec91400000,0x000000ec91500000] [id=11544]
  0x0000025f69596000 ConcurrentGCThread "G1 Refine#3" [stack: 0x000000ec91300000,0x000000ec91400000] [id=8908]
  0x0000025f695a5800 ConcurrentGCThread "G1 Young RemSet Sampling" [stack: 0x000000ec91700000,0x000000ec91800000] [id=12608]

Threads with active compile tasks:

VM state:at safepoint (normal execution)

VM Mutex/Monitor currently owned by a thread:  ([mutex/lock_event])
[0x0000025f69572100] Threads_lock - owner thread: 0x0000025f7b956000
[0x0000025f695731e0] Heap_lock - owner thread: 0x0000025f7c541800

Heap address: 0x0000000081e00000, size: 2018 MB, Compressed Oops mode: 32-bit
Narrow klass base: 0x0000000000000000, Narrow klass shift: 3
Compressed class space size: 1073741824 Address: 0x0000000100000000

Heap:
 garbage-first heap   total 157696K, used 20520K [0x0000000081e00000, 0x0000000081f004d0, 0x0000000100000000)
  region size 1024K, 4 young (4096K), 4 survivors (4096K)
 Metaspace       used 28144K, capacity 29864K, committed 30028K, reserved 1075200K
  class space    used 3514K, capacity 3881K, committed 3916K, reserved 1048576K
Heap Regions: E=young(eden), S=young(survivor), O=old, HS=humongous(starts), HC=humongous(continues), CS=collection set, F=free, A=archive, TS=gc time stamp, AC=allocation context, TAMS=top-at-mark-start (previous, next)
|   0|0x0000000081e00000, 0x0000000081f00000, 0x0000000081f00000|100%| O|  |TS  0|AC  0|TAMS 0x0000000081f00000, 0x0000000081f00000|
|   1|0x0000000081f00000, 0x0000000082000000, 0x0000000082000000|100%| O|  |TS  0|AC  0|TAMS 0x0000000082000000, 0x0000000082000000|
|   2|0x0000000082000000, 0x0000000082100000, 0x0000000082100000|100%| O|  |TS  0|AC  0|TAMS 0x0000000082100000, 0x0000000082100000|
|   3|0x0000000082100000, 0x0000000082200000, 0x0000000082200000|100%| O|  |TS  0|AC  0|TAMS 0x0000000082200000, 0x0000000082200000|
|   4|0x0000000082200000, 0x0000000082300000, 0x0000000082300000|100%| O|  |TS  0|AC  0|TAMS 0x0000000082300000, 0x0000000082300000|
|   5|0x0000000082300000, 0x0000000082400000, 0x0000000082400000|100%| O|  |TS  0|AC  0|TAMS 0x0000000082400000, 0x0000000082400000|
|   6|0x0000000082400000, 0x0000000082500000, 0x0000000082500000|100%| O|  |TS  0|AC  0|TAMS 0x0000000082500000, 0x0000000082500000|
|   7|0x0000000082500000, 0x0000000082600000, 0x0000000082600000|100%| O|  |TS  1|AC  0|TAMS 0x0000000082546400, 0x0000000082546400|
|   8|0x0000000082600000, 0x0000000082700000, 0x0000000082700000|100%| O|  |TS  1|AC  0|TAMS 0x0000000082600000, 0x0000000082600000|
|   9|0x0000000082700000, 0x0000000082800000, 0x0000000082800000|100%| O|  |TS  3|AC  0|TAMS 0x0000000082700000, 0x0000000082700000|
|  10|0x0000000082800000, 0x0000000082900000, 0x0000000082900000|100%| O|  |TS  3|AC  0|TAMS 0x0000000082800000, 0x0000000082800000|
|  11|0x0000000082900000, 0x0000000082a00000, 0x0000000082a00000|100%| O|  |TS  3|AC  0|TAMS 0x0000000082900000, 0x0000000082900000|
|  12|0x0000000082a00000, 0x0000000082b00000, 0x0000000082b00000|100%| O|  |TS  3|AC  0|TAMS 0x0000000082a00000, 0x0000000082a00000|
|  13|0x0000000082b00000, 0x0000000082c00000, 0x0000000082c00000|100%| O|  |TS  3|AC  0|TAMS 0x0000000082b00000, 0x0000000082b00000|
|  14|0x0000000082c00000, 0x0000000082d00000, 0x0000000082d00000|100%| O|  |TS  3|AC  0|TAMS 0x0000000082c00000, 0x0000000082c00000|
|  15|0x0000000082d00000, 0x0000000082e00000, 0x0000000082e00000|100%| O|  |TS  3|AC  0|TAMS 0x0000000082d00000, 0x0000000082d00000|
|  16|0x0000000082e00000, 0x0000000082e55e00, 0x0000000082f00000| 33%| O|  |TS  3|AC  0|TAMS 0x0000000082e00000, 0x0000000082e00000|
|  17|0x0000000082f00000, 0x0000000082f00000, 0x0000000083000000|  0%| F|  |TS  0|AC  0|TAMS 0x0000000082f00000, 0x0000000082f00000|
|  18|0x0000000083000000, 0x0000000083000000, 0x0000000083100000|  0%| F|  |TS  0|AC  0|TAMS 0x0000000083000000, 0x0000000083000000|
|  19|0x0000000083100000, 0x0000000083100000, 0x0000000083200000|  0%| F|  |TS  0|AC  0|TAMS 0x0000000083100000, 0x0000000083100000|
|  20|0x0000000083200000, 0x0000000083200000, 0x0000000083300000|  0%| F|  |TS  0|AC  0|TAMS 0x0000000083200000, 0x0000000083200000|
|  21|0x0000000083300000, 0x0000000083300000, 0x0000000083400000|  0%| F|  |TS  0|AC  0|TAMS 0x0000000083300000, 0x0000000083300000|
|  22|0x0000000083400000, 0x0000000083400000, 0x0000000083500000|  0%| F|  |TS  0|AC  0|TAMS 0x0000000083400000, 0x0000000083400000|
|  23|0x0000000083500000, 0x0000000083500000, 0x0000000083600000|  0%| F|  |TS  0|AC  0|TAMS 0x0000000083500000, 0x0000000083500000|
|  24|0x0000000083600000, 0x0000000083600000, 0x0000000083700000|  0%| F|  |TS  0|AC  0|TAMS 0x0000000083600000, 0x0000000083600000|
|  25|0x0000000083700000, 0x0000000083700000, 0x0000000083800000|  0%| F|  |TS  0|AC  0|TAMS 0x0000000083700000, 0x0000000083700000|
|  26|0x0000000083800000, 0x0000000083800000, 0x0000000083900000|  0%| F|  |TS  0|AC  0|TAMS 0x0000000083800000, 0x0000000083800000|
|  27|0x0000000083900000, 0x0000000083900000, 0x0000000083a00000|  0%| F|  |TS  0|AC  0|TAMS 0x0000000083900000, 0x0000000083900000|
|  28|0x0000000083a00000, 0x0000000083a00000, 0x0000000083b00000|  0%| F|  |TS  0|AC  0|TAMS 0x0000000083a00000, 0x0000000083a00000|
|  29|0x0000000083b00000, 0x0000000083b00000, 0x0000000083c00000|  0%| F|  |TS  0|AC  0|TAMS 0x0000000083b00000, 0x0000000083b00000|
|  30|0x0000000083c00000, 0x0000000083c00000, 0x0000000083d00000|  0%| F|  |TS  0|AC  0|TAMS 0x0000000083c00000, 0x0000000083c00000|
|  31|0x0000000083d00000, 0x0000000083d00000, 0x0000000083e00000|  0%| F|  |TS  0|AC  0|TAMS 0x0000000083d00000, 0x0000000083d00000|
|  32|0x0000000083e00000, 0x0000000083e00000, 0x0000000083f00000|  0%| F|  |TS  0|AC  0|TAMS 0x0000000083e00000, 0x0000000083e00000|
|  33|0x0000000083f00000, 0x0000000083f00000, 0x0000000084000000|  0%| F|  |TS  0|AC  0|TAMS 0x0000000083f00000, 0x0000000083f00000|
|  34|0x0000000084000000, 0x0000000084000000, 0x0000000084100000|  0%| F|  |TS  0|AC  0|TAMS 0x0000000084000000, 0x0000000084000000|
|  35|0x0000000084100000, 0x0000000084100000, 0x0000000084200000|  0%| F|  |TS  0|AC  0|TAMS 0x0000000084100000, 0x0000000084100000|
|  36|0x0000000084200000, 0x0000000084200000, 0x0000000084300000|  0%| F|  |TS  0|AC  0|TAMS 0x0000000084200000, 0x0000000084200000|
|  37|0x0000000084300000, 0x0000000084300000, 0x0000000084400000|  0%| F|  |TS  0|AC  0|TAMS 0x0000000084300000, 0x0000000084300000|
|  38|0x0000000084400000, 0x0000000084400000, 0x0000000084500000|  0%| F|  |TS  0|AC  0|TAMS 0x0000000084400000, 0x0000000084400000|
|  39|0x0000000084500000, 0x0000000084500000, 0x0000000084600000|  0%| F|  |TS  0|AC  0|TAMS 0x0000000084500000, 0x0000000084500000|
|  40|0x0000000084600000, 0x0000000084600000, 0x0000000084700000|  0%| F|  |TS  0|AC  0|TAMS 0x0000000084600000, 0x0000000084600000|
|  41|0x0000000084700000, 0x0000000084700000, 0x0000000084800000|  0%| F|  |TS  0|AC  0|TAMS 0x0000000084700000, 0x0000000084700000|
|  42|0x0000000084800000, 0x0000000084800000, 0x0000000084900000|  0%| F|  |TS  3|AC  0|TAMS 0x0000000084800000, 0x0000000084800000|
|  43|0x0000000084900000, 0x0000000084900000, 0x0000000084a00000|  0%| F|  |TS  3|AC  0|TAMS 0x0000000084900000, 0x0000000084900000|
|  44|0x0000000084a00000, 0x0000000084a00000, 0x0000000084b00000|  0%| F|  |TS  3|AC  0|TAMS 0x0000000084a00000, 0x0000000084a00000|
|  45|0x0000000084b00000, 0x0000000084b00000, 0x0000000084c00000|  0%| F|  |TS  3|AC  0|TAMS 0x0000000084b00000, 0x0000000084b00000|
|  46|0x0000000084c00000, 0x0000000084c00000, 0x0000000084d00000|  0%| F|  |TS  3|AC  0|TAMS 0x0000000084c00000, 0x0000000084c00000|
|  47|0x0000000084d00000, 0x0000000084d00000, 0x0000000084e00000|  0%| F|  |TS  3|AC  0|TAMS 0x0000000084d00000, 0x0000000084d00000|
|  48|0x0000000084e00000, 0x0000000084e00000, 0x0000000084f00000|  0%| F|  |TS  3|AC  0|TAMS 0x0000000084e00000, 0x0000000084e00000|
|  49|0x0000000084f00000, 0x0000000084f00000, 0x0000000085000000|  0%| F|  |TS  3|AC  0|TAMS 0x0000000084f00000, 0x0000000084f00000|
|  50|0x0000000085000000, 0x0000000085000000, 0x0000000085100000|  0%| F|  |TS  3|AC  0|TAMS 0x0000000085000000, 0x0000000085000000|
|  51|0x0000000085100000, 0x0000000085100000, 0x0000000085200000|  0%| F|  |TS  3|AC  0|TAMS 0x0000000085100000, 0x0000000085100000|
|  52|0x0000000085200000, 0x0000000085200000, 0x0000000085300000|  0%| F|  |TS  1|AC  0|TAMS 0x0000000085200000, 0x0000000085200000|
|  53|0x0000000085300000, 0x0000000085300000, 0x0000000085400000|  0%| F|  |TS  1|AC  0|TAMS 0x0000000085300000, 0x0000000085300000|
|  54|0x0000000085400000, 0x0000000085400000, 0x0000000085500000|  0%| F|  |TS  1|AC  0|TAMS 0x0000000085400000, 0x0000000085400000|
|  55|0x0000000085500000, 0x0000000085500000, 0x0000000085600000|  0%| F|  |TS  1|AC  0|TAMS 0x0000000085500000, 0x0000000085500000|
|  56|0x0000000085600000, 0x0000000085600000, 0x0000000085700000|  0%| F|  |TS  1|AC  0|TAMS 0x0000000085600000, 0x0000000085600000|
|  57|0x0000000085700000, 0x0000000085700000, 0x0000000085800000|  0%| F|  |TS  1|AC  0|TAMS 0x0000000085700000, 0x0000000085700000|
|  58|0x0000000085800000, 0x00000000858b4510, 0x0000000085900000| 70%| S|CS|TS  3|AC  0|TAMS 0x0000000085800000, 0x0000000085800000|
|  59|0x0000000085900000, 0x0000000085a00000, 0x0000000085a00000|100%| S|CS|TS  3|AC  0|TAMS 0x0000000085900000, 0x0000000085900000|
|  60|0x0000000085a00000, 0x0000000085b00000, 0x0000000085b00000|100%| S|CS|TS  3|AC  0|TAMS 0x0000000085a00000, 0x0000000085a00000|
|  61|0x0000000085b00000, 0x0000000085c00000, 0x0000000085c00000|100%| S|CS|TS  3|AC  0|TAMS 0x0000000085b00000, 0x0000000085b00000|
|  62|0x0000000085c00000, 0x0000000085c00000, 0x0000000085d00000|  0%| F|  |TS  3|AC  0|TAMS 0x0000000085c00000, 0x0000000085c00000|
|  63|0x0000000085d00000, 0x0000000085d00000, 0x0000000085e00000|  0%| F|  |TS  3|AC  0|TAMS 0x0000000085d00000, 0x0000000085d00000|
|  64|0x0000000085e00000, 0x0000000085e00000, 0x0000000085f00000|  0%| F|  |TS  3|AC  0|TAMS 0x0000000085e00000, 0x0000000085e00000|
|  65|0x0000000085f00000, 0x0000000085f00000, 0x0000000086000000|  0%| F|  |TS  3|AC  0|TAMS 0x0000000085f00000, 0x0000000085f00000|
|  66|0x0000000086000000, 0x0000000086000000, 0x0000000086100000|  0%| F|  |TS  3|AC  0|TAMS 0x0000000086000000, 0x0000000086000000|
|  67|0x0000000086100000, 0x0000000086100000, 0x0000000086200000|  0%| F|  |TS  3|AC  0|TAMS 0x0000000086100000, 0x0000000086100000|
|  68|0x0000000086200000, 0x0000000086200000, 0x0000000086300000|  0%| F|  |TS  3|AC  0|TAMS 0x0000000086200000, 0x0000000086200000|
|  69|0x0000000086300000, 0x0000000086300000, 0x0000000086400000|  0%| F|  |TS  3|AC  0|TAMS 0x0000000086300000, 0x0000000086300000|
|  70|0x0000000086400000, 0x0000000086400000, 0x0000000086500000|  0%| F|  |TS  3|AC  0|TAMS 0x0000000086400000, 0x0000000086400000|
|  71|0x0000000086500000, 0x0000000086500000, 0x0000000086600000|  0%| F|  |TS  3|AC  0|TAMS 0x0000000086500000, 0x0000000086500000|
|  72|0x0000000086600000, 0x0000000086600000, 0x0000000086700000|  0%| F|  |TS  3|AC  0|TAMS 0x0000000086600000, 0x0000000086600000|
|  73|0x0000000086700000, 0x0000000086700000, 0x0000000086800000|  0%| F|  |TS  3|AC  0|TAMS 0x0000000086700000, 0x0000000086700000|
|  74|0x0000000086800000, 0x0000000086800000, 0x0000000086900000|  0%| F|  |TS  3|AC  0|TAMS 0x0000000086800000, 0x0000000086800000|
|  75|0x0000000086900000, 0x0000000086900000, 0x0000000086a00000|  0%| F|  |TS  3|AC  0|TAMS 0x0000000086900000, 0x0000000086900000|
|  76|0x0000000086a00000, 0x0000000086a00000, 0x0000000086b00000|  0%| F|  |TS  3|AC  0|TAMS 0x0000000086a00000, 0x0000000086a00000|
|  77|0x0000000086b00000, 0x0000000086b00000, 0x0000000086c00000|  0%| F|  |TS  3|AC  0|TAMS 0x0000000086b00000, 0x0000000086b00000|
|  78|0x0000000086c00000, 0x0000000086c00000, 0x0000000086d00000|  0%| F|  |TS  3|AC  0|TAMS 0x0000000086c00000, 0x0000000086c00000|
|  79|0x0000000086d00000, 0x0000000086d00000, 0x0000000086e00000|  0%| F|  |TS  3|AC  0|TAMS 0x0000000086d00000, 0x0000000086d00000|
|  80|0x0000000086e00000, 0x0000000086e00000, 0x0000000086f00000|  0%| F|  |TS  3|AC  0|TAMS 0x0000000086e00000, 0x0000000086e00000|
|  81|0x0000000086f00000, 0x0000000086f00000, 0x0000000087000000|  0%| F|  |TS  3|AC  0|TAMS 0x0000000086f00000, 0x0000000086f00000|
|  82|0x0000000087000000, 0x0000000087000000, 0x0000000087100000|  0%| F|  |TS  3|AC  0|TAMS 0x0000000087000000, 0x0000000087000000|
|  83|0x0000000087100000, 0x0000000087100000, 0x0000000087200000|  0%| F|  |TS  3|AC  0|TAMS 0x0000000087100000, 0x0000000087100000|
|  84|0x0000000087200000, 0x0000000087200000, 0x0000000087300000|  0%| F|  |TS  3|AC  0|TAMS 0x0000000087200000, 0x0000000087200000|
|  85|0x0000000087300000, 0x0000000087300000, 0x0000000087400000|  0%| F|  |TS  3|AC  0|TAMS 0x0000000087300000, 0x0000000087300000|
|  86|0x0000000087400000, 0x0000000087400000, 0x0000000087500000|  0%| F|  |TS  3|AC  0|TAMS 0x0000000087400000, 0x0000000087400000|
|  87|0x0000000087500000, 0x0000000087500000, 0x0000000087600000|  0%| F|  |TS  3|AC  0|TAMS 0x0000000087500000, 0x0000000087500000|
|  88|0x0000000087600000, 0x0000000087600000, 0x0000000087700000|  0%| F|  |TS  3|AC  0|TAMS 0x0000000087600000, 0x0000000087600000|
|  89|0x0000000087700000, 0x0000000087700000, 0x0000000087800000|  0%| F|  |TS  3|AC  0|TAMS 0x0000000087700000, 0x0000000087700000|
|  90|0x0000000087800000, 0x0000000087800000, 0x0000000087900000|  0%| F|  |TS  3|AC  0|TAMS 0x0000000087800000, 0x0000000087800000|
|  91|0x0000000087900000, 0x0000000087900000, 0x0000000087a00000|  0%| F|  |TS  3|AC  0|TAMS 0x0000000087900000, 0x0000000087900000|
|  92|0x0000000087a00000, 0x0000000087a00000, 0x0000000087b00000|  0%| F|  |TS  3|AC  0|TAMS 0x0000000087a00000, 0x0000000087a00000|
|  93|0x0000000087b00000, 0x0000000087b00000, 0x0000000087c00000|  0%| F|  |TS  3|AC  0|TAMS 0x0000000087b00000, 0x0000000087b00000|
|  94|0x0000000087c00000, 0x0000000087c00000, 0x0000000087d00000|  0%| F|  |TS  3|AC  0|TAMS 0x0000000087c00000, 0x0000000087c00000|
|  95|0x0000000087d00000, 0x0000000087d00000, 0x0000000087e00000|  0%| F|  |TS  3|AC  0|TAMS 0x0000000087d00000, 0x0000000087d00000|
|  96|0x0000000087e00000, 0x0000000087e00000, 0x0000000087f00000|  0%| F|  |TS  3|AC  0|TAMS 0x0000000087e00000, 0x0000000087e00000|
|  97|0x0000000087f00000, 0x0000000087f00000, 0x0000000088000000|  0%| F|  |TS  3|AC  0|TAMS 0x0000000087f00000, 0x0000000087f00000|
|  98|0x0000000088000000, 0x0000000088000000, 0x0000000088100000|  0%| F|  |TS  3|AC  0|TAMS 0x0000000088000000, 0x0000000088000000|
|  99|0x0000000088100000, 0x0000000088100000, 0x0000000088200000|  0%| F|  |TS  3|AC  0|TAMS 0x0000000088100000, 0x0000000088100000|
| 100|0x0000000088200000, 0x0000000088200000, 0x0000000088300000|  0%| F|  |TS  3|AC  0|TAMS 0x0000000088200000, 0x0000000088200000|
| 101|0x0000000088300000, 0x0000000088300000, 0x0000000088400000|  0%| F|  |TS  3|AC  0|TAMS 0x0000000088300000, 0x0000000088300000|
| 102|0x0000000088400000, 0x0000000088400000, 0x0000000088500000|  0%| F|  |TS  3|AC  0|TAMS 0x0000000088400000, 0x0000000088400000|
| 103|0x0000000088500000, 0x0000000088500000, 0x0000000088600000|  0%| F|  |TS  3|AC  0|TAMS 0x0000000088500000, 0x0000000088500000|
| 104|0x0000000088600000, 0x0000000088600000, 0x0000000088700000|  0%| F|  |TS  3|AC  0|TAMS 0x0000000088600000, 0x0000000088600000|
| 105|0x0000000088700000, 0x0000000088700000, 0x0000000088800000|  0%| F|  |TS  3|AC  0|TAMS 0x0000000088700000, 0x0000000088700000|
| 106|0x0000000088800000, 0x0000000088800000, 0x0000000088900000|  0%| F|  |TS  3|AC  0|TAMS 0x0000000088800000, 0x0000000088800000|
| 107|0x0000000088900000, 0x0000000088900000, 0x0000000088a00000|  0%| F|  |TS  3|AC  0|TAMS 0x0000000088900000, 0x0000000088900000|
| 108|0x0000000088a00000, 0x0000000088a00000, 0x0000000088b00000|  0%| F|  |TS  3|AC  0|TAMS 0x0000000088a00000, 0x0000000088a00000|
| 109|0x0000000088b00000, 0x0000000088b00000, 0x0000000088c00000|  0%| F|  |TS  3|AC  0|TAMS 0x0000000088b00000, 0x0000000088b00000|
| 110|0x0000000088c00000, 0x0000000088c00000, 0x0000000088d00000|  0%| F|  |TS  3|AC  0|TAMS 0x0000000088c00000, 0x0000000088c00000|
| 111|0x0000000088d00000, 0x0000000088d00000, 0x0000000088e00000|  0%| F|  |TS  3|AC  0|TAMS 0x0000000088d00000, 0x0000000088d00000|
| 112|0x0000000088e00000, 0x0000000088e00000, 0x0000000088f00000|  0%| F|  |TS  3|AC  0|TAMS 0x0000000088e00000, 0x0000000088e00000|
| 113|0x0000000088f00000, 0x0000000088f00000, 0x0000000089000000|  0%| F|  |TS  3|AC  0|TAMS 0x0000000088f00000, 0x0000000088f00000|
| 114|0x0000000089000000, 0x0000000089000000, 0x0000000089100000|  0%| F|  |TS  3|AC  0|TAMS 0x0000000089000000, 0x0000000089000000|
| 115|0x0000000089100000, 0x0000000089100000, 0x0000000089200000|  0%| F|  |TS  3|AC  0|TAMS 0x0000000089100000, 0x0000000089100000|
| 116|0x0000000089200000, 0x0000000089200000, 0x0000000089300000|  0%| F|  |TS  3|AC  0|TAMS 0x0000000089200000, 0x0000000089200000|
| 117|0x0000000089300000, 0x0000000089300000, 0x0000000089400000|  0%| F|  |TS  3|AC  0|TAMS 0x0000000089300000, 0x0000000089300000|
| 118|0x0000000089400000, 0x0000000089400000, 0x0000000089500000|  0%| F|  |TS  3|AC  0|TAMS 0x0000000089400000, 0x0000000089400000|
| 119|0x0000000089500000, 0x0000000089500000, 0x0000000089600000|  0%| F|  |TS  3|AC  0|TAMS 0x0000000089500000, 0x0000000089500000|
| 120|0x0000000089600000, 0x0000000089600000, 0x0000000089700000|  0%| F|  |TS  3|AC  0|TAMS 0x0000000089600000, 0x0000000089600000|
| 121|0x0000000089700000, 0x0000000089700000, 0x0000000089800000|  0%| F|  |TS  3|AC  0|TAMS 0x0000000089700000, 0x0000000089700000|
| 122|0x0000000089800000, 0x0000000089800000, 0x0000000089900000|  0%| F|  |TS  3|AC  0|TAMS 0x0000000089800000, 0x0000000089800000|
| 123|0x0000000089900000, 0x0000000089900000, 0x0000000089a00000|  0%| F|  |TS  3|AC  0|TAMS 0x0000000089900000, 0x0000000089900000|
| 124|0x0000000089a00000, 0x0000000089a00000, 0x0000000089b00000|  0%| F|  |TS  3|AC  0|TAMS 0x0000000089a00000, 0x0000000089a00000|
| 125|0x0000000089b00000, 0x0000000089b00000, 0x0000000089c00000|  0%| F|  |TS  3|AC  0|TAMS 0x0000000089b00000, 0x0000000089b00000|
| 126|0x0000000089c00000, 0x0000000089c00000, 0x0000000089d00000|  0%| F|  |TS  3|AC  0|TAMS 0x0000000089c00000, 0x0000000089c00000|
| 127|0x0000000089d00000, 0x0000000089d00000, 0x0000000089e00000|  0%| F|  |TS  3|AC  0|TAMS 0x0000000089d00000, 0x0000000089d00000|

Card table byte_map: [0x0000025f74400000,0x0000025f74800000] byte_map_base: 0x0000025f73ff1000

Marking Bits (Prev, Next): (CMBitMap*) 0x0000025f69613aa8, (CMBitMap*) 0x0000025f69613a70
 Prev Bits: [0x0000025f76b90000, 0x0000025f78b18000)
 Next Bits: [0x0000025f74c00000, 0x0000025f76b88000)

Polling page: 0x0000025f69490000

CodeHeap 'non-profiled nmethods': size=238912Kb used=5287Kb max_used=5287Kb free=233624Kb
 bounds [0x0000025f006b0000, 0x0000025f00be0000, 0x0000025f0f000000]
CodeHeap 'non-nmethods': size=6848Kb used=2428Kb max_used=2428Kb free=4419Kb
 bounds [0x0000025f00000000, 0x0000025f00270000, 0x0000025f006b0000]
 total_blobs=3705 nmethods=3199 adapters=414
 compilation: enabled

Compilation events (10 events):
Event: 2.554 Thread 0x0000025f7b9b6000 nmethod 3195 0x0000025f00bd7910 code [0x0000025f00bd7ac0, 0x0000025f00bd7cb0]
Event: 2.554 Thread 0x0000025f7b9b9000 3196       1       org.springframework.boot.context.properties.source.SpringConfigurationPropertySource$DelegatingPropertyMapper$$Lambda$161/1744262796::get$Lambda (9 bytes)
Event: 2.554 Thread 0x0000025f7b9d1000 nmethod 3192 0x0000025f00bd7d90 code [0x0000025f00bd7fa0, 0x0000025f00bd8500]
Event: 2.554 Thread 0x0000025f7b9b6000 3197       1       org.springframework.boot.context.properties.source.SpringConfigurationPropertySource$DelegatingPropertyMapper$$Lambda$161/1744262796::<init> (10 bytes)
Event: 2.554 Thread 0x0000025f7b9b9000 nmethod 3196 0x0000025f00bd8710 code [0x0000025f00bd88c0, 0x0000025f00bd8a58]
Event: 2.554 Thread 0x0000025f7b9b6000 nmethod 3197 0x0000025f00bd8b10 code [0x0000025f00bd8cc0, 0x0000025f00bd8e18]
Event: 2.554 Thread 0x0000025f7b9b9000 3198       1       org.springframework.boot.context.properties.source.DefaultPropertyMapper::map (62 bytes)
Event: 2.555 Thread 0x0000025f7b9b9000 nmethod 3198 0x0000025f00bd8e90 code [0x0000025f00bd9080, 0x0000025f00bd9680]
Event: 2.556 Thread 0x0000025f7b9b6000 3199       1       org.springframework.boot.context.properties.source.SpringIterableConfigurationPropertySource$CacheKey::equals (39 bytes)
Event: 2.556 Thread 0x0000025f7b9b6000 nmethod 3199 0x0000025f00bd9890 code [0x0000025f00bd9a40, 0x0000025f00bd9c10]

GC Heap History (9 events):
Event: 0.438 GC heap before
{Heap before GC invocations=0 (full 0):
 garbage-first heap   total 131072K, used 14336K [0x0000000081e00000, 0x0000000081f00400, 0x0000000100000000)
  region size 1024K, 14 young (14336K), 0 survivors (0K)
 Metaspace       used 9357K, capacity 9750K, committed 9856K, reserved 1058816K
  class space    used 961K, capacity 1052K, committed 1152K, reserved 1048576K
}
Event: 0.441 GC heap after
{Heap after GC invocations=1 (full 0):
 garbage-first heap   total 131072K, used 5096K [0x0000000081e00000, 0x0000000081f00400, 0x0000000100000000)
  region size 1024K, 2 young (2048K), 2 survivors (2048K)
 Metaspace       used 9357K, capacity 9750K, committed 9856K, reserved 1058816K
  class space    used 961K, capacity 1052K, committed 1152K, reserved 1048576K
}
Event: 1.015 GC heap before
{Heap before GC invocations=1 (full 0):
 garbage-first heap   total 131072K, used 80872K [0x0000000081e00000, 0x0000000081f00400, 0x0000000100000000)
  region size 1024K, 76 young (77824K), 2 survivors (2048K)
 Metaspace       used 17262K, capacity 18278K, committed 18304K, reserved 1064960K
  class space    used 1956K, capacity 2170K, committed 2176K, reserved 1048576K
}
Event: 1.023 GC heap after
{Heap after GC invocations=2 (full 0):
 garbage-first heap   total 131072K, used 10938K [0x0000000081e00000, 0x0000000081f00400, 0x0000000100000000)
  region size 1024K, 8 young (8192K), 8 survivors (8192K)
 Metaspace       used 17262K, capacity 18278K, committed 18304K, reserved 1064960K
  class space    used 1956K, capacity 2170K, committed 2176K, reserved 1048576K
}
Event: 1.272 GC heap before
{Heap before GC invocations=2 (full 0):
 garbage-first heap   total 131072K, used 40634K [0x0000000081e00000, 0x0000000081f00400, 0x0000000100000000)
  region size 1024K, 38 young (38912K), 8 survivors (8192K)
 Metaspace       used 20082K, capacity 21244K, committed 21296K, reserved 1069056K
  class space    used 2455K, capacity 2679K, committed 2688K, reserved 1048576K
}
Event: 1.280 GC heap after
{Heap after GC invocations=3 (full 0):
 garbage-first heap   total 131072K, used 11063K [0x0000000081e00000, 0x0000000081f00400, 0x0000000100000000)
  region size 1024K, 4 young (4096K), 4 survivors (4096K)
 Metaspace       used 20082K, capacity 21244K, committed 21296K, reserved 1069056K
  class space    used 2455K, capacity 2679K, committed 2688K, reserved 1048576K
}
Event: 2.167 GC heap before
{Heap before GC invocations=4 (full 0):
 garbage-first heap   total 131072K, used 84791K [0x0000000081e00000, 0x0000000081f00400, 0x0000000100000000)
  region size 1024K, 76 young (77824K), 4 survivors (4096K)
 Metaspace       used 27233K, capacity 28870K, committed 29132K, reserved 1075200K
  class space    used 3366K, capacity 3716K, committed 3788K, reserved 1048576K
}
Event: 2.178 GC heap after
{Heap after GC invocations=5 (full 0):
 garbage-first heap   total 131072K, used 19730K [0x0000000081e00000, 0x0000000081f00400, 0x0000000100000000)
  region size 1024K, 10 young (10240K), 10 survivors (10240K)
 Metaspace       used 27233K, capacity 28870K, committed 29132K, reserved 1075200K
  class space    used 3366K, capacity 3716K, committed 3788K, reserved 1048576K
}
Event: 2.559 GC heap before
{Heap before GC invocations=5 (full 0):
 garbage-first heap   total 131072K, used 87314K [0x0000000081e00000, 0x0000000081f00400, 0x0000000100000000)
  region size 1024K, 76 young (77824K), 10 survivors (10240K)
 Metaspace       used 28144K, capacity 29864K, committed 30028K, reserved 1075200K
  class space    used 3514K, capacity 3881K, committed 3916K, reserved 1048576K
}

Deoptimization events (0 events):
No events

Classes redefined (0 events):
No events

Internal exceptions (10 events):
Event: 1.540 Thread 0x0000025f7d3aa800 Exception <a 'java/lang/reflect/InvocationTargetException'{0x0000000088589d58}> (0x0000000088589d58) thrown at [c:/jenkins/workspace/zulu9-silver-build-win64/zulu-src/hotspot/src/share/vm/runtime/reflection.cpp, line 1213]
Event: 1.612 Thread 0x0000025f7d348800 Exception <a 'java/lang/NoSuchMethodError'{0x000000008819b258}: java.lang.invoke.DirectMethodHandle$Holder.invokeSpecial(Ljava/lang/Object;Ljava/lang/Object;)J> (0x000000008819b258) thrown at [c:/jenkins/workspace/zulu9-silver-build-win64/zulu-src/hotspot
Event: 1.622 Thread 0x0000025f7d348800 Exception <a 'java/lang/NoSuchMethodError'{0x00000000881d9988}: java.lang.invoke.DirectMethodHandle$Holder.invokeStatic(Ljava/lang/Object;Ljava/lang/Object;)J> (0x00000000881d9988) thrown at [c:/jenkins/workspace/zulu9-silver-build-win64/zulu-src/hotspot/
Event: 1.622 Thread 0x0000025f7d348800 Exception <a 'java/lang/NoSuchMethodError'{0x00000000881dc808}: java.lang.invoke.DirectMethodHandle$Holder.invokeStaticInit(Ljava/lang/Object;Ljava/lang/Object;)J> (0x00000000881dc808) thrown at [c:/jenkins/workspace/zulu9-silver-build-win64/zulu-src/hots
Event: 1.626 Thread 0x0000025f7d348800 Exception <a 'java/lang/NoSuchMethodError'{0x0000000088012d00}: java.lang.invoke.DirectMethodHandle$Holder.invokeInterface(Ljava/lang/Object;Ljava/lang/Object;)J> (0x0000000088012d00) thrown at [c:/jenkins/workspace/zulu9-silver-build-win64/zulu-src/hotsp
Event: 1.626 Thread 0x0000025f7d348800 Exception <a 'java/lang/IncompatibleClassChangeError'{0x0000000088015af0}: Found class java.lang.Object, but interface was expected> (0x0000000088015af0) thrown at [c:/jenkins/workspace/zulu9-silver-build-win64/zulu-src/hotspot/src/share/vm/interpreter/li
Event: 2.032 Thread 0x0000025f7c541800 Exception <a 'java/lang/NoSuchMethodError'{0x00000000868fcfb0}: java.lang.invoke.DirectMethodHandle$Holder.invokeStatic(Ljava/lang/Object;Ljava/lang/Object;Ljava/lang/Object;Ljava/lang/Object;)I> (0x00000000868fcfb0) thrown at [c:/jenkins/workspace/zulu9-
Event: 2.136 Thread 0x0000025f7c541800 Exception <a 'java/lang/NoSuchMethodError'{0x00000000857f31e8}: method resolution failed> (0x00000000857f31e8) thrown at [c:/jenkins/workspace/zulu9-silver-build-win64/zulu-src/hotspot/src/share/vm/prims/methodHandles.cpp, line 1256]
Event: 2.244 Thread 0x0000025f7d3aa800 Exception <a 'java/lang/reflect/InvocationTargetException'{0x0000000089625b28}> (0x0000000089625b28) thrown at [c:/jenkins/workspace/zulu9-silver-build-win64/zulu-src/hotspot/src/share/vm/runtime/reflection.cpp, line 1213]
Event: 2.422 Thread 0x0000025f7c541800 Exception <a 'java/lang/NoSuchMethodError'{0x00000000862a94f0}: java.lang.invoke.DirectMethodHandle$Holder.invokeInterface(Ljava/lang/Object;Ljava/lang/Object;Ljava/lang/Object;Ljava/lang/Object;)V> (0x00000000862a94f0) thrown at [c:/jenkins/workspace/zul

Events (10 events):
Event: 2.558 loading class org/springframework/web/servlet/view/BeanNameViewResolver done
Event: 2.558 loading class org/springframework/web/servlet/ViewResolver
Event: 2.558 loading class org/springframework/web/servlet/ViewResolver done
Event: 2.558 loading class org/springframework/web/context/support/WebApplicationObjectSupport
Event: 2.558 loading class org/springframework/web/context/support/WebApplicationObjectSupport done
Event: 2.558 loading class org/springframework/context/support/ApplicationObjectSupport
Event: 2.558 loading class org/springframework/context/support/ApplicationObjectSupport done
Event: 2.559 loading class org/springframework/boot/autoconfigure/web/servlet/error/ErrorMvcAutoConfiguration$WhitelabelErrorViewConfiguration
Event: 2.559 loading class org/springframework/boot/autoconfigure/web/servlet/error/ErrorMvcAutoConfiguration$WhitelabelErrorViewConfiguration done
Event: 2.559 Executing VM operation: G1IncCollectionPause


Dynamic libraries:
0x00007ff653060000 - 0x00007ff65309d000 	C:\Users\fun4l\.sdkman\candidates\java\9.0.7-zulu\bin\java.exe
0x00007ffc5d490000 - 0x00007ffc5d671000 	C:\WINDOWS\SYSTEM32\ntdll.dll
0x00007ffc5c4a0000 - 0x00007ffc5c552000 	C:\WINDOWS\System32\KERNEL32.DLL
0x00007ffc59df0000 - 0x00007ffc5a063000 	C:\WINDOWS\System32\KERNELBASE.dll
0x00007ffc5c260000 - 0x00007ffc5c3f0000 	C:\WINDOWS\System32\USER32.dll
0x00007ffc59dd0000 - 0x00007ffc59df0000 	C:\WINDOWS\System32\win32u.dll
0x00007ffc5c560000 - 0x00007ffc5c588000 	C:\WINDOWS\System32\GDI32.dll
0x00007ffc59940000 - 0x00007ffc59ad2000 	C:\WINDOWS\System32\gdi32full.dll
0x00007ffc5a070000 - 0x00007ffc5a10f000 	C:\WINDOWS\System32\msvcp_win.dll
0x00007ffc5a110000 - 0x00007ffc5a20a000 	C:\WINDOWS\System32\ucrtbase.dll
0x00007ffc402f0000 - 0x00007ffc40559000 	C:\WINDOWS\WinSxS\amd64_microsoft.windows.common-controls_6595b64144ccf1df_6.0.17134.228_none_fb4599993062b194\COMCTL32.dll
0x00007ffc5c8c0000 - 0x00007ffc5c95e000 	C:\WINDOWS\System32\msvcrt.dll
0x00007ffc5bf30000 - 0x00007ffc5c253000 	C:\WINDOWS\System32\combase.dll
0x00007ffc5c590000 - 0x00007ffc5c6b4000 	C:\WINDOWS\System32\RPCRT4.dll
0x00007ffc59860000 - 0x00007ffc598da000 	C:\WINDOWS\System32\bcryptPrimitives.dll
0x00007ffc5c470000 - 0x00007ffc5c49d000 	C:\WINDOWS\System32\IMM32.DLL
0x00007ffc37810000 - 0x00007ffc378ff000 	C:\Users\fun4l\.sdkman\candidates\java\9.0.7-zulu\bin\msvcr120.dll
0x00007ffc35b20000 - 0x00007ffc35bc6000 	C:\Users\fun4l\.sdkman\candidates\java\9.0.7-zulu\bin\msvcp120.dll
0x000000006aa80000 - 0x000000006b434000 	C:\Users\fun4l\.sdkman\candidates\java\9.0.7-zulu\bin\server\jvm.dll
0x00007ffc5d180000 - 0x00007ffc5d221000 	C:\WINDOWS\System32\ADVAPI32.dll
0x00007ffc5c6c0000 - 0x00007ffc5c71b000 	C:\WINDOWS\System32\sechost.dll
0x00007ffc5c960000 - 0x00007ffc5c968000 	C:\WINDOWS\System32\PSAPI.DLL
0x00007ffc538c0000 - 0x00007ffc538e3000 	C:\WINDOWS\SYSTEM32\WINMM.dll
0x00007ffc41e80000 - 0x00007ffc41e89000 	C:\WINDOWS\SYSTEM32\WSOCK32.dll
0x00007ffc54b90000 - 0x00007ffc54b9a000 	C:\WINDOWS\SYSTEM32\VERSION.dll
0x00007ffc5c400000 - 0x00007ffc5c46c000 	C:\WINDOWS\System32\WS2_32.dll
0x00007ffc53890000 - 0x00007ffc538ba000 	C:\WINDOWS\SYSTEM32\WINMMBASE.dll
0x00007ffc59b90000 - 0x00007ffc59bd9000 	C:\WINDOWS\System32\cfgmgr32.dll
0x00007ffc56680000 - 0x00007ffc5668f000 	C:\Users\fun4l\.sdkman\candidates\java\9.0.7-zulu\bin\verify.dll
0x00007ffc40ce0000 - 0x00007ffc40d07000 	C:\Users\fun4l\.sdkman\candidates\java\9.0.7-zulu\bin\java.dll
0x00007ffc37780000 - 0x00007ffc377aa000 	C:\Users\fun4l\.sdkman\candidates\java\9.0.7-zulu\bin\instrument.dll
0x00007ffc40ca0000 - 0x00007ffc40cb6000 	C:\Users\fun4l\.sdkman\candidates\java\9.0.7-zulu\bin\zip.dll
0x00007ffc55b00000 - 0x00007ffc55b0a000 	C:\Users\fun4l\.sdkman\candidates\java\9.0.7-zulu\bin\jimage.dll
0x00007ffc5aaf0000 - 0x00007ffc5bf30000 	C:\WINDOWS\System32\SHELL32.dll
0x00007ffc5ceb0000 - 0x00007ffc5cf59000 	C:\WINDOWS\System32\shcore.dll
0x00007ffc5a210000 - 0x00007ffc5a91d000 	C:\WINDOWS\System32\windows.storage.dll
0x00007ffc5d400000 - 0x00007ffc5d451000 	C:\WINDOWS\System32\shlwapi.dll
0x00007ffc597d0000 - 0x00007ffc597e1000 	C:\WINDOWS\System32\kernel.appcore.dll
0x00007ffc597f0000 - 0x00007ffc5980f000 	C:\WINDOWS\System32\profapi.dll
0x00007ffc59810000 - 0x00007ffc5985c000 	C:\WINDOWS\System32\powrprof.dll
0x00007ffc597a0000 - 0x00007ffc597aa000 	C:\WINDOWS\System32\FLTLIB.DLL
0x00007ffc373f0000 - 0x00007ffc3740a000 	C:\Users\fun4l\.sdkman\candidates\java\9.0.7-zulu\bin\net.dll
0x00007ffc52f80000 - 0x00007ffc5305c000 	C:\WINDOWS\SYSTEM32\WINHTTP.dll
0x00007ffc59020000 - 0x00007ffc59086000 	C:\WINDOWS\system32\mswsock.dll
0x00007ffc359e0000 - 0x00007ffc359f1000 	C:\Users\fun4l\.sdkman\candidates\java\9.0.7-zulu\bin\nio.dll
0x00007ffc359c0000 - 0x00007ffc359da000 	L:\JetBrains\IntelliJ IDEA 2018.2.1\bin\breakgen64.dll
0x00007ffc40cd0000 - 0x00007ffc40cd9000 	C:\Users\fun4l\.sdkman\candidates\java\9.0.7-zulu\bin\management.dll
0x00007ffc402e0000 - 0x00007ffc402ea000 	C:\Users\fun4l\.sdkman\candidates\java\9.0.7-zulu\bin\management_ext.dll
0x00007ffc408b0000 - 0x00007ffc408c6000 	C:\WINDOWS\system32\napinsp.dll
0x00007ffc40890000 - 0x00007ffc408aa000 	C:\WINDOWS\system32\pnrpnsp.dll
0x00007ffc56640000 - 0x00007ffc56659000 	C:\WINDOWS\system32\NLAapi.dll
0x00007ffc58de0000 - 0x00007ffc58e9e000 	C:\WINDOWS\SYSTEM32\DNSAPI.dll
0x00007ffc5a920000 - 0x00007ffc5a928000 	C:\WINDOWS\System32\NSI.dll
0x00007ffc58da0000 - 0x00007ffc58dd8000 	C:\WINDOWS\SYSTEM32\IPHLPAPI.DLL
0x00007ffc409c0000 - 0x00007ffc409ce000 	C:\WINDOWS\System32\winrnr.dll
0x00007ffc53bf0000 - 0x00007ffc53bfa000 	C:\Windows\System32\rasadhlp.dll
0x00007ffc52f00000 - 0x00007ffc52f72000 	C:\WINDOWS\System32\fwpuclnt.dll
0x00007ffc59300000 - 0x00007ffc59325000 	C:\WINDOWS\SYSTEM32\bcrypt.dll
0x00007ffc591d0000 - 0x00007ffc591e7000 	C:\WINDOWS\SYSTEM32\CRYPTSP.dll
0x00007ffc58c00000 - 0x00007ffc58c33000 	C:\WINDOWS\system32\rsaenh.dll
0x00007ffc596d0000 - 0x00007ffc596f8000 	C:\WINDOWS\SYSTEM32\USERENV.dll
0x00007ffc591f0000 - 0x00007ffc591fb000 	C:\WINDOWS\SYSTEM32\CRYPTBASE.dll
0x00007ffc54940000 - 0x00007ffc54956000 	C:\WINDOWS\SYSTEM32\dhcpcsvc6.DLL
0x00007ffc54980000 - 0x00007ffc5499a000 	C:\WINDOWS\SYSTEM32\dhcpcsvc.DLL
0x00007ffc3f2b0000 - 0x00007ffc3f479000 	C:\WINDOWS\SYSTEM32\dbghelp.dll

VM Arguments:
jvm_args: -XX:TieredStopAtLevel=1 -Xverify:none -Dspring.output.ansi.enabled=always -Dcom.sun.management.jmxremote -Dcom.sun.management.jmxremote.port=53385 -Dcom.sun.management.jmxremote.authenticate=false -Dcom.sun.management.jmxremote.ssl=false -Djava.rmi.server.hostname=localhost -Dspring.liveBeansView.mbeanDomain -Dspring.application.admin.enabled=true -javaagent:L:\JetBrains\IntelliJ IDEA 2018.2.1\lib\idea_rt.jar=53386:L:\JetBrains\IntelliJ IDEA 2018.2.1\bin -Dfile.encoding=UTF-8 
java_command: ru.lanit.springboot.afisha.AfishaApplication
java_class_path (initial): C:\Users\fun4l\dev\study\Lanit\SpringBootAfisha\target\classes;C:\Users\fun4l\.m2\repository\org\springframework\boot\spring-boot-starter-web\2.0.3.RELEASE\spring-boot-starter-web-2.0.3.RELEASE.jar;C:\Users\fun4l\.m2\repository\org\springframework\boot\spring-boot-starter\2.0.3.RELEASE\spring-boot-starter-2.0.3.RELEASE.jar;C:\Users\fun4l\.m2\repository\org\springframework\boot\spring-boot-starter-logging\2.0.3.RELEASE\spring-boot-starter-logging-2.0.3.RELEASE.jar;C:\Users\fun4l\.m2\repository\ch\qos\logback\logback-classic\1.2.3\logback-classic-1.2.3.jar;C:\Users\fun4l\.m2\repository\ch\qos\logback\logback-core\1.2.3\logback-core-1.2.3.jar;C:\Users\fun4l\.m2\repository\org\apache\logging\log4j\log4j-to-slf4j\2.10.0\log4j-to-slf4j-2.10.0.jar;C:\Users\fun4l\.m2\repository\org\apache\logging\log4j\log4j-api\2.10.0\log4j-api-2.10.0.jar;C:\Users\fun4l\.m2\repository\org\slf4j\jul-to-slf4j\1.7.25\jul-to-slf4j-1.7.25.jar;C:\Users\fun4l\.m2\repository\javax\annotation\javax.annotation-api\1.3.2\javax.annotation-api-1.3.2.jar;C:\Users\fun4l\.m2\repository\org\yaml\snakeyaml\1.19\snakeyaml-1.19.jar;C:\Users\fun4l\.m2\repository\org\springframework\boot\spring-boot-starter-json\2.0.3.RELEASE\spring-boot-starter-json-2.0.3.RELEASE.jar;C:\Users\fun4l\.m2\repository\com\fasterxml\jackson\core\jackson-databind\2.9.6\jackson-databind-2.9.6.jar;C:\Users\fun4l\.m2\repository\com\fasterxml\jackson\core\jackson-annotations\2.9.0\jackson-annotations-2.9.0.jar;C:\Users\fun4l\.m2\repository\com\fasterxml\jackson\core\jackson-core\2.9.6\jackson-core-2.9.6.jar;C:\Users\fun4l\.m2\repository\com\fasterxml\jackson\datatype\jackson-datatype-jdk8\2.9.6\jackson-datatype-jdk8-2.9.6.jar;C:\Users\fun4l\.m2\repository\com\fasterxml\jackson\datatype\jackson-datatype-jsr310\2.9.6\jackson-datatype-jsr310-2.9.6.jar;C:\Users\fun4l\.m2\repository\com\fasterxml\jackson\module\jackson-module-parameter-names\2.9.6\jackson-module-parameter-names-2.9.6.jar;C:\Users\fun4l\.m2\reposit
Launcher Type: SUN_STANDARD

Logging:
Log output configuration:
#0: stdout all=warning uptime,level,tags
#1: stderr all=off uptime,level,tags

Environment Variables:
JAVA_HOME=C:\Program Files\Java\jdk-9.0.4
PATH=C:\ProgramData\Oracle\Java\javapath;C:\Program Files (x86)\Common Files\Intel\Shared Files\cpp\bin\Intel64;C:\Program Files (x86)\Intel\iCLS Client\;C:\Program Files\Intel\iCLS Client\;C:\WINDOWS\system32;C:\WINDOWS;C:\WINDOWS\System32\Wbem;C:\WINDOWS\System32\WindowsPowerShell\v1.0\;C:\Program Files (x86)\NVIDIA Corporation\PhysX\Common;C:\Program Files (x86)\Intel\Intel(R) Management Engine Components\DAL;C:\Program Files\Intel\Intel(R) Management Engine Components\DAL;C:\Program Files (x86)\Intel\Intel(R) Management Engine Components\IPT;C:\Program Files\Intel\Intel(R) Management Engine Components\IPT;L:\MATLAB\R2016b\runtime\win64;L:\MATLAB\R2016b\bin;L:\MATLAB\R2016b\polyspace\bin;C:\Program Files\Microsoft SQL Server\Client SDK\ODBC\110\Tools\Binn\;C:\Program Files (x86)\Microsoft SQL Server\120\Tools\Binn\;C:\Program Files\Microsoft SQL Server\120\Tools\Binn\;C:\Program Files\Microsoft SQL Server\120\DTS\Binn\;C:\Program Files (x86)\Windows Kits\8.1\Windows Performance Toolkit\;C:\WINDOWS\system32;C:\WINDOWS;C:\WINDOWS\System32\Wbem;C:\WINDOWS\System32\WindowsPowerShell\v1.0\;C:\Program Files\Java\jdk-9.0.4\bin;C:\Program Files\Git\cmd;C:\Program Files\Git\mingw64\bin;C:\Program Files\Git\usr\bin;C:\ProgramData\chocolatey\bin;;C:\WINDOWS\System32\OpenSSH\;C:\Users\fun4l\AppData\Local\Microsoft\WindowsApps
USERNAME=fun4l
OS=Windows_NT
PROCESSOR_IDENTIFIER=Intel64 Family 6 Model 158 Stepping 9, GenuineIntel



---------------  S Y S T E M  ---------------

OS: Windows 10 , 64 bit Build 17134 (10.0.17134.1)

CPU:total 4 (initial active 4) (4 cores per cpu, 1 threads per core) family 6 model 158 stepping 9, cmov, cx8, fxsr, mmx, sse, sse2, sse3, ssse3, sse4.1, sse4.2, popcnt, avx, avx2, aes, clmul, erms, 3dnowpref, lzcnt, tsc, tscinvbit, bmi1, bmi2, adx, fma

Memory: 4k page, physical 8260772k(1660452k free), swap 8260772k(21004k free)

vm_info: OpenJDK 64-Bit Server VM (9.0.7.1+1) for windows-amd64 JRE (9.0.7.1+1), built on Apr  6 2018 03:06:52 by "" with MS VC++ 12.0 (VS2013)

END.
