#
# There is insufficient memory for the Java Runtime Environment to continue.
# Native memory allocation (mmap) failed to map 27262976 bytes for Failed to commit area from 0x0000000089e00000 to 0x000000008b800000 of length 27262976.
# Possible reasons:
#   The system is out of physical RAM or swap space
#   The process is running with CompressedOops enabled, and the Java Heap may be blocking the growth of the native heap
# Possible solutions:
#   Reduce memory load on the system
#   Increase physical memory or swap space
#   Check if swap backing store is full
#   Decrease Java heap size (-Xmx/-Xms)
#   Decrease number of Java threads
#   Decrease Java thread stack sizes (-Xss)
#   Set larger code cache with -XX:ReservedCodeCacheSize=
#   JVM is running with Unscaled Compressed Oops mode in which the Java heap is
#     placed in the first 4GB address space. The Java Heap base address is the
#     maximum limit for the native heap growth. Please use -XX:HeapBaseMinAddress
#     to set the Java Heap base and to place the Java Heap above 4GB virtual address.
# This output file may be truncated or incomplete.
#
#  Out of Memory Error (c:/jenkins/workspace/zulu9-silver-build-win64/zulu-src/hotspot/src/os/windows/vm/os_windows.cpp:3357), pid=10320, tid=1328
#
# JRE version: OpenJDK Runtime Environment (9.0.1+1) (build 9.0.7.1+1)
# Java VM: OpenJDK 64-Bit Server VM (9.0.7.1+1, mixed mode, tiered, compressed oops, g1 gc, windows-amd64)
# No core dump will be written. Minidumps are not enabled by default on client versions of Windows
#

---------------  S U M M A R Y ------------

Command Line: -XX:TieredStopAtLevel=1 -Xverify:none -Dspring.output.ansi.enabled=always -Dcom.sun.management.jmxremote -Dcom.sun.management.jmxremote.port=56187 -Dcom.sun.management.jmxremote.authenticate=false -Dcom.sun.management.jmxremote.ssl=false -Djava.rmi.server.hostname=localhost -Dspring.liveBeansView.mbeanDomain -Dspring.application.admin.enabled=true -javaagent:L:\JetBrains\IntelliJ IDEA 2018.2.1\lib\idea_rt.jar=56188:L:\JetBrains\IntelliJ IDEA 2018.2.1\bin -Dfile.encoding=UTF-8 ru.lanit.springboot.afisha.AfishaApplication

Host: Intel(R) Core(TM) i5-7300HQ CPU @ 2.50GHz, 4 cores, 7G,  Windows 10 , 64 bit Build 17134 (10.0.17134.1)
Time: Wed Aug 29 11:46:59 2018 RTZ 2 (ceia) elapsed time: 2 seconds (0d 0h 0m 2s)

---------------  T H R E A D  ---------------

Current thread (0x000001bd7f681000):  VMThread "VM Thread" [stack: 0x0000002b02700000,0x0000002b02800000] [id=1328]

Stack: [0x0000002b02700000,0x0000002b02800000]
[error occurred during error reporting (printing stack bounds), id 0xe0000002]

Native frames: (J=compiled Java code, j=interpreted, Vv=VM code, C=native code)
V  [jvm.dll+0x541df8]
V  [jvm.dll+0x65172e]
V  [jvm.dll+0x65263a]
V  [jvm.dll+0x6521d5]
V  [jvm.dll+0x652bcb]
V  [jvm.dll+0x541666]
V  [jvm.dll+0x541a28]
C  [ntdll.dll+0x9eced]
C  [ntdll.dll+0x6c86]
C  [ntdll.dll+0x9dc1e]
C  0x000001bd6a3a0b2a

VM_Operation (0x0000002b038f7830): G1IncCollectionPause, mode: safepoint, requested by thread 0x000001bd02597800


---------------  P R O C E S S  ---------------

Java Threads: ( => current thread )
  0x000001bd03108800 JavaThread "RMI Scheduler(0)" daemon [_thread_blocked, id=8752, stack(0x0000002b03c00000,0x0000002b03d00000)]
  0x000001bd03197800 JavaThread "RMI TCP Connection(2)-127.0.0.1" daemon [_thread_in_native, id=12668, stack(0x0000002b03b00000,0x0000002b03c00000)]
  0x000001bd030d3000 JavaThread "RMI TCP Connection(1)-127.0.0.1" daemon [_thread_in_native, id=5292, stack(0x0000002b03a00000,0x0000002b03b00000)]
  0x000001bd02597800 JavaThread "restartedMain" [_thread_blocked, id=6400, stack(0x0000002b03800000,0x0000002b03900000)]
  0x000001bd02596800 JavaThread "Thread-0" [_thread_blocked, id=6628, stack(0x0000002b03700000,0x0000002b03800000)]
  0x000001bd02378000 JavaThread "RMI TCP Accept-0" daemon [_thread_in_native, id=8132, stack(0x0000002b03500000,0x0000002b03600000)]
  0x000001bd02364000 JavaThread "RMI TCP Accept-56187" daemon [_thread_in_native, id=10028, stack(0x0000002b03400000,0x0000002b03500000)]
  0x000001bd021d0000 JavaThread "RMI TCP Accept-0" daemon [_thread_in_native, id=10964, stack(0x0000002b03300000,0x0000002b03400000)]
  0x000001bd7fc7a000 JavaThread "Service Thread" daemon [_thread_blocked, id=12236, stack(0x0000002b03200000,0x0000002b03300000)]
  0x000001bd7fc79800 JavaThread "Monitor Ctrl-Break" daemon [_thread_in_native, id=9424, stack(0x0000002b03100000,0x0000002b03200000)]
  0x000001bd7f776000 JavaThread "Common-Cleaner" daemon [_thread_blocked, id=8076, stack(0x0000002b03000000,0x0000002b03100000)]
  0x000001bd7f708000 JavaThread "Sweeper thread" daemon [_thread_blocked, id=10344, stack(0x0000002b02f00000,0x0000002b03000000)]
  0x000001bd7f703800 JavaThread "C1 CompilerThread2" daemon [_thread_blocked, id=1060, stack(0x0000002b02e00000,0x0000002b02f00000)]
  0x000001bd7f6e5000 JavaThread "C1 CompilerThread1" daemon [_thread_blocked, id=7844, stack(0x0000002b02d00000,0x0000002b02e00000)]
  0x000001bd7f6e1000 JavaThread "C1 CompilerThread0" daemon [_thread_blocked, id=11360, stack(0x0000002b02c00000,0x0000002b02d00000)]
  0x000001bd7f6e0000 JavaThread "Attach Listener" daemon [_thread_blocked, id=7492, stack(0x0000002b02b00000,0x0000002b02c00000)]
  0x000001bd7f6de800 JavaThread "Signal Dispatcher" daemon [_thread_blocked, id=11656, stack(0x0000002b02a00000,0x0000002b02b00000)]
  0x000001bd7f691000 JavaThread "Finalizer" daemon [_thread_blocked, id=5732, stack(0x0000002b02900000,0x0000002b02a00000)]
  0x000001bd7f687800 JavaThread "Reference Handler" daemon [_thread_blocked, id=1684, stack(0x0000002b02800000,0x0000002b02900000)]
  0x000001bd601d5800 JavaThread "main" [_thread_blocked, id=2904, stack(0x0000002b01a00000,0x0000002b01b00000)]

Other Threads:
=>0x000001bd7f681000 VMThread "VM Thread" [stack: 0x0000002b02700000,0x0000002b02800000] [id=1328]
  0x000001bd02379000 WatcherThread [stack: 0x0000002b03600000,0x0000002b03700000] [id=7236]
  0x000001bd601e8000 GCTaskThread "GC Thread#0" [stack: 0x0000002b01c00000,0x0000002b01d00000] [id=2848]
  0x000001bd601e9800 GCTaskThread "GC Thread#1" [stack: 0x0000002b01d00000,0x0000002b01e00000] [id=4748]
  0x000001bd601eb000 GCTaskThread "GC Thread#2" [stack: 0x0000002b01e00000,0x0000002b01f00000] [id=9212]
  0x000001bd601ed800 GCTaskThread "GC Thread#3" [stack: 0x0000002b01f00000,0x0000002b02000000] [id=9420]
  0x000001bd6025f000 ConcurrentGCThread "G1 Main Marker" [stack: 0x0000002b02500000,0x0000002b02600000] [id=11756]
  0x000001bd60260800 ConcurrentGCThread "G1 Marker#0" [stack: 0x0000002b02600000,0x0000002b02700000] [id=10784]
  0x000001bd601f6000 ConcurrentGCThread "G1 Refine#0" [stack: 0x0000002b02300000,0x0000002b02400000] [id=9368]
  0x000001bd601f4000 ConcurrentGCThread "G1 Refine#1" [stack: 0x0000002b02200000,0x0000002b02300000] [id=10272]
  0x000001bd601f1000 ConcurrentGCThread "G1 Refine#2" [stack: 0x0000002b02100000,0x0000002b02200000] [id=5548]
  0x000001bd601ee800 ConcurrentGCThread "G1 Refine#3" [stack: 0x0000002b02000000,0x0000002b02100000] [id=12096]
  0x000001bd601f8000 ConcurrentGCThread "G1 Young RemSet Sampling" [stack: 0x0000002b02400000,0x0000002b02500000] [id=2064]

Threads with active compile tasks:

VM state:at safepoint (normal execution)

VM Mutex/Monitor currently owned by a thread:  ([mutex/lock_event])
[0x000001bd601d1600] Threads_lock - owner thread: 0x000001bd7f681000
[0x000001bd601d2fe0] Heap_lock - owner thread: 0x000001bd02597800

Heap address: 0x0000000081e00000, size: 2018 MB, Compressed Oops mode: 32-bit
Narrow klass base: 0x0000000000000000, Narrow klass shift: 3
Compressed class space size: 1073741824 Address: 0x0000000100000000

Heap:
 garbage-first heap   total 157696K, used 20617K [0x0000000081e00000, 0x0000000081f004d0, 0x0000000100000000)
  region size 1024K, 4 young (4096K), 4 survivors (4096K)
 Metaspace       used 28094K, capacity 29796K, committed 30080K, reserved 1075200K
  class space    used 3505K, capacity 3881K, committed 3968K, reserved 1048576K
Heap Regions: E=young(eden), S=young(survivor), O=old, HS=humongous(starts), HC=humongous(continues), CS=collection set, F=free, A=archive, TS=gc time stamp, AC=allocation context, TAMS=top-at-mark-start (previous, next)
|   0|0x0000000081e00000, 0x0000000081f00000, 0x0000000081f00000|100%| O|  |TS  0|AC  0|TAMS 0x0000000081f00000, 0x0000000081f00000|
|   1|0x0000000081f00000, 0x0000000082000000, 0x0000000082000000|100%| O|  |TS  0|AC  0|TAMS 0x0000000082000000, 0x0000000082000000|
|   2|0x0000000082000000, 0x0000000082100000, 0x0000000082100000|100%| O|  |TS  0|AC  0|TAMS 0x0000000082100000, 0x0000000082100000|
|   3|0x0000000082100000, 0x0000000082200000, 0x0000000082200000|100%| O|  |TS  0|AC  0|TAMS 0x0000000082200000, 0x0000000082200000|
|   4|0x0000000082200000, 0x0000000082300000, 0x0000000082300000|100%| O|  |TS  0|AC  0|TAMS 0x0000000082300000, 0x0000000082300000|
|   5|0x0000000082300000, 0x0000000082400000, 0x0000000082400000|100%| O|  |TS  0|AC  0|TAMS 0x0000000082400000, 0x0000000082400000|
|   6|0x0000000082400000, 0x0000000082500000, 0x0000000082500000|100%| O|  |TS  0|AC  0|TAMS 0x0000000082500000, 0x0000000082500000|
|   7|0x0000000082500000, 0x0000000082600000, 0x0000000082600000|100%| O|  |TS  1|AC  0|TAMS 0x000000008256f400, 0x000000008256f400|
|   8|0x0000000082600000, 0x0000000082700000, 0x0000000082700000|100%| O|  |TS  1|AC  0|TAMS 0x0000000082600000, 0x0000000082600000|
|   9|0x0000000082700000, 0x0000000082800000, 0x0000000082800000|100%| O|  |TS  3|AC  0|TAMS 0x0000000082700000, 0x0000000082700000|
|  10|0x0000000082800000, 0x0000000082900000, 0x0000000082900000|100%| O|  |TS  3|AC  0|TAMS 0x0000000082800000, 0x0000000082800000|
|  11|0x0000000082900000, 0x0000000082a00000, 0x0000000082a00000|100%| O|  |TS  3|AC  0|TAMS 0x0000000082900000, 0x0000000082900000|
|  12|0x0000000082a00000, 0x0000000082b00000, 0x0000000082b00000|100%| O|  |TS  3|AC  0|TAMS 0x0000000082a00000, 0x0000000082a00000|
|  13|0x0000000082b00000, 0x0000000082c00000, 0x0000000082c00000|100%| O|  |TS  3|AC  0|TAMS 0x0000000082b00000, 0x0000000082b00000|
|  14|0x0000000082c00000, 0x0000000082d00000, 0x0000000082d00000|100%| O|  |TS  3|AC  0|TAMS 0x0000000082c00000, 0x0000000082c00000|
|  15|0x0000000082d00000, 0x0000000082e00000, 0x0000000082e00000|100%| O|  |TS  3|AC  0|TAMS 0x0000000082d00000, 0x0000000082d00000|
|  16|0x0000000082e00000, 0x0000000082e6d600, 0x0000000082f00000| 42%| O|  |TS  3|AC  0|TAMS 0x0000000082e00000, 0x0000000082e00000|
|  17|0x0000000082f00000, 0x0000000082f00000, 0x0000000083000000|  0%| F|  |TS  0|AC  0|TAMS 0x0000000082f00000, 0x0000000082f00000|
|  18|0x0000000083000000, 0x0000000083000000, 0x0000000083100000|  0%| F|  |TS  0|AC  0|TAMS 0x0000000083000000, 0x0000000083000000|
|  19|0x0000000083100000, 0x0000000083100000, 0x0000000083200000|  0%| F|  |TS  0|AC  0|TAMS 0x0000000083100000, 0x0000000083100000|
|  20|0x0000000083200000, 0x0000000083200000, 0x0000000083300000|  0%| F|  |TS  0|AC  0|TAMS 0x0000000083200000, 0x0000000083200000|
|  21|0x0000000083300000, 0x0000000083300000, 0x0000000083400000|  0%| F|  |TS  0|AC  0|TAMS 0x0000000083300000, 0x0000000083300000|
|  22|0x0000000083400000, 0x0000000083400000, 0x0000000083500000|  0%| F|  |TS  0|AC  0|TAMS 0x0000000083400000, 0x0000000083400000|
|  23|0x0000000083500000, 0x0000000083500000, 0x0000000083600000|  0%| F|  |TS  0|AC  0|TAMS 0x0000000083500000, 0x0000000083500000|
|  24|0x0000000083600000, 0x0000000083600000, 0x0000000083700000|  0%| F|  |TS  0|AC  0|TAMS 0x0000000083600000, 0x0000000083600000|
|  25|0x0000000083700000, 0x0000000083700000, 0x0000000083800000|  0%| F|  |TS  0|AC  0|TAMS 0x0000000083700000, 0x0000000083700000|
|  26|0x0000000083800000, 0x0000000083800000, 0x0000000083900000|  0%| F|  |TS  0|AC  0|TAMS 0x0000000083800000, 0x0000000083800000|
|  27|0x0000000083900000, 0x0000000083900000, 0x0000000083a00000|  0%| F|  |TS  0|AC  0|TAMS 0x0000000083900000, 0x0000000083900000|
|  28|0x0000000083a00000, 0x0000000083a00000, 0x0000000083b00000|  0%| F|  |TS  0|AC  0|TAMS 0x0000000083a00000, 0x0000000083a00000|
|  29|0x0000000083b00000, 0x0000000083b00000, 0x0000000083c00000|  0%| F|  |TS  0|AC  0|TAMS 0x0000000083b00000, 0x0000000083b00000|
|  30|0x0000000083c00000, 0x0000000083c00000, 0x0000000083d00000|  0%| F|  |TS  0|AC  0|TAMS 0x0000000083c00000, 0x0000000083c00000|
|  31|0x0000000083d00000, 0x0000000083d00000, 0x0000000083e00000|  0%| F|  |TS  0|AC  0|TAMS 0x0000000083d00000, 0x0000000083d00000|
|  32|0x0000000083e00000, 0x0000000083e00000, 0x0000000083f00000|  0%| F|  |TS  0|AC  0|TAMS 0x0000000083e00000, 0x0000000083e00000|
|  33|0x0000000083f00000, 0x0000000083f00000, 0x0000000084000000|  0%| F|  |TS  0|AC  0|TAMS 0x0000000083f00000, 0x0000000083f00000|
|  34|0x0000000084000000, 0x0000000084000000, 0x0000000084100000|  0%| F|  |TS  0|AC  0|TAMS 0x0000000084000000, 0x0000000084000000|
|  35|0x0000000084100000, 0x0000000084100000, 0x0000000084200000|  0%| F|  |TS  0|AC  0|TAMS 0x0000000084100000, 0x0000000084100000|
|  36|0x0000000084200000, 0x0000000084200000, 0x0000000084300000|  0%| F|  |TS  0|AC  0|TAMS 0x0000000084200000, 0x0000000084200000|
|  37|0x0000000084300000, 0x0000000084300000, 0x0000000084400000|  0%| F|  |TS  0|AC  0|TAMS 0x0000000084300000, 0x0000000084300000|
|  38|0x0000000084400000, 0x0000000084400000, 0x0000000084500000|  0%| F|  |TS  0|AC  0|TAMS 0x0000000084400000, 0x0000000084400000|
|  39|0x0000000084500000, 0x0000000084500000, 0x0000000084600000|  0%| F|  |TS  0|AC  0|TAMS 0x0000000084500000, 0x0000000084500000|
|  40|0x0000000084600000, 0x0000000084600000, 0x0000000084700000|  0%| F|  |TS  0|AC  0|TAMS 0x0000000084600000, 0x0000000084600000|
|  41|0x0000000084700000, 0x0000000084700000, 0x0000000084800000|  0%| F|  |TS  0|AC  0|TAMS 0x0000000084700000, 0x0000000084700000|
|  42|0x0000000084800000, 0x0000000084800000, 0x0000000084900000|  0%| F|  |TS  3|AC  0|TAMS 0x0000000084800000, 0x0000000084800000|
|  43|0x0000000084900000, 0x0000000084900000, 0x0000000084a00000|  0%| F|  |TS  3|AC  0|TAMS 0x0000000084900000, 0x0000000084900000|
|  44|0x0000000084a00000, 0x0000000084a00000, 0x0000000084b00000|  0%| F|  |TS  3|AC  0|TAMS 0x0000000084a00000, 0x0000000084a00000|
|  45|0x0000000084b00000, 0x0000000084b00000, 0x0000000084c00000|  0%| F|  |TS  3|AC  0|TAMS 0x0000000084b00000, 0x0000000084b00000|
|  46|0x0000000084c00000, 0x0000000084c00000, 0x0000000084d00000|  0%| F|  |TS  3|AC  0|TAMS 0x0000000084c00000, 0x0000000084c00000|
|  47|0x0000000084d00000, 0x0000000084d00000, 0x0000000084e00000|  0%| F|  |TS  3|AC  0|TAMS 0x0000000084d00000, 0x0000000084d00000|
|  48|0x0000000084e00000, 0x0000000084e00000, 0x0000000084f00000|  0%| F|  |TS  3|AC  0|TAMS 0x0000000084e00000, 0x0000000084e00000|
|  49|0x0000000084f00000, 0x0000000084f00000, 0x0000000085000000|  0%| F|  |TS  3|AC  0|TAMS 0x0000000084f00000, 0x0000000084f00000|
|  50|0x0000000085000000, 0x0000000085000000, 0x0000000085100000|  0%| F|  |TS  3|AC  0|TAMS 0x0000000085000000, 0x0000000085000000|
|  51|0x0000000085100000, 0x0000000085100000, 0x0000000085200000|  0%| F|  |TS  3|AC  0|TAMS 0x0000000085100000, 0x0000000085100000|
|  52|0x0000000085200000, 0x0000000085200000, 0x0000000085300000|  0%| F|  |TS  1|AC  0|TAMS 0x0000000085200000, 0x0000000085200000|
|  53|0x0000000085300000, 0x0000000085300000, 0x0000000085400000|  0%| F|  |TS  1|AC  0|TAMS 0x0000000085300000, 0x0000000085300000|
|  54|0x0000000085400000, 0x0000000085400000, 0x0000000085500000|  0%| F|  |TS  1|AC  0|TAMS 0x0000000085400000, 0x0000000085400000|
|  55|0x0000000085500000, 0x0000000085500000, 0x0000000085600000|  0%| F|  |TS  1|AC  0|TAMS 0x0000000085500000, 0x0000000085500000|
|  56|0x0000000085600000, 0x0000000085600000, 0x0000000085700000|  0%| F|  |TS  1|AC  0|TAMS 0x0000000085600000, 0x0000000085600000|
|  57|0x0000000085700000, 0x0000000085700000, 0x0000000085800000|  0%| F|  |TS  1|AC  0|TAMS 0x0000000085700000, 0x0000000085700000|
|  58|0x0000000085800000, 0x00000000858b5150, 0x0000000085900000| 70%| S|CS|TS  3|AC  0|TAMS 0x0000000085800000, 0x0000000085800000|
|  59|0x0000000085900000, 0x0000000085a00000, 0x0000000085a00000|100%| S|CS|TS  3|AC  0|TAMS 0x0000000085900000, 0x0000000085900000|
|  60|0x0000000085a00000, 0x0000000085b00000, 0x0000000085b00000|100%| S|CS|TS  3|AC  0|TAMS 0x0000000085a00000, 0x0000000085a00000|
|  61|0x0000000085b00000, 0x0000000085c00000, 0x0000000085c00000|100%| S|CS|TS  3|AC  0|TAMS 0x0000000085b00000, 0x0000000085b00000|
|  62|0x0000000085c00000, 0x0000000085c00000, 0x0000000085d00000|  0%| F|  |TS  3|AC  0|TAMS 0x0000000085c00000, 0x0000000085c00000|
|  63|0x0000000085d00000, 0x0000000085d00000, 0x0000000085e00000|  0%| F|  |TS  3|AC  0|TAMS 0x0000000085d00000, 0x0000000085d00000|
|  64|0x0000000085e00000, 0x0000000085e00000, 0x0000000085f00000|  0%| F|  |TS  3|AC  0|TAMS 0x0000000085e00000, 0x0000000085e00000|
|  65|0x0000000085f00000, 0x0000000085f00000, 0x0000000086000000|  0%| F|  |TS  3|AC  0|TAMS 0x0000000085f00000, 0x0000000085f00000|
|  66|0x0000000086000000, 0x0000000086000000, 0x0000000086100000|  0%| F|  |TS  3|AC  0|TAMS 0x0000000086000000, 0x0000000086000000|
|  67|0x0000000086100000, 0x0000000086100000, 0x0000000086200000|  0%| F|  |TS  3|AC  0|TAMS 0x0000000086100000, 0x0000000086100000|
|  68|0x0000000086200000, 0x0000000086200000, 0x0000000086300000|  0%| F|  |TS  3|AC  0|TAMS 0x0000000086200000, 0x0000000086200000|
|  69|0x0000000086300000, 0x0000000086300000, 0x0000000086400000|  0%| F|  |TS  3|AC  0|TAMS 0x0000000086300000, 0x0000000086300000|
|  70|0x0000000086400000, 0x0000000086400000, 0x0000000086500000|  0%| F|  |TS  3|AC  0|TAMS 0x0000000086400000, 0x0000000086400000|
|  71|0x0000000086500000, 0x0000000086500000, 0x0000000086600000|  0%| F|  |TS  3|AC  0|TAMS 0x0000000086500000, 0x0000000086500000|
|  72|0x0000000086600000, 0x0000000086600000, 0x0000000086700000|  0%| F|  |TS  3|AC  0|TAMS 0x0000000086600000, 0x0000000086600000|
|  73|0x0000000086700000, 0x0000000086700000, 0x0000000086800000|  0%| F|  |TS  3|AC  0|TAMS 0x0000000086700000, 0x0000000086700000|
|  74|0x0000000086800000, 0x0000000086800000, 0x0000000086900000|  0%| F|  |TS  3|AC  0|TAMS 0x0000000086800000, 0x0000000086800000|
|  75|0x0000000086900000, 0x0000000086900000, 0x0000000086a00000|  0%| F|  |TS  3|AC  0|TAMS 0x0000000086900000, 0x0000000086900000|
|  76|0x0000000086a00000, 0x0000000086a00000, 0x0000000086b00000|  0%| F|  |TS  3|AC  0|TAMS 0x0000000086a00000, 0x0000000086a00000|
|  77|0x0000000086b00000, 0x0000000086b00000, 0x0000000086c00000|  0%| F|  |TS  3|AC  0|TAMS 0x0000000086b00000, 0x0000000086b00000|
|  78|0x0000000086c00000, 0x0000000086c00000, 0x0000000086d00000|  0%| F|  |TS  3|AC  0|TAMS 0x0000000086c00000, 0x0000000086c00000|
|  79|0x0000000086d00000, 0x0000000086d00000, 0x0000000086e00000|  0%| F|  |TS  3|AC  0|TAMS 0x0000000086d00000, 0x0000000086d00000|
|  80|0x0000000086e00000, 0x0000000086e00000, 0x0000000086f00000|  0%| F|  |TS  3|AC  0|TAMS 0x0000000086e00000, 0x0000000086e00000|
|  81|0x0000000086f00000, 0x0000000086f00000, 0x0000000087000000|  0%| F|  |TS  3|AC  0|TAMS 0x0000000086f00000, 0x0000000086f00000|
|  82|0x0000000087000000, 0x0000000087000000, 0x0000000087100000|  0%| F|  |TS  3|AC  0|TAMS 0x0000000087000000, 0x0000000087000000|
|  83|0x0000000087100000, 0x0000000087100000, 0x0000000087200000|  0%| F|  |TS  3|AC  0|TAMS 0x0000000087100000, 0x0000000087100000|
|  84|0x0000000087200000, 0x0000000087200000, 0x0000000087300000|  0%| F|  |TS  3|AC  0|TAMS 0x0000000087200000, 0x0000000087200000|
|  85|0x0000000087300000, 0x0000000087300000, 0x0000000087400000|  0%| F|  |TS  3|AC  0|TAMS 0x0000000087300000, 0x0000000087300000|
|  86|0x0000000087400000, 0x0000000087400000, 0x0000000087500000|  0%| F|  |TS  3|AC  0|TAMS 0x0000000087400000, 0x0000000087400000|
|  87|0x0000000087500000, 0x0000000087500000, 0x0000000087600000|  0%| F|  |TS  3|AC  0|TAMS 0x0000000087500000, 0x0000000087500000|
|  88|0x0000000087600000, 0x0000000087600000, 0x0000000087700000|  0%| F|  |TS  3|AC  0|TAMS 0x0000000087600000, 0x0000000087600000|
|  89|0x0000000087700000, 0x0000000087700000, 0x0000000087800000|  0%| F|  |TS  3|AC  0|TAMS 0x0000000087700000, 0x0000000087700000|
|  90|0x0000000087800000, 0x0000000087800000, 0x0000000087900000|  0%| F|  |TS  3|AC  0|TAMS 0x0000000087800000, 0x0000000087800000|
|  91|0x0000000087900000, 0x0000000087900000, 0x0000000087a00000|  0%| F|  |TS  3|AC  0|TAMS 0x0000000087900000, 0x0000000087900000|
|  92|0x0000000087a00000, 0x0000000087a00000, 0x0000000087b00000|  0%| F|  |TS  3|AC  0|TAMS 0x0000000087a00000, 0x0000000087a00000|
|  93|0x0000000087b00000, 0x0000000087b00000, 0x0000000087c00000|  0%| F|  |TS  3|AC  0|TAMS 0x0000000087b00000, 0x0000000087b00000|
|  94|0x0000000087c00000, 0x0000000087c00000, 0x0000000087d00000|  0%| F|  |TS  3|AC  0|TAMS 0x0000000087c00000, 0x0000000087c00000|
|  95|0x0000000087d00000, 0x0000000087d00000, 0x0000000087e00000|  0%| F|  |TS  3|AC  0|TAMS 0x0000000087d00000, 0x0000000087d00000|
|  96|0x0000000087e00000, 0x0000000087e00000, 0x0000000087f00000|  0%| F|  |TS  3|AC  0|TAMS 0x0000000087e00000, 0x0000000087e00000|
|  97|0x0000000087f00000, 0x0000000087f00000, 0x0000000088000000|  0%| F|  |TS  3|AC  0|TAMS 0x0000000087f00000, 0x0000000087f00000|
|  98|0x0000000088000000, 0x0000000088000000, 0x0000000088100000|  0%| F|  |TS  3|AC  0|TAMS 0x0000000088000000, 0x0000000088000000|
|  99|0x0000000088100000, 0x0000000088100000, 0x0000000088200000|  0%| F|  |TS  3|AC  0|TAMS 0x0000000088100000, 0x0000000088100000|
| 100|0x0000000088200000, 0x0000000088200000, 0x0000000088300000|  0%| F|  |TS  3|AC  0|TAMS 0x0000000088200000, 0x0000000088200000|
| 101|0x0000000088300000, 0x0000000088300000, 0x0000000088400000|  0%| F|  |TS  3|AC  0|TAMS 0x0000000088300000, 0x0000000088300000|
| 102|0x0000000088400000, 0x0000000088400000, 0x0000000088500000|  0%| F|  |TS  3|AC  0|TAMS 0x0000000088400000, 0x0000000088400000|
| 103|0x0000000088500000, 0x0000000088500000, 0x0000000088600000|  0%| F|  |TS  3|AC  0|TAMS 0x0000000088500000, 0x0000000088500000|
| 104|0x0000000088600000, 0x0000000088600000, 0x0000000088700000|  0%| F|  |TS  3|AC  0|TAMS 0x0000000088600000, 0x0000000088600000|
| 105|0x0000000088700000, 0x0000000088700000, 0x0000000088800000|  0%| F|  |TS  3|AC  0|TAMS 0x0000000088700000, 0x0000000088700000|
| 106|0x0000000088800000, 0x0000000088800000, 0x0000000088900000|  0%| F|  |TS  3|AC  0|TAMS 0x0000000088800000, 0x0000000088800000|
| 107|0x0000000088900000, 0x0000000088900000, 0x0000000088a00000|  0%| F|  |TS  3|AC  0|TAMS 0x0000000088900000, 0x0000000088900000|
| 108|0x0000000088a00000, 0x0000000088a00000, 0x0000000088b00000|  0%| F|  |TS  3|AC  0|TAMS 0x0000000088a00000, 0x0000000088a00000|
| 109|0x0000000088b00000, 0x0000000088b00000, 0x0000000088c00000|  0%| F|  |TS  3|AC  0|TAMS 0x0000000088b00000, 0x0000000088b00000|
| 110|0x0000000088c00000, 0x0000000088c00000, 0x0000000088d00000|  0%| F|  |TS  3|AC  0|TAMS 0x0000000088c00000, 0x0000000088c00000|
| 111|0x0000000088d00000, 0x0000000088d00000, 0x0000000088e00000|  0%| F|  |TS  3|AC  0|TAMS 0x0000000088d00000, 0x0000000088d00000|
| 112|0x0000000088e00000, 0x0000000088e00000, 0x0000000088f00000|  0%| F|  |TS  3|AC  0|TAMS 0x0000000088e00000, 0x0000000088e00000|
| 113|0x0000000088f00000, 0x0000000088f00000, 0x0000000089000000|  0%| F|  |TS  3|AC  0|TAMS 0x0000000088f00000, 0x0000000088f00000|
| 114|0x0000000089000000, 0x0000000089000000, 0x0000000089100000|  0%| F|  |TS  3|AC  0|TAMS 0x0000000089000000, 0x0000000089000000|
| 115|0x0000000089100000, 0x0000000089100000, 0x0000000089200000|  0%| F|  |TS  3|AC  0|TAMS 0x0000000089100000, 0x0000000089100000|
| 116|0x0000000089200000, 0x0000000089200000, 0x0000000089300000|  0%| F|  |TS  3|AC  0|TAMS 0x0000000089200000, 0x0000000089200000|
| 117|0x0000000089300000, 0x0000000089300000, 0x0000000089400000|  0%| F|  |TS  3|AC  0|TAMS 0x0000000089300000, 0x0000000089300000|
| 118|0x0000000089400000, 0x0000000089400000, 0x0000000089500000|  0%| F|  |TS  3|AC  0|TAMS 0x0000000089400000, 0x0000000089400000|
| 119|0x0000000089500000, 0x0000000089500000, 0x0000000089600000|  0%| F|  |TS  3|AC  0|TAMS 0x0000000089500000, 0x0000000089500000|
| 120|0x0000000089600000, 0x0000000089600000, 0x0000000089700000|  0%| F|  |TS  3|AC  0|TAMS 0x0000000089600000, 0x0000000089600000|
| 121|0x0000000089700000, 0x0000000089700000, 0x0000000089800000|  0%| F|  |TS  3|AC  0|TAMS 0x0000000089700000, 0x0000000089700000|
| 122|0x0000000089800000, 0x0000000089800000, 0x0000000089900000|  0%| F|  |TS  3|AC  0|TAMS 0x0000000089800000, 0x0000000089800000|
| 123|0x0000000089900000, 0x0000000089900000, 0x0000000089a00000|  0%| F|  |TS  3|AC  0|TAMS 0x0000000089900000, 0x0000000089900000|
| 124|0x0000000089a00000, 0x0000000089a00000, 0x0000000089b00000|  0%| F|  |TS  3|AC  0|TAMS 0x0000000089a00000, 0x0000000089a00000|
| 125|0x0000000089b00000, 0x0000000089b00000, 0x0000000089c00000|  0%| F|  |TS  3|AC  0|TAMS 0x0000000089b00000, 0x0000000089b00000|
| 126|0x0000000089c00000, 0x0000000089c00000, 0x0000000089d00000|  0%| F|  |TS  3|AC  0|TAMS 0x0000000089c00000, 0x0000000089c00000|
| 127|0x0000000089d00000, 0x0000000089d00000, 0x0000000089e00000|  0%| F|  |TS  3|AC  0|TAMS 0x0000000089d00000, 0x0000000089d00000|

Card table byte_map: [0x000001bd7a0b0000,0x000001bd7a4b0000] byte_map_base: 0x000001bd79ca1000

Marking Bits (Prev, Next): (CMBitMap*) 0x000001bd6025e718, (CMBitMap*) 0x000001bd6025e6e0
 Prev Bits: [0x000001bd7c840000, 0x000001bd7e7c8000)
 Next Bits: [0x000001bd7a8b0000, 0x000001bd7c838000)

Polling page: 0x000001bd61af0000

CodeHeap 'non-profiled nmethods': size=238912Kb used=5251Kb max_used=5251Kb free=233660Kb
 bounds [0x000001bd6aa50000, 0x000001bd6af80000, 0x000001bd793a0000]
CodeHeap 'non-nmethods': size=6848Kb used=2428Kb max_used=2428Kb free=4419Kb
 bounds [0x000001bd6a3a0000, 0x000001bd6a610000, 0x000001bd6aa50000]
 total_blobs=3687 nmethods=3181 adapters=414
 compilation: enabled

Compilation events (10 events):
Event: 2.433 Thread 0x000001bd7f6e5000 nmethod 3177 0x000001bd6af6d890 code [0x000001bd6af6daa0, 0x000001bd6af6df60]
Event: 2.434 Thread 0x000001bd7f703800 nmethod 3176 0x000001bd6af6e210 code [0x000001bd6af6e560, 0x000001bd6af6f200]
Event: 2.439 Thread 0x000001bd7f6e1000 3178       1       org.springframework.beans.factory.support.AbstractAutowireCapableBeanFactory::predictBeanType (126 bytes)
Event: 2.439 Thread 0x000001bd7f6e5000 3179       1       org.springframework.beans.factory.support.AbstractAutowireCapableBeanFactory::determineTargetType (60 bytes)
Event: 2.439 Thread 0x000001bd7f703800 3180       1       org.springframework.core.SimpleAliasRegistry::isAlias (11 bytes)
Event: 2.439 Thread 0x000001bd7f703800 nmethod 3180 0x000001bd6af6f890 code [0x000001bd6af6fa40, 0x000001bd6af6fb90]
Event: 2.440 Thread 0x000001bd7f703800 3181       1       org.springframework.beans.factory.support.AbstractBeanDefinition::hasBeanClass (8 bytes)
Event: 2.440 Thread 0x000001bd7f703800 nmethod 3181 0x000001bd6af6fc10 code [0x000001bd6af6fdc0, 0x000001bd6af6ff18]
Event: 2.440 Thread 0x000001bd7f6e5000 nmethod 3179 0x000001bd6af6ff90 code [0x000001bd6af70160, 0x000001bd6af70420]
Event: 2.440 Thread 0x000001bd7f6e1000 nmethod 3178 0x000001bd6af70590 code [0x000001bd6af707a0, 0x000001bd6af70bc0]

GC Heap History (9 events):
Event: 0.509 GC heap before
{Heap before GC invocations=0 (full 0):
 garbage-first heap   total 131072K, used 14336K [0x0000000081e00000, 0x0000000081f00400, 0x0000000100000000)
  region size 1024K, 14 young (14336K), 0 survivors (0K)
 Metaspace       used 9354K, capacity 9742K, committed 9856K, reserved 1058816K
  class space    used 960K, capacity 1050K, committed 1152K, reserved 1048576K
}
Event: 0.513 GC heap after
{Heap after GC invocations=1 (full 0):
 garbage-first heap   total 131072K, used 5159K [0x0000000081e00000, 0x0000000081f00400, 0x0000000100000000)
  region size 1024K, 2 young (2048K), 2 survivors (2048K)
 Metaspace       used 9354K, capacity 9742K, committed 9856K, reserved 1058816K
  class space    used 960K, capacity 1050K, committed 1152K, reserved 1048576K
}
Event: 1.164 GC heap before
{Heap before GC invocations=1 (full 0):
 garbage-first heap   total 131072K, used 80935K [0x0000000081e00000, 0x0000000081f00400, 0x0000000100000000)
  region size 1024K, 76 young (77824K), 2 survivors (2048K)
 Metaspace       used 17314K, capacity 18422K, committed 18688K, reserved 1064960K
  class space    used 1967K, capacity 2210K, committed 2304K, reserved 1048576K
}
Event: 1.174 GC heap after
{Heap after GC invocations=2 (full 0):
 garbage-first heap   total 131072K, used 11099K [0x0000000081e00000, 0x0000000081f00400, 0x0000000100000000)
  region size 1024K, 8 young (8192K), 8 survivors (8192K)
 Metaspace       used 17314K, capacity 18422K, committed 18688K, reserved 1064960K
  class space    used 1967K, capacity 2210K, committed 2304K, reserved 1048576K
}
Event: 1.335 GC heap before
{Heap before GC invocations=2 (full 0):
 garbage-first heap   total 131072K, used 40795K [0x0000000081e00000, 0x0000000081f00400, 0x0000000100000000)
  region size 1024K, 38 young (38912K), 8 survivors (8192K)
 Metaspace       used 20066K, capacity 21232K, committed 21296K, reserved 1069056K
  class space    used 2451K, capacity 2677K, committed 2688K, reserved 1048576K
}
Event: 1.343 GC heap after
{Heap after GC invocations=3 (full 0):
 garbage-first heap   total 131072K, used 11275K [0x0000000081e00000, 0x0000000081f00400, 0x0000000100000000)
  region size 1024K, 4 young (4096K), 4 survivors (4096K)
 Metaspace       used 20066K, capacity 21232K, committed 21296K, reserved 1069056K
  class space    used 2451K, capacity 2677K, committed 2688K, reserved 1048576K
}
Event: 2.148 GC heap before
{Heap before GC invocations=4 (full 0):
 garbage-first heap   total 131072K, used 85003K [0x0000000081e00000, 0x0000000081f00400, 0x0000000100000000)
  region size 1024K, 76 young (77824K), 4 survivors (4096K)
 Metaspace       used 27279K, capacity 28930K, committed 29184K, reserved 1075200K
  class space    used 3373K, capacity 3716K, committed 3840K, reserved 1048576K
}
Event: 2.159 GC heap after
{Heap after GC invocations=5 (full 0):
 garbage-first heap   total 131072K, used 19976K [0x0000000081e00000, 0x0000000081f00400, 0x0000000100000000)
  region size 1024K, 10 young (10240K), 10 survivors (10240K)
 Metaspace       used 27279K, capacity 28930K, committed 29184K, reserved 1075200K
  class space    used 3373K, capacity 3716K, committed 3840K, reserved 1048576K
}
Event: 2.441 GC heap before
{Heap before GC invocations=5 (full 0):
 garbage-first heap   total 131072K, used 87560K [0x0000000081e00000, 0x0000000081f00400, 0x0000000100000000)
  region size 1024K, 76 young (77824K), 10 survivors (10240K)
 Metaspace       used 28094K, capacity 29796K, committed 30080K, reserved 1075200K
  class space    used 3505K, capacity 3881K, committed 3968K, reserved 1048576K
}

Deoptimization events (0 events):
No events

Classes redefined (0 events):
No events

Internal exceptions (10 events):
Event: 1.573 Thread 0x000001bd02597800 Exception <a 'java/lang/NoClassDefFoundError'{0x00000000885275a8}: reactor/adapter/JdkFlowAdapter> (0x00000000885275a8) thrown at [c:/jenkins/workspace/zulu9-silver-build-win64/zulu-src/hotspot/src/share/vm/classfile/systemDictionary.cpp, line 207]
Event: 1.588 Thread 0x000001bd030c8800 Exception <a 'java/lang/NoSuchMethodError'{0x00000000884efbc8}: java.lang.invoke.DirectMethodHandle$Holder.invokeSpecial(Ljava/lang/Object;Ljava/lang/Object;)J> (0x00000000884efbc8) thrown at [c:/jenkins/workspace/zulu9-silver-build-win64/zulu-src/hotspot
Event: 1.591 Thread 0x000001bd030c8800 Exception <a 'java/lang/NoSuchMethodError'{0x0000000088379818}: java.lang.invoke.DirectMethodHandle$Holder.invokeStatic(Ljava/lang/Object;Ljava/lang/Object;)J> (0x0000000088379818) thrown at [c:/jenkins/workspace/zulu9-silver-build-win64/zulu-src/hotspot/
Event: 1.591 Thread 0x000001bd030c8800 Exception <a 'java/lang/NoSuchMethodError'{0x000000008837c698}: java.lang.invoke.DirectMethodHandle$Holder.invokeStaticInit(Ljava/lang/Object;Ljava/lang/Object;)J> (0x000000008837c698) thrown at [c:/jenkins/workspace/zulu9-silver-build-win64/zulu-src/hots
Event: 1.594 Thread 0x000001bd030c8800 Exception <a 'java/lang/NoSuchMethodError'{0x00000000883b3190}: java.lang.invoke.DirectMethodHandle$Holder.invokeInterface(Ljava/lang/Object;Ljava/lang/Object;)J> (0x00000000883b3190) thrown at [c:/jenkins/workspace/zulu9-silver-build-win64/zulu-src/hotsp
Event: 1.594 Thread 0x000001bd030c8800 Exception <a 'java/lang/IncompatibleClassChangeError'{0x00000000883b5f80}: Found class java.lang.Object, but interface was expected> (0x00000000883b5f80) thrown at [c:/jenkins/workspace/zulu9-silver-build-win64/zulu-src/hotspot/src/share/vm/interpreter/li
Event: 1.961 Thread 0x000001bd03197800 Exception <a 'java/lang/reflect/InvocationTargetException'{0x00000000864bda30}> (0x00000000864bda30) thrown at [c:/jenkins/workspace/zulu9-silver-build-win64/zulu-src/hotspot/src/share/vm/runtime/reflection.cpp, line 1213]
Event: 2.003 Thread 0x000001bd02597800 Exception <a 'java/lang/NoSuchMethodError'{0x0000000085d830c8}: java.lang.invoke.DirectMethodHandle$Holder.invokeStatic(Ljava/lang/Object;Ljava/lang/Object;Ljava/lang/Object;Ljava/lang/Object;)I> (0x0000000085d830c8) thrown at [c:/jenkins/workspace/zulu9-
Event: 2.113 Thread 0x000001bd02597800 Exception <a 'java/lang/NoSuchMethodError'{0x00000000854e6220}: method resolution failed> (0x00000000854e6220) thrown at [c:/jenkins/workspace/zulu9-silver-build-win64/zulu-src/hotspot/src/share/vm/prims/methodHandles.cpp, line 1256]
Event: 2.410 Thread 0x000001bd02597800 Exception <a 'java/lang/NoSuchMethodError'{0x0000000086083ef8}: java.lang.invoke.DirectMethodHandle$Holder.invokeInterface(Ljava/lang/Object;Ljava/lang/Object;Ljava/lang/Object;Ljava/lang/Object;)V> (0x0000000086083ef8) thrown at [c:/jenkins/workspace/zul

Events (10 events):
Event: 2.439 loading class org/springframework/boot/web/server/WebServerFactoryCustomizerBeanPostProcessor done
Event: 2.440 loading class org/springframework/boot/web/embedded/tomcat/TomcatServletWebServerFactory
Event: 2.440 loading class org/springframework/boot/web/embedded/tomcat/TomcatServletWebServerFactory done
Event: 2.440 loading class org/springframework/boot/web/embedded/tomcat/ConfigurableTomcatWebServerFactory
Event: 2.440 loading class org/springframework/boot/web/embedded/tomcat/ConfigurableTomcatWebServerFactory done
Event: 2.440 loading class org/springframework/boot/web/server/ConfigurableWebServerFactory
Event: 2.440 loading class org/springframework/boot/web/server/ConfigurableWebServerFactory done
Event: 2.441 loading class org/springframework/boot/web/server/WebServerFactory
Event: 2.441 loading class org/springframework/boot/web/server/WebServerFactory done
Event: 2.441 Executing VM operation: G1IncCollectionPause


Dynamic libraries:
0x00007ff717fc0000 - 0x00007ff717ffd000 	C:\Users\fun4l\.sdkman\candidates\java\9.0.7-zulu\bin\java.exe
0x00007ffc5d490000 - 0x00007ffc5d671000 	C:\WINDOWS\SYSTEM32\ntdll.dll
0x00007ffc5c4a0000 - 0x00007ffc5c552000 	C:\WINDOWS\System32\KERNEL32.DLL
0x00007ffc59df0000 - 0x00007ffc5a063000 	C:\WINDOWS\System32\KERNELBASE.dll
0x00007ffc5c260000 - 0x00007ffc5c3f0000 	C:\WINDOWS\System32\USER32.dll
0x00007ffc59dd0000 - 0x00007ffc59df0000 	C:\WINDOWS\System32\win32u.dll
0x00007ffc5c560000 - 0x00007ffc5c588000 	C:\WINDOWS\System32\GDI32.dll
0x00007ffc59940000 - 0x00007ffc59ad2000 	C:\WINDOWS\System32\gdi32full.dll
0x00007ffc5a070000 - 0x00007ffc5a10f000 	C:\WINDOWS\System32\msvcp_win.dll
0x00007ffc5a110000 - 0x00007ffc5a20a000 	C:\WINDOWS\System32\ucrtbase.dll
0x00007ffc402f0000 - 0x00007ffc40559000 	C:\WINDOWS\WinSxS\amd64_microsoft.windows.common-controls_6595b64144ccf1df_6.0.17134.228_none_fb4599993062b194\COMCTL32.dll
0x00007ffc5c8c0000 - 0x00007ffc5c95e000 	C:\WINDOWS\System32\msvcrt.dll
0x00007ffc5bf30000 - 0x00007ffc5c253000 	C:\WINDOWS\System32\combase.dll
0x00007ffc5c590000 - 0x00007ffc5c6b4000 	C:\WINDOWS\System32\RPCRT4.dll
0x00007ffc59860000 - 0x00007ffc598da000 	C:\WINDOWS\System32\bcryptPrimitives.dll
0x00007ffc5c470000 - 0x00007ffc5c49d000 	C:\WINDOWS\System32\IMM32.DLL
0x00007ffc1e930000 - 0x00007ffc1ea1f000 	C:\Users\fun4l\.sdkman\candidates\java\9.0.7-zulu\bin\msvcr120.dll
0x00007ffc20680000 - 0x00007ffc20726000 	C:\Users\fun4l\.sdkman\candidates\java\9.0.7-zulu\bin\msvcp120.dll
0x0000000069fe0000 - 0x000000006a994000 	C:\Users\fun4l\.sdkman\candidates\java\9.0.7-zulu\bin\server\jvm.dll
0x00007ffc5d180000 - 0x00007ffc5d221000 	C:\WINDOWS\System32\ADVAPI32.dll
0x00007ffc5c6c0000 - 0x00007ffc5c71b000 	C:\WINDOWS\System32\sechost.dll
0x00007ffc5c960000 - 0x00007ffc5c968000 	C:\WINDOWS\System32\PSAPI.DLL
0x00007ffc41e80000 - 0x00007ffc41e89000 	C:\WINDOWS\SYSTEM32\WSOCK32.dll
0x00007ffc5c400000 - 0x00007ffc5c46c000 	C:\WINDOWS\System32\WS2_32.dll
0x00007ffc538c0000 - 0x00007ffc538e3000 	C:\WINDOWS\SYSTEM32\WINMM.dll
0x00007ffc54b90000 - 0x00007ffc54b9a000 	C:\WINDOWS\SYSTEM32\VERSION.dll
0x00007ffc53890000 - 0x00007ffc538ba000 	C:\WINDOWS\SYSTEM32\WINMMBASE.dll
0x00007ffc59b90000 - 0x00007ffc59bd9000 	C:\WINDOWS\System32\cfgmgr32.dll
0x00007ffc56680000 - 0x00007ffc5668f000 	C:\Users\fun4l\.sdkman\candidates\java\9.0.7-zulu\bin\verify.dll
0x00007ffc35620000 - 0x00007ffc35647000 	C:\Users\fun4l\.sdkman\candidates\java\9.0.7-zulu\bin\java.dll
0x00007ffc355d0000 - 0x00007ffc355fa000 	C:\Users\fun4l\.sdkman\candidates\java\9.0.7-zulu\bin\instrument.dll
0x00007ffc35600000 - 0x00007ffc35616000 	C:\Users\fun4l\.sdkman\candidates\java\9.0.7-zulu\bin\zip.dll
0x00007ffc4c720000 - 0x00007ffc4c72a000 	C:\Users\fun4l\.sdkman\candidates\java\9.0.7-zulu\bin\jimage.dll
0x00007ffc5aaf0000 - 0x00007ffc5bf30000 	C:\WINDOWS\System32\SHELL32.dll
0x00007ffc5ceb0000 - 0x00007ffc5cf59000 	C:\WINDOWS\System32\shcore.dll
0x00007ffc5a210000 - 0x00007ffc5a91d000 	C:\WINDOWS\System32\windows.storage.dll
0x00007ffc5d400000 - 0x00007ffc5d451000 	C:\WINDOWS\System32\shlwapi.dll
0x00007ffc597d0000 - 0x00007ffc597e1000 	C:\WINDOWS\System32\kernel.appcore.dll
0x00007ffc597f0000 - 0x00007ffc5980f000 	C:\WINDOWS\System32\profapi.dll
0x00007ffc59810000 - 0x00007ffc5985c000 	C:\WINDOWS\System32\powrprof.dll
0x00007ffc597a0000 - 0x00007ffc597aa000 	C:\WINDOWS\System32\FLTLIB.DLL
0x00007ffc35380000 - 0x00007ffc3539a000 	C:\Users\fun4l\.sdkman\candidates\java\9.0.7-zulu\bin\net.dll
0x00007ffc52f80000 - 0x00007ffc5305c000 	C:\WINDOWS\SYSTEM32\WINHTTP.dll
0x00007ffc59020000 - 0x00007ffc59086000 	C:\WINDOWS\system32\mswsock.dll
0x00007ffc34dd0000 - 0x00007ffc34de1000 	C:\Users\fun4l\.sdkman\candidates\java\9.0.7-zulu\bin\nio.dll
0x00007ffc31260000 - 0x00007ffc3127a000 	L:\JetBrains\IntelliJ IDEA 2018.2.1\bin\breakgen64.dll
0x00007ffc3d270000 - 0x00007ffc3d279000 	C:\Users\fun4l\.sdkman\candidates\java\9.0.7-zulu\bin\management.dll
0x00007ffc3d130000 - 0x00007ffc3d13a000 	C:\Users\fun4l\.sdkman\candidates\java\9.0.7-zulu\bin\management_ext.dll
0x00007ffc408b0000 - 0x00007ffc408c6000 	C:\WINDOWS\system32\napinsp.dll
0x00007ffc40890000 - 0x00007ffc408aa000 	C:\WINDOWS\system32\pnrpnsp.dll
0x00007ffc56640000 - 0x00007ffc56659000 	C:\WINDOWS\system32\NLAapi.dll
0x00007ffc58de0000 - 0x00007ffc58e9e000 	C:\WINDOWS\SYSTEM32\DNSAPI.dll
0x00007ffc5a920000 - 0x00007ffc5a928000 	C:\WINDOWS\System32\NSI.dll
0x00007ffc58da0000 - 0x00007ffc58dd8000 	C:\WINDOWS\SYSTEM32\IPHLPAPI.DLL
0x00007ffc409c0000 - 0x00007ffc409ce000 	C:\WINDOWS\System32\winrnr.dll
0x00007ffc53bf0000 - 0x00007ffc53bfa000 	C:\Windows\System32\rasadhlp.dll
0x00007ffc52f00000 - 0x00007ffc52f72000 	C:\WINDOWS\System32\fwpuclnt.dll
0x00007ffc59300000 - 0x00007ffc59325000 	C:\WINDOWS\SYSTEM32\bcrypt.dll
0x00007ffc591d0000 - 0x00007ffc591e7000 	C:\WINDOWS\SYSTEM32\CRYPTSP.dll
0x00007ffc58c00000 - 0x00007ffc58c33000 	C:\WINDOWS\system32\rsaenh.dll
0x00007ffc596d0000 - 0x00007ffc596f8000 	C:\WINDOWS\SYSTEM32\USERENV.dll
0x00007ffc591f0000 - 0x00007ffc591fb000 	C:\WINDOWS\SYSTEM32\CRYPTBASE.dll
0x00007ffc54940000 - 0x00007ffc54956000 	C:\WINDOWS\SYSTEM32\dhcpcsvc6.DLL
0x00007ffc54980000 - 0x00007ffc5499a000 	C:\WINDOWS\SYSTEM32\dhcpcsvc.DLL
0x00007ffc3f2b0000 - 0x00007ffc3f479000 	C:\WINDOWS\SYSTEM32\dbghelp.dll

VM Arguments:
jvm_args: -XX:TieredStopAtLevel=1 -Xverify:none -Dspring.output.ansi.enabled=always -Dcom.sun.management.jmxremote -Dcom.sun.management.jmxremote.port=56187 -Dcom.sun.management.jmxremote.authenticate=false -Dcom.sun.management.jmxremote.ssl=false -Djava.rmi.server.hostname=localhost -Dspring.liveBeansView.mbeanDomain -Dspring.application.admin.enabled=true -javaagent:L:\JetBrains\IntelliJ IDEA 2018.2.1\lib\idea_rt.jar=56188:L:\JetBrains\IntelliJ IDEA 2018.2.1\bin -Dfile.encoding=UTF-8 
java_command: ru.lanit.springboot.afisha.AfishaApplication
java_class_path (initial): C:\Users\fun4l\dev\study\Lanit\SpringBootAfisha\target\classes;C:\Users\fun4l\.m2\repository\org\springframework\boot\spring-boot-starter-web\2.0.3.RELEASE\spring-boot-starter-web-2.0.3.RELEASE.jar;C:\Users\fun4l\.m2\repository\org\springframework\boot\spring-boot-starter\2.0.3.RELEASE\spring-boot-starter-2.0.3.RELEASE.jar;C:\Users\fun4l\.m2\repository\org\springframework\boot\spring-boot-starter-logging\2.0.3.RELEASE\spring-boot-starter-logging-2.0.3.RELEASE.jar;C:\Users\fun4l\.m2\repository\ch\qos\logback\logback-classic\1.2.3\logback-classic-1.2.3.jar;C:\Users\fun4l\.m2\repository\ch\qos\logback\logback-core\1.2.3\logback-core-1.2.3.jar;C:\Users\fun4l\.m2\repository\org\apache\logging\log4j\log4j-to-slf4j\2.10.0\log4j-to-slf4j-2.10.0.jar;C:\Users\fun4l\.m2\repository\org\apache\logging\log4j\log4j-api\2.10.0\log4j-api-2.10.0.jar;C:\Users\fun4l\.m2\repository\org\slf4j\jul-to-slf4j\1.7.25\jul-to-slf4j-1.7.25.jar;C:\Users\fun4l\.m2\repository\javax\annotation\javax.annotation-api\1.3.2\javax.annotation-api-1.3.2.jar;C:\Users\fun4l\.m2\repository\org\yaml\snakeyaml\1.19\snakeyaml-1.19.jar;C:\Users\fun4l\.m2\repository\org\springframework\boot\spring-boot-starter-json\2.0.3.RELEASE\spring-boot-starter-json-2.0.3.RELEASE.jar;C:\Users\fun4l\.m2\repository\com\fasterxml\jackson\core\jackson-databind\2.9.6\jackson-databind-2.9.6.jar;C:\Users\fun4l\.m2\repository\com\fasterxml\jackson\core\jackson-annotations\2.9.0\jackson-annotations-2.9.0.jar;C:\Users\fun4l\.m2\repository\com\fasterxml\jackson\core\jackson-core\2.9.6\jackson-core-2.9.6.jar;C:\Users\fun4l\.m2\repository\com\fasterxml\jackson\datatype\jackson-datatype-jdk8\2.9.6\jackson-datatype-jdk8-2.9.6.jar;C:\Users\fun4l\.m2\repository\com\fasterxml\jackson\datatype\jackson-datatype-jsr310\2.9.6\jackson-datatype-jsr310-2.9.6.jar;C:\Users\fun4l\.m2\repository\com\fasterxml\jackson\module\jackson-module-parameter-names\2.9.6\jackson-module-parameter-names-2.9.6.jar;C:\Users\fun4l\.m2\reposit
Launcher Type: SUN_STANDARD

Logging:
Log output configuration:
#0: stdout all=warning uptime,level,tags
#1: stderr all=off uptime,level,tags

Environment Variables:
JAVA_HOME=C:\Program Files\Java\jdk-9.0.4
PATH=C:\ProgramData\Oracle\Java\javapath;C:\Program Files (x86)\Common Files\Intel\Shared Files\cpp\bin\Intel64;C:\Program Files (x86)\Intel\iCLS Client\;C:\Program Files\Intel\iCLS Client\;C:\WINDOWS\system32;C:\WINDOWS;C:\WINDOWS\System32\Wbem;C:\WINDOWS\System32\WindowsPowerShell\v1.0\;C:\Program Files (x86)\NVIDIA Corporation\PhysX\Common;C:\Program Files (x86)\Intel\Intel(R) Management Engine Components\DAL;C:\Program Files\Intel\Intel(R) Management Engine Components\DAL;C:\Program Files (x86)\Intel\Intel(R) Management Engine Components\IPT;C:\Program Files\Intel\Intel(R) Management Engine Components\IPT;L:\MATLAB\R2016b\runtime\win64;L:\MATLAB\R2016b\bin;L:\MATLAB\R2016b\polyspace\bin;C:\Program Files\Microsoft SQL Server\Client SDK\ODBC\110\Tools\Binn\;C:\Program Files (x86)\Microsoft SQL Server\120\Tools\Binn\;C:\Program Files\Microsoft SQL Server\120\Tools\Binn\;C:\Program Files\Microsoft SQL Server\120\DTS\Binn\;C:\Program Files (x86)\Windows Kits\8.1\Windows Performance Toolkit\;C:\WINDOWS\system32;C:\WINDOWS;C:\WINDOWS\System32\Wbem;C:\WINDOWS\System32\WindowsPowerShell\v1.0\;C:\Program Files\Java\jdk-9.0.4\bin;C:\Program Files\Git\cmd;C:\Program Files\Git\mingw64\bin;C:\Program Files\Git\usr\bin;C:\ProgramData\chocolatey\bin;;C:\WINDOWS\System32\OpenSSH\;C:\Users\fun4l\AppData\Local\Microsoft\WindowsApps
USERNAME=fun4l
OS=Windows_NT
PROCESSOR_IDENTIFIER=Intel64 Family 6 Model 158 Stepping 9, GenuineIntel



---------------  S Y S T E M  ---------------

OS: Windows 10 , 64 bit Build 17134 (10.0.17134.1)

CPU:total 4 (initial active 4) (4 cores per cpu, 1 threads per core) family 6 model 158 stepping 9, cmov, cx8, fxsr, mmx, sse, sse2, sse3, ssse3, sse4.1, sse4.2, popcnt, avx, avx2, aes, clmul, erms, 3dnowpref, lzcnt, tsc, tscinvbit, bmi1, bmi2, adx, fma

Memory: 4k page, physical 8260772k(1682884k free), swap 8260772k(14800k free)

vm_info: OpenJDK 64-Bit Server VM (9.0.7.1+1) for windows-amd64 JRE (9.0.7.1+1), built on Apr  6 2018 03:06:52 by "" with MS VC++ 12.0 (VS2013)

END.
