#
# There is insufficient memory for the Java Runtime Environment to continue.
# Native memory allocation (mmap) failed to map 32505856 bytes for Failed to commit area from 0x000000008b800000 to 0x000000008d700000 of length 32505856.
# Possible reasons:
#   The system is out of physical RAM or swap space
#   The process is running with CompressedOops enabled, and the Java Heap may be blocking the growth of the native heap
# Possible solutions:
#   Reduce memory load on the system
#   Increase physical memory or swap space
#   Check if swap backing store is full
#   Decrease Java heap size (-Xmx/-Xms)
#   Decrease number of Java threads
#   Decrease Java thread stack sizes (-Xss)
#   Set larger code cache with -XX:ReservedCodeCacheSize=
#   JVM is running with Unscaled Compressed Oops mode in which the Java heap is
#     placed in the first 4GB address space. The Java Heap base address is the
#     maximum limit for the native heap growth. Please use -XX:HeapBaseMinAddress
#     to set the Java Heap base and to place the Java Heap above 4GB virtual address.
# This output file may be truncated or incomplete.
#
#  Out of Memory Error (c:/jenkins/workspace/zulu9-silver-build-win64/zulu-src/hotspot/src/os/windows/vm/os_windows.cpp:3357), pid=9700, tid=220
#
# JRE version: OpenJDK Runtime Environment (9.0.1+1) (build 9.0.7.1+1)
# Java VM: OpenJDK 64-Bit Server VM (9.0.7.1+1, mixed mode, tiered, compressed oops, g1 gc, windows-amd64)
# No core dump will be written. Minidumps are not enabled by default on client versions of Windows
#

---------------  S U M M A R Y ------------

Command Line: -XX:TieredStopAtLevel=1 -Xverify:none -Dspring.output.ansi.enabled=always -Dcom.sun.management.jmxremote -Dcom.sun.management.jmxremote.port=56975 -Dcom.sun.management.jmxremote.authenticate=false -Dcom.sun.management.jmxremote.ssl=false -Djava.rmi.server.hostname=localhost -Dspring.liveBeansView.mbeanDomain -Dspring.application.admin.enabled=true -javaagent:L:\JetBrains\IntelliJ IDEA 2018.2.1\lib\idea_rt.jar=56976:L:\JetBrains\IntelliJ IDEA 2018.2.1\bin -Dfile.encoding=UTF-8 ru.lanit.springboot.afisha.AfishaApplication

Host: Intel(R) Core(TM) i5-7300HQ CPU @ 2.50GHz, 4 cores, 7G,  Windows 10 , 64 bit Build 17134 (10.0.17134.1)
Time: Wed Aug 29 12:02:09 2018 RTZ 2 (ceia) elapsed time: 4 seconds (0d 0h 0m 4s)

---------------  T H R E A D  ---------------

Current thread (0x00000237ff257800):  VMThread "VM Thread" [stack: 0x000000e740300000,0x000000e740400000] [id=220]

Stack: [0x000000e740300000,0x000000e740400000]
[error occurred during error reporting (printing stack bounds), id 0xe0000002]

Native frames: (J=compiled Java code, j=interpreted, Vv=VM code, C=native code)
V  [jvm.dll+0x541df8]
V  [jvm.dll+0x65172e]
V  [jvm.dll+0x65263a]
V  [jvm.dll+0x6521d5]
V  [jvm.dll+0x652bcb]
V  [jvm.dll+0x541666]
V  [jvm.dll+0x541a28]
C  [ntdll.dll+0x9eced]
C  [ntdll.dll+0x6c86]
C  [ntdll.dll+0x9dc1e]
C  0x0000023780000b2a

VM_Operation (0x000000e7418fb3b0): G1IncCollectionPause, mode: safepoint, requested by thread 0x000002379378e800


---------------  P R O C E S S  ---------------

Java Threads: ( => current thread )
  0x0000023792fa2000 JavaThread "HikariPool-1 connection adder" daemon [_thread_blocked, id=8752, stack(0x000000e742000000,0x000000e742100000)]
  0x0000023792fa1800 JavaThread "HikariPool-1 housekeeper" daemon [_thread_blocked, id=8104, stack(0x000000e741f00000,0x000000e742000000)]
  0x0000023792fa0800 JavaThread "Abandoned connection cleanup thread" daemon [_thread_blocked, id=5776, stack(0x000000e741d00000,0x000000e741e00000)]
  0x0000023792f9f000 JavaThread "container-0" [_thread_blocked, id=8396, stack(0x000000e741c00000,0x000000e741d00000)]
  0x0000023792fa0000 JavaThread "ContainerBackgroundProcessor[StandardEngine[Tomcat]]" daemon [_thread_blocked, id=12712, stack(0x000000e741b00000,0x000000e741c00000)]
  0x0000023792fa6000 JavaThread "localhost-startStop-1" daemon [_thread_blocked, id=11800, stack(0x000000e741a00000,0x000000e741b00000)]
  0x0000023792fa5000 JavaThread "Tomcat-startStop-1" daemon [_thread_blocked, id=12576, stack(0x000000e741900000,0x000000e741a00000)]
  0x000002379378e800 JavaThread "restartedMain" [_thread_blocked, id=12896, stack(0x000000e741800000,0x000000e741900000)]
  0x0000023793565800 JavaThread "Thread-0" [_thread_blocked, id=2432, stack(0x000000e741700000,0x000000e741800000)]
  0x0000023793551000 JavaThread "RMI Scheduler(0)" daemon [_thread_blocked, id=4108, stack(0x000000e741600000,0x000000e741700000)]
  0x000002379354c800 JavaThread "RMI TCP Connection(2)-127.0.0.1" daemon [_thread_in_native, id=3752, stack(0x000000e741500000,0x000000e741600000)]
  0x00000237934d3000 JavaThread "RMI TCP Connection(1)-127.0.0.1" daemon [_thread_in_native, id=9356, stack(0x000000e741400000,0x000000e741500000)]
  0x000002379334b000 JavaThread "RMI TCP Accept-0" daemon [_thread_in_native, id=4928, stack(0x000000e741200000,0x000000e741300000)]
  0x0000023793342800 JavaThread "RMI TCP Accept-56975" daemon [_thread_in_native, id=8704, stack(0x000000e741100000,0x000000e741200000)]
  0x000002379334c000 JavaThread "RMI TCP Accept-0" daemon [_thread_in_native, id=8212, stack(0x000000e741000000,0x000000e741100000)]
  0x00000237ff866000 JavaThread "Service Thread" daemon [_thread_blocked, id=10116, stack(0x000000e740f00000,0x000000e741000000)]
  0x00000237ff865800 JavaThread "Monitor Ctrl-Break" daemon [_thread_in_native, id=9412, stack(0x000000e740e00000,0x000000e740f00000)]
  0x00000237ff34c800 JavaThread "Common-Cleaner" daemon [_thread_blocked, id=1184, stack(0x000000e740d00000,0x000000e740e00000)]
  0x00000237ff2f5800 JavaThread "Sweeper thread" daemon [_thread_blocked, id=1740, stack(0x000000e740c00000,0x000000e740d00000)]
  0x00000237ff2c1800 JavaThread "C1 CompilerThread2" daemon [_thread_blocked, id=12496, stack(0x000000e740b00000,0x000000e740c00000)]
  0x00000237ff2bc000 JavaThread "C1 CompilerThread1" daemon [_thread_blocked, id=7528, stack(0x000000e740a00000,0x000000e740b00000)]
  0x00000237ff2b8000 JavaThread "C1 CompilerThread0" daemon [_thread_blocked, id=5732, stack(0x000000e740900000,0x000000e740a00000)]
  0x00000237ff2b7000 JavaThread "Attach Listener" daemon [_thread_blocked, id=10684, stack(0x000000e740800000,0x000000e740900000)]
  0x00000237ff2b5800 JavaThread "Signal Dispatcher" daemon [_thread_blocked, id=11184, stack(0x000000e740700000,0x000000e740800000)]
  0x00000237ff268800 JavaThread "Finalizer" daemon [_thread_blocked, id=10848, stack(0x000000e740500000,0x000000e740600000)]
  0x00000237ff25f000 JavaThread "Reference Handler" daemon [_thread_blocked, id=11796, stack(0x000000e740400000,0x000000e740500000)]
  0x00000237f0d55800 JavaThread "main" [_thread_blocked, id=5552, stack(0x000000e73f700000,0x000000e73f800000)]

Other Threads:
=>0x00000237ff257800 VMThread "VM Thread" [stack: 0x000000e740300000,0x000000e740400000] [id=220]
  0x00000237933a4000 WatcherThread [stack: 0x000000e741300000,0x000000e741400000] [id=3284]
  0x00000237f0d68800 GCTaskThread "GC Thread#0" [stack: 0x000000e73f800000,0x000000e73f900000] [id=8512]
  0x00000237f0d69800 GCTaskThread "GC Thread#1" [stack: 0x000000e73f900000,0x000000e73fa00000] [id=10344]
  0x00000237f0d6b000 GCTaskThread "GC Thread#2" [stack: 0x000000e73fa00000,0x000000e73fb00000] [id=5916]
  0x00000237f0d6d800 GCTaskThread "GC Thread#3" [stack: 0x000000e73fb00000,0x000000e73fc00000] [id=11932]
  0x00000237f0df3000 ConcurrentGCThread "G1 Main Marker" [stack: 0x000000e740100000,0x000000e740200000] [id=9028]
  0x00000237f0df3800 ConcurrentGCThread "G1 Marker#0" [stack: 0x000000e740200000,0x000000e740300000] [id=1284]
  0x00000237f0d75800 ConcurrentGCThread "G1 Refine#0" [stack: 0x000000e73ff00000,0x000000e740000000] [id=3288]
  0x00000237f0d73000 ConcurrentGCThread "G1 Refine#1" [stack: 0x000000e73fe00000,0x000000e73ff00000] [id=11412]
  0x00000237f0d70000 ConcurrentGCThread "G1 Refine#2" [stack: 0x000000e73fd00000,0x000000e73fe00000] [id=4100]
  0x00000237f0d6e800 ConcurrentGCThread "G1 Refine#3" [stack: 0x000000e73fc00000,0x000000e73fd00000] [id=1064]
  0x00000237f0d78000 ConcurrentGCThread "G1 Young RemSet Sampling" [stack: 0x000000e740000000,0x000000e740100000] [id=13072]

Threads with active compile tasks:

VM state:at safepoint (normal execution)

VM Mutex/Monitor currently owned by a thread:  ([mutex/lock_event])
[0x00000237f0d51130] Threads_lock - owner thread: 0x00000237ff257800
[0x00000237f0d515b0] Heap_lock - owner thread: 0x000002379378e800

Heap address: 0x0000000081e00000, size: 2018 MB, Compressed Oops mode: 32-bit
Narrow klass base: 0x0000000000000000, Narrow klass shift: 3
Compressed class space size: 1073741824 Address: 0x0000000100000000

Heap:
 garbage-first heap   total 189440K, used 31930K [0x0000000081e00000, 0x0000000081f005c8, 0x0000000100000000)
  region size 1024K, 12 young (12288K), 12 survivors (12288K)
 Metaspace       used 42324K, capacity 44806K, committed 45184K, reserved 1089536K
  class space    used 5402K, capacity 5893K, committed 6016K, reserved 1048576K
Heap Regions: E=young(eden), S=young(survivor), O=old, HS=humongous(starts), HC=humongous(continues), CS=collection set, F=free, A=archive, TS=gc time stamp, AC=allocation context, TAMS=top-at-mark-start (previous, next)
|   0|0x0000000081e00000, 0x0000000081f00000, 0x0000000081f00000|100%| O|  |TS  0|AC  0|TAMS 0x0000000081f00000, 0x0000000081f00000|
|   1|0x0000000081f00000, 0x0000000082000000, 0x0000000082000000|100%| O|  |TS  0|AC  0|TAMS 0x0000000082000000, 0x0000000082000000|
|   2|0x0000000082000000, 0x0000000082100000, 0x0000000082100000|100%| O|  |TS  0|AC  0|TAMS 0x0000000082100000, 0x0000000082100000|
|   3|0x0000000082100000, 0x0000000082200000, 0x0000000082200000|100%| O|  |TS  0|AC  0|TAMS 0x0000000082200000, 0x0000000082200000|
|   4|0x0000000082200000, 0x0000000082300000, 0x0000000082300000|100%| O|  |TS  0|AC  0|TAMS 0x0000000082300000, 0x0000000082300000|
|   5|0x0000000082300000, 0x0000000082400000, 0x0000000082400000|100%| O|  |TS  0|AC  0|TAMS 0x0000000082400000, 0x0000000082400000|
|   6|0x0000000082400000, 0x0000000082500000, 0x0000000082500000|100%| O|  |TS  0|AC  0|TAMS 0x0000000082500000, 0x0000000082500000|
|   7|0x0000000082500000, 0x0000000082600000, 0x0000000082600000|100%| O|  |TS  0|AC  0|TAMS 0x0000000082600000, 0x0000000082600000|
|   8|0x0000000082600000, 0x0000000082700000, 0x0000000082700000|100%| O|  |TS  1|AC  0|TAMS 0x0000000082600000, 0x0000000082600000|
|   9|0x0000000082700000, 0x0000000082800000, 0x0000000082800000|100%| O|  |TS  0|AC  0|TAMS 0x0000000082800000, 0x0000000082800000|
|  10|0x0000000082800000, 0x0000000082900000, 0x0000000082900000|100%| O|  |TS  0|AC  0|TAMS 0x0000000082900000, 0x0000000082900000|
|  11|0x0000000082900000, 0x0000000082a00000, 0x0000000082a00000|100%| O|  |TS  0|AC  0|TAMS 0x0000000082a00000, 0x0000000082a00000|
|  12|0x0000000082a00000, 0x0000000082b00000, 0x0000000082b00000|100%| O|  |TS  0|AC  0|TAMS 0x0000000082b00000, 0x0000000082b00000|
|  13|0x0000000082b00000, 0x0000000082c00000, 0x0000000082c00000|100%| O|  |TS  0|AC  0|TAMS 0x0000000082c00000, 0x0000000082c00000|
|  14|0x0000000082c00000, 0x0000000082d00000, 0x0000000082d00000|100%| O|  |TS  0|AC  0|TAMS 0x0000000082d00000, 0x0000000082d00000|
|  15|0x0000000082d00000, 0x0000000082e00000, 0x0000000082e00000|100%| O|  |TS  0|AC  0|TAMS 0x0000000082e00000, 0x0000000082e00000|
|  16|0x0000000082e00000, 0x0000000082f00000, 0x0000000082f00000|100%| O|  |TS  0|AC  0|TAMS 0x0000000082f00000, 0x0000000082f00000|
|  17|0x0000000082f00000, 0x0000000083000000, 0x0000000083000000|100%| O|  |TS  1|AC  0|TAMS 0x0000000082fd7a00, 0x0000000082fd7a00|
|  18|0x0000000083000000, 0x0000000083100000, 0x0000000083100000|100%| O|  |TS  1|AC  0|TAMS 0x0000000083000000, 0x0000000083000000|
|  19|0x0000000083100000, 0x00000000831d7c00, 0x0000000083200000| 84%| O|  |TS  1|AC  0|TAMS 0x0000000083100000, 0x0000000083100000|
|  20|0x0000000083200000, 0x0000000083200000, 0x0000000083300000|  0%| F|  |TS  0|AC  0|TAMS 0x0000000083200000, 0x0000000083200000|
|  21|0x0000000083300000, 0x0000000083300000, 0x0000000083400000|  0%| F|  |TS  0|AC  0|TAMS 0x0000000083300000, 0x0000000083300000|
|  22|0x0000000083400000, 0x0000000083400000, 0x0000000083500000|  0%| F|  |TS  0|AC  0|TAMS 0x0000000083400000, 0x0000000083400000|
|  23|0x0000000083500000, 0x0000000083500000, 0x0000000083600000|  0%| F|  |TS  0|AC  0|TAMS 0x0000000083500000, 0x0000000083500000|
|  24|0x0000000083600000, 0x0000000083600000, 0x0000000083700000|  0%| F|  |TS  0|AC  0|TAMS 0x0000000083600000, 0x0000000083600000|
|  25|0x0000000083700000, 0x0000000083700000, 0x0000000083800000|  0%| F|  |TS  0|AC  0|TAMS 0x0000000083700000, 0x0000000083700000|
|  26|0x0000000083800000, 0x0000000083800000, 0x0000000083900000|  0%| F|  |TS  0|AC  0|TAMS 0x0000000083800000, 0x0000000083800000|
|  27|0x0000000083900000, 0x0000000083900000, 0x0000000083a00000|  0%| F|  |TS  0|AC  0|TAMS 0x0000000083900000, 0x0000000083900000|
|  28|0x0000000083a00000, 0x0000000083a00000, 0x0000000083b00000|  0%| F|  |TS  0|AC  0|TAMS 0x0000000083a00000, 0x0000000083a00000|
|  29|0x0000000083b00000, 0x0000000083b00000, 0x0000000083c00000|  0%| F|  |TS  0|AC  0|TAMS 0x0000000083b00000, 0x0000000083b00000|
|  30|0x0000000083c00000, 0x0000000083c00000, 0x0000000083d00000|  0%| F|  |TS  0|AC  0|TAMS 0x0000000083c00000, 0x0000000083c00000|
|  31|0x0000000083d00000, 0x0000000083d00000, 0x0000000083e00000|  0%| F|  |TS  0|AC  0|TAMS 0x0000000083d00000, 0x0000000083d00000|
|  32|0x0000000083e00000, 0x0000000083e00000, 0x0000000083f00000|  0%| F|  |TS  0|AC  0|TAMS 0x0000000083e00000, 0x0000000083e00000|
|  33|0x0000000083f00000, 0x0000000083f00000, 0x0000000084000000|  0%| F|  |TS  0|AC  0|TAMS 0x0000000083f00000, 0x0000000083f00000|
|  34|0x0000000084000000, 0x0000000084000000, 0x0000000084100000|  0%| F|  |TS  0|AC  0|TAMS 0x0000000084000000, 0x0000000084000000|
|  35|0x0000000084100000, 0x0000000084100000, 0x0000000084200000|  0%| F|  |TS  0|AC  0|TAMS 0x0000000084100000, 0x0000000084100000|
|  36|0x0000000084200000, 0x0000000084200000, 0x0000000084300000|  0%| F|  |TS  0|AC  0|TAMS 0x0000000084200000, 0x0000000084200000|
|  37|0x0000000084300000, 0x0000000084300000, 0x0000000084400000|  0%| F|  |TS  0|AC  0|TAMS 0x0000000084300000, 0x0000000084300000|
|  38|0x0000000084400000, 0x0000000084400000, 0x0000000084500000|  0%| F|  |TS  0|AC  0|TAMS 0x0000000084400000, 0x0000000084400000|
|  39|0x0000000084500000, 0x0000000084500000, 0x0000000084600000|  0%| F|  |TS  0|AC  0|TAMS 0x0000000084500000, 0x0000000084500000|
|  40|0x0000000084600000, 0x0000000084600000, 0x0000000084700000|  0%| F|  |TS  0|AC  0|TAMS 0x0000000084600000, 0x0000000084600000|
|  41|0x0000000084700000, 0x0000000084700000, 0x0000000084800000|  0%| F|  |TS  0|AC  0|TAMS 0x0000000084700000, 0x0000000084700000|
|  42|0x0000000084800000, 0x0000000084800000, 0x0000000084900000|  0%| F|  |TS  0|AC  0|TAMS 0x0000000084800000, 0x0000000084800000|
|  43|0x0000000084900000, 0x0000000084900000, 0x0000000084a00000|  0%| F|  |TS  0|AC  0|TAMS 0x0000000084900000, 0x0000000084900000|
|  44|0x0000000084a00000, 0x0000000084a00000, 0x0000000084b00000|  0%| F|  |TS  0|AC  0|TAMS 0x0000000084a00000, 0x0000000084a00000|
|  45|0x0000000084b00000, 0x0000000084b00000, 0x0000000084c00000|  0%| F|  |TS  0|AC  0|TAMS 0x0000000084b00000, 0x0000000084b00000|
|  46|0x0000000084c00000, 0x0000000084c00000, 0x0000000084d00000|  0%| F|  |TS  0|AC  0|TAMS 0x0000000084c00000, 0x0000000084c00000|
|  47|0x0000000084d00000, 0x0000000084d00000, 0x0000000084e00000|  0%| F|  |TS  0|AC  0|TAMS 0x0000000084d00000, 0x0000000084d00000|
|  48|0x0000000084e00000, 0x0000000084e00000, 0x0000000084f00000|  0%| F|  |TS  0|AC  0|TAMS 0x0000000084e00000, 0x0000000084e00000|
|  49|0x0000000084f00000, 0x0000000084f00000, 0x0000000085000000|  0%| F|  |TS  0|AC  0|TAMS 0x0000000084f00000, 0x0000000084f00000|
|  50|0x0000000085000000, 0x0000000085056f30, 0x0000000085100000| 33%| S|CS|TS  1|AC  0|TAMS 0x0000000085000000, 0x0000000085000000|
|  51|0x0000000085100000, 0x0000000085200000, 0x0000000085200000|100%| S|CS|TS  1|AC  0|TAMS 0x0000000085100000, 0x0000000085100000|
|  52|0x0000000085200000, 0x0000000085300000, 0x0000000085300000|100%| S|CS|TS  1|AC  0|TAMS 0x0000000085200000, 0x0000000085200000|
|  53|0x0000000085300000, 0x0000000085400000, 0x0000000085400000|100%| S|CS|TS  1|AC  0|TAMS 0x0000000085300000, 0x0000000085300000|
|  54|0x0000000085400000, 0x0000000085400000, 0x0000000085500000|  0%| F|  |TS  1|AC  0|TAMS 0x0000000085400000, 0x0000000085400000|
|  55|0x0000000085500000, 0x0000000085500000, 0x0000000085600000|  0%| F|  |TS  1|AC  0|TAMS 0x0000000085500000, 0x0000000085500000|
|  56|0x0000000085600000, 0x0000000085600000, 0x0000000085700000|  0%| F|  |TS  1|AC  0|TAMS 0x0000000085600000, 0x0000000085600000|
|  57|0x0000000085700000, 0x0000000085700000, 0x0000000085800000|  0%| F|  |TS  1|AC  0|TAMS 0x0000000085700000, 0x0000000085700000|
|  58|0x0000000085800000, 0x0000000085800000, 0x0000000085900000|  0%| F|  |TS  1|AC  0|TAMS 0x0000000085800000, 0x0000000085800000|
|  59|0x0000000085900000, 0x0000000085900000, 0x0000000085a00000|  0%| F|  |TS  1|AC  0|TAMS 0x0000000085900000, 0x0000000085900000|
|  60|0x0000000085a00000, 0x0000000085a00000, 0x0000000085b00000|  0%| F|  |TS  1|AC  0|TAMS 0x0000000085a00000, 0x0000000085a00000|
|  61|0x0000000085b00000, 0x0000000085b00000, 0x0000000085c00000|  0%| F|  |TS  1|AC  0|TAMS 0x0000000085b00000, 0x0000000085b00000|
|  62|0x0000000085c00000, 0x0000000085d00000, 0x0000000085d00000|100%| S|CS|TS  1|AC  0|TAMS 0x0000000085c00000, 0x0000000085c00000|
|  63|0x0000000085d00000, 0x0000000085e00000, 0x0000000085e00000|100%| S|CS|TS  1|AC  0|TAMS 0x0000000085d00000, 0x0000000085d00000|
|  64|0x0000000085e00000, 0x0000000085f00000, 0x0000000085f00000|100%| S|CS|TS  1|AC  0|TAMS 0x0000000085e00000, 0x0000000085e00000|
|  65|0x0000000085f00000, 0x0000000086000000, 0x0000000086000000|100%| S|CS|TS  1|AC  0|TAMS 0x0000000085f00000, 0x0000000085f00000|
|  66|0x0000000086000000, 0x0000000086100000, 0x0000000086100000|100%| S|CS|TS  1|AC  0|TAMS 0x0000000086000000, 0x0000000086000000|
|  67|0x0000000086100000, 0x0000000086200000, 0x0000000086200000|100%| S|CS|TS  1|AC  0|TAMS 0x0000000086100000, 0x0000000086100000|
|  68|0x0000000086200000, 0x0000000086300000, 0x0000000086300000|100%| S|CS|TS  1|AC  0|TAMS 0x0000000086200000, 0x0000000086200000|
|  69|0x0000000086300000, 0x0000000086400000, 0x0000000086400000|100%| S|CS|TS  1|AC  0|TAMS 0x0000000086300000, 0x0000000086300000|
|  70|0x0000000086400000, 0x0000000086400000, 0x0000000086500000|  0%| F|  |TS  1|AC  0|TAMS 0x0000000086400000, 0x0000000086400000|
|  71|0x0000000086500000, 0x0000000086500000, 0x0000000086600000|  0%| F|  |TS  1|AC  0|TAMS 0x0000000086500000, 0x0000000086500000|
|  72|0x0000000086600000, 0x0000000086600000, 0x0000000086700000|  0%| F|  |TS  1|AC  0|TAMS 0x0000000086600000, 0x0000000086600000|
|  73|0x0000000086700000, 0x0000000086700000, 0x0000000086800000|  0%| F|  |TS  1|AC  0|TAMS 0x0000000086700000, 0x0000000086700000|
|  74|0x0000000086800000, 0x0000000086800000, 0x0000000086900000|  0%| F|  |TS  1|AC  0|TAMS 0x0000000086800000, 0x0000000086800000|
|  75|0x0000000086900000, 0x0000000086900000, 0x0000000086a00000|  0%| F|  |TS  1|AC  0|TAMS 0x0000000086900000, 0x0000000086900000|
|  76|0x0000000086a00000, 0x0000000086a00000, 0x0000000086b00000|  0%| F|  |TS  1|AC  0|TAMS 0x0000000086a00000, 0x0000000086a00000|
|  77|0x0000000086b00000, 0x0000000086b00000, 0x0000000086c00000|  0%| F|  |TS  1|AC  0|TAMS 0x0000000086b00000, 0x0000000086b00000|
|  78|0x0000000086c00000, 0x0000000086c00000, 0x0000000086d00000|  0%| F|  |TS  1|AC  0|TAMS 0x0000000086c00000, 0x0000000086c00000|
|  79|0x0000000086d00000, 0x0000000086d00000, 0x0000000086e00000|  0%| F|  |TS  1|AC  0|TAMS 0x0000000086d00000, 0x0000000086d00000|
|  80|0x0000000086e00000, 0x0000000086e00000, 0x0000000086f00000|  0%| F|  |TS  1|AC  0|TAMS 0x0000000086e00000, 0x0000000086e00000|
|  81|0x0000000086f00000, 0x0000000086f00000, 0x0000000087000000|  0%| F|  |TS  1|AC  0|TAMS 0x0000000086f00000, 0x0000000086f00000|
|  82|0x0000000087000000, 0x0000000087000000, 0x0000000087100000|  0%| F|  |TS  1|AC  0|TAMS 0x0000000087000000, 0x0000000087000000|
|  83|0x0000000087100000, 0x0000000087100000, 0x0000000087200000|  0%| F|  |TS  1|AC  0|TAMS 0x0000000087100000, 0x0000000087100000|
|  84|0x0000000087200000, 0x0000000087200000, 0x0000000087300000|  0%| F|  |TS  1|AC  0|TAMS 0x0000000087200000, 0x0000000087200000|
|  85|0x0000000087300000, 0x0000000087300000, 0x0000000087400000|  0%| F|  |TS  1|AC  0|TAMS 0x0000000087300000, 0x0000000087300000|
|  86|0x0000000087400000, 0x0000000087400000, 0x0000000087500000|  0%| F|  |TS  1|AC  0|TAMS 0x0000000087400000, 0x0000000087400000|
|  87|0x0000000087500000, 0x0000000087500000, 0x0000000087600000|  0%| F|  |TS  1|AC  0|TAMS 0x0000000087500000, 0x0000000087500000|
|  88|0x0000000087600000, 0x0000000087600000, 0x0000000087700000|  0%| F|  |TS  1|AC  0|TAMS 0x0000000087600000, 0x0000000087600000|
|  89|0x0000000087700000, 0x0000000087700000, 0x0000000087800000|  0%| F|  |TS  1|AC  0|TAMS 0x0000000087700000, 0x0000000087700000|
|  90|0x0000000087800000, 0x0000000087800000, 0x0000000087900000|  0%| F|  |TS  1|AC  0|TAMS 0x0000000087800000, 0x0000000087800000|
|  91|0x0000000087900000, 0x0000000087900000, 0x0000000087a00000|  0%| F|  |TS  1|AC  0|TAMS 0x0000000087900000, 0x0000000087900000|
|  92|0x0000000087a00000, 0x0000000087a00000, 0x0000000087b00000|  0%| F|  |TS  1|AC  0|TAMS 0x0000000087a00000, 0x0000000087a00000|
|  93|0x0000000087b00000, 0x0000000087b00000, 0x0000000087c00000|  0%| F|  |TS  1|AC  0|TAMS 0x0000000087b00000, 0x0000000087b00000|
|  94|0x0000000087c00000, 0x0000000087c00000, 0x0000000087d00000|  0%| F|  |TS  1|AC  0|TAMS 0x0000000087c00000, 0x0000000087c00000|
|  95|0x0000000087d00000, 0x0000000087d00000, 0x0000000087e00000|  0%| F|  |TS  1|AC  0|TAMS 0x0000000087d00000, 0x0000000087d00000|
|  96|0x0000000087e00000, 0x0000000087e00000, 0x0000000087f00000|  0%| F|  |TS  1|AC  0|TAMS 0x0000000087e00000, 0x0000000087e00000|
|  97|0x0000000087f00000, 0x0000000087f00000, 0x0000000088000000|  0%| F|  |TS  1|AC  0|TAMS 0x0000000087f00000, 0x0000000087f00000|
|  98|0x0000000088000000, 0x0000000088000000, 0x0000000088100000|  0%| F|  |TS  1|AC  0|TAMS 0x0000000088000000, 0x0000000088000000|
|  99|0x0000000088100000, 0x0000000088100000, 0x0000000088200000|  0%| F|  |TS  1|AC  0|TAMS 0x0000000088100000, 0x0000000088100000|
| 100|0x0000000088200000, 0x0000000088200000, 0x0000000088300000|  0%| F|  |TS  1|AC  0|TAMS 0x0000000088200000, 0x0000000088200000|
| 101|0x0000000088300000, 0x0000000088300000, 0x0000000088400000|  0%| F|  |TS  1|AC  0|TAMS 0x0000000088300000, 0x0000000088300000|
| 102|0x0000000088400000, 0x0000000088400000, 0x0000000088500000|  0%| F|  |TS  1|AC  0|TAMS 0x0000000088400000, 0x0000000088400000|
| 103|0x0000000088500000, 0x0000000088500000, 0x0000000088600000|  0%| F|  |TS  1|AC  0|TAMS 0x0000000088500000, 0x0000000088500000|
| 104|0x0000000088600000, 0x0000000088600000, 0x0000000088700000|  0%| F|  |TS  1|AC  0|TAMS 0x0000000088600000, 0x0000000088600000|
| 105|0x0000000088700000, 0x0000000088700000, 0x0000000088800000|  0%| F|  |TS  1|AC  0|TAMS 0x0000000088700000, 0x0000000088700000|
| 106|0x0000000088800000, 0x0000000088800000, 0x0000000088900000|  0%| F|  |TS  1|AC  0|TAMS 0x0000000088800000, 0x0000000088800000|
| 107|0x0000000088900000, 0x0000000088900000, 0x0000000088a00000|  0%| F|  |TS  1|AC  0|TAMS 0x0000000088900000, 0x0000000088900000|
| 108|0x0000000088a00000, 0x0000000088a00000, 0x0000000088b00000|  0%| F|  |TS  1|AC  0|TAMS 0x0000000088a00000, 0x0000000088a00000|
| 109|0x0000000088b00000, 0x0000000088b00000, 0x0000000088c00000|  0%| F|  |TS  1|AC  0|TAMS 0x0000000088b00000, 0x0000000088b00000|
| 110|0x0000000088c00000, 0x0000000088c00000, 0x0000000088d00000|  0%| F|  |TS  1|AC  0|TAMS 0x0000000088c00000, 0x0000000088c00000|
| 111|0x0000000088d00000, 0x0000000088d00000, 0x0000000088e00000|  0%| F|  |TS  1|AC  0|TAMS 0x0000000088d00000, 0x0000000088d00000|
| 112|0x0000000088e00000, 0x0000000088e00000, 0x0000000088f00000|  0%| F|  |TS  1|AC  0|TAMS 0x0000000088e00000, 0x0000000088e00000|
| 113|0x0000000088f00000, 0x0000000088f00000, 0x0000000089000000|  0%| F|  |TS  1|AC  0|TAMS 0x0000000088f00000, 0x0000000088f00000|
| 114|0x0000000089000000, 0x0000000089000000, 0x0000000089100000|  0%| F|  |TS  1|AC  0|TAMS 0x0000000089000000, 0x0000000089000000|
| 115|0x0000000089100000, 0x0000000089100000, 0x0000000089200000|  0%| F|  |TS  1|AC  0|TAMS 0x0000000089100000, 0x0000000089100000|
| 116|0x0000000089200000, 0x0000000089200000, 0x0000000089300000|  0%| F|  |TS  1|AC  0|TAMS 0x0000000089200000, 0x0000000089200000|
| 117|0x0000000089300000, 0x0000000089300000, 0x0000000089400000|  0%| F|  |TS  1|AC  0|TAMS 0x0000000089300000, 0x0000000089300000|
| 118|0x0000000089400000, 0x0000000089400000, 0x0000000089500000|  0%| F|  |TS  1|AC  0|TAMS 0x0000000089400000, 0x0000000089400000|
| 119|0x0000000089500000, 0x0000000089500000, 0x0000000089600000|  0%| F|  |TS  1|AC  0|TAMS 0x0000000089500000, 0x0000000089500000|
| 120|0x0000000089600000, 0x0000000089600000, 0x0000000089700000|  0%| F|  |TS  1|AC  0|TAMS 0x0000000089600000, 0x0000000089600000|
| 121|0x0000000089700000, 0x0000000089700000, 0x0000000089800000|  0%| F|  |TS  1|AC  0|TAMS 0x0000000089700000, 0x0000000089700000|
| 122|0x0000000089800000, 0x0000000089800000, 0x0000000089900000|  0%| F|  |TS  1|AC  0|TAMS 0x0000000089800000, 0x0000000089800000|
| 123|0x0000000089900000, 0x0000000089900000, 0x0000000089a00000|  0%| F|  |TS  1|AC  0|TAMS 0x0000000089900000, 0x0000000089900000|
| 124|0x0000000089a00000, 0x0000000089a00000, 0x0000000089b00000|  0%| F|  |TS  1|AC  0|TAMS 0x0000000089a00000, 0x0000000089a00000|
| 125|0x0000000089b00000, 0x0000000089b00000, 0x0000000089c00000|  0%| F|  |TS  1|AC  0|TAMS 0x0000000089b00000, 0x0000000089b00000|
| 126|0x0000000089c00000, 0x0000000089c00000, 0x0000000089d00000|  0%| F|  |TS  1|AC  0|TAMS 0x0000000089c00000, 0x0000000089c00000|
| 127|0x0000000089d00000, 0x0000000089d00000, 0x0000000089e00000|  0%| F|  |TS  1|AC  0|TAMS 0x0000000089d00000, 0x0000000089d00000|
| 128|0x0000000089e00000, 0x0000000089e00000, 0x0000000089f00000|  0%| F|  |TS  1|AC  0|TAMS 0x0000000089e00000, 0x0000000089e00000|
| 129|0x0000000089f00000, 0x0000000089f00000, 0x000000008a000000|  0%| F|  |TS  1|AC  0|TAMS 0x0000000089f00000, 0x0000000089f00000|
| 130|0x000000008a000000, 0x000000008a000000, 0x000000008a100000|  0%| F|  |TS  1|AC  0|TAMS 0x000000008a000000, 0x000000008a000000|
| 131|0x000000008a100000, 0x000000008a100000, 0x000000008a200000|  0%| F|  |TS  1|AC  0|TAMS 0x000000008a100000, 0x000000008a100000|
| 132|0x000000008a200000, 0x000000008a200000, 0x000000008a300000|  0%| F|  |TS  1|AC  0|TAMS 0x000000008a200000, 0x000000008a200000|
| 133|0x000000008a300000, 0x000000008a300000, 0x000000008a400000|  0%| F|  |TS  1|AC  0|TAMS 0x000000008a300000, 0x000000008a300000|
| 134|0x000000008a400000, 0x000000008a400000, 0x000000008a500000|  0%| F|  |TS  1|AC  0|TAMS 0x000000008a400000, 0x000000008a400000|
| 135|0x000000008a500000, 0x000000008a500000, 0x000000008a600000|  0%| F|  |TS  1|AC  0|TAMS 0x000000008a500000, 0x000000008a500000|
| 136|0x000000008a600000, 0x000000008a600000, 0x000000008a700000|  0%| F|  |TS  1|AC  0|TAMS 0x000000008a600000, 0x000000008a600000|
| 137|0x000000008a700000, 0x000000008a700000, 0x000000008a800000|  0%| F|  |TS  1|AC  0|TAMS 0x000000008a700000, 0x000000008a700000|
| 138|0x000000008a800000, 0x000000008a800000, 0x000000008a900000|  0%| F|  |TS  1|AC  0|TAMS 0x000000008a800000, 0x000000008a800000|
| 139|0x000000008a900000, 0x000000008a900000, 0x000000008aa00000|  0%| F|  |TS  1|AC  0|TAMS 0x000000008a900000, 0x000000008a900000|
| 140|0x000000008aa00000, 0x000000008aa00000, 0x000000008ab00000|  0%| F|  |TS  1|AC  0|TAMS 0x000000008aa00000, 0x000000008aa00000|
| 141|0x000000008ab00000, 0x000000008ab00000, 0x000000008ac00000|  0%| F|  |TS  1|AC  0|TAMS 0x000000008ab00000, 0x000000008ab00000|
| 142|0x000000008ac00000, 0x000000008ac00000, 0x000000008ad00000|  0%| F|  |TS  1|AC  0|TAMS 0x000000008ac00000, 0x000000008ac00000|
| 143|0x000000008ad00000, 0x000000008ad00000, 0x000000008ae00000|  0%| F|  |TS  1|AC  0|TAMS 0x000000008ad00000, 0x000000008ad00000|
| 144|0x000000008ae00000, 0x000000008ae00000, 0x000000008af00000|  0%| F|  |TS  1|AC  0|TAMS 0x000000008ae00000, 0x000000008ae00000|
| 145|0x000000008af00000, 0x000000008af00000, 0x000000008b000000|  0%| F|  |TS  1|AC  0|TAMS 0x000000008af00000, 0x000000008af00000|
| 146|0x000000008b000000, 0x000000008b000000, 0x000000008b100000|  0%| F|  |TS  1|AC  0|TAMS 0x000000008b000000, 0x000000008b000000|
| 147|0x000000008b100000, 0x000000008b100000, 0x000000008b200000|  0%| F|  |TS  1|AC  0|TAMS 0x000000008b100000, 0x000000008b100000|
| 148|0x000000008b200000, 0x000000008b200000, 0x000000008b300000|  0%| F|  |TS  1|AC  0|TAMS 0x000000008b200000, 0x000000008b200000|
| 149|0x000000008b300000, 0x000000008b300000, 0x000000008b400000|  0%| F|  |TS  1|AC  0|TAMS 0x000000008b300000, 0x000000008b300000|
| 150|0x000000008b400000, 0x000000008b400000, 0x000000008b500000|  0%| F|  |TS  1|AC  0|TAMS 0x000000008b400000, 0x000000008b400000|
| 151|0x000000008b500000, 0x000000008b500000, 0x000000008b600000|  0%| F|  |TS  1|AC  0|TAMS 0x000000008b500000, 0x000000008b500000|
| 152|0x000000008b600000, 0x000000008b600000, 0x000000008b700000|  0%| F|  |TS  1|AC  0|TAMS 0x000000008b600000, 0x000000008b600000|
| 153|0x000000008b700000, 0x000000008b700000, 0x000000008b800000|  0%| F|  |TS  1|AC  0|TAMS 0x000000008b700000, 0x000000008b700000|

Card table byte_map: [0x00000237fbc00000,0x00000237fc000000] byte_map_base: 0x00000237fb7f1000

Marking Bits (Prev, Next): (CMBitMap*) 0x00000237f0df22d8, (CMBitMap*) 0x00000237f0df22a0
 Prev Bits: [0x000002378f000000, 0x0000023790f88000)
 Next Bits: [0x00000237fc400000, 0x00000237fe388000)

Polling page: 0x00000237f2670000

CodeHeap 'non-profiled nmethods': size=238912Kb used=8237Kb max_used=8237Kb free=230674Kb
 bounds [0x00000237806b0000, 0x0000023780ec0000, 0x000002378f000000]
CodeHeap 'non-nmethods': size=6848Kb used=2469Kb max_used=2469Kb free=4378Kb
 bounds [0x0000023780000000, 0x0000023780270000, 0x00000237806b0000]
 total_blobs=5404 nmethods=4832 adapters=480
 compilation: enabled

Compilation events (10 events):
Event: 4.344 Thread 0x00000237ff2c1800 nmethod 4826 0x0000023780eb7710 code [0x0000023780eb78c0, 0x0000023780eb7a58]
Event: 4.344 Thread 0x00000237ff2bc000 nmethod 4828 0x0000023780eb7b90 code [0x0000023780eb7d40, 0x0000023780eb7f18]
Event: 4.345 Thread 0x00000237ff2b8000 4829       1       java.io.DataInputStream::readInt (72 bytes)
Event: 4.345 Thread 0x00000237ff2b8000 nmethod 4829 0x0000023780eb8090 code [0x0000023780eb8280, 0x0000023780eb8530]
Event: 4.345 Thread 0x00000237ff2c1800 4830       1       javassist.bytecode.AttributeInfo::read (477 bytes)
Event: 4.346 Thread 0x00000237ff2bc000 4831       1       javassist.bytecode.AttributeInfo::<init> (42 bytes)
Event: 4.346 Thread 0x00000237ff2bc000 nmethod 4831 0x0000023780eb8690 code [0x0000023780eb8860, 0x0000023780eb8b40]
Event: 4.346 Thread 0x00000237ff2c1800 nmethod 4830 0x0000023780eb8c90 code [0x0000023780eb9140, 0x0000023780eba520]
Event: 4.399 Thread 0x00000237ff2b8000 4832       1       java.util.ArrayList$Itr::next (66 bytes)
Event: 4.400 Thread 0x00000237ff2b8000 nmethod 4832 0x0000023780ebaf90 code [0x0000023780ebb180, 0x0000023780ebb410]

GC Heap History (10 events):
Event: 2.148 GC heap after
{Heap after GC invocations=5 (full 0):
 garbage-first heap   total 131072K, used 19960K [0x0000000081e00000, 0x0000000081f00400, 0x0000000100000000)
  region size 1024K, 10 young (10240K), 10 survivors (10240K)
 Metaspace       used 27260K, capacity 28938K, committed 29184K, reserved 1075200K
  class space    used 3367K, capacity 3716K, committed 3840K, reserved 1048576K
}
Event: 2.530 GC heap before
{Heap before GC invocations=5 (full 0):
 garbage-first heap   total 131072K, used 87544K [0x0000000081e00000, 0x0000000081f00400, 0x0000000100000000)
  region size 1024K, 76 young (77824K), 10 survivors (10240K)
 Metaspace       used 28036K, capacity 29786K, committed 30080K, reserved 1075200K
  class space    used 3495K, capacity 3876K, committed 3968K, reserved 1048576K
}
Event: 2.537 GC heap after
{Heap after GC invocations=6 (full 0):
 garbage-first heap   total 157696K, used 20646K [0x0000000081e00000, 0x0000000081f004d0, 0x0000000100000000)
  region size 1024K, 4 young (4096K), 4 survivors (4096K)
 Metaspace       used 28036K, capacity 29786K, committed 30080K, reserved 1075200K
  class space    used 3495K, capacity 3876K, committed 3968K, reserved 1048576K
}
Event: 3.181 GC heap before
{Heap before GC invocations=6 (full 0):
 garbage-first heap   total 157696K, used 107686K [0x0000000081e00000, 0x0000000081f004d0, 0x0000000100000000)
  region size 1024K, 89 young (91136K), 4 survivors (4096K)
 Metaspace       used 31894K, capacity 33904K, committed 34048K, reserved 1079296K
  class space    used 4071K, capacity 4492K, committed 4608K, reserved 1048576K
}
Event: 3.188 GC heap after
{Heap after GC invocations=7 (full 0):
 garbage-first heap   total 157696K, used 24780K [0x0000000081e00000, 0x0000000081f004d0, 0x0000000100000000)
  region size 1024K, 8 young (8192K), 8 survivors (8192K)
 Metaspace       used 31894K, capacity 33904K, committed 34048K, reserved 1079296K
  class space    used 4071K, capacity 4492K, committed 4608K, reserved 1048576K
}
Event: 3.399 GC heap before
{Heap before GC invocations=7 (full 0):
 garbage-first heap   total 157696K, used 51404K [0x0000000081e00000, 0x0000000081f004d0, 0x0000000100000000)
  region size 1024K, 35 young (35840K), 8 survivors (8192K)
 Metaspace       used 33453K, capacity 35730K, committed 35920K, reserved 1081344K
  class space    used 4267K, capacity 4713K, committed 4736K, reserved 1048576K
}
Event: 3.408 GC heap after
{Heap after GC invocations=8 (full 0):
 garbage-first heap   total 157696K, used 24368K [0x0000000081e00000, 0x0000000081f004d0, 0x0000000100000000)
  region size 1024K, 6 young (6144K), 6 survivors (6144K)
 Metaspace       used 33453K, capacity 35730K, committed 35920K, reserved 1081344K
  class space    used 4267K, capacity 4713K, committed 4736K, reserved 1048576K
}
Event: 3.637 GC heap before
{Heap before GC invocations=9 (full 0):
 garbage-first heap   total 157696K, used 111408K [0x0000000081e00000, 0x0000000081f004d0, 0x0000000100000000)
  region size 1024K, 92 young (94208K), 6 survivors (6144K)
 Metaspace       used 34908K, capacity 37270K, committed 37404K, reserved 1081344K
  class space    used 4430K, capacity 4919K, committed 4992K, reserved 1048576K
}
Event: 3.645 GC heap after
{Heap after GC invocations=10 (full 0):
 garbage-first heap   total 157696K, used 25320K [0x0000000081e00000, 0x0000000081f004d0, 0x0000000100000000)
  region size 1024K, 8 young (8192K), 8 survivors (8192K)
 Metaspace       used 34908K, capacity 37270K, committed 37404K, reserved 1081344K
  class space    used 4430K, capacity 4919K, committed 4992K, reserved 1048576K
}
Event: 4.410 GC heap before
{Heap before GC invocations=11 (full 0):
 garbage-first heap   total 157696K, used 111336K [0x0000000081e00000, 0x0000000081f004d0, 0x0000000100000000)
  region size 1024K, 92 young (94208K), 8 survivors (8192K)
 Metaspace       used 42324K, capacity 44806K, committed 45184K, reserved 1089536K
  class space    used 5402K, capacity 5893K, committed 6016K, reserved 1048576K
}

Deoptimization events (0 events):
No events

Classes redefined (0 events):
No events

Internal exceptions (10 events):
Event: 4.185 Thread 0x000002379378e800 Exception <a 'java/lang/ClassNotFoundException'{0x0000000088425008}: org/springframework/context/ResourceLoaderAwareCustomizer> (0x0000000088425008) thrown at [c:/jenkins/workspace/zulu9-silver-build-win64/zulu-src/hotspot/src/share/vm/classfile/systemDic
Event: 4.185 Thread 0x000002379378e800 Exception <a 'java/lang/ClassNotFoundException'{0x000000008843c3b0}: org/springframework/context/weaving/LoadTimeWeaverAwareCustomizer> (0x000000008843c3b0) thrown at [c:/jenkins/workspace/zulu9-silver-build-win64/zulu-src/hotspot/src/share/vm/classfile/s
Event: 4.185 Thread 0x000002379378e800 Exception <a 'java/lang/ClassNotFoundException'{0x00000000884519e0}: org/springframework/beans/factory/FactoryBeanCustomizer> (0x00000000884519e0) thrown at [c:/jenkins/workspace/zulu9-silver-build-win64/zulu-src/hotspot/src/share/vm/classfile/systemDicti
Event: 4.185 Thread 0x000002379378e800 Exception <a 'java/lang/ClassNotFoundException'{0x000000008846bec0}: org/springframework/beans/factory/BeanClassLoaderAwareCustomizer> (0x000000008846bec0) thrown at [c:/jenkins/workspace/zulu9-silver-build-win64/zulu-src/hotspot/src/share/vm/classfile/sy
Event: 4.186 Thread 0x000002379378e800 Exception <a 'java/lang/ClassNotFoundException'{0x00000000884827f8}: org/springframework/beans/factory/BeanFactoryAwareCustomizer> (0x00000000884827f8) thrown at [c:/jenkins/workspace/zulu9-silver-build-win64/zulu-src/hotspot/src/share/vm/classfile/system
Event: 4.186 Thread 0x000002379378e800 Exception <a 'java/lang/ClassNotFoundException'{0x0000000088498208}: org/springframework/beans/factory/BeanNameAwareCustomizer> (0x0000000088498208) thrown at [c:/jenkins/workspace/zulu9-silver-build-win64/zulu-src/hotspot/src/share/vm/classfile/systemDic
Event: 4.186 Thread 0x000002379378e800 Exception <a 'java/lang/ClassNotFoundException'{0x00000000884ae7e0}: org/springframework/beans/factory/InitializingBeanCustomizer> (0x00000000884ae7e0) thrown at [c:/jenkins/workspace/zulu9-silver-build-win64/zulu-src/hotspot/src/share/vm/classfile/system
Event: 4.186 Thread 0x000002379378e800 Exception <a 'java/lang/ClassNotFoundException'{0x00000000884c3a20}: org/springframework/beans/factory/DisposableBeanCustomizer> (0x00000000884c3a20) thrown at [c:/jenkins/workspace/zulu9-silver-build-win64/zulu-src/hotspot/src/share/vm/classfile/systemDi
Event: 4.187 Thread 0x000002379378e800 Exception <a 'java/lang/ClassNotFoundException'{0x00000000884da080}: org/springframework/orm/jpa/EntityManagerFactoryInfoCustomizer> (0x00000000884da080) thrown at [c:/jenkins/workspace/zulu9-silver-build-win64/zulu-src/hotspot/src/share/vm/classfile/syst
Event: 4.187 Thread 0x000002379378e800 Exception <a 'java/lang/ClassNotFoundException'{0x00000000884fbbf0}: org/springframework/dao/support/PersistenceExceptionTranslatorCustomizer> (0x00000000884fbbf0) thrown at [c:/jenkins/workspace/zulu9-silver-build-win64/zulu-src/hotspot/src/share/vm/clas

Events (10 events):
Event: 4.408 loading class org/hibernate/dialect/function/SQLFunction done
Event: 4.409 loading class org/hibernate/type/StandardBasicTypes
Event: 4.409 loading class org/hibernate/type/StandardBasicTypes done
Event: 4.409 loading class org/hibernate/dialect/function/StandardAnsiSqlAggregationFunctions$CountFunction
Event: 4.409 loading class org/hibernate/dialect/function/StandardAnsiSqlAggregationFunctions$CountFunction done
Event: 4.409 loading class org/hibernate/dialect/function/StandardAnsiSqlAggregationFunctions$MaxFunction
Event: 4.409 loading class org/hibernate/dialect/function/StandardAnsiSqlAggregationFunctions$MaxFunction done
Event: 4.410 loading class org/hibernate/dialect/function/StandardAnsiSqlAggregationFunctions$MinFunction
Event: 4.410 loading class org/hibernate/dialect/function/StandardAnsiSqlAggregationFunctions$MinFunction done
Event: 4.410 Executing VM operation: G1IncCollectionPause


Dynamic libraries:
0x00007ff717fc0000 - 0x00007ff717ffd000 	C:\Users\fun4l\.sdkman\candidates\java\9.0.7-zulu\bin\java.exe
0x00007ffc5d490000 - 0x00007ffc5d671000 	C:\WINDOWS\SYSTEM32\ntdll.dll
0x00007ffc5c4a0000 - 0x00007ffc5c552000 	C:\WINDOWS\System32\KERNEL32.DLL
0x00007ffc59df0000 - 0x00007ffc5a063000 	C:\WINDOWS\System32\KERNELBASE.dll
0x00007ffc5c260000 - 0x00007ffc5c3f0000 	C:\WINDOWS\System32\USER32.dll
0x00007ffc59dd0000 - 0x00007ffc59df0000 	C:\WINDOWS\System32\win32u.dll
0x00007ffc5c560000 - 0x00007ffc5c588000 	C:\WINDOWS\System32\GDI32.dll
0x00007ffc59940000 - 0x00007ffc59ad2000 	C:\WINDOWS\System32\gdi32full.dll
0x00007ffc5a070000 - 0x00007ffc5a10f000 	C:\WINDOWS\System32\msvcp_win.dll
0x00007ffc5a110000 - 0x00007ffc5a20a000 	C:\WINDOWS\System32\ucrtbase.dll
0x00007ffc402f0000 - 0x00007ffc40559000 	C:\WINDOWS\WinSxS\amd64_microsoft.windows.common-controls_6595b64144ccf1df_6.0.17134.228_none_fb4599993062b194\COMCTL32.dll
0x00007ffc5c8c0000 - 0x00007ffc5c95e000 	C:\WINDOWS\System32\msvcrt.dll
0x00007ffc5bf30000 - 0x00007ffc5c253000 	C:\WINDOWS\System32\combase.dll
0x00007ffc5c590000 - 0x00007ffc5c6b4000 	C:\WINDOWS\System32\RPCRT4.dll
0x00007ffc59860000 - 0x00007ffc598da000 	C:\WINDOWS\System32\bcryptPrimitives.dll
0x00007ffc5c470000 - 0x00007ffc5c49d000 	C:\WINDOWS\System32\IMM32.DLL
0x00007ffc355e0000 - 0x00007ffc356cf000 	C:\Users\fun4l\.sdkman\candidates\java\9.0.7-zulu\bin\msvcr120.dll
0x00007ffc4c6b0000 - 0x00007ffc4c756000 	C:\Users\fun4l\.sdkman\candidates\java\9.0.7-zulu\bin\msvcp120.dll
0x000000006aa80000 - 0x000000006b434000 	C:\Users\fun4l\.sdkman\candidates\java\9.0.7-zulu\bin\server\jvm.dll
0x00007ffc5d180000 - 0x00007ffc5d221000 	C:\WINDOWS\System32\ADVAPI32.dll
0x00007ffc5c6c0000 - 0x00007ffc5c71b000 	C:\WINDOWS\System32\sechost.dll
0x00007ffc5c960000 - 0x00007ffc5c968000 	C:\WINDOWS\System32\PSAPI.DLL
0x00007ffc41e80000 - 0x00007ffc41e89000 	C:\WINDOWS\SYSTEM32\WSOCK32.dll
0x00007ffc5c400000 - 0x00007ffc5c46c000 	C:\WINDOWS\System32\WS2_32.dll
0x00007ffc538c0000 - 0x00007ffc538e3000 	C:\WINDOWS\SYSTEM32\WINMM.dll
0x00007ffc54b90000 - 0x00007ffc54b9a000 	C:\WINDOWS\SYSTEM32\VERSION.dll
0x00007ffc53890000 - 0x00007ffc538ba000 	C:\WINDOWS\SYSTEM32\WINMMBASE.dll
0x00007ffc59b90000 - 0x00007ffc59bd9000 	C:\WINDOWS\System32\cfgmgr32.dll
0x00007ffc56790000 - 0x00007ffc5679f000 	C:\Users\fun4l\.sdkman\candidates\java\9.0.7-zulu\bin\verify.dll
0x00007ffc52790000 - 0x00007ffc527b7000 	C:\Users\fun4l\.sdkman\candidates\java\9.0.7-zulu\bin\java.dll
0x00007ffc3ba10000 - 0x00007ffc3ba3a000 	C:\Users\fun4l\.sdkman\candidates\java\9.0.7-zulu\bin\instrument.dll
0x00007ffc56670000 - 0x00007ffc56686000 	C:\Users\fun4l\.sdkman\candidates\java\9.0.7-zulu\bin\zip.dll
0x00007ffc552e0000 - 0x00007ffc552ea000 	C:\Users\fun4l\.sdkman\candidates\java\9.0.7-zulu\bin\jimage.dll
0x00007ffc5aaf0000 - 0x00007ffc5bf30000 	C:\WINDOWS\System32\SHELL32.dll
0x00007ffc5ceb0000 - 0x00007ffc5cf59000 	C:\WINDOWS\System32\shcore.dll
0x00007ffc5a210000 - 0x00007ffc5a91d000 	C:\WINDOWS\System32\windows.storage.dll
0x00007ffc5d400000 - 0x00007ffc5d451000 	C:\WINDOWS\System32\shlwapi.dll
0x00007ffc597d0000 - 0x00007ffc597e1000 	C:\WINDOWS\System32\kernel.appcore.dll
0x00007ffc597f0000 - 0x00007ffc5980f000 	C:\WINDOWS\System32\profapi.dll
0x00007ffc59810000 - 0x00007ffc5985c000 	C:\WINDOWS\System32\powrprof.dll
0x00007ffc597a0000 - 0x00007ffc597aa000 	C:\WINDOWS\System32\FLTLIB.DLL
0x00007ffc54d70000 - 0x00007ffc54d8a000 	C:\Users\fun4l\.sdkman\candidates\java\9.0.7-zulu\bin\net.dll
0x00007ffc52f80000 - 0x00007ffc5305c000 	C:\WINDOWS\SYSTEM32\WINHTTP.dll
0x00007ffc59020000 - 0x00007ffc59086000 	C:\WINDOWS\system32\mswsock.dll
0x00007ffc3f1a0000 - 0x00007ffc3f1b1000 	C:\Users\fun4l\.sdkman\candidates\java\9.0.7-zulu\bin\nio.dll
0x00007ffc3b9f0000 - 0x00007ffc3ba0a000 	L:\JetBrains\IntelliJ IDEA 2018.2.1\bin\breakgen64.dll
0x00007ffc4c6a0000 - 0x00007ffc4c6a9000 	C:\Users\fun4l\.sdkman\candidates\java\9.0.7-zulu\bin\management.dll
0x00007ffc3b9e0000 - 0x00007ffc3b9ea000 	C:\Users\fun4l\.sdkman\candidates\java\9.0.7-zulu\bin\management_ext.dll
0x00007ffc408b0000 - 0x00007ffc408c6000 	C:\WINDOWS\system32\napinsp.dll
0x00007ffc40890000 - 0x00007ffc408aa000 	C:\WINDOWS\system32\pnrpnsp.dll
0x00007ffc56640000 - 0x00007ffc56659000 	C:\WINDOWS\system32\NLAapi.dll
0x00007ffc58de0000 - 0x00007ffc58e9e000 	C:\WINDOWS\SYSTEM32\DNSAPI.dll
0x00007ffc5a920000 - 0x00007ffc5a928000 	C:\WINDOWS\System32\NSI.dll
0x00007ffc58da0000 - 0x00007ffc58dd8000 	C:\WINDOWS\SYSTEM32\IPHLPAPI.DLL
0x00007ffc409c0000 - 0x00007ffc409ce000 	C:\WINDOWS\System32\winrnr.dll
0x00007ffc53bf0000 - 0x00007ffc53bfa000 	C:\Windows\System32\rasadhlp.dll
0x00007ffc52f00000 - 0x00007ffc52f72000 	C:\WINDOWS\System32\fwpuclnt.dll
0x00007ffc59300000 - 0x00007ffc59325000 	C:\WINDOWS\SYSTEM32\bcrypt.dll
0x00007ffc591d0000 - 0x00007ffc591e7000 	C:\WINDOWS\SYSTEM32\CRYPTSP.dll
0x00007ffc58c00000 - 0x00007ffc58c33000 	C:\WINDOWS\system32\rsaenh.dll
0x00007ffc596d0000 - 0x00007ffc596f8000 	C:\WINDOWS\SYSTEM32\USERENV.dll
0x00007ffc591f0000 - 0x00007ffc591fb000 	C:\WINDOWS\SYSTEM32\CRYPTBASE.dll
0x00007ffc54940000 - 0x00007ffc54956000 	C:\WINDOWS\SYSTEM32\dhcpcsvc6.DLL
0x00007ffc54980000 - 0x00007ffc5499a000 	C:\WINDOWS\SYSTEM32\dhcpcsvc.DLL
0x00007ffc3f2b0000 - 0x00007ffc3f479000 	C:\WINDOWS\SYSTEM32\dbghelp.dll

VM Arguments:
jvm_args: -XX:TieredStopAtLevel=1 -Xverify:none -Dspring.output.ansi.enabled=always -Dcom.sun.management.jmxremote -Dcom.sun.management.jmxremote.port=56975 -Dcom.sun.management.jmxremote.authenticate=false -Dcom.sun.management.jmxremote.ssl=false -Djava.rmi.server.hostname=localhost -Dspring.liveBeansView.mbeanDomain -Dspring.application.admin.enabled=true -javaagent:L:\JetBrains\IntelliJ IDEA 2018.2.1\lib\idea_rt.jar=56976:L:\JetBrains\IntelliJ IDEA 2018.2.1\bin -Dfile.encoding=UTF-8 
java_command: ru.lanit.springboot.afisha.AfishaApplication
java_class_path (initial): C:\Users\fun4l\dev\study\Lanit\SpringBootAfisha\target\classes;C:\Users\fun4l\.m2\repository\org\springframework\boot\spring-boot-starter-web\2.0.3.RELEASE\spring-boot-starter-web-2.0.3.RELEASE.jar;C:\Users\fun4l\.m2\repository\org\springframework\boot\spring-boot-starter\2.0.3.RELEASE\spring-boot-starter-2.0.3.RELEASE.jar;C:\Users\fun4l\.m2\repository\org\springframework\boot\spring-boot-starter-logging\2.0.3.RELEASE\spring-boot-starter-logging-2.0.3.RELEASE.jar;C:\Users\fun4l\.m2\repository\ch\qos\logback\logback-classic\1.2.3\logback-classic-1.2.3.jar;C:\Users\fun4l\.m2\repository\ch\qos\logback\logback-core\1.2.3\logback-core-1.2.3.jar;C:\Users\fun4l\.m2\repository\org\apache\logging\log4j\log4j-to-slf4j\2.10.0\log4j-to-slf4j-2.10.0.jar;C:\Users\fun4l\.m2\repository\org\apache\logging\log4j\log4j-api\2.10.0\log4j-api-2.10.0.jar;C:\Users\fun4l\.m2\repository\org\slf4j\jul-to-slf4j\1.7.25\jul-to-slf4j-1.7.25.jar;C:\Users\fun4l\.m2\repository\javax\annotation\javax.annotation-api\1.3.2\javax.annotation-api-1.3.2.jar;C:\Users\fun4l\.m2\repository\org\yaml\snakeyaml\1.19\snakeyaml-1.19.jar;C:\Users\fun4l\.m2\repository\org\springframework\boot\spring-boot-starter-json\2.0.3.RELEASE\spring-boot-starter-json-2.0.3.RELEASE.jar;C:\Users\fun4l\.m2\repository\com\fasterxml\jackson\core\jackson-databind\2.9.6\jackson-databind-2.9.6.jar;C:\Users\fun4l\.m2\repository\com\fasterxml\jackson\core\jackson-annotations\2.9.0\jackson-annotations-2.9.0.jar;C:\Users\fun4l\.m2\repository\com\fasterxml\jackson\core\jackson-core\2.9.6\jackson-core-2.9.6.jar;C:\Users\fun4l\.m2\repository\com\fasterxml\jackson\datatype\jackson-datatype-jdk8\2.9.6\jackson-datatype-jdk8-2.9.6.jar;C:\Users\fun4l\.m2\repository\com\fasterxml\jackson\datatype\jackson-datatype-jsr310\2.9.6\jackson-datatype-jsr310-2.9.6.jar;C:\Users\fun4l\.m2\repository\com\fasterxml\jackson\module\jackson-module-parameter-names\2.9.6\jackson-module-parameter-names-2.9.6.jar;C:\Users\fun4l\.m2\reposit
Launcher Type: SUN_STANDARD

Logging:
Log output configuration:
#0: stdout all=warning uptime,level,tags
#1: stderr all=off uptime,level,tags

Environment Variables:
JAVA_HOME=C:\Program Files\Java\jdk-9.0.4
PATH=C:\ProgramData\Oracle\Java\javapath;C:\Program Files (x86)\Common Files\Intel\Shared Files\cpp\bin\Intel64;C:\Program Files (x86)\Intel\iCLS Client\;C:\Program Files\Intel\iCLS Client\;C:\WINDOWS\system32;C:\WINDOWS;C:\WINDOWS\System32\Wbem;C:\WINDOWS\System32\WindowsPowerShell\v1.0\;C:\Program Files (x86)\NVIDIA Corporation\PhysX\Common;C:\Program Files (x86)\Intel\Intel(R) Management Engine Components\DAL;C:\Program Files\Intel\Intel(R) Management Engine Components\DAL;C:\Program Files (x86)\Intel\Intel(R) Management Engine Components\IPT;C:\Program Files\Intel\Intel(R) Management Engine Components\IPT;L:\MATLAB\R2016b\runtime\win64;L:\MATLAB\R2016b\bin;L:\MATLAB\R2016b\polyspace\bin;C:\Program Files\Microsoft SQL Server\Client SDK\ODBC\110\Tools\Binn\;C:\Program Files (x86)\Microsoft SQL Server\120\Tools\Binn\;C:\Program Files\Microsoft SQL Server\120\Tools\Binn\;C:\Program Files\Microsoft SQL Server\120\DTS\Binn\;C:\Program Files (x86)\Windows Kits\8.1\Windows Performance Toolkit\;C:\WINDOWS\system32;C:\WINDOWS;C:\WINDOWS\System32\Wbem;C:\WINDOWS\System32\WindowsPowerShell\v1.0\;C:\Program Files\Java\jdk-9.0.4\bin;C:\Program Files\Git\cmd;C:\Program Files\Git\mingw64\bin;C:\Program Files\Git\usr\bin;C:\ProgramData\chocolatey\bin;;C:\WINDOWS\System32\OpenSSH\;C:\Users\fun4l\AppData\Local\Microsoft\WindowsApps
USERNAME=fun4l
OS=Windows_NT
PROCESSOR_IDENTIFIER=Intel64 Family 6 Model 158 Stepping 9, GenuineIntel



---------------  S Y S T E M  ---------------

OS: Windows 10 , 64 bit Build 17134 (10.0.17134.1)

CPU:total 4 (initial active 4) (4 cores per cpu, 1 threads per core) family 6 model 158 stepping 9, cmov, cx8, fxsr, mmx, sse, sse2, sse3, ssse3, sse4.1, sse4.2, popcnt, avx, avx2, aes, clmul, erms, 3dnowpref, lzcnt, tsc, tscinvbit, bmi1, bmi2, adx, fma

Memory: 4k page, physical 8260772k(1677756k free), swap 8260772k(34464k free)

vm_info: OpenJDK 64-Bit Server VM (9.0.7.1+1) for windows-amd64 JRE (9.0.7.1+1), built on Apr  6 2018 03:06:52 by "" with MS VC++ 12.0 (VS2013)

END.
