#
# There is insufficient memory for the Java Runtime Environment to continue.
# Native memory allocation (mmap) failed to map 27262976 bytes for Failed to commit area from 0x0000000089e00000 to 0x000000008b800000 of length 27262976.
# Possible reasons:
#   The system is out of physical RAM or swap space
#   The process is running with CompressedOops enabled, and the Java Heap may be blocking the growth of the native heap
# Possible solutions:
#   Reduce memory load on the system
#   Increase physical memory or swap space
#   Check if swap backing store is full
#   Decrease Java heap size (-Xmx/-Xms)
#   Decrease number of Java threads
#   Decrease Java thread stack sizes (-Xss)
#   Set larger code cache with -XX:ReservedCodeCacheSize=
#   JVM is running with Unscaled Compressed Oops mode in which the Java heap is
#     placed in the first 4GB address space. The Java Heap base address is the
#     maximum limit for the native heap growth. Please use -XX:HeapBaseMinAddress
#     to set the Java Heap base and to place the Java Heap above 4GB virtual address.
# This output file may be truncated or incomplete.
#
#  Out of Memory Error (c:/jenkins/workspace/zulu9-silver-build-win64/zulu-src/hotspot/src/os/windows/vm/os_windows.cpp:3357), pid=9328, tid=7936
#
# JRE version: OpenJDK Runtime Environment (9.0.1+1) (build 9.0.7.1+1)
# Java VM: OpenJDK 64-Bit Server VM (9.0.7.1+1, mixed mode, tiered, compressed oops, g1 gc, windows-amd64)
# No core dump will be written. Minidumps are not enabled by default on client versions of Windows
#

---------------  S U M M A R Y ------------

Command Line: -XX:TieredStopAtLevel=1 -Xverify:none -Dspring.output.ansi.enabled=always -Dcom.sun.management.jmxremote -Dcom.sun.management.jmxremote.port=56174 -Dcom.sun.management.jmxremote.authenticate=false -Dcom.sun.management.jmxremote.ssl=false -Djava.rmi.server.hostname=localhost -Dspring.liveBeansView.mbeanDomain -Dspring.application.admin.enabled=true -javaagent:L:\JetBrains\IntelliJ IDEA 2018.2.1\lib\idea_rt.jar=56175:L:\JetBrains\IntelliJ IDEA 2018.2.1\bin -Dfile.encoding=UTF-8 ru.lanit.springboot.afisha.AfishaApplication

Host: Intel(R) Core(TM) i5-7300HQ CPU @ 2.50GHz, 4 cores, 7G,  Windows 10 , 64 bit Build 17134 (10.0.17134.1)
Time: Wed Aug 29 11:46:49 2018 RTZ 2 (ceia) elapsed time: 2 seconds (0d 0h 0m 2s)

---------------  T H R E A D  ---------------

Current thread (0x000001f1e1f9e000):  VMThread "VM Thread" [stack: 0x0000002dd1d00000,0x0000002dd1e00000] [id=7936]

Stack: [0x0000002dd1d00000,0x0000002dd1e00000]
[error occurred during error reporting (printing stack bounds), id 0xe0000002]

Native frames: (J=compiled Java code, j=interpreted, Vv=VM code, C=native code)
V  [jvm.dll+0x541df8]
V  [jvm.dll+0x65172e]
V  [jvm.dll+0x65263a]
V  [jvm.dll+0x6521d5]
V  [jvm.dll+0x652bcb]
V  [jvm.dll+0x541666]
V  [jvm.dll+0x541a28]
C  [ntdll.dll+0x9eced]
C  [ntdll.dll+0x6c86]
C  [ntdll.dll+0x9dc1e]
C  0x000001f1cabb0b2a

VM_Operation (0x0000002dd2efb310): G1IncCollectionPause, mode: safepoint, requested by thread 0x000001f1e2b9a800


---------------  P R O C E S S  ---------------

Java Threads: ( => current thread )
  0x000001f1e398b800 JavaThread "RMI Scheduler(0)" daemon [_thread_blocked, id=10044, stack(0x0000002dd3200000,0x0000002dd3300000)]
  0x000001f1e2bec800 JavaThread "RMI TCP Connection(2)-127.0.0.1" daemon [_thread_in_native, id=8452, stack(0x0000002dd3100000,0x0000002dd3200000)]
  0x000001f1e3ac1800 JavaThread "RMI TCP Connection(1)-127.0.0.1" daemon [_thread_blocked, id=4156, stack(0x0000002dd3000000,0x0000002dd3100000)]
  0x000001f1e2b9a800 JavaThread "restartedMain" [_thread_blocked, id=11592, stack(0x0000002dd2e00000,0x0000002dd2f00000)]
  0x000001f1e2b97800 JavaThread "Thread-0" [_thread_blocked, id=2548, stack(0x0000002dd2d00000,0x0000002dd2e00000)]
  0x000001f1e29d9000 JavaThread "RMI TCP Accept-0" daemon [_thread_in_native, id=10416, stack(0x0000002dd2b00000,0x0000002dd2c00000)]
  0x000001f1e2970000 JavaThread "RMI TCP Accept-56174" daemon [_thread_in_native, id=6832, stack(0x0000002dd2a00000,0x0000002dd2b00000)]
  0x000001f1e2989000 JavaThread "RMI TCP Accept-0" daemon [_thread_in_native, id=12888, stack(0x0000002dd2900000,0x0000002dd2a00000)]
  0x000001f1e25a5800 JavaThread "Service Thread" daemon [_thread_blocked, id=7880, stack(0x0000002dd2800000,0x0000002dd2900000)]
  0x000001f1e25a4800 JavaThread "Monitor Ctrl-Break" daemon [_thread_in_native, id=13272, stack(0x0000002dd2700000,0x0000002dd2800000)]
  0x000001f1e208d800 JavaThread "Common-Cleaner" daemon [_thread_blocked, id=8820, stack(0x0000002dd2600000,0x0000002dd2700000)]
  0x000001f1e201a800 JavaThread "Sweeper thread" daemon [_thread_blocked, id=8116, stack(0x0000002dd2500000,0x0000002dd2600000)]
  0x000001f1e200e000 JavaThread "C1 CompilerThread2" daemon [_thread_blocked, id=11352, stack(0x0000002dd2400000,0x0000002dd2500000)]
  0x000001f1e200d800 JavaThread "C1 CompilerThread1" daemon [_thread_blocked, id=4172, stack(0x0000002dd2300000,0x0000002dd2400000)]
  0x000001f1e2009800 JavaThread "C1 CompilerThread0" daemon [_thread_blocked, id=12564, stack(0x0000002dd2200000,0x0000002dd2300000)]
  0x000001f1e2000000 JavaThread "Attach Listener" daemon [_thread_blocked, id=13120, stack(0x0000002dd2100000,0x0000002dd2200000)]
  0x000001f1e1ffe800 JavaThread "Signal Dispatcher" daemon [_thread_blocked, id=5272, stack(0x0000002dd2000000,0x0000002dd2100000)]
  0x000001f1e1fb3000 JavaThread "Finalizer" daemon [_thread_blocked, id=12704, stack(0x0000002dd1f00000,0x0000002dd2000000)]
  0x000001f1e1faa000 JavaThread "Reference Handler" daemon [_thread_blocked, id=8684, stack(0x0000002dd1e00000,0x0000002dd1f00000)]
  0x000001f1c0c44800 JavaThread "main" [_thread_blocked, id=13216, stack(0x0000002dd1100000,0x0000002dd1200000)]

Other Threads:
=>0x000001f1e1f9e000 VMThread "VM Thread" [stack: 0x0000002dd1d00000,0x0000002dd1e00000] [id=7936]
  0x000001f1e2968800 WatcherThread [stack: 0x0000002dd2c00000,0x0000002dd2d00000] [id=9836]
  0x000001f1c0c57800 GCTaskThread "GC Thread#0" [stack: 0x0000002dd1200000,0x0000002dd1300000] [id=7184]
  0x000001f1c0c59000 GCTaskThread "GC Thread#1" [stack: 0x0000002dd1300000,0x0000002dd1400000] [id=9004]
  0x000001f1c0c5a800 GCTaskThread "GC Thread#2" [stack: 0x0000002dd1400000,0x0000002dd1500000] [id=12348]
  0x000001f1c0c5d000 GCTaskThread "GC Thread#3" [stack: 0x0000002dd1500000,0x0000002dd1600000] [id=12252]
  0x000001f1c0ce3000 ConcurrentGCThread "G1 Main Marker" [stack: 0x0000002dd1b00000,0x0000002dd1c00000] [id=6852]
  0x000001f1c0ce3800 ConcurrentGCThread "G1 Marker#0" [stack: 0x0000002dd1c00000,0x0000002dd1d00000] [id=6124]
  0x000001f1c0c71800 ConcurrentGCThread "G1 Refine#0" [stack: 0x0000002dd1900000,0x0000002dd1a00000] [id=2852]
  0x000001f1c0c6e000 ConcurrentGCThread "G1 Refine#1" [stack: 0x0000002dd1800000,0x0000002dd1900000] [id=10112]
  0x000001f1c0c66800 ConcurrentGCThread "G1 Refine#2" [stack: 0x0000002dd1700000,0x0000002dd1800000] [id=7588]
  0x000001f1c0c61000 ConcurrentGCThread "G1 Refine#3" [stack: 0x0000002dd1600000,0x0000002dd1700000] [id=13132]
  0x000001f1c0c7b800 ConcurrentGCThread "G1 Young RemSet Sampling" [stack: 0x0000002dd1a00000,0x0000002dd1b00000] [id=1268]

Threads with active compile tasks:

VM state:at safepoint (normal execution)

VM Mutex/Monitor currently owned by a thread:  ([mutex/lock_event])
[0x000001f1c0c41130] Threads_lock - owner thread: 0x000001f1e1f9e000
[0x000001f1c0c40560] Heap_lock - owner thread: 0x000001f1e2b9a800

Heap address: 0x0000000081e00000, size: 2018 MB, Compressed Oops mode: 32-bit
Narrow klass base: 0x0000000000000000, Narrow klass shift: 3
Compressed class space size: 1073741824 Address: 0x0000000100000000

Heap:
 garbage-first heap   total 157696K, used 20150K [0x0000000081e00000, 0x0000000081f004d0, 0x0000000100000000)
  region size 1024K, 4 young (4096K), 4 survivors (4096K)
 Metaspace       used 28200K, capacity 29924K, committed 30080K, reserved 1075200K
  class space    used 3520K, capacity 3881K, committed 3968K, reserved 1048576K
Heap Regions: E=young(eden), S=young(survivor), O=old, HS=humongous(starts), HC=humongous(continues), CS=collection set, F=free, A=archive, TS=gc time stamp, AC=allocation context, TAMS=top-at-mark-start (previous, next)
|   0|0x0000000081e00000, 0x0000000081f00000, 0x0000000081f00000|100%| O|  |TS  0|AC  0|TAMS 0x0000000081f00000, 0x0000000081f00000|
|   1|0x0000000081f00000, 0x0000000082000000, 0x0000000082000000|100%| O|  |TS  0|AC  0|TAMS 0x0000000082000000, 0x0000000082000000|
|   2|0x0000000082000000, 0x0000000082100000, 0x0000000082100000|100%| O|  |TS  0|AC  0|TAMS 0x0000000082100000, 0x0000000082100000|
|   3|0x0000000082100000, 0x0000000082200000, 0x0000000082200000|100%| O|  |TS  0|AC  0|TAMS 0x0000000082200000, 0x0000000082200000|
|   4|0x0000000082200000, 0x0000000082300000, 0x0000000082300000|100%| O|  |TS  0|AC  0|TAMS 0x0000000082300000, 0x0000000082300000|
|   5|0x0000000082300000, 0x0000000082400000, 0x0000000082400000|100%| O|  |TS  0|AC  0|TAMS 0x0000000082400000, 0x0000000082400000|
|   6|0x0000000082400000, 0x0000000082500000, 0x0000000082500000|100%| O|  |TS  1|AC  0|TAMS 0x00000000824c6600, 0x00000000824c6600|
|   7|0x0000000082500000, 0x0000000082600000, 0x0000000082600000|100%| O|  |TS  1|AC  0|TAMS 0x0000000082500000, 0x0000000082500000|
|   8|0x0000000082600000, 0x0000000082700000, 0x0000000082700000|100%| O|  |TS  3|AC  0|TAMS 0x0000000082600000, 0x0000000082600000|
|   9|0x0000000082700000, 0x0000000082800000, 0x0000000082800000|100%| O|  |TS  3|AC  0|TAMS 0x0000000082700000, 0x0000000082700000|
|  10|0x0000000082800000, 0x0000000082900000, 0x0000000082900000|100%| O|  |TS  3|AC  0|TAMS 0x0000000082800000, 0x0000000082800000|
|  11|0x0000000082900000, 0x0000000082a00000, 0x0000000082a00000|100%| O|  |TS  3|AC  0|TAMS 0x0000000082900000, 0x0000000082900000|
|  12|0x0000000082a00000, 0x0000000082b00000, 0x0000000082b00000|100%| O|  |TS  3|AC  0|TAMS 0x0000000082a00000, 0x0000000082a00000|
|  13|0x0000000082b00000, 0x0000000082c00000, 0x0000000082c00000|100%| O|  |TS  3|AC  0|TAMS 0x0000000082b00000, 0x0000000082b00000|
|  14|0x0000000082c00000, 0x0000000082d00000, 0x0000000082d00000|100%| O|  |TS  3|AC  0|TAMS 0x0000000082c00000, 0x0000000082c00000|
|  15|0x0000000082d00000, 0x0000000082e00000, 0x0000000082e00000|100%| O|  |TS  3|AC  0|TAMS 0x0000000082d00000, 0x0000000082d00000|
|  16|0x0000000082e00000, 0x0000000082e52600, 0x0000000082f00000| 32%| O|  |TS  3|AC  0|TAMS 0x0000000082e00000, 0x0000000082e00000|
|  17|0x0000000082f00000, 0x0000000082f00000, 0x0000000083000000|  0%| F|  |TS  0|AC  0|TAMS 0x0000000082f00000, 0x0000000082f00000|
|  18|0x0000000083000000, 0x0000000083000000, 0x0000000083100000|  0%| F|  |TS  0|AC  0|TAMS 0x0000000083000000, 0x0000000083000000|
|  19|0x0000000083100000, 0x0000000083100000, 0x0000000083200000|  0%| F|  |TS  0|AC  0|TAMS 0x0000000083100000, 0x0000000083100000|
|  20|0x0000000083200000, 0x0000000083200000, 0x0000000083300000|  0%| F|  |TS  0|AC  0|TAMS 0x0000000083200000, 0x0000000083200000|
|  21|0x0000000083300000, 0x0000000083300000, 0x0000000083400000|  0%| F|  |TS  0|AC  0|TAMS 0x0000000083300000, 0x0000000083300000|
|  22|0x0000000083400000, 0x0000000083400000, 0x0000000083500000|  0%| F|  |TS  0|AC  0|TAMS 0x0000000083400000, 0x0000000083400000|
|  23|0x0000000083500000, 0x0000000083500000, 0x0000000083600000|  0%| F|  |TS  0|AC  0|TAMS 0x0000000083500000, 0x0000000083500000|
|  24|0x0000000083600000, 0x0000000083600000, 0x0000000083700000|  0%| F|  |TS  0|AC  0|TAMS 0x0000000083600000, 0x0000000083600000|
|  25|0x0000000083700000, 0x0000000083700000, 0x0000000083800000|  0%| F|  |TS  0|AC  0|TAMS 0x0000000083700000, 0x0000000083700000|
|  26|0x0000000083800000, 0x0000000083800000, 0x0000000083900000|  0%| F|  |TS  0|AC  0|TAMS 0x0000000083800000, 0x0000000083800000|
|  27|0x0000000083900000, 0x0000000083900000, 0x0000000083a00000|  0%| F|  |TS  0|AC  0|TAMS 0x0000000083900000, 0x0000000083900000|
|  28|0x0000000083a00000, 0x0000000083a00000, 0x0000000083b00000|  0%| F|  |TS  0|AC  0|TAMS 0x0000000083a00000, 0x0000000083a00000|
|  29|0x0000000083b00000, 0x0000000083b00000, 0x0000000083c00000|  0%| F|  |TS  0|AC  0|TAMS 0x0000000083b00000, 0x0000000083b00000|
|  30|0x0000000083c00000, 0x0000000083c00000, 0x0000000083d00000|  0%| F|  |TS  0|AC  0|TAMS 0x0000000083c00000, 0x0000000083c00000|
|  31|0x0000000083d00000, 0x0000000083d00000, 0x0000000083e00000|  0%| F|  |TS  0|AC  0|TAMS 0x0000000083d00000, 0x0000000083d00000|
|  32|0x0000000083e00000, 0x0000000083e00000, 0x0000000083f00000|  0%| F|  |TS  0|AC  0|TAMS 0x0000000083e00000, 0x0000000083e00000|
|  33|0x0000000083f00000, 0x0000000083f00000, 0x0000000084000000|  0%| F|  |TS  0|AC  0|TAMS 0x0000000083f00000, 0x0000000083f00000|
|  34|0x0000000084000000, 0x0000000084000000, 0x0000000084100000|  0%| F|  |TS  0|AC  0|TAMS 0x0000000084000000, 0x0000000084000000|
|  35|0x0000000084100000, 0x0000000084100000, 0x0000000084200000|  0%| F|  |TS  0|AC  0|TAMS 0x0000000084100000, 0x0000000084100000|
|  36|0x0000000084200000, 0x0000000084200000, 0x0000000084300000|  0%| F|  |TS  0|AC  0|TAMS 0x0000000084200000, 0x0000000084200000|
|  37|0x0000000084300000, 0x0000000084300000, 0x0000000084400000|  0%| F|  |TS  0|AC  0|TAMS 0x0000000084300000, 0x0000000084300000|
|  38|0x0000000084400000, 0x0000000084400000, 0x0000000084500000|  0%| F|  |TS  0|AC  0|TAMS 0x0000000084400000, 0x0000000084400000|
|  39|0x0000000084500000, 0x0000000084500000, 0x0000000084600000|  0%| F|  |TS  0|AC  0|TAMS 0x0000000084500000, 0x0000000084500000|
|  40|0x0000000084600000, 0x0000000084600000, 0x0000000084700000|  0%| F|  |TS  0|AC  0|TAMS 0x0000000084600000, 0x0000000084600000|
|  41|0x0000000084700000, 0x0000000084700000, 0x0000000084800000|  0%| F|  |TS  0|AC  0|TAMS 0x0000000084700000, 0x0000000084700000|
|  42|0x0000000084800000, 0x0000000084800000, 0x0000000084900000|  0%| F|  |TS  3|AC  0|TAMS 0x0000000084800000, 0x0000000084800000|
|  43|0x0000000084900000, 0x0000000084900000, 0x0000000084a00000|  0%| F|  |TS  3|AC  0|TAMS 0x0000000084900000, 0x0000000084900000|
|  44|0x0000000084a00000, 0x0000000084a00000, 0x0000000084b00000|  0%| F|  |TS  3|AC  0|TAMS 0x0000000084a00000, 0x0000000084a00000|
|  45|0x0000000084b00000, 0x0000000084b00000, 0x0000000084c00000|  0%| F|  |TS  3|AC  0|TAMS 0x0000000084b00000, 0x0000000084b00000|
|  46|0x0000000084c00000, 0x0000000084c00000, 0x0000000084d00000|  0%| F|  |TS  3|AC  0|TAMS 0x0000000084c00000, 0x0000000084c00000|
|  47|0x0000000084d00000, 0x0000000084d00000, 0x0000000084e00000|  0%| F|  |TS  3|AC  0|TAMS 0x0000000084d00000, 0x0000000084d00000|
|  48|0x0000000084e00000, 0x0000000084e00000, 0x0000000084f00000|  0%| F|  |TS  3|AC  0|TAMS 0x0000000084e00000, 0x0000000084e00000|
|  49|0x0000000084f00000, 0x0000000084f00000, 0x0000000085000000|  0%| F|  |TS  3|AC  0|TAMS 0x0000000084f00000, 0x0000000084f00000|
|  50|0x0000000085000000, 0x0000000085000000, 0x0000000085100000|  0%| F|  |TS  3|AC  0|TAMS 0x0000000085000000, 0x0000000085000000|
|  51|0x0000000085100000, 0x0000000085100000, 0x0000000085200000|  0%| F|  |TS  3|AC  0|TAMS 0x0000000085100000, 0x0000000085100000|
|  52|0x0000000085200000, 0x0000000085200000, 0x0000000085300000|  0%| F|  |TS  1|AC  0|TAMS 0x0000000085200000, 0x0000000085200000|
|  53|0x0000000085300000, 0x0000000085300000, 0x0000000085400000|  0%| F|  |TS  1|AC  0|TAMS 0x0000000085300000, 0x0000000085300000|
|  54|0x0000000085400000, 0x0000000085400000, 0x0000000085500000|  0%| F|  |TS  1|AC  0|TAMS 0x0000000085400000, 0x0000000085400000|
|  55|0x0000000085500000, 0x0000000085500000, 0x0000000085600000|  0%| F|  |TS  1|AC  0|TAMS 0x0000000085500000, 0x0000000085500000|
|  56|0x0000000085600000, 0x0000000085600000, 0x0000000085700000|  0%| F|  |TS  1|AC  0|TAMS 0x0000000085600000, 0x0000000085600000|
|  57|0x0000000085700000, 0x0000000085700000, 0x0000000085800000|  0%| F|  |TS  1|AC  0|TAMS 0x0000000085700000, 0x0000000085700000|
|  58|0x0000000085800000, 0x000000008585b2c8, 0x0000000085900000| 35%| S|CS|TS  3|AC  0|TAMS 0x0000000085800000, 0x0000000085800000|
|  59|0x0000000085900000, 0x0000000085a00000, 0x0000000085a00000|100%| S|CS|TS  3|AC  0|TAMS 0x0000000085900000, 0x0000000085900000|
|  60|0x0000000085a00000, 0x0000000085b00000, 0x0000000085b00000|100%| S|CS|TS  3|AC  0|TAMS 0x0000000085a00000, 0x0000000085a00000|
|  61|0x0000000085b00000, 0x0000000085c00000, 0x0000000085c00000|100%| S|CS|TS  3|AC  0|TAMS 0x0000000085b00000, 0x0000000085b00000|
|  62|0x0000000085c00000, 0x0000000085c00000, 0x0000000085d00000|  0%| F|  |TS  3|AC  0|TAMS 0x0000000085c00000, 0x0000000085c00000|
|  63|0x0000000085d00000, 0x0000000085d00000, 0x0000000085e00000|  0%| F|  |TS  3|AC  0|TAMS 0x0000000085d00000, 0x0000000085d00000|
|  64|0x0000000085e00000, 0x0000000085e00000, 0x0000000085f00000|  0%| F|  |TS  3|AC  0|TAMS 0x0000000085e00000, 0x0000000085e00000|
|  65|0x0000000085f00000, 0x0000000085f00000, 0x0000000086000000|  0%| F|  |TS  3|AC  0|TAMS 0x0000000085f00000, 0x0000000085f00000|
|  66|0x0000000086000000, 0x0000000086000000, 0x0000000086100000|  0%| F|  |TS  3|AC  0|TAMS 0x0000000086000000, 0x0000000086000000|
|  67|0x0000000086100000, 0x0000000086100000, 0x0000000086200000|  0%| F|  |TS  3|AC  0|TAMS 0x0000000086100000, 0x0000000086100000|
|  68|0x0000000086200000, 0x0000000086200000, 0x0000000086300000|  0%| F|  |TS  3|AC  0|TAMS 0x0000000086200000, 0x0000000086200000|
|  69|0x0000000086300000, 0x0000000086300000, 0x0000000086400000|  0%| F|  |TS  3|AC  0|TAMS 0x0000000086300000, 0x0000000086300000|
|  70|0x0000000086400000, 0x0000000086400000, 0x0000000086500000|  0%| F|  |TS  3|AC  0|TAMS 0x0000000086400000, 0x0000000086400000|
|  71|0x0000000086500000, 0x0000000086500000, 0x0000000086600000|  0%| F|  |TS  3|AC  0|TAMS 0x0000000086500000, 0x0000000086500000|
|  72|0x0000000086600000, 0x0000000086600000, 0x0000000086700000|  0%| F|  |TS  3|AC  0|TAMS 0x0000000086600000, 0x0000000086600000|
|  73|0x0000000086700000, 0x0000000086700000, 0x0000000086800000|  0%| F|  |TS  3|AC  0|TAMS 0x0000000086700000, 0x0000000086700000|
|  74|0x0000000086800000, 0x0000000086800000, 0x0000000086900000|  0%| F|  |TS  3|AC  0|TAMS 0x0000000086800000, 0x0000000086800000|
|  75|0x0000000086900000, 0x0000000086900000, 0x0000000086a00000|  0%| F|  |TS  3|AC  0|TAMS 0x0000000086900000, 0x0000000086900000|
|  76|0x0000000086a00000, 0x0000000086a00000, 0x0000000086b00000|  0%| F|  |TS  3|AC  0|TAMS 0x0000000086a00000, 0x0000000086a00000|
|  77|0x0000000086b00000, 0x0000000086b00000, 0x0000000086c00000|  0%| F|  |TS  3|AC  0|TAMS 0x0000000086b00000, 0x0000000086b00000|
|  78|0x0000000086c00000, 0x0000000086c00000, 0x0000000086d00000|  0%| F|  |TS  3|AC  0|TAMS 0x0000000086c00000, 0x0000000086c00000|
|  79|0x0000000086d00000, 0x0000000086d00000, 0x0000000086e00000|  0%| F|  |TS  3|AC  0|TAMS 0x0000000086d00000, 0x0000000086d00000|
|  80|0x0000000086e00000, 0x0000000086e00000, 0x0000000086f00000|  0%| F|  |TS  3|AC  0|TAMS 0x0000000086e00000, 0x0000000086e00000|
|  81|0x0000000086f00000, 0x0000000086f00000, 0x0000000087000000|  0%| F|  |TS  3|AC  0|TAMS 0x0000000086f00000, 0x0000000086f00000|
|  82|0x0000000087000000, 0x0000000087000000, 0x0000000087100000|  0%| F|  |TS  3|AC  0|TAMS 0x0000000087000000, 0x0000000087000000|
|  83|0x0000000087100000, 0x0000000087100000, 0x0000000087200000|  0%| F|  |TS  3|AC  0|TAMS 0x0000000087100000, 0x0000000087100000|
|  84|0x0000000087200000, 0x0000000087200000, 0x0000000087300000|  0%| F|  |TS  3|AC  0|TAMS 0x0000000087200000, 0x0000000087200000|
|  85|0x0000000087300000, 0x0000000087300000, 0x0000000087400000|  0%| F|  |TS  3|AC  0|TAMS 0x0000000087300000, 0x0000000087300000|
|  86|0x0000000087400000, 0x0000000087400000, 0x0000000087500000|  0%| F|  |TS  3|AC  0|TAMS 0x0000000087400000, 0x0000000087400000|
|  87|0x0000000087500000, 0x0000000087500000, 0x0000000087600000|  0%| F|  |TS  3|AC  0|TAMS 0x0000000087500000, 0x0000000087500000|
|  88|0x0000000087600000, 0x0000000087600000, 0x0000000087700000|  0%| F|  |TS  3|AC  0|TAMS 0x0000000087600000, 0x0000000087600000|
|  89|0x0000000087700000, 0x0000000087700000, 0x0000000087800000|  0%| F|  |TS  3|AC  0|TAMS 0x0000000087700000, 0x0000000087700000|
|  90|0x0000000087800000, 0x0000000087800000, 0x0000000087900000|  0%| F|  |TS  3|AC  0|TAMS 0x0000000087800000, 0x0000000087800000|
|  91|0x0000000087900000, 0x0000000087900000, 0x0000000087a00000|  0%| F|  |TS  3|AC  0|TAMS 0x0000000087900000, 0x0000000087900000|
|  92|0x0000000087a00000, 0x0000000087a00000, 0x0000000087b00000|  0%| F|  |TS  3|AC  0|TAMS 0x0000000087a00000, 0x0000000087a00000|
|  93|0x0000000087b00000, 0x0000000087b00000, 0x0000000087c00000|  0%| F|  |TS  3|AC  0|TAMS 0x0000000087b00000, 0x0000000087b00000|
|  94|0x0000000087c00000, 0x0000000087c00000, 0x0000000087d00000|  0%| F|  |TS  3|AC  0|TAMS 0x0000000087c00000, 0x0000000087c00000|
|  95|0x0000000087d00000, 0x0000000087d00000, 0x0000000087e00000|  0%| F|  |TS  3|AC  0|TAMS 0x0000000087d00000, 0x0000000087d00000|
|  96|0x0000000087e00000, 0x0000000087e00000, 0x0000000087f00000|  0%| F|  |TS  3|AC  0|TAMS 0x0000000087e00000, 0x0000000087e00000|
|  97|0x0000000087f00000, 0x0000000087f00000, 0x0000000088000000|  0%| F|  |TS  3|AC  0|TAMS 0x0000000087f00000, 0x0000000087f00000|
|  98|0x0000000088000000, 0x0000000088000000, 0x0000000088100000|  0%| F|  |TS  3|AC  0|TAMS 0x0000000088000000, 0x0000000088000000|
|  99|0x0000000088100000, 0x0000000088100000, 0x0000000088200000|  0%| F|  |TS  3|AC  0|TAMS 0x0000000088100000, 0x0000000088100000|
| 100|0x0000000088200000, 0x0000000088200000, 0x0000000088300000|  0%| F|  |TS  3|AC  0|TAMS 0x0000000088200000, 0x0000000088200000|
| 101|0x0000000088300000, 0x0000000088300000, 0x0000000088400000|  0%| F|  |TS  3|AC  0|TAMS 0x0000000088300000, 0x0000000088300000|
| 102|0x0000000088400000, 0x0000000088400000, 0x0000000088500000|  0%| F|  |TS  3|AC  0|TAMS 0x0000000088400000, 0x0000000088400000|
| 103|0x0000000088500000, 0x0000000088500000, 0x0000000088600000|  0%| F|  |TS  3|AC  0|TAMS 0x0000000088500000, 0x0000000088500000|
| 104|0x0000000088600000, 0x0000000088600000, 0x0000000088700000|  0%| F|  |TS  3|AC  0|TAMS 0x0000000088600000, 0x0000000088600000|
| 105|0x0000000088700000, 0x0000000088700000, 0x0000000088800000|  0%| F|  |TS  3|AC  0|TAMS 0x0000000088700000, 0x0000000088700000|
| 106|0x0000000088800000, 0x0000000088800000, 0x0000000088900000|  0%| F|  |TS  3|AC  0|TAMS 0x0000000088800000, 0x0000000088800000|
| 107|0x0000000088900000, 0x0000000088900000, 0x0000000088a00000|  0%| F|  |TS  3|AC  0|TAMS 0x0000000088900000, 0x0000000088900000|
| 108|0x0000000088a00000, 0x0000000088a00000, 0x0000000088b00000|  0%| F|  |TS  3|AC  0|TAMS 0x0000000088a00000, 0x0000000088a00000|
| 109|0x0000000088b00000, 0x0000000088b00000, 0x0000000088c00000|  0%| F|  |TS  3|AC  0|TAMS 0x0000000088b00000, 0x0000000088b00000|
| 110|0x0000000088c00000, 0x0000000088c00000, 0x0000000088d00000|  0%| F|  |TS  3|AC  0|TAMS 0x0000000088c00000, 0x0000000088c00000|
| 111|0x0000000088d00000, 0x0000000088d00000, 0x0000000088e00000|  0%| F|  |TS  3|AC  0|TAMS 0x0000000088d00000, 0x0000000088d00000|
| 112|0x0000000088e00000, 0x0000000088e00000, 0x0000000088f00000|  0%| F|  |TS  3|AC  0|TAMS 0x0000000088e00000, 0x0000000088e00000|
| 113|0x0000000088f00000, 0x0000000088f00000, 0x0000000089000000|  0%| F|  |TS  3|AC  0|TAMS 0x0000000088f00000, 0x0000000088f00000|
| 114|0x0000000089000000, 0x0000000089000000, 0x0000000089100000|  0%| F|  |TS  3|AC  0|TAMS 0x0000000089000000, 0x0000000089000000|
| 115|0x0000000089100000, 0x0000000089100000, 0x0000000089200000|  0%| F|  |TS  3|AC  0|TAMS 0x0000000089100000, 0x0000000089100000|
| 116|0x0000000089200000, 0x0000000089200000, 0x0000000089300000|  0%| F|  |TS  3|AC  0|TAMS 0x0000000089200000, 0x0000000089200000|
| 117|0x0000000089300000, 0x0000000089300000, 0x0000000089400000|  0%| F|  |TS  3|AC  0|TAMS 0x0000000089300000, 0x0000000089300000|
| 118|0x0000000089400000, 0x0000000089400000, 0x0000000089500000|  0%| F|  |TS  3|AC  0|TAMS 0x0000000089400000, 0x0000000089400000|
| 119|0x0000000089500000, 0x0000000089500000, 0x0000000089600000|  0%| F|  |TS  3|AC  0|TAMS 0x0000000089500000, 0x0000000089500000|
| 120|0x0000000089600000, 0x0000000089600000, 0x0000000089700000|  0%| F|  |TS  3|AC  0|TAMS 0x0000000089600000, 0x0000000089600000|
| 121|0x0000000089700000, 0x0000000089700000, 0x0000000089800000|  0%| F|  |TS  3|AC  0|TAMS 0x0000000089700000, 0x0000000089700000|
| 122|0x0000000089800000, 0x0000000089800000, 0x0000000089900000|  0%| F|  |TS  3|AC  0|TAMS 0x0000000089800000, 0x0000000089800000|
| 123|0x0000000089900000, 0x0000000089900000, 0x0000000089a00000|  0%| F|  |TS  3|AC  0|TAMS 0x0000000089900000, 0x0000000089900000|
| 124|0x0000000089a00000, 0x0000000089a00000, 0x0000000089b00000|  0%| F|  |TS  3|AC  0|TAMS 0x0000000089a00000, 0x0000000089a00000|
| 125|0x0000000089b00000, 0x0000000089b00000, 0x0000000089c00000|  0%| F|  |TS  3|AC  0|TAMS 0x0000000089b00000, 0x0000000089b00000|
| 126|0x0000000089c00000, 0x0000000089c00000, 0x0000000089d00000|  0%| F|  |TS  3|AC  0|TAMS 0x0000000089c00000, 0x0000000089c00000|
| 127|0x0000000089d00000, 0x0000000089d00000, 0x0000000089e00000|  0%| F|  |TS  3|AC  0|TAMS 0x0000000089d00000, 0x0000000089d00000|

Card table byte_map: [0x000001f1da9d0000,0x000001f1dadd0000] byte_map_base: 0x000001f1da5c1000

Marking Bits (Prev, Next): (CMBitMap*) 0x000001f1c0ce22e8, (CMBitMap*) 0x000001f1c0ce22b0
 Prev Bits: [0x000001f1dd160000, 0x000001f1df0e8000)
 Next Bits: [0x000001f1db1d0000, 0x000001f1dd158000)

Polling page: 0x000001f1c0b80000

CodeHeap 'non-profiled nmethods': size=238912Kb used=5212Kb max_used=5212Kb free=233699Kb
 bounds [0x000001f1cb260000, 0x000001f1cb780000, 0x000001f1d9bb0000]
CodeHeap 'non-nmethods': size=6848Kb used=2428Kb max_used=2428Kb free=4419Kb
 bounds [0x000001f1cabb0000, 0x000001f1cae20000, 0x000001f1cb260000]
 total_blobs=3674 nmethods=3168 adapters=414
 compilation: enabled

Compilation events (10 events):
Event: 2.335 Thread 0x000001f1e2009800 nmethod 3163 0x000001f1cb773c90 code [0x000001f1cb773e40, 0x000001f1cb773fe0]
Event: 2.336 Thread 0x000001f1e200d800 nmethod 3164 0x000001f1cb774090 code [0x000001f1cb7743e0, 0x000001f1cb775090]
Event: 2.337 Thread 0x000001f1e200e000 3165       1       org.springframework.boot.context.properties.source.SpringIterableConfigurationPropertySource$CacheKey::equals (39 bytes)
Event: 2.337 Thread 0x000001f1e200e000 nmethod 3165 0x000001f1cb775710 code [0x000001f1cb7758c0, 0x000001f1cb775a90]
Event: 2.338 Thread 0x000001f1e2009800 3166       1       java.util.Collections::addAll (43 bytes)
Event: 2.339 Thread 0x000001f1e2009800 nmethod 3166 0x000001f1cb775b90 code [0x000001f1cb775d40, 0x000001f1cb775ed0]
Event: 2.340 Thread 0x000001f1e200d800 3167       1       org.springframework.boot.autoconfigure.condition.SpringBootCondition::<init> (16 bytes)
Event: 2.340 Thread 0x000001f1e200e000 3168   !   1       org.springframework.util.ClassUtils::resolveClassName (74 bytes)
Event: 2.340 Thread 0x000001f1e200d800 nmethod 3167 0x000001f1cb776010 code [0x000001f1cb7761e0, 0x000001f1cb776400]
Event: 2.341 Thread 0x000001f1e200e000 nmethod 3168 0x000001f1cb776510 code [0x000001f1cb7767a0, 0x000001f1cb776ef0]

GC Heap History (9 events):
Event: 0.424 GC heap before
{Heap before GC invocations=0 (full 0):
 garbage-first heap   total 131072K, used 14336K [0x0000000081e00000, 0x0000000081f00400, 0x0000000100000000)
  region size 1024K, 14 young (14336K), 0 survivors (0K)
 Metaspace       used 9115K, capacity 9446K, committed 9472K, reserved 1058816K
  class space    used 935K, capacity 1016K, committed 1024K, reserved 1048576K
}
Event: 0.427 GC heap after
{Heap after GC invocations=1 (full 0):
 garbage-first heap   total 131072K, used 4707K [0x0000000081e00000, 0x0000000081f00400, 0x0000000100000000)
  region size 1024K, 2 young (2048K), 2 survivors (2048K)
 Metaspace       used 9115K, capacity 9446K, committed 9472K, reserved 1058816K
  class space    used 935K, capacity 1016K, committed 1024K, reserved 1048576K
}
Event: 0.992 GC heap before
{Heap before GC invocations=1 (full 0):
 garbage-first heap   total 131072K, used 80483K [0x0000000081e00000, 0x0000000081f00400, 0x0000000100000000)
  region size 1024K, 76 young (77824K), 2 survivors (2048K)
 Metaspace       used 16939K, capacity 17878K, committed 18048K, reserved 1064960K
  class space    used 1897K, capacity 2080K, committed 2176K, reserved 1048576K
}
Event: 1.000 GC heap after
{Heap after GC invocations=2 (full 0):
 garbage-first heap   total 131072K, used 10657K [0x0000000081e00000, 0x0000000081f00400, 0x0000000100000000)
  region size 1024K, 8 young (8192K), 8 survivors (8192K)
 Metaspace       used 16939K, capacity 17878K, committed 18048K, reserved 1064960K
  class space    used 1897K, capacity 2080K, committed 2176K, reserved 1048576K
}
Event: 1.244 GC heap before
{Heap before GC invocations=2 (full 0):
 garbage-first heap   total 131072K, used 43425K [0x0000000081e00000, 0x0000000081f00400, 0x0000000100000000)
  region size 1024K, 41 young (41984K), 8 survivors (8192K)
 Metaspace       used 20145K, capacity 21222K, committed 21296K, reserved 1069056K
  class space    used 2446K, capacity 2672K, committed 2688K, reserved 1048576K
}
Event: 1.252 GC heap after
{Heap after GC invocations=3 (full 0):
 garbage-first heap   total 131072K, used 10870K [0x0000000081e00000, 0x0000000081f00400, 0x0000000100000000)
  region size 1024K, 4 young (4096K), 4 survivors (4096K)
 Metaspace       used 20145K, capacity 21222K, committed 21296K, reserved 1069056K
  class space    used 2446K, capacity 2672K, committed 2688K, reserved 1048576K
}
Event: 2.083 GC heap before
{Heap before GC invocations=4 (full 0):
 garbage-first heap   total 131072K, used 84598K [0x0000000081e00000, 0x0000000081f00400, 0x0000000100000000)
  region size 1024K, 76 young (77824K), 4 survivors (4096K)
 Metaspace       used 27277K, capacity 28942K, committed 29184K, reserved 1075200K
  class space    used 3371K, capacity 3718K, committed 3840K, reserved 1048576K
}
Event: 2.091 GC heap after
{Heap after GC invocations=5 (full 0):
 garbage-first heap   total 131072K, used 19433K [0x0000000081e00000, 0x0000000081f00400, 0x0000000100000000)
  region size 1024K, 10 young (10240K), 10 survivors (10240K)
 Metaspace       used 27277K, capacity 28942K, committed 29184K, reserved 1075200K
  class space    used 3371K, capacity 3718K, committed 3840K, reserved 1048576K
}
Event: 2.341 GC heap before
{Heap before GC invocations=5 (full 0):
 garbage-first heap   total 131072K, used 87017K [0x0000000081e00000, 0x0000000081f00400, 0x0000000100000000)
  region size 1024K, 76 young (77824K), 10 survivors (10240K)
 Metaspace       used 28200K, capacity 29924K, committed 30080K, reserved 1075200K
  class space    used 3520K, capacity 3881K, committed 3968K, reserved 1048576K
}

Deoptimization events (0 events):
No events

Classes redefined (0 events):
No events

Internal exceptions (10 events):
Event: 1.534 Thread 0x000001f1e2b9a800 Exception <a 'java/lang/NoClassDefFoundError'{0x0000000088fb44d8}: reactor/adapter/JdkFlowAdapter> (0x0000000088fb44d8) thrown at [c:/jenkins/workspace/zulu9-silver-build-win64/zulu-src/hotspot/src/share/vm/classfile/systemDictionary.cpp, line 207]
Event: 1.650 Thread 0x000001f1e3a03000 Exception <a 'java/lang/NoSuchMethodError'{0x000000008830c8e0}: java.lang.invoke.DirectMethodHandle$Holder.invokeSpecial(Ljava/lang/Object;Ljava/lang/Object;)J> (0x000000008830c8e0) thrown at [c:/jenkins/workspace/zulu9-silver-build-win64/zulu-src/hotspot
Event: 1.652 Thread 0x000001f1e3a03000 Exception <a 'java/lang/NoSuchMethodError'{0x000000008834ba88}: java.lang.invoke.DirectMethodHandle$Holder.invokeStatic(Ljava/lang/Object;Ljava/lang/Object;)J> (0x000000008834ba88) thrown at [c:/jenkins/workspace/zulu9-silver-build-win64/zulu-src/hotspot/
Event: 1.652 Thread 0x000001f1e3a03000 Exception <a 'java/lang/NoSuchMethodError'{0x000000008834e908}: java.lang.invoke.DirectMethodHandle$Holder.invokeStaticInit(Ljava/lang/Object;Ljava/lang/Object;)J> (0x000000008834e908) thrown at [c:/jenkins/workspace/zulu9-silver-build-win64/zulu-src/hots
Event: 1.654 Thread 0x000001f1e3a03000 Exception <a 'java/lang/NoSuchMethodError'{0x0000000088384ad8}: java.lang.invoke.DirectMethodHandle$Holder.invokeInterface(Ljava/lang/Object;Ljava/lang/Object;)J> (0x0000000088384ad8) thrown at [c:/jenkins/workspace/zulu9-silver-build-win64/zulu-src/hotsp
Event: 1.654 Thread 0x000001f1e3a03000 Exception <a 'java/lang/IncompatibleClassChangeError'{0x00000000883878c8}: Found class java.lang.Object, but interface was expected> (0x00000000883878c8) thrown at [c:/jenkins/workspace/zulu9-silver-build-win64/zulu-src/hotspot/src/share/vm/interpreter/li
Event: 1.961 Thread 0x000001f1e2b9a800 Exception <a 'java/lang/NoSuchMethodError'{0x00000000862e00f0}: java.lang.invoke.DirectMethodHandle$Holder.invokeStatic(Ljava/lang/Object;Ljava/lang/Object;Ljava/lang/Object;Ljava/lang/Object;)I> (0x00000000862e00f0) thrown at [c:/jenkins/workspace/zulu9-
Event: 2.006 Thread 0x000001f1e2bec800 Exception <a 'java/lang/reflect/InvocationTargetException'{0x0000000085b54ae8}> (0x0000000085b54ae8) thrown at [c:/jenkins/workspace/zulu9-silver-build-win64/zulu-src/hotspot/src/share/vm/runtime/reflection.cpp, line 1213]
Event: 2.047 Thread 0x000001f1e2b9a800 Exception <a 'java/lang/NoSuchMethodError'{0x0000000085663de8}: method resolution failed> (0x0000000085663de8) thrown at [c:/jenkins/workspace/zulu9-silver-build-win64/zulu-src/hotspot/src/share/vm/prims/methodHandles.cpp, line 1256]
Event: 2.294 Thread 0x000001f1e2b9a800 Exception <a 'java/lang/NoSuchMethodError'{0x000000008626c7d0}: java.lang.invoke.DirectMethodHandle$Holder.invokeInterface(Ljava/lang/Object;Ljava/lang/Object;Ljava/lang/Object;Ljava/lang/Object;)V> (0x000000008626c7d0) thrown at [c:/jenkins/workspace/zul

Events (10 events):
Event: 2.339 loading class org/springframework/boot/autoconfigure/web/servlet/error/ErrorMvcAutoConfiguration$WhitelabelErrorViewConfiguration done
Event: 2.340 loading class org/springframework/web/servlet/View
Event: 2.340 loading class org/springframework/web/servlet/View done
Event: 2.340 loading class org/springframework/boot/autoconfigure/web/servlet/error/ErrorMvcAutoConfiguration$DefaultErrorViewResolverConfiguration
Event: 2.340 loading class org/springframework/boot/autoconfigure/web/servlet/error/ErrorMvcAutoConfiguration$DefaultErrorViewResolverConfiguration done
Event: 2.341 loading class org/springframework/boot/autoconfigure/web/servlet/error/DefaultErrorViewResolver
Event: 2.341 loading class org/springframework/boot/autoconfigure/web/servlet/error/DefaultErrorViewResolver done
Event: 2.341 loading class org/springframework/boot/autoconfigure/web/servlet/error/ErrorViewResolver
Event: 2.341 loading class org/springframework/boot/autoconfigure/web/servlet/error/ErrorViewResolver done
Event: 2.341 Executing VM operation: G1IncCollectionPause


Dynamic libraries:
0x00007ff717fc0000 - 0x00007ff717ffd000 	C:\Users\fun4l\.sdkman\candidates\java\9.0.7-zulu\bin\java.exe
0x00007ffc5d490000 - 0x00007ffc5d671000 	C:\WINDOWS\SYSTEM32\ntdll.dll
0x00007ffc5c4a0000 - 0x00007ffc5c552000 	C:\WINDOWS\System32\KERNEL32.DLL
0x00007ffc59df0000 - 0x00007ffc5a063000 	C:\WINDOWS\System32\KERNELBASE.dll
0x00007ffc5c260000 - 0x00007ffc5c3f0000 	C:\WINDOWS\System32\USER32.dll
0x00007ffc59dd0000 - 0x00007ffc59df0000 	C:\WINDOWS\System32\win32u.dll
0x00007ffc5c560000 - 0x00007ffc5c588000 	C:\WINDOWS\System32\GDI32.dll
0x00007ffc59940000 - 0x00007ffc59ad2000 	C:\WINDOWS\System32\gdi32full.dll
0x00007ffc5a070000 - 0x00007ffc5a10f000 	C:\WINDOWS\System32\msvcp_win.dll
0x00007ffc5a110000 - 0x00007ffc5a20a000 	C:\WINDOWS\System32\ucrtbase.dll
0x00007ffc402f0000 - 0x00007ffc40559000 	C:\WINDOWS\WinSxS\amd64_microsoft.windows.common-controls_6595b64144ccf1df_6.0.17134.228_none_fb4599993062b194\COMCTL32.dll
0x00007ffc5c8c0000 - 0x00007ffc5c95e000 	C:\WINDOWS\System32\msvcrt.dll
0x00007ffc5bf30000 - 0x00007ffc5c253000 	C:\WINDOWS\System32\combase.dll
0x00007ffc5c590000 - 0x00007ffc5c6b4000 	C:\WINDOWS\System32\RPCRT4.dll
0x00007ffc59860000 - 0x00007ffc598da000 	C:\WINDOWS\System32\bcryptPrimitives.dll
0x00007ffc5c470000 - 0x00007ffc5c49d000 	C:\WINDOWS\System32\IMM32.DLL
0x00007ffc1e930000 - 0x00007ffc1ea1f000 	C:\Users\fun4l\.sdkman\candidates\java\9.0.7-zulu\bin\msvcr120.dll
0x00007ffc20680000 - 0x00007ffc20726000 	C:\Users\fun4l\.sdkman\candidates\java\9.0.7-zulu\bin\msvcp120.dll
0x0000000069fe0000 - 0x000000006a994000 	C:\Users\fun4l\.sdkman\candidates\java\9.0.7-zulu\bin\server\jvm.dll
0x00007ffc5d180000 - 0x00007ffc5d221000 	C:\WINDOWS\System32\ADVAPI32.dll
0x00007ffc5c6c0000 - 0x00007ffc5c71b000 	C:\WINDOWS\System32\sechost.dll
0x00007ffc5c960000 - 0x00007ffc5c968000 	C:\WINDOWS\System32\PSAPI.DLL
0x00007ffc41e80000 - 0x00007ffc41e89000 	C:\WINDOWS\SYSTEM32\WSOCK32.dll
0x00007ffc5c400000 - 0x00007ffc5c46c000 	C:\WINDOWS\System32\WS2_32.dll
0x00007ffc538c0000 - 0x00007ffc538e3000 	C:\WINDOWS\SYSTEM32\WINMM.dll
0x00007ffc54b90000 - 0x00007ffc54b9a000 	C:\WINDOWS\SYSTEM32\VERSION.dll
0x00007ffc53890000 - 0x00007ffc538ba000 	C:\WINDOWS\SYSTEM32\WINMMBASE.dll
0x00007ffc59b90000 - 0x00007ffc59bd9000 	C:\WINDOWS\System32\cfgmgr32.dll
0x00007ffc56680000 - 0x00007ffc5668f000 	C:\Users\fun4l\.sdkman\candidates\java\9.0.7-zulu\bin\verify.dll
0x00007ffc35620000 - 0x00007ffc35647000 	C:\Users\fun4l\.sdkman\candidates\java\9.0.7-zulu\bin\java.dll
0x00007ffc355d0000 - 0x00007ffc355fa000 	C:\Users\fun4l\.sdkman\candidates\java\9.0.7-zulu\bin\instrument.dll
0x00007ffc35600000 - 0x00007ffc35616000 	C:\Users\fun4l\.sdkman\candidates\java\9.0.7-zulu\bin\zip.dll
0x00007ffc4c720000 - 0x00007ffc4c72a000 	C:\Users\fun4l\.sdkman\candidates\java\9.0.7-zulu\bin\jimage.dll
0x00007ffc5aaf0000 - 0x00007ffc5bf30000 	C:\WINDOWS\System32\SHELL32.dll
0x00007ffc5ceb0000 - 0x00007ffc5cf59000 	C:\WINDOWS\System32\shcore.dll
0x00007ffc5a210000 - 0x00007ffc5a91d000 	C:\WINDOWS\System32\windows.storage.dll
0x00007ffc5d400000 - 0x00007ffc5d451000 	C:\WINDOWS\System32\shlwapi.dll
0x00007ffc597d0000 - 0x00007ffc597e1000 	C:\WINDOWS\System32\kernel.appcore.dll
0x00007ffc597f0000 - 0x00007ffc5980f000 	C:\WINDOWS\System32\profapi.dll
0x00007ffc59810000 - 0x00007ffc5985c000 	C:\WINDOWS\System32\powrprof.dll
0x00007ffc597a0000 - 0x00007ffc597aa000 	C:\WINDOWS\System32\FLTLIB.DLL
0x00007ffc35380000 - 0x00007ffc3539a000 	C:\Users\fun4l\.sdkman\candidates\java\9.0.7-zulu\bin\net.dll
0x00007ffc52f80000 - 0x00007ffc5305c000 	C:\WINDOWS\SYSTEM32\WINHTTP.dll
0x00007ffc59020000 - 0x00007ffc59086000 	C:\WINDOWS\system32\mswsock.dll
0x00007ffc34dd0000 - 0x00007ffc34de1000 	C:\Users\fun4l\.sdkman\candidates\java\9.0.7-zulu\bin\nio.dll
0x00007ffc31260000 - 0x00007ffc3127a000 	L:\JetBrains\IntelliJ IDEA 2018.2.1\bin\breakgen64.dll
0x00007ffc3d270000 - 0x00007ffc3d279000 	C:\Users\fun4l\.sdkman\candidates\java\9.0.7-zulu\bin\management.dll
0x00007ffc3d130000 - 0x00007ffc3d13a000 	C:\Users\fun4l\.sdkman\candidates\java\9.0.7-zulu\bin\management_ext.dll
0x00007ffc408b0000 - 0x00007ffc408c6000 	C:\WINDOWS\system32\napinsp.dll
0x00007ffc40890000 - 0x00007ffc408aa000 	C:\WINDOWS\system32\pnrpnsp.dll
0x00007ffc56640000 - 0x00007ffc56659000 	C:\WINDOWS\system32\NLAapi.dll
0x00007ffc58de0000 - 0x00007ffc58e9e000 	C:\WINDOWS\SYSTEM32\DNSAPI.dll
0x00007ffc5a920000 - 0x00007ffc5a928000 	C:\WINDOWS\System32\NSI.dll
0x00007ffc58da0000 - 0x00007ffc58dd8000 	C:\WINDOWS\SYSTEM32\IPHLPAPI.DLL
0x00007ffc409c0000 - 0x00007ffc409ce000 	C:\WINDOWS\System32\winrnr.dll
0x00007ffc53bf0000 - 0x00007ffc53bfa000 	C:\Windows\System32\rasadhlp.dll
0x00007ffc52f00000 - 0x00007ffc52f72000 	C:\WINDOWS\System32\fwpuclnt.dll
0x00007ffc59300000 - 0x00007ffc59325000 	C:\WINDOWS\SYSTEM32\bcrypt.dll
0x00007ffc591d0000 - 0x00007ffc591e7000 	C:\WINDOWS\SYSTEM32\CRYPTSP.dll
0x00007ffc58c00000 - 0x00007ffc58c33000 	C:\WINDOWS\system32\rsaenh.dll
0x00007ffc596d0000 - 0x00007ffc596f8000 	C:\WINDOWS\SYSTEM32\USERENV.dll
0x00007ffc591f0000 - 0x00007ffc591fb000 	C:\WINDOWS\SYSTEM32\CRYPTBASE.dll
0x00007ffc54940000 - 0x00007ffc54956000 	C:\WINDOWS\SYSTEM32\dhcpcsvc6.DLL
0x00007ffc54980000 - 0x00007ffc5499a000 	C:\WINDOWS\SYSTEM32\dhcpcsvc.DLL
0x00007ffc3f2b0000 - 0x00007ffc3f479000 	C:\WINDOWS\SYSTEM32\dbghelp.dll

VM Arguments:
jvm_args: -XX:TieredStopAtLevel=1 -Xverify:none -Dspring.output.ansi.enabled=always -Dcom.sun.management.jmxremote -Dcom.sun.management.jmxremote.port=56174 -Dcom.sun.management.jmxremote.authenticate=false -Dcom.sun.management.jmxremote.ssl=false -Djava.rmi.server.hostname=localhost -Dspring.liveBeansView.mbeanDomain -Dspring.application.admin.enabled=true -javaagent:L:\JetBrains\IntelliJ IDEA 2018.2.1\lib\idea_rt.jar=56175:L:\JetBrains\IntelliJ IDEA 2018.2.1\bin -Dfile.encoding=UTF-8 
java_command: ru.lanit.springboot.afisha.AfishaApplication
java_class_path (initial): C:\Users\fun4l\dev\study\Lanit\SpringBootAfisha\target\classes;C:\Users\fun4l\.m2\repository\org\springframework\boot\spring-boot-starter-web\2.0.3.RELEASE\spring-boot-starter-web-2.0.3.RELEASE.jar;C:\Users\fun4l\.m2\repository\org\springframework\boot\spring-boot-starter\2.0.3.RELEASE\spring-boot-starter-2.0.3.RELEASE.jar;C:\Users\fun4l\.m2\repository\org\springframework\boot\spring-boot-starter-logging\2.0.3.RELEASE\spring-boot-starter-logging-2.0.3.RELEASE.jar;C:\Users\fun4l\.m2\repository\ch\qos\logback\logback-classic\1.2.3\logback-classic-1.2.3.jar;C:\Users\fun4l\.m2\repository\ch\qos\logback\logback-core\1.2.3\logback-core-1.2.3.jar;C:\Users\fun4l\.m2\repository\org\apache\logging\log4j\log4j-to-slf4j\2.10.0\log4j-to-slf4j-2.10.0.jar;C:\Users\fun4l\.m2\repository\org\apache\logging\log4j\log4j-api\2.10.0\log4j-api-2.10.0.jar;C:\Users\fun4l\.m2\repository\org\slf4j\jul-to-slf4j\1.7.25\jul-to-slf4j-1.7.25.jar;C:\Users\fun4l\.m2\repository\javax\annotation\javax.annotation-api\1.3.2\javax.annotation-api-1.3.2.jar;C:\Users\fun4l\.m2\repository\org\yaml\snakeyaml\1.19\snakeyaml-1.19.jar;C:\Users\fun4l\.m2\repository\org\springframework\boot\spring-boot-starter-json\2.0.3.RELEASE\spring-boot-starter-json-2.0.3.RELEASE.jar;C:\Users\fun4l\.m2\repository\com\fasterxml\jackson\core\jackson-databind\2.9.6\jackson-databind-2.9.6.jar;C:\Users\fun4l\.m2\repository\com\fasterxml\jackson\core\jackson-annotations\2.9.0\jackson-annotations-2.9.0.jar;C:\Users\fun4l\.m2\repository\com\fasterxml\jackson\core\jackson-core\2.9.6\jackson-core-2.9.6.jar;C:\Users\fun4l\.m2\repository\com\fasterxml\jackson\datatype\jackson-datatype-jdk8\2.9.6\jackson-datatype-jdk8-2.9.6.jar;C:\Users\fun4l\.m2\repository\com\fasterxml\jackson\datatype\jackson-datatype-jsr310\2.9.6\jackson-datatype-jsr310-2.9.6.jar;C:\Users\fun4l\.m2\repository\com\fasterxml\jackson\module\jackson-module-parameter-names\2.9.6\jackson-module-parameter-names-2.9.6.jar;C:\Users\fun4l\.m2\reposit
Launcher Type: SUN_STANDARD

Logging:
Log output configuration:
#0: stdout all=warning uptime,level,tags
#1: stderr all=off uptime,level,tags

Environment Variables:
JAVA_HOME=C:\Program Files\Java\jdk-9.0.4
PATH=C:\ProgramData\Oracle\Java\javapath;C:\Program Files (x86)\Common Files\Intel\Shared Files\cpp\bin\Intel64;C:\Program Files (x86)\Intel\iCLS Client\;C:\Program Files\Intel\iCLS Client\;C:\WINDOWS\system32;C:\WINDOWS;C:\WINDOWS\System32\Wbem;C:\WINDOWS\System32\WindowsPowerShell\v1.0\;C:\Program Files (x86)\NVIDIA Corporation\PhysX\Common;C:\Program Files (x86)\Intel\Intel(R) Management Engine Components\DAL;C:\Program Files\Intel\Intel(R) Management Engine Components\DAL;C:\Program Files (x86)\Intel\Intel(R) Management Engine Components\IPT;C:\Program Files\Intel\Intel(R) Management Engine Components\IPT;L:\MATLAB\R2016b\runtime\win64;L:\MATLAB\R2016b\bin;L:\MATLAB\R2016b\polyspace\bin;C:\Program Files\Microsoft SQL Server\Client SDK\ODBC\110\Tools\Binn\;C:\Program Files (x86)\Microsoft SQL Server\120\Tools\Binn\;C:\Program Files\Microsoft SQL Server\120\Tools\Binn\;C:\Program Files\Microsoft SQL Server\120\DTS\Binn\;C:\Program Files (x86)\Windows Kits\8.1\Windows Performance Toolkit\;C:\WINDOWS\system32;C:\WINDOWS;C:\WINDOWS\System32\Wbem;C:\WINDOWS\System32\WindowsPowerShell\v1.0\;C:\Program Files\Java\jdk-9.0.4\bin;C:\Program Files\Git\cmd;C:\Program Files\Git\mingw64\bin;C:\Program Files\Git\usr\bin;C:\ProgramData\chocolatey\bin;;C:\WINDOWS\System32\OpenSSH\;C:\Users\fun4l\AppData\Local\Microsoft\WindowsApps
USERNAME=fun4l
OS=Windows_NT
PROCESSOR_IDENTIFIER=Intel64 Family 6 Model 158 Stepping 9, GenuineIntel



---------------  S Y S T E M  ---------------

OS: Windows 10 , 64 bit Build 17134 (10.0.17134.1)

CPU:total 4 (initial active 4) (4 cores per cpu, 1 threads per core) family 6 model 158 stepping 9, cmov, cx8, fxsr, mmx, sse, sse2, sse3, ssse3, sse4.1, sse4.2, popcnt, avx, avx2, aes, clmul, erms, 3dnowpref, lzcnt, tsc, tscinvbit, bmi1, bmi2, adx, fma

Memory: 4k page, physical 8260772k(1690656k free), swap 8260772k(15864k free)

vm_info: OpenJDK 64-Bit Server VM (9.0.7.1+1) for windows-amd64 JRE (9.0.7.1+1), built on Apr  6 2018 03:06:52 by "" with MS VC++ 12.0 (VS2013)

END.
