#
# There is insufficient memory for the Java Runtime Environment to continue.
# Native memory allocation (mmap) failed to map 27262976 bytes for Failed to commit area from 0x0000000089e00000 to 0x000000008b800000 of length 27262976.
# Possible reasons:
#   The system is out of physical RAM or swap space
#   The process is running with CompressedOops enabled, and the Java Heap may be blocking the growth of the native heap
# Possible solutions:
#   Reduce memory load on the system
#   Increase physical memory or swap space
#   Check if swap backing store is full
#   Decrease Java heap size (-Xmx/-Xms)
#   Decrease number of Java threads
#   Decrease Java thread stack sizes (-Xss)
#   Set larger code cache with -XX:ReservedCodeCacheSize=
#   JVM is running with Unscaled Compressed Oops mode in which the Java heap is
#     placed in the first 4GB address space. The Java Heap base address is the
#     maximum limit for the native heap growth. Please use -XX:HeapBaseMinAddress
#     to set the Java Heap base and to place the Java Heap above 4GB virtual address.
# This output file may be truncated or incomplete.
#
#  Out of Memory Error (c:/jenkins/workspace/zulu9-silver-build-win64/zulu-src/hotspot/src/os/windows/vm/os_windows.cpp:3357), pid=1972, tid=10160
#
# JRE version: OpenJDK Runtime Environment (9.0.1+1) (build 9.0.7.1+1)
# Java VM: OpenJDK 64-Bit Server VM (9.0.7.1+1, mixed mode, tiered, compressed oops, g1 gc, windows-amd64)
# No core dump will be written. Minidumps are not enabled by default on client versions of Windows
#

---------------  S U M M A R Y ------------

Command Line: -XX:TieredStopAtLevel=1 -Xverify:none -Dspring.output.ansi.enabled=always -Dcom.sun.management.jmxremote -Dcom.sun.management.jmxremote.port=54540 -Dcom.sun.management.jmxremote.authenticate=false -Dcom.sun.management.jmxremote.ssl=false -Djava.rmi.server.hostname=localhost -Dspring.liveBeansView.mbeanDomain -Dspring.application.admin.enabled=true -javaagent:L:\JetBrains\IntelliJ IDEA 2018.2.1\lib\idea_rt.jar=54541:L:\JetBrains\IntelliJ IDEA 2018.2.1\bin -Dfile.encoding=UTF-8 ru.lanit.springboot.afisha.AfishaApplication

Host: Intel(R) Core(TM) i5-7300HQ CPU @ 2.50GHz, 4 cores, 7G,  Windows 10 , 64 bit Build 17134 (10.0.17134.1)
Time: Thu Aug 30 13:17:00 2018 RTZ 2 (ceia) elapsed time: 2 seconds (0d 0h 0m 2s)

---------------  T H R E A D  ---------------

Current thread (0x00000186b7502000):  VMThread "VM Thread" [stack: 0x0000007d02d00000,0x0000007d02e00000] [id=10160]

Stack: [0x0000007d02d00000,0x0000007d02e00000]
[error occurred during error reporting (printing stack bounds), id 0xe0000002]

Native frames: (J=compiled Java code, j=interpreted, Vv=VM code, C=native code)
V  [jvm.dll+0x541df8]
V  [jvm.dll+0x65172e]
V  [jvm.dll+0x65263a]
V  [jvm.dll+0x6521d5]
V  [jvm.dll+0x652bcb]
V  [jvm.dll+0x541666]
V  [jvm.dll+0x541a28]
C  [ntdll.dll+0x9eced]
C  [ntdll.dll+0x6c86]
C  [ntdll.dll+0x9dc1e]
C  0x00000186a0210b2a

VM_Operation (0x0000007d041fdb00): G1IncCollectionPause, mode: safepoint, requested by thread 0x00000186b8ef0800


---------------  P R O C E S S  ---------------

Java Threads: ( => current thread )
  0x00000186b8ef0800 JavaThread "restartedMain" [_thread_blocked, id=11992, stack(0x0000007d04100000,0x0000007d04200000)]
  0x00000186b8eea800 JavaThread "Thread-0" [_thread_blocked, id=8336, stack(0x0000007d04000000,0x0000007d04100000)]
  0x00000186b80c8000 JavaThread "RMI TCP Connection(2)-127.0.0.1" daemon [_thread_in_native, id=12052, stack(0x0000007d03f00000,0x0000007d04000000)]
  0x00000186b80c7800 JavaThread "RMI Scheduler(0)" daemon [_thread_blocked, id=10624, stack(0x0000007d03e00000,0x0000007d03f00000)]
  0x00000186b82b6000 JavaThread "RMI TCP Connection(1)-127.0.0.1" daemon [_thread_in_native, id=9292, stack(0x0000007d03d00000,0x0000007d03e00000)]
  0x00000186b7df8800 JavaThread "RMI TCP Accept-0" daemon [_thread_in_native, id=3196, stack(0x0000007d03b00000,0x0000007d03c00000)]
  0x00000186b7dd0800 JavaThread "RMI TCP Accept-54540" daemon [_thread_in_native, id=12068, stack(0x0000007d03a00000,0x0000007d03b00000)]
  0x00000186b7ddf800 JavaThread "RMI TCP Accept-0" daemon [_thread_in_native, id=11068, stack(0x0000007d03900000,0x0000007d03a00000)]
  0x00000186b7b14800 JavaThread "Service Thread" daemon [_thread_blocked, id=4104, stack(0x0000007d03800000,0x0000007d03900000)]
  0x00000186b7b0b800 JavaThread "Monitor Ctrl-Break" daemon [_thread_in_native, id=3992, stack(0x0000007d03700000,0x0000007d03800000)]
  0x00000186b75f1800 JavaThread "Common-Cleaner" daemon [_thread_blocked, id=248, stack(0x0000007d03600000,0x0000007d03700000)]
  0x00000186b7593800 JavaThread "Sweeper thread" daemon [_thread_blocked, id=4056, stack(0x0000007d03500000,0x0000007d03600000)]
  0x00000186b758b000 JavaThread "C1 CompilerThread2" daemon [_thread_blocked, id=1988, stack(0x0000007d03400000,0x0000007d03500000)]
  0x00000186b756e000 JavaThread "C1 CompilerThread1" daemon [_thread_blocked, id=7020, stack(0x0000007d03300000,0x0000007d03400000)]
  0x00000186b7568800 JavaThread "C1 CompilerThread0" daemon [_thread_blocked, id=12648, stack(0x0000007d03200000,0x0000007d03300000)]
  0x00000186b7566000 JavaThread "Attach Listener" daemon [_thread_blocked, id=5440, stack(0x0000007d03100000,0x0000007d03200000)]
  0x00000186b7564800 JavaThread "Signal Dispatcher" daemon [_thread_blocked, id=6760, stack(0x0000007d03000000,0x0000007d03100000)]
  0x00000186b7510000 JavaThread "Finalizer" daemon [_thread_blocked, id=12356, stack(0x0000007d02f00000,0x0000007d03000000)]
  0x00000186b7506800 JavaThread "Reference Handler" daemon [_thread_blocked, id=12980, stack(0x0000007d02e00000,0x0000007d02f00000)]
  0x0000018696054000 JavaThread "main" [_thread_blocked, id=5880, stack(0x0000007d02100000,0x0000007d02200000)]

Other Threads:
=>0x00000186b7502000 VMThread "VM Thread" [stack: 0x0000007d02d00000,0x0000007d02e00000] [id=10160]
  0x00000186b7df9800 WatcherThread [stack: 0x0000007d03c00000,0x0000007d03d00000] [id=8936]
  0x0000018696067800 GCTaskThread "GC Thread#0" [stack: 0x0000007d02200000,0x0000007d02300000] [id=716]
  0x0000018696068800 GCTaskThread "GC Thread#1" [stack: 0x0000007d02300000,0x0000007d02400000] [id=11924]
  0x000001869606a800 GCTaskThread "GC Thread#2" [stack: 0x0000007d02400000,0x0000007d02500000] [id=11444]
  0x000001869606c800 GCTaskThread "GC Thread#3" [stack: 0x0000007d02500000,0x0000007d02600000] [id=5756]
  0x00000186960df800 ConcurrentGCThread "G1 Main Marker" [stack: 0x0000007d02b00000,0x0000007d02c00000] [id=7796]
  0x00000186960e0800 ConcurrentGCThread "G1 Marker#0" [stack: 0x0000007d02c00000,0x0000007d02d00000] [id=12616]
  0x0000018696076000 ConcurrentGCThread "G1 Refine#0" [stack: 0x0000007d02900000,0x0000007d02a00000] [id=2668]
  0x0000018696074800 ConcurrentGCThread "G1 Refine#1" [stack: 0x0000007d02800000,0x0000007d02900000] [id=11676]
  0x0000018696070800 ConcurrentGCThread "G1 Refine#2" [stack: 0x0000007d02700000,0x0000007d02800000] [id=11560]
  0x000001869606e000 ConcurrentGCThread "G1 Refine#3" [stack: 0x0000007d02600000,0x0000007d02700000] [id=5572]
  0x0000018696078800 ConcurrentGCThread "G1 Young RemSet Sampling" [stack: 0x0000007d02a00000,0x0000007d02b00000] [id=9720]

Threads with active compile tasks:

VM state:at safepoint (normal execution)

VM Mutex/Monitor currently owned by a thread:  ([mutex/lock_event])
[0x0000018696050f50] Threads_lock - owner thread: 0x00000186b7502000
[0x00000186960501d0] Heap_lock - owner thread: 0x00000186b8ef0800

Heap address: 0x0000000081e00000, size: 2018 MB, Compressed Oops mode: 32-bit
Narrow klass base: 0x0000000000000000, Narrow klass shift: 3
Compressed class space size: 1073741824 Address: 0x0000000100000000

Heap:
 garbage-first heap   total 157696K, used 19789K [0x0000000081e00000, 0x0000000081f004d0, 0x0000000100000000)
  region size 1024K, 4 young (4096K), 4 survivors (4096K)
 Metaspace       used 28100K, capacity 29796K, committed 30028K, reserved 1075200K
  class space    used 3509K, capacity 3881K, committed 3916K, reserved 1048576K
Heap Regions: E=young(eden), S=young(survivor), O=old, HS=humongous(starts), HC=humongous(continues), CS=collection set, F=free, A=archive, TS=gc time stamp, AC=allocation context, TAMS=top-at-mark-start (previous, next)
|   0|0x0000000081e00000, 0x0000000081f00000, 0x0000000081f00000|100%| O|  |TS  0|AC  0|TAMS 0x0000000081f00000, 0x0000000081f00000|
|   1|0x0000000081f00000, 0x0000000082000000, 0x0000000082000000|100%| O|  |TS  0|AC  0|TAMS 0x0000000082000000, 0x0000000082000000|
|   2|0x0000000082000000, 0x0000000082100000, 0x0000000082100000|100%| O|  |TS  0|AC  0|TAMS 0x0000000082100000, 0x0000000082100000|
|   3|0x0000000082100000, 0x0000000082200000, 0x0000000082200000|100%| O|  |TS  0|AC  0|TAMS 0x0000000082200000, 0x0000000082200000|
|   4|0x0000000082200000, 0x0000000082300000, 0x0000000082300000|100%| O|  |TS  0|AC  0|TAMS 0x0000000082300000, 0x0000000082300000|
|   5|0x0000000082300000, 0x0000000082400000, 0x0000000082400000|100%| O|  |TS  0|AC  0|TAMS 0x0000000082400000, 0x0000000082400000|
|   6|0x0000000082400000, 0x0000000082500000, 0x0000000082500000|100%| O|  |TS  0|AC  0|TAMS 0x0000000082500000, 0x0000000082500000|
|   7|0x0000000082500000, 0x0000000082600000, 0x0000000082600000|100%| O|  |TS  1|AC  0|TAMS 0x0000000082507800, 0x0000000082507800|
|   8|0x0000000082600000, 0x0000000082700000, 0x0000000082700000|100%| O|  |TS  3|AC  0|TAMS 0x0000000082600000, 0x0000000082600000|
|   9|0x0000000082700000, 0x0000000082800000, 0x0000000082800000|100%| O|  |TS  3|AC  0|TAMS 0x0000000082700000, 0x0000000082700000|
|  10|0x0000000082800000, 0x0000000082900000, 0x0000000082900000|100%| O|  |TS  3|AC  0|TAMS 0x0000000082800000, 0x0000000082800000|
|  11|0x0000000082900000, 0x0000000082a00000, 0x0000000082a00000|100%| O|  |TS  3|AC  0|TAMS 0x0000000082900000, 0x0000000082900000|
|  12|0x0000000082a00000, 0x0000000082b00000, 0x0000000082b00000|100%| O|  |TS  3|AC  0|TAMS 0x0000000082a00000, 0x0000000082a00000|
|  13|0x0000000082b00000, 0x0000000082c00000, 0x0000000082c00000|100%| O|  |TS  3|AC  0|TAMS 0x0000000082b00000, 0x0000000082b00000|
|  14|0x0000000082c00000, 0x0000000082d00000, 0x0000000082d00000|100%| O|  |TS  3|AC  0|TAMS 0x0000000082c00000, 0x0000000082c00000|
|  15|0x0000000082d00000, 0x0000000082df9200, 0x0000000082e00000| 97%| O|  |TS  3|AC  0|TAMS 0x0000000082d00000, 0x0000000082d00000|
|  16|0x0000000082e00000, 0x0000000082e00000, 0x0000000082f00000|  0%| F|  |TS  0|AC  0|TAMS 0x0000000082e00000, 0x0000000082e00000|
|  17|0x0000000082f00000, 0x0000000082f00000, 0x0000000083000000|  0%| F|  |TS  0|AC  0|TAMS 0x0000000082f00000, 0x0000000082f00000|
|  18|0x0000000083000000, 0x0000000083000000, 0x0000000083100000|  0%| F|  |TS  0|AC  0|TAMS 0x0000000083000000, 0x0000000083000000|
|  19|0x0000000083100000, 0x0000000083100000, 0x0000000083200000|  0%| F|  |TS  0|AC  0|TAMS 0x0000000083100000, 0x0000000083100000|
|  20|0x0000000083200000, 0x0000000083200000, 0x0000000083300000|  0%| F|  |TS  0|AC  0|TAMS 0x0000000083200000, 0x0000000083200000|
|  21|0x0000000083300000, 0x0000000083300000, 0x0000000083400000|  0%| F|  |TS  0|AC  0|TAMS 0x0000000083300000, 0x0000000083300000|
|  22|0x0000000083400000, 0x0000000083400000, 0x0000000083500000|  0%| F|  |TS  0|AC  0|TAMS 0x0000000083400000, 0x0000000083400000|
|  23|0x0000000083500000, 0x0000000083500000, 0x0000000083600000|  0%| F|  |TS  0|AC  0|TAMS 0x0000000083500000, 0x0000000083500000|
|  24|0x0000000083600000, 0x0000000083600000, 0x0000000083700000|  0%| F|  |TS  0|AC  0|TAMS 0x0000000083600000, 0x0000000083600000|
|  25|0x0000000083700000, 0x0000000083700000, 0x0000000083800000|  0%| F|  |TS  0|AC  0|TAMS 0x0000000083700000, 0x0000000083700000|
|  26|0x0000000083800000, 0x0000000083800000, 0x0000000083900000|  0%| F|  |TS  0|AC  0|TAMS 0x0000000083800000, 0x0000000083800000|
|  27|0x0000000083900000, 0x0000000083900000, 0x0000000083a00000|  0%| F|  |TS  0|AC  0|TAMS 0x0000000083900000, 0x0000000083900000|
|  28|0x0000000083a00000, 0x0000000083a00000, 0x0000000083b00000|  0%| F|  |TS  0|AC  0|TAMS 0x0000000083a00000, 0x0000000083a00000|
|  29|0x0000000083b00000, 0x0000000083b00000, 0x0000000083c00000|  0%| F|  |TS  0|AC  0|TAMS 0x0000000083b00000, 0x0000000083b00000|
|  30|0x0000000083c00000, 0x0000000083c00000, 0x0000000083d00000|  0%| F|  |TS  0|AC  0|TAMS 0x0000000083c00000, 0x0000000083c00000|
|  31|0x0000000083d00000, 0x0000000083d00000, 0x0000000083e00000|  0%| F|  |TS  0|AC  0|TAMS 0x0000000083d00000, 0x0000000083d00000|
|  32|0x0000000083e00000, 0x0000000083e00000, 0x0000000083f00000|  0%| F|  |TS  0|AC  0|TAMS 0x0000000083e00000, 0x0000000083e00000|
|  33|0x0000000083f00000, 0x0000000083f00000, 0x0000000084000000|  0%| F|  |TS  0|AC  0|TAMS 0x0000000083f00000, 0x0000000083f00000|
|  34|0x0000000084000000, 0x0000000084000000, 0x0000000084100000|  0%| F|  |TS  0|AC  0|TAMS 0x0000000084000000, 0x0000000084000000|
|  35|0x0000000084100000, 0x0000000084100000, 0x0000000084200000|  0%| F|  |TS  0|AC  0|TAMS 0x0000000084100000, 0x0000000084100000|
|  36|0x0000000084200000, 0x0000000084200000, 0x0000000084300000|  0%| F|  |TS  0|AC  0|TAMS 0x0000000084200000, 0x0000000084200000|
|  37|0x0000000084300000, 0x0000000084300000, 0x0000000084400000|  0%| F|  |TS  0|AC  0|TAMS 0x0000000084300000, 0x0000000084300000|
|  38|0x0000000084400000, 0x0000000084400000, 0x0000000084500000|  0%| F|  |TS  0|AC  0|TAMS 0x0000000084400000, 0x0000000084400000|
|  39|0x0000000084500000, 0x0000000084500000, 0x0000000084600000|  0%| F|  |TS  0|AC  0|TAMS 0x0000000084500000, 0x0000000084500000|
|  40|0x0000000084600000, 0x0000000084600000, 0x0000000084700000|  0%| F|  |TS  0|AC  0|TAMS 0x0000000084600000, 0x0000000084600000|
|  41|0x0000000084700000, 0x0000000084700000, 0x0000000084800000|  0%| F|  |TS  0|AC  0|TAMS 0x0000000084700000, 0x0000000084700000|
|  42|0x0000000084800000, 0x0000000084800000, 0x0000000084900000|  0%| F|  |TS  3|AC  0|TAMS 0x0000000084800000, 0x0000000084800000|
|  43|0x0000000084900000, 0x0000000084900000, 0x0000000084a00000|  0%| F|  |TS  3|AC  0|TAMS 0x0000000084900000, 0x0000000084900000|
|  44|0x0000000084a00000, 0x0000000084a00000, 0x0000000084b00000|  0%| F|  |TS  3|AC  0|TAMS 0x0000000084a00000, 0x0000000084a00000|
|  45|0x0000000084b00000, 0x0000000084b00000, 0x0000000084c00000|  0%| F|  |TS  3|AC  0|TAMS 0x0000000084b00000, 0x0000000084b00000|
|  46|0x0000000084c00000, 0x0000000084c00000, 0x0000000084d00000|  0%| F|  |TS  3|AC  0|TAMS 0x0000000084c00000, 0x0000000084c00000|
|  47|0x0000000084d00000, 0x0000000084d00000, 0x0000000084e00000|  0%| F|  |TS  3|AC  0|TAMS 0x0000000084d00000, 0x0000000084d00000|
|  48|0x0000000084e00000, 0x0000000084e00000, 0x0000000084f00000|  0%| F|  |TS  3|AC  0|TAMS 0x0000000084e00000, 0x0000000084e00000|
|  49|0x0000000084f00000, 0x0000000084f00000, 0x0000000085000000|  0%| F|  |TS  3|AC  0|TAMS 0x0000000084f00000, 0x0000000084f00000|
|  50|0x0000000085000000, 0x0000000085000000, 0x0000000085100000|  0%| F|  |TS  3|AC  0|TAMS 0x0000000085000000, 0x0000000085000000|
|  51|0x0000000085100000, 0x0000000085100000, 0x0000000085200000|  0%| F|  |TS  3|AC  0|TAMS 0x0000000085100000, 0x0000000085100000|
|  52|0x0000000085200000, 0x0000000085200000, 0x0000000085300000|  0%| F|  |TS  1|AC  0|TAMS 0x0000000085200000, 0x0000000085200000|
|  53|0x0000000085300000, 0x0000000085300000, 0x0000000085400000|  0%| F|  |TS  1|AC  0|TAMS 0x0000000085300000, 0x0000000085300000|
|  54|0x0000000085400000, 0x0000000085400000, 0x0000000085500000|  0%| F|  |TS  1|AC  0|TAMS 0x0000000085400000, 0x0000000085400000|
|  55|0x0000000085500000, 0x0000000085500000, 0x0000000085600000|  0%| F|  |TS  1|AC  0|TAMS 0x0000000085500000, 0x0000000085500000|
|  56|0x0000000085600000, 0x0000000085600000, 0x0000000085700000|  0%| F|  |TS  1|AC  0|TAMS 0x0000000085600000, 0x0000000085600000|
|  57|0x0000000085700000, 0x0000000085700000, 0x0000000085800000|  0%| F|  |TS  1|AC  0|TAMS 0x0000000085700000, 0x0000000085700000|
|  58|0x0000000085800000, 0x000000008585a520, 0x0000000085900000| 35%| S|CS|TS  3|AC  0|TAMS 0x0000000085800000, 0x0000000085800000|
|  59|0x0000000085900000, 0x0000000085a00000, 0x0000000085a00000|100%| S|CS|TS  3|AC  0|TAMS 0x0000000085900000, 0x0000000085900000|
|  60|0x0000000085a00000, 0x0000000085b00000, 0x0000000085b00000|100%| S|CS|TS  3|AC  0|TAMS 0x0000000085a00000, 0x0000000085a00000|
|  61|0x0000000085b00000, 0x0000000085c00000, 0x0000000085c00000|100%| S|CS|TS  3|AC  0|TAMS 0x0000000085b00000, 0x0000000085b00000|
|  62|0x0000000085c00000, 0x0000000085c00000, 0x0000000085d00000|  0%| F|  |TS  3|AC  0|TAMS 0x0000000085c00000, 0x0000000085c00000|
|  63|0x0000000085d00000, 0x0000000085d00000, 0x0000000085e00000|  0%| F|  |TS  3|AC  0|TAMS 0x0000000085d00000, 0x0000000085d00000|
|  64|0x0000000085e00000, 0x0000000085e00000, 0x0000000085f00000|  0%| F|  |TS  3|AC  0|TAMS 0x0000000085e00000, 0x0000000085e00000|
|  65|0x0000000085f00000, 0x0000000085f00000, 0x0000000086000000|  0%| F|  |TS  3|AC  0|TAMS 0x0000000085f00000, 0x0000000085f00000|
|  66|0x0000000086000000, 0x0000000086000000, 0x0000000086100000|  0%| F|  |TS  3|AC  0|TAMS 0x0000000086000000, 0x0000000086000000|
|  67|0x0000000086100000, 0x0000000086100000, 0x0000000086200000|  0%| F|  |TS  3|AC  0|TAMS 0x0000000086100000, 0x0000000086100000|
|  68|0x0000000086200000, 0x0000000086200000, 0x0000000086300000|  0%| F|  |TS  3|AC  0|TAMS 0x0000000086200000, 0x0000000086200000|
|  69|0x0000000086300000, 0x0000000086300000, 0x0000000086400000|  0%| F|  |TS  3|AC  0|TAMS 0x0000000086300000, 0x0000000086300000|
|  70|0x0000000086400000, 0x0000000086400000, 0x0000000086500000|  0%| F|  |TS  3|AC  0|TAMS 0x0000000086400000, 0x0000000086400000|
|  71|0x0000000086500000, 0x0000000086500000, 0x0000000086600000|  0%| F|  |TS  3|AC  0|TAMS 0x0000000086500000, 0x0000000086500000|
|  72|0x0000000086600000, 0x0000000086600000, 0x0000000086700000|  0%| F|  |TS  3|AC  0|TAMS 0x0000000086600000, 0x0000000086600000|
|  73|0x0000000086700000, 0x0000000086700000, 0x0000000086800000|  0%| F|  |TS  3|AC  0|TAMS 0x0000000086700000, 0x0000000086700000|
|  74|0x0000000086800000, 0x0000000086800000, 0x0000000086900000|  0%| F|  |TS  3|AC  0|TAMS 0x0000000086800000, 0x0000000086800000|
|  75|0x0000000086900000, 0x0000000086900000, 0x0000000086a00000|  0%| F|  |TS  3|AC  0|TAMS 0x0000000086900000, 0x0000000086900000|
|  76|0x0000000086a00000, 0x0000000086a00000, 0x0000000086b00000|  0%| F|  |TS  3|AC  0|TAMS 0x0000000086a00000, 0x0000000086a00000|
|  77|0x0000000086b00000, 0x0000000086b00000, 0x0000000086c00000|  0%| F|  |TS  3|AC  0|TAMS 0x0000000086b00000, 0x0000000086b00000|
|  78|0x0000000086c00000, 0x0000000086c00000, 0x0000000086d00000|  0%| F|  |TS  3|AC  0|TAMS 0x0000000086c00000, 0x0000000086c00000|
|  79|0x0000000086d00000, 0x0000000086d00000, 0x0000000086e00000|  0%| F|  |TS  3|AC  0|TAMS 0x0000000086d00000, 0x0000000086d00000|
|  80|0x0000000086e00000, 0x0000000086e00000, 0x0000000086f00000|  0%| F|  |TS  3|AC  0|TAMS 0x0000000086e00000, 0x0000000086e00000|
|  81|0x0000000086f00000, 0x0000000086f00000, 0x0000000087000000|  0%| F|  |TS  3|AC  0|TAMS 0x0000000086f00000, 0x0000000086f00000|
|  82|0x0000000087000000, 0x0000000087000000, 0x0000000087100000|  0%| F|  |TS  3|AC  0|TAMS 0x0000000087000000, 0x0000000087000000|
|  83|0x0000000087100000, 0x0000000087100000, 0x0000000087200000|  0%| F|  |TS  3|AC  0|TAMS 0x0000000087100000, 0x0000000087100000|
|  84|0x0000000087200000, 0x0000000087200000, 0x0000000087300000|  0%| F|  |TS  3|AC  0|TAMS 0x0000000087200000, 0x0000000087200000|
|  85|0x0000000087300000, 0x0000000087300000, 0x0000000087400000|  0%| F|  |TS  3|AC  0|TAMS 0x0000000087300000, 0x0000000087300000|
|  86|0x0000000087400000, 0x0000000087400000, 0x0000000087500000|  0%| F|  |TS  3|AC  0|TAMS 0x0000000087400000, 0x0000000087400000|
|  87|0x0000000087500000, 0x0000000087500000, 0x0000000087600000|  0%| F|  |TS  3|AC  0|TAMS 0x0000000087500000, 0x0000000087500000|
|  88|0x0000000087600000, 0x0000000087600000, 0x0000000087700000|  0%| F|  |TS  3|AC  0|TAMS 0x0000000087600000, 0x0000000087600000|
|  89|0x0000000087700000, 0x0000000087700000, 0x0000000087800000|  0%| F|  |TS  3|AC  0|TAMS 0x0000000087700000, 0x0000000087700000|
|  90|0x0000000087800000, 0x0000000087800000, 0x0000000087900000|  0%| F|  |TS  3|AC  0|TAMS 0x0000000087800000, 0x0000000087800000|
|  91|0x0000000087900000, 0x0000000087900000, 0x0000000087a00000|  0%| F|  |TS  3|AC  0|TAMS 0x0000000087900000, 0x0000000087900000|
|  92|0x0000000087a00000, 0x0000000087a00000, 0x0000000087b00000|  0%| F|  |TS  3|AC  0|TAMS 0x0000000087a00000, 0x0000000087a00000|
|  93|0x0000000087b00000, 0x0000000087b00000, 0x0000000087c00000|  0%| F|  |TS  3|AC  0|TAMS 0x0000000087b00000, 0x0000000087b00000|
|  94|0x0000000087c00000, 0x0000000087c00000, 0x0000000087d00000|  0%| F|  |TS  3|AC  0|TAMS 0x0000000087c00000, 0x0000000087c00000|
|  95|0x0000000087d00000, 0x0000000087d00000, 0x0000000087e00000|  0%| F|  |TS  3|AC  0|TAMS 0x0000000087d00000, 0x0000000087d00000|
|  96|0x0000000087e00000, 0x0000000087e00000, 0x0000000087f00000|  0%| F|  |TS  3|AC  0|TAMS 0x0000000087e00000, 0x0000000087e00000|
|  97|0x0000000087f00000, 0x0000000087f00000, 0x0000000088000000|  0%| F|  |TS  3|AC  0|TAMS 0x0000000087f00000, 0x0000000087f00000|
|  98|0x0000000088000000, 0x0000000088000000, 0x0000000088100000|  0%| F|  |TS  3|AC  0|TAMS 0x0000000088000000, 0x0000000088000000|
|  99|0x0000000088100000, 0x0000000088100000, 0x0000000088200000|  0%| F|  |TS  3|AC  0|TAMS 0x0000000088100000, 0x0000000088100000|
| 100|0x0000000088200000, 0x0000000088200000, 0x0000000088300000|  0%| F|  |TS  3|AC  0|TAMS 0x0000000088200000, 0x0000000088200000|
| 101|0x0000000088300000, 0x0000000088300000, 0x0000000088400000|  0%| F|  |TS  3|AC  0|TAMS 0x0000000088300000, 0x0000000088300000|
| 102|0x0000000088400000, 0x0000000088400000, 0x0000000088500000|  0%| F|  |TS  3|AC  0|TAMS 0x0000000088400000, 0x0000000088400000|
| 103|0x0000000088500000, 0x0000000088500000, 0x0000000088600000|  0%| F|  |TS  3|AC  0|TAMS 0x0000000088500000, 0x0000000088500000|
| 104|0x0000000088600000, 0x0000000088600000, 0x0000000088700000|  0%| F|  |TS  3|AC  0|TAMS 0x0000000088600000, 0x0000000088600000|
| 105|0x0000000088700000, 0x0000000088700000, 0x0000000088800000|  0%| F|  |TS  3|AC  0|TAMS 0x0000000088700000, 0x0000000088700000|
| 106|0x0000000088800000, 0x0000000088800000, 0x0000000088900000|  0%| F|  |TS  3|AC  0|TAMS 0x0000000088800000, 0x0000000088800000|
| 107|0x0000000088900000, 0x0000000088900000, 0x0000000088a00000|  0%| F|  |TS  3|AC  0|TAMS 0x0000000088900000, 0x0000000088900000|
| 108|0x0000000088a00000, 0x0000000088a00000, 0x0000000088b00000|  0%| F|  |TS  3|AC  0|TAMS 0x0000000088a00000, 0x0000000088a00000|
| 109|0x0000000088b00000, 0x0000000088b00000, 0x0000000088c00000|  0%| F|  |TS  3|AC  0|TAMS 0x0000000088b00000, 0x0000000088b00000|
| 110|0x0000000088c00000, 0x0000000088c00000, 0x0000000088d00000|  0%| F|  |TS  3|AC  0|TAMS 0x0000000088c00000, 0x0000000088c00000|
| 111|0x0000000088d00000, 0x0000000088d00000, 0x0000000088e00000|  0%| F|  |TS  3|AC  0|TAMS 0x0000000088d00000, 0x0000000088d00000|
| 112|0x0000000088e00000, 0x0000000088e00000, 0x0000000088f00000|  0%| F|  |TS  3|AC  0|TAMS 0x0000000088e00000, 0x0000000088e00000|
| 113|0x0000000088f00000, 0x0000000088f00000, 0x0000000089000000|  0%| F|  |TS  3|AC  0|TAMS 0x0000000088f00000, 0x0000000088f00000|
| 114|0x0000000089000000, 0x0000000089000000, 0x0000000089100000|  0%| F|  |TS  3|AC  0|TAMS 0x0000000089000000, 0x0000000089000000|
| 115|0x0000000089100000, 0x0000000089100000, 0x0000000089200000|  0%| F|  |TS  3|AC  0|TAMS 0x0000000089100000, 0x0000000089100000|
| 116|0x0000000089200000, 0x0000000089200000, 0x0000000089300000|  0%| F|  |TS  3|AC  0|TAMS 0x0000000089200000, 0x0000000089200000|
| 117|0x0000000089300000, 0x0000000089300000, 0x0000000089400000|  0%| F|  |TS  3|AC  0|TAMS 0x0000000089300000, 0x0000000089300000|
| 118|0x0000000089400000, 0x0000000089400000, 0x0000000089500000|  0%| F|  |TS  3|AC  0|TAMS 0x0000000089400000, 0x0000000089400000|
| 119|0x0000000089500000, 0x0000000089500000, 0x0000000089600000|  0%| F|  |TS  3|AC  0|TAMS 0x0000000089500000, 0x0000000089500000|
| 120|0x0000000089600000, 0x0000000089600000, 0x0000000089700000|  0%| F|  |TS  3|AC  0|TAMS 0x0000000089600000, 0x0000000089600000|
| 121|0x0000000089700000, 0x0000000089700000, 0x0000000089800000|  0%| F|  |TS  3|AC  0|TAMS 0x0000000089700000, 0x0000000089700000|
| 122|0x0000000089800000, 0x0000000089800000, 0x0000000089900000|  0%| F|  |TS  3|AC  0|TAMS 0x0000000089800000, 0x0000000089800000|
| 123|0x0000000089900000, 0x0000000089900000, 0x0000000089a00000|  0%| F|  |TS  3|AC  0|TAMS 0x0000000089900000, 0x0000000089900000|
| 124|0x0000000089a00000, 0x0000000089a00000, 0x0000000089b00000|  0%| F|  |TS  3|AC  0|TAMS 0x0000000089a00000, 0x0000000089a00000|
| 125|0x0000000089b00000, 0x0000000089b00000, 0x0000000089c00000|  0%| F|  |TS  3|AC  0|TAMS 0x0000000089b00000, 0x0000000089b00000|
| 126|0x0000000089c00000, 0x0000000089c00000, 0x0000000089d00000|  0%| F|  |TS  3|AC  0|TAMS 0x0000000089c00000, 0x0000000089c00000|
| 127|0x0000000089d00000, 0x0000000089d00000, 0x0000000089e00000|  0%| F|  |TS  3|AC  0|TAMS 0x0000000089d00000, 0x0000000089d00000|

Card table byte_map: [0x00000186aff30000,0x00000186b0330000] byte_map_base: 0x00000186afb21000

Marking Bits (Prev, Next): (CMBitMap*) 0x00000186960ded28, (CMBitMap*) 0x00000186960decf0
 Prev Bits: [0x00000186b26c0000, 0x00000186b4648000)
 Next Bits: [0x00000186b0730000, 0x00000186b26b8000)

Polling page: 0x0000018695fa0000

CodeHeap 'non-profiled nmethods': size=238912Kb used=5250Kb max_used=5250Kb free=233661Kb
 bounds [0x00000186a08c0000, 0x00000186a0df0000, 0x00000186af210000]
CodeHeap 'non-nmethods': size=6848Kb used=2428Kb max_used=2428Kb free=4419Kb
 bounds [0x00000186a0210000, 0x00000186a0480000, 0x00000186a08c0000]
 total_blobs=3695 nmethods=3189 adapters=414
 compilation: enabled

Compilation events (10 events):
Event: 2.772 Thread 0x00000186b758b000 3186       1       org.springframework.beans.factory.support.AbstractBeanDefinition::hasBeanClass (8 bytes)
Event: 2.773 Thread 0x00000186b758b000 nmethod 3186 0x00000186a0dde990 code [0x00000186a0ddeb40, 0x00000186a0ddec98]
Event: 2.773 Thread 0x00000186b756e000 nmethod 3185 0x00000186a0dded10 code [0x00000186a0ddeee0, 0x00000186a0ddf1a0]
Event: 2.773 Thread 0x00000186b7568800 nmethod 3184 0x00000186a0ddf310 code [0x00000186a0ddf520, 0x00000186a0ddf940]
Event: 2.775 Thread 0x00000186b758b000 3187       1       org.springframework.beans.factory.support.AbstractBeanDefinition::getScope (5 bytes)
Event: 2.775 Thread 0x00000186b758b000 nmethod 3187 0x00000186a0ddfb90 code [0x00000186a0ddfd40, 0x00000186a0ddfe58]
Event: 2.776 Thread 0x00000186b756e000 3188       1       org.springframework.core.ResolvableType::<init> (39 bytes)
Event: 2.776 Thread 0x00000186b7568800 3189       1       org.springframework.core.ResolvableType::resolveClass (73 bytes)
Event: 2.776 Thread 0x00000186b756e000 nmethod 3188 0x00000186a0ddff10 code [0x00000186a0de00e0, 0x00000186a0de0430]
Event: 2.776 Thread 0x00000186b7568800 nmethod 3189 0x00000186a0de0510 code [0x00000186a0de0700, 0x00000186a0de09d0]

GC Heap History (9 events):
Event: 0.512 GC heap before
{Heap before GC invocations=0 (full 0):
 garbage-first heap   total 131072K, used 14336K [0x0000000081e00000, 0x0000000081f00400, 0x0000000100000000)
  region size 1024K, 14 young (14336K), 0 survivors (0K)
 Metaspace       used 9385K, capacity 9756K, committed 9856K, reserved 1058816K
  class space    used 968K, capacity 1053K, committed 1152K, reserved 1048576K
}
Event: 0.515 GC heap after
{Heap after GC invocations=1 (full 0):
 garbage-first heap   total 131072K, used 4842K [0x0000000081e00000, 0x0000000081f00400, 0x0000000100000000)
  region size 1024K, 2 young (2048K), 2 survivors (2048K)
 Metaspace       used 9385K, capacity 9756K, committed 9856K, reserved 1058816K
  class space    used 968K, capacity 1053K, committed 1152K, reserved 1048576K
}
Event: 1.140 GC heap before
{Heap before GC invocations=1 (full 0):
 garbage-first heap   total 131072K, used 80618K [0x0000000081e00000, 0x0000000081f00400, 0x0000000100000000)
  region size 1024K, 76 young (77824K), 2 survivors (2048K)
 Metaspace       used 17348K, capacity 18422K, committed 18688K, reserved 1064960K
  class space    used 1968K, capacity 2210K, committed 2304K, reserved 1048576K
}
Event: 1.149 GC heap after
{Heap after GC invocations=2 (full 0):
 garbage-first heap   total 131072K, used 10696K [0x0000000081e00000, 0x0000000081f00400, 0x0000000100000000)
  region size 1024K, 8 young (8192K), 8 survivors (8192K)
 Metaspace       used 17348K, capacity 18422K, committed 18688K, reserved 1064960K
  class space    used 1968K, capacity 2210K, committed 2304K, reserved 1048576K
}
Event: 1.345 GC heap before
{Heap before GC invocations=2 (full 0):
 garbage-first heap   total 131072K, used 41416K [0x0000000081e00000, 0x0000000081f00400, 0x0000000100000000)
  region size 1024K, 39 young (39936K), 8 survivors (8192K)
 Metaspace       used 20069K, capacity 21242K, committed 21296K, reserved 1069056K
  class space    used 2443K, capacity 2678K, committed 2688K, reserved 1048576K
}
Event: 1.355 GC heap after
{Heap after GC invocations=3 (full 0):
 garbage-first heap   total 131072K, used 11179K [0x0000000081e00000, 0x0000000081f00400, 0x0000000100000000)
  region size 1024K, 4 young (4096K), 4 survivors (4096K)
 Metaspace       used 20069K, capacity 21242K, committed 21296K, reserved 1069056K
  class space    used 2443K, capacity 2678K, committed 2688K, reserved 1048576K
}
Event: 2.432 GC heap before
{Heap before GC invocations=4 (full 0):
 garbage-first heap   total 131072K, used 84907K [0x0000000081e00000, 0x0000000081f00400, 0x0000000100000000)
  region size 1024K, 76 young (77824K), 4 survivors (4096K)
 Metaspace       used 27236K, capacity 28866K, committed 29132K, reserved 1075200K
  class space    used 3369K, capacity 3716K, committed 3788K, reserved 1048576K
}
Event: 2.446 GC heap after
{Heap after GC invocations=5 (full 0):
 garbage-first heap   total 131072K, used 19375K [0x0000000081e00000, 0x0000000081f00400, 0x0000000100000000)
  region size 1024K, 10 young (10240K), 10 survivors (10240K)
 Metaspace       used 27236K, capacity 28866K, committed 29132K, reserved 1075200K
  class space    used 3369K, capacity 3716K, committed 3788K, reserved 1048576K
}
Event: 2.777 GC heap before
{Heap before GC invocations=5 (full 0):
 garbage-first heap   total 131072K, used 86959K [0x0000000081e00000, 0x0000000081f00400, 0x0000000100000000)
  region size 1024K, 76 young (77824K), 10 survivors (10240K)
 Metaspace       used 28100K, capacity 29796K, committed 30028K, reserved 1075200K
  class space    used 3509K, capacity 3881K, committed 3916K, reserved 1048576K
}

Deoptimization events (0 events):
No events

Classes redefined (0 events):
No events

Internal exceptions (10 events):
Event: 1.850 Thread 0x00000186b8ef0000 Exception <a 'java/lang/NoSuchMethodError'{0x00000000883111c8}: java.lang.invoke.DirectMethodHandle$Holder.invokeSpecial(Ljava/lang/Object;Ljava/lang/Object;)J> (0x00000000883111c8) thrown at [c:/jenkins/workspace/zulu9-silver-build-win64/zulu-src/hotspot
Event: 1.853 Thread 0x00000186b8ef0000 Exception <a 'java/lang/NoSuchMethodError'{0x0000000088399148}: java.lang.invoke.DirectMethodHandle$Holder.invokeStatic(Ljava/lang/Object;Ljava/lang/Object;)J> (0x0000000088399148) thrown at [c:/jenkins/workspace/zulu9-silver-build-win64/zulu-src/hotspot/
Event: 1.853 Thread 0x00000186b8ef0000 Exception <a 'java/lang/NoSuchMethodError'{0x000000008839bfc8}: java.lang.invoke.DirectMethodHandle$Holder.invokeStaticInit(Ljava/lang/Object;Ljava/lang/Object;)J> (0x000000008839bfc8) thrown at [c:/jenkins/workspace/zulu9-silver-build-win64/zulu-src/hots
Event: 1.857 Thread 0x00000186b8ef0000 Exception <a 'java/lang/NoSuchMethodError'{0x00000000883d2490}: java.lang.invoke.DirectMethodHandle$Holder.invokeInterface(Ljava/lang/Object;Ljava/lang/Object;)J> (0x00000000883d2490) thrown at [c:/jenkins/workspace/zulu9-silver-build-win64/zulu-src/hotsp
Event: 1.857 Thread 0x00000186b8ef0000 Exception <a 'java/lang/IncompatibleClassChangeError'{0x00000000883d5280}: Found class java.lang.Object, but interface was expected> (0x00000000883d5280) thrown at [c:/jenkins/workspace/zulu9-silver-build-win64/zulu-src/hotspot/src/share/vm/interpreter/li
Event: 2.042 Thread 0x00000186b80c8000 Exception <a 'java/lang/reflect/InvocationTargetException'{0x0000000088f88980}> (0x0000000088f88980) thrown at [c:/jenkins/workspace/zulu9-silver-build-win64/zulu-src/hotspot/src/share/vm/runtime/reflection.cpp, line 1213]
Event: 2.243 Thread 0x00000186b8ef0800 Exception <a 'java/lang/NoSuchMethodError'{0x0000000085ddb9f8}: java.lang.invoke.DirectMethodHandle$Holder.invokeStatic(Ljava/lang/Object;Ljava/lang/Object;Ljava/lang/Object;Ljava/lang/Object;)I> (0x0000000085ddb9f8) thrown at [c:/jenkins/workspace/zulu9-
Event: 2.412 Thread 0x00000186b8ef0800 Exception <a 'java/lang/NoSuchMethodError'{0x0000000085340920}: method resolution failed> (0x0000000085340920) thrown at [c:/jenkins/workspace/zulu9-silver-build-win64/zulu-src/hotspot/src/share/vm/prims/methodHandles.cpp, line 1256]
Event: 2.548 Thread 0x00000186b80c8000 Exception <a 'java/lang/reflect/InvocationTargetException'{0x00000000895fc4d8}> (0x00000000895fc4d8) thrown at [c:/jenkins/workspace/zulu9-silver-build-win64/zulu-src/hotspot/src/share/vm/runtime/reflection.cpp, line 1213]
Event: 2.733 Thread 0x00000186b8ef0800 Exception <a 'java/lang/NoSuchMethodError'{0x0000000086024200}: java.lang.invoke.DirectMethodHandle$Holder.invokeInterface(Ljava/lang/Object;Ljava/lang/Object;Ljava/lang/Object;Ljava/lang/Object;)V> (0x0000000086024200) thrown at [c:/jenkins/workspace/zul

Events (10 events):
Event: 2.775 loading class org/springframework/boot/web/servlet/server/ConfigurableServletWebServerFactory done
Event: 2.775 loading class org/springframework/boot/web/server/AbstractConfigurableWebServerFactory
Event: 2.775 loading class org/springframework/boot/web/server/AbstractConfigurableWebServerFactory done
Event: 2.775 loading class org/springframework/boot/autoconfigure/web/servlet/TomcatServletWebServerFactoryCustomizer
Event: 2.775 loading class org/springframework/boot/autoconfigure/web/servlet/TomcatServletWebServerFactoryCustomizer done
Event: 2.776 loading class org/springframework/boot/autoconfigure/web/servlet/ServletWebServerFactoryCustomizer
Event: 2.776 loading class org/springframework/boot/autoconfigure/web/servlet/ServletWebServerFactoryCustomizer done
Event: 2.776 loading class org/springframework/boot/web/server/ErrorPageRegistrarBeanPostProcessor
Event: 2.776 loading class org/springframework/boot/web/server/ErrorPageRegistrarBeanPostProcessor done
Event: 2.777 Executing VM operation: G1IncCollectionPause


Dynamic libraries:
0x00007ff784be0000 - 0x00007ff784c1d000 	C:\Users\fun4l\.sdkman\candidates\java\9.0.7-zulu\bin\java.exe
0x00007ffe82cd0000 - 0x00007ffe82eb1000 	C:\WINDOWS\SYSTEM32\ntdll.dll
0x00007ffe80310000 - 0x00007ffe803c2000 	C:\WINDOWS\System32\KERNEL32.DLL
0x00007ffe7f240000 - 0x00007ffe7f4b3000 	C:\WINDOWS\System32\KERNELBASE.dll
0x00007ffe826c0000 - 0x00007ffe82850000 	C:\WINDOWS\System32\USER32.dll
0x00007ffe7ff60000 - 0x00007ffe7ff80000 	C:\WINDOWS\System32\win32u.dll
0x00007ffe80990000 - 0x00007ffe809b8000 	C:\WINDOWS\System32\GDI32.dll
0x00007ffe7f0a0000 - 0x00007ffe7f232000 	C:\WINDOWS\System32\gdi32full.dll
0x00007ffe7fec0000 - 0x00007ffe7ff5f000 	C:\WINDOWS\System32\msvcp_win.dll
0x00007ffe7fdc0000 - 0x00007ffe7feba000 	C:\WINDOWS\System32\ucrtbase.dll
0x00007ffe6e470000 - 0x00007ffe6e6d9000 	C:\WINDOWS\WinSxS\amd64_microsoft.windows.common-controls_6595b64144ccf1df_6.0.17134.228_none_fb4599993062b194\COMCTL32.dll
0x00007ffe80160000 - 0x00007ffe801fe000 	C:\WINDOWS\System32\msvcrt.dll
0x00007ffe80de0000 - 0x00007ffe81103000 	C:\WINDOWS\System32\combase.dll
0x00007ffe80be0000 - 0x00007ffe80d04000 	C:\WINDOWS\System32\RPCRT4.dll
0x00007ffe7ff80000 - 0x00007ffe7fffa000 	C:\WINDOWS\System32\bcryptPrimitives.dll
0x00007ffe80db0000 - 0x00007ffe80ddd000 	C:\WINDOWS\System32\IMM32.DLL
0x00007ffe671d0000 - 0x00007ffe672bf000 	C:\Users\fun4l\.sdkman\candidates\java\9.0.7-zulu\bin\msvcr120.dll
0x00007ffe67120000 - 0x00007ffe671c6000 	C:\Users\fun4l\.sdkman\candidates\java\9.0.7-zulu\bin\msvcp120.dll
0x0000000065b00000 - 0x00000000664b4000 	C:\Users\fun4l\.sdkman\candidates\java\9.0.7-zulu\bin\server\jvm.dll
0x00007ffe80260000 - 0x00007ffe80301000 	C:\WINDOWS\System32\ADVAPI32.dll
0x00007ffe80200000 - 0x00007ffe8025b000 	C:\WINDOWS\System32\sechost.dll
0x00007ffe803e0000 - 0x00007ffe803e8000 	C:\WINDOWS\System32\PSAPI.DLL
0x00007ffe6ca40000 - 0x00007ffe6ca49000 	C:\WINDOWS\SYSTEM32\WSOCK32.dll
0x00007ffe803f0000 - 0x00007ffe8045c000 	C:\WINDOWS\System32\WS2_32.dll
0x00007ffe7d290000 - 0x00007ffe7d2b3000 	C:\WINDOWS\SYSTEM32\WINMM.dll
0x00007ffe77820000 - 0x00007ffe7782a000 	C:\WINDOWS\SYSTEM32\VERSION.dll
0x00007ffe7d0f0000 - 0x00007ffe7d11a000 	C:\WINDOWS\SYSTEM32\WINMMBASE.dll
0x00007ffe800b0000 - 0x00007ffe800f9000 	C:\WINDOWS\System32\cfgmgr32.dll
0x00007ffe7d3c0000 - 0x00007ffe7d3cf000 	C:\Users\fun4l\.sdkman\candidates\java\9.0.7-zulu\bin\verify.dll
0x00007ffe787b0000 - 0x00007ffe787d7000 	C:\Users\fun4l\.sdkman\candidates\java\9.0.7-zulu\bin\java.dll
0x00007ffe77ae0000 - 0x00007ffe77b0a000 	C:\Users\fun4l\.sdkman\candidates\java\9.0.7-zulu\bin\instrument.dll
0x00007ffe78750000 - 0x00007ffe78766000 	C:\Users\fun4l\.sdkman\candidates\java\9.0.7-zulu\bin\zip.dll
0x00007ffe7d220000 - 0x00007ffe7d22a000 	C:\Users\fun4l\.sdkman\candidates\java\9.0.7-zulu\bin\jimage.dll
0x00007ffe81110000 - 0x00007ffe82550000 	C:\WINDOWS\System32\SHELL32.dll
0x00007ffe808e0000 - 0x00007ffe80989000 	C:\WINDOWS\System32\shcore.dll
0x00007ffe7f4c0000 - 0x00007ffe7fbcd000 	C:\WINDOWS\System32\windows.storage.dll
0x00007ffe80880000 - 0x00007ffe808d1000 	C:\WINDOWS\System32\shlwapi.dll
0x00007ffe7f030000 - 0x00007ffe7f041000 	C:\WINDOWS\System32\kernel.appcore.dll
0x00007ffe7f060000 - 0x00007ffe7f07f000 	C:\WINDOWS\System32\profapi.dll
0x00007ffe7efe0000 - 0x00007ffe7f02c000 	C:\WINDOWS\System32\powrprof.dll
0x00007ffe7f050000 - 0x00007ffe7f05a000 	C:\WINDOWS\System32\FLTLIB.DLL
0x00007ffe77ac0000 - 0x00007ffe77ada000 	C:\Users\fun4l\.sdkman\candidates\java\9.0.7-zulu\bin\net.dll
0x00007ffe76140000 - 0x00007ffe7621c000 	C:\WINDOWS\SYSTEM32\WINHTTP.dll
0x00007ffe7e860000 - 0x00007ffe7e8c6000 	C:\WINDOWS\system32\mswsock.dll
0x00007ffe77aa0000 - 0x00007ffe77ab1000 	C:\Users\fun4l\.sdkman\candidates\java\9.0.7-zulu\bin\nio.dll
0x00007ffe71390000 - 0x00007ffe713aa000 	L:\JetBrains\IntelliJ IDEA 2018.2.1\bin\breakgen64.dll
0x00007ffe7d1f0000 - 0x00007ffe7d1f9000 	C:\Users\fun4l\.sdkman\candidates\java\9.0.7-zulu\bin\management.dll
0x00007ffe7b780000 - 0x00007ffe7b78a000 	C:\Users\fun4l\.sdkman\candidates\java\9.0.7-zulu\bin\management_ext.dll
0x00007ffe778c0000 - 0x00007ffe778d6000 	C:\WINDOWS\system32\napinsp.dll
0x00007ffe778a0000 - 0x00007ffe778ba000 	C:\WINDOWS\system32\pnrpnsp.dll
0x00007ffe7d130000 - 0x00007ffe7d149000 	C:\WINDOWS\system32\NLAapi.dll
0x00007ffe7e620000 - 0x00007ffe7e6de000 	C:\WINDOWS\SYSTEM32\DNSAPI.dll
0x00007ffe82550000 - 0x00007ffe82558000 	C:\WINDOWS\System32\NSI.dll
0x00007ffe7e5e0000 - 0x00007ffe7e618000 	C:\WINDOWS\SYSTEM32\IPHLPAPI.DLL
0x00007ffe77890000 - 0x00007ffe7789e000 	C:\WINDOWS\System32\winrnr.dll
0x00007ffe704e0000 - 0x00007ffe704ea000 	C:\Windows\System32\rasadhlp.dll
0x00007ffe710e0000 - 0x00007ffe71152000 	C:\WINDOWS\System32\fwpuclnt.dll
0x00007ffe7eb40000 - 0x00007ffe7eb65000 	C:\WINDOWS\SYSTEM32\bcrypt.dll
0x00007ffe7ea10000 - 0x00007ffe7ea27000 	C:\WINDOWS\SYSTEM32\CRYPTSP.dll
0x00007ffe7e440000 - 0x00007ffe7e473000 	C:\WINDOWS\system32\rsaenh.dll
0x00007ffe7ef10000 - 0x00007ffe7ef38000 	C:\WINDOWS\SYSTEM32\USERENV.dll
0x00007ffe7ea30000 - 0x00007ffe7ea3b000 	C:\WINDOWS\SYSTEM32\CRYPTBASE.dll
0x00007ffe710c0000 - 0x00007ffe710d6000 	C:\WINDOWS\SYSTEM32\dhcpcsvc6.DLL
0x00007ffe710a0000 - 0x00007ffe710ba000 	C:\WINDOWS\SYSTEM32\dhcpcsvc.DLL
0x00007ffe6a130000 - 0x00007ffe6a2f9000 	C:\WINDOWS\SYSTEM32\dbghelp.dll

VM Arguments:
jvm_args: -XX:TieredStopAtLevel=1 -Xverify:none -Dspring.output.ansi.enabled=always -Dcom.sun.management.jmxremote -Dcom.sun.management.jmxremote.port=54540 -Dcom.sun.management.jmxremote.authenticate=false -Dcom.sun.management.jmxremote.ssl=false -Djava.rmi.server.hostname=localhost -Dspring.liveBeansView.mbeanDomain -Dspring.application.admin.enabled=true -javaagent:L:\JetBrains\IntelliJ IDEA 2018.2.1\lib\idea_rt.jar=54541:L:\JetBrains\IntelliJ IDEA 2018.2.1\bin -Dfile.encoding=UTF-8 
java_command: ru.lanit.springboot.afisha.AfishaApplication
java_class_path (initial): C:\Users\fun4l\dev\study\Lanit\SpringBootAfisha\target\classes;C:\Users\fun4l\.m2\repository\org\springframework\boot\spring-boot-starter-web\2.0.3.RELEASE\spring-boot-starter-web-2.0.3.RELEASE.jar;C:\Users\fun4l\.m2\repository\org\springframework\boot\spring-boot-starter\2.0.3.RELEASE\spring-boot-starter-2.0.3.RELEASE.jar;C:\Users\fun4l\.m2\repository\org\springframework\boot\spring-boot-starter-logging\2.0.3.RELEASE\spring-boot-starter-logging-2.0.3.RELEASE.jar;C:\Users\fun4l\.m2\repository\ch\qos\logback\logback-classic\1.2.3\logback-classic-1.2.3.jar;C:\Users\fun4l\.m2\repository\ch\qos\logback\logback-core\1.2.3\logback-core-1.2.3.jar;C:\Users\fun4l\.m2\repository\org\apache\logging\log4j\log4j-to-slf4j\2.10.0\log4j-to-slf4j-2.10.0.jar;C:\Users\fun4l\.m2\repository\org\apache\logging\log4j\log4j-api\2.10.0\log4j-api-2.10.0.jar;C:\Users\fun4l\.m2\repository\org\slf4j\jul-to-slf4j\1.7.25\jul-to-slf4j-1.7.25.jar;C:\Users\fun4l\.m2\repository\javax\annotation\javax.annotation-api\1.3.2\javax.annotation-api-1.3.2.jar;C:\Users\fun4l\.m2\repository\org\yaml\snakeyaml\1.19\snakeyaml-1.19.jar;C:\Users\fun4l\.m2\repository\org\springframework\boot\spring-boot-starter-json\2.0.3.RELEASE\spring-boot-starter-json-2.0.3.RELEASE.jar;C:\Users\fun4l\.m2\repository\com\fasterxml\jackson\core\jackson-databind\2.9.6\jackson-databind-2.9.6.jar;C:\Users\fun4l\.m2\repository\com\fasterxml\jackson\core\jackson-annotations\2.9.0\jackson-annotations-2.9.0.jar;C:\Users\fun4l\.m2\repository\com\fasterxml\jackson\core\jackson-core\2.9.6\jackson-core-2.9.6.jar;C:\Users\fun4l\.m2\repository\com\fasterxml\jackson\datatype\jackson-datatype-jdk8\2.9.6\jackson-datatype-jdk8-2.9.6.jar;C:\Users\fun4l\.m2\repository\com\fasterxml\jackson\datatype\jackson-datatype-jsr310\2.9.6\jackson-datatype-jsr310-2.9.6.jar;C:\Users\fun4l\.m2\repository\com\fasterxml\jackson\module\jackson-module-parameter-names\2.9.6\jackson-module-parameter-names-2.9.6.jar;C:\Users\fun4l\.m2\reposit
Launcher Type: SUN_STANDARD

Logging:
Log output configuration:
#0: stdout all=warning uptime,level,tags
#1: stderr all=off uptime,level,tags

Environment Variables:
JAVA_HOME=C:\Program Files\Java\jdk-9.0.4
PATH=C:\ProgramData\Oracle\Java\javapath;C:\Program Files (x86)\Common Files\Intel\Shared Files\cpp\bin\Intel64;C:\Program Files (x86)\Intel\iCLS Client\;C:\Program Files\Intel\iCLS Client\;C:\WINDOWS\system32;C:\WINDOWS;C:\WINDOWS\System32\Wbem;C:\WINDOWS\System32\WindowsPowerShell\v1.0\;C:\Program Files (x86)\NVIDIA Corporation\PhysX\Common;C:\Program Files (x86)\Intel\Intel(R) Management Engine Components\DAL;C:\Program Files\Intel\Intel(R) Management Engine Components\DAL;C:\Program Files (x86)\Intel\Intel(R) Management Engine Components\IPT;C:\Program Files\Intel\Intel(R) Management Engine Components\IPT;L:\MATLAB\R2016b\runtime\win64;L:\MATLAB\R2016b\bin;L:\MATLAB\R2016b\polyspace\bin;C:\Program Files\Microsoft SQL Server\Client SDK\ODBC\110\Tools\Binn\;C:\Program Files (x86)\Microsoft SQL Server\120\Tools\Binn\;C:\Program Files\Microsoft SQL Server\120\Tools\Binn\;C:\Program Files\Microsoft SQL Server\120\DTS\Binn\;C:\Program Files (x86)\Windows Kits\8.1\Windows Performance Toolkit\;C:\WINDOWS\system32;C:\WINDOWS;C:\WINDOWS\System32\Wbem;C:\WINDOWS\System32\WindowsPowerShell\v1.0\;C:\Program Files\Java\jdk-9.0.4\bin;C:\Program Files\Git\cmd;C:\Program Files\Git\mingw64\bin;C:\Program Files\Git\usr\bin;C:\ProgramData\chocolatey\bin;;C:\WINDOWS\System32\OpenSSH\;C:\Users\fun4l\AppData\Local\Microsoft\WindowsApps
USERNAME=fun4l
OS=Windows_NT
PROCESSOR_IDENTIFIER=Intel64 Family 6 Model 158 Stepping 9, GenuineIntel



---------------  S Y S T E M  ---------------

OS: Windows 10 , 64 bit Build 17134 (10.0.17134.1)

CPU:total 4 (initial active 4) (4 cores per cpu, 1 threads per core) family 6 model 158 stepping 9, cmov, cx8, fxsr, mmx, sse, sse2, sse3, ssse3, sse4.1, sse4.2, popcnt, avx, avx2, aes, clmul, erms, 3dnowpref, lzcnt, tsc, tscinvbit, bmi1, bmi2, adx, fma

Memory: 4k page, physical 8260772k(1698624k free), swap 8260772k(29176k free)

vm_info: OpenJDK 64-Bit Server VM (9.0.7.1+1) for windows-amd64 JRE (9.0.7.1+1), built on Apr  6 2018 03:06:52 by "" with MS VC++ 12.0 (VS2013)

END.
