#
# There is insufficient memory for the Java Runtime Environment to continue.
# Native memory allocation (mmap) failed to map 32505856 bytes for Failed to commit area from 0x000000008b800000 to 0x000000008d700000 of length 32505856.
# Possible reasons:
#   The system is out of physical RAM or swap space
#   The process is running with CompressedOops enabled, and the Java Heap may be blocking the growth of the native heap
# Possible solutions:
#   Reduce memory load on the system
#   Increase physical memory or swap space
#   Check if swap backing store is full
#   Decrease Java heap size (-Xmx/-Xms)
#   Decrease number of Java threads
#   Decrease Java thread stack sizes (-Xss)
#   Set larger code cache with -XX:ReservedCodeCacheSize=
#   JVM is running with Unscaled Compressed Oops mode in which the Java heap is
#     placed in the first 4GB address space. The Java Heap base address is the
#     maximum limit for the native heap growth. Please use -XX:HeapBaseMinAddress
#     to set the Java Heap base and to place the Java Heap above 4GB virtual address.
# This output file may be truncated or incomplete.
#
#  Out of Memory Error (c:/jenkins/workspace/zulu9-silver-build-win64/zulu-src/hotspot/src/os/windows/vm/os_windows.cpp:3357), pid=13136, tid=916
#
# JRE version: OpenJDK Runtime Environment (9.0.1+1) (build 9.0.7.1+1)
# Java VM: OpenJDK 64-Bit Server VM (9.0.7.1+1, mixed mode, tiered, compressed oops, g1 gc, windows-amd64)
# No core dump will be written. Minidumps are not enabled by default on client versions of Windows
#

---------------  S U M M A R Y ------------

Command Line: -XX:TieredStopAtLevel=1 -Xverify:none -Dspring.output.ansi.enabled=always -Dcom.sun.management.jmxremote -Dcom.sun.management.jmxremote.port=57002 -Dcom.sun.management.jmxremote.authenticate=false -Dcom.sun.management.jmxremote.ssl=false -Djava.rmi.server.hostname=localhost -Dspring.liveBeansView.mbeanDomain -Dspring.application.admin.enabled=true -javaagent:L:\JetBrains\IntelliJ IDEA 2018.2.1\lib\idea_rt.jar=57003:L:\JetBrains\IntelliJ IDEA 2018.2.1\bin -Dfile.encoding=UTF-8 ru.lanit.springboot.afisha.AfishaApplication

Host: Intel(R) Core(TM) i5-7300HQ CPU @ 2.50GHz, 4 cores, 7G,  Windows 10 , 64 bit Build 17134 (10.0.17134.1)
Time: Wed Aug 29 12:02:33 2018 RTZ 2 (ceia) elapsed time: 3 seconds (0d 0h 0m 3s)

---------------  T H R E A D  ---------------

Current thread (0x0000022448b34800):  VMThread "VM Thread" [stack: 0x000000ba24d00000,0x000000ba24e00000] [id=916]

Stack: [0x000000ba24d00000,0x000000ba24e00000]
[error occurred during error reporting (printing stack bounds), id 0xe0000002]

Native frames: (J=compiled Java code, j=interpreted, Vv=VM code, C=native code)
V  [jvm.dll+0x541df8]

[error occurred during error reporting (printing native stack), id 0xe0000002]

VM_Operation (0x000000ba261f9310): CollectForMetadataAllocation, mode: safepoint, requested by thread 0x000002244993a000


---------------  P R O C E S S  ---------------

Java Threads: ( => current thread )
  0x000002244aefb000 JavaThread "Abandoned connection cleanup thread" daemon [_thread_blocked, id=8760, stack(0x000000ba26600000,0x000000ba26700000)]
  0x000002244af01000 JavaThread "container-0" [_thread_blocked, id=11868, stack(0x000000ba26500000,0x000000ba26600000)]
  0x000002244af00800 JavaThread "ContainerBackgroundProcessor[StandardEngine[Tomcat]]" daemon [_thread_blocked, id=1124, stack(0x000000ba26400000,0x000000ba26500000)]
  0x000002244aefc000 JavaThread "localhost-startStop-1" daemon [_thread_blocked, id=4460, stack(0x000000ba26300000,0x000000ba26400000)]
  0x000002244aefd800 JavaThread "Tomcat-startStop-1" daemon [_thread_blocked, id=2728, stack(0x000000ba26200000,0x000000ba26300000)]
  0x000002244993a000 JavaThread "restartedMain" [_thread_blocked, id=9416, stack(0x000000ba26100000,0x000000ba26200000)]
  0x00000224496b8800 JavaThread "Thread-0" [_thread_blocked, id=12408, stack(0x000000ba26000000,0x000000ba26100000)]
  0x0000022449682800 JavaThread "RMI Scheduler(0)" daemon [_thread_blocked, id=3468, stack(0x000000ba25f00000,0x000000ba26000000)]
  0x000002244967d000 JavaThread "RMI TCP Connection(2)-127.0.0.1" daemon [_thread_in_native, id=11820, stack(0x000000ba25e00000,0x000000ba25f00000)]
  0x00000224495a5000 JavaThread "RMI TCP Connection(1)-127.0.0.1" daemon [_thread_in_native, id=10520, stack(0x000000ba25d00000,0x000000ba25e00000)]
  0x0000022449591800 JavaThread "RMI TCP Accept-0" daemon [_thread_in_native, id=844, stack(0x000000ba25b00000,0x000000ba25c00000)]
  0x0000022449527800 JavaThread "RMI TCP Accept-57002" daemon [_thread_in_native, id=10416, stack(0x000000ba25a00000,0x000000ba25b00000)]
  0x0000022449530000 JavaThread "RMI TCP Accept-0" daemon [_thread_in_native, id=11592, stack(0x000000ba25900000,0x000000ba25a00000)]
  0x0000022449136000 JavaThread "Service Thread" daemon [_thread_blocked, id=4140, stack(0x000000ba25800000,0x000000ba25900000)]
  0x0000022449131000 JavaThread "Monitor Ctrl-Break" daemon [_thread_in_native, id=4724, stack(0x000000ba25700000,0x000000ba25800000)]
  0x0000022448c29800 JavaThread "Common-Cleaner" daemon [_thread_blocked, id=8604, stack(0x000000ba25600000,0x000000ba25700000)]
  0x0000022448b9f000 JavaThread "Sweeper thread" daemon [_thread_blocked, id=12748, stack(0x000000ba25500000,0x000000ba25600000)]
  0x0000022448b9e800 JavaThread "C1 CompilerThread2" daemon [_thread_blocked, id=10412, stack(0x000000ba25400000,0x000000ba25500000)]
  0x0000022448b9d800 JavaThread "C1 CompilerThread1" daemon [_thread_blocked, id=11528, stack(0x000000ba25300000,0x000000ba25400000)]
  0x0000022448b98000 JavaThread "C1 CompilerThread0" daemon [_thread_blocked, id=8756, stack(0x000000ba25200000,0x000000ba25300000)]
  0x0000022448b8f000 JavaThread "Attach Listener" daemon [_thread_blocked, id=8344, stack(0x000000ba25100000,0x000000ba25200000)]
  0x0000022448b8d800 JavaThread "Signal Dispatcher" daemon [_thread_blocked, id=8180, stack(0x000000ba25000000,0x000000ba25100000)]
  0x0000022448b39800 JavaThread "Finalizer" daemon [_thread_blocked, id=8112, stack(0x000000ba24f00000,0x000000ba25000000)]
  0x0000022448b38800 JavaThread "Reference Handler" daemon [_thread_blocked, id=4740, stack(0x000000ba24e00000,0x000000ba24f00000)]
  0x00000224276f5000 JavaThread "main" [_thread_blocked, id=8828, stack(0x000000ba24100000,0x000000ba24200000)]

Other Threads:
=>0x0000022448b34800 VMThread "VM Thread" [stack: 0x000000ba24d00000,0x000000ba24e00000] [id=916]
  0x0000022449592000 WatcherThread [stack: 0x000000ba25c00000,0x000000ba25d00000] [id=3828]
  0x0000022427708000 GCTaskThread "GC Thread#0" [stack: 0x000000ba24200000,0x000000ba24300000] [id=12972]
  0x0000022427709000 GCTaskThread "GC Thread#1" [stack: 0x000000ba24300000,0x000000ba24400000] [id=12316]
  0x000002242770b000 GCTaskThread "GC Thread#2" [stack: 0x000000ba24400000,0x000000ba24500000] [id=9944]
  0x000002242770f000 GCTaskThread "GC Thread#3" [stack: 0x000000ba24500000,0x000000ba24600000] [id=8320]
  0x0000022427791800 ConcurrentGCThread "G1 Main Marker" [stack: 0x000000ba24b00000,0x000000ba24c00000] [id=5012]
  0x0000022427792000 ConcurrentGCThread "G1 Marker#0" [stack: 0x000000ba24c00000,0x000000ba24d00000] [id=3000]
  0x0000022427726000 ConcurrentGCThread "G1 Refine#0" [stack: 0x000000ba24900000,0x000000ba24a00000] [id=5824]
  0x0000022427723000 ConcurrentGCThread "G1 Refine#1" [stack: 0x000000ba24800000,0x000000ba24900000] [id=10340]
  0x0000022427717800 ConcurrentGCThread "G1 Refine#2" [stack: 0x000000ba24700000,0x000000ba24800000] [id=10312]
  0x0000022427711800 ConcurrentGCThread "G1 Refine#3" [stack: 0x000000ba24600000,0x000000ba24700000] [id=9712]
  0x0000022427727800 ConcurrentGCThread "G1 Young RemSet Sampling" [stack: 0x000000ba24a00000,0x000000ba24b00000] [id=1652]

Threads with active compile tasks:

VM state:at safepoint (normal execution)

VM Mutex/Monitor currently owned by a thread:  ([mutex/lock_event])
[0x00000224276f28e0] Threads_lock - owner thread: 0x0000022448b34800
[0x00000224276f2580] Heap_lock - owner thread: 0x000002244993a000

Heap address: 0x0000000081e00000, size: 2018 MB, Compressed Oops mode: 32-bit
Narrow klass base: 0x0000000000000000, Narrow klass shift: 3
Compressed class space size: 1073741824 Address: 0x0000000100000000

Heap:
 garbage-first heap   total 189440K, used 26150K [0x0000000081e00000, 0x0000000081f005c8, 0x0000000100000000)
  region size 1024K, 6 young (6144K), 6 survivors (6144K)
 Metaspace       used 36733K, capacity 39098K, committed 39244K, reserved 1091584K
  class space    used 4642K, capacity 5097K, committed 5196K, reserved 1048576K
Heap Regions: E=young(eden), S=young(survivor), O=old, HS=humongous(starts), HC=humongous(continues), CS=collection set, F=free, A=archive, TS=gc time stamp, AC=allocation context, TAMS=top-at-mark-start (previous, next)
|   0|0x0000000081e00000, 0x0000000081f00000, 0x0000000081f00000|100%| O|  |TS  0|AC  0|TAMS 0x0000000081f00000, 0x0000000081f00000|
|   1|0x0000000081f00000, 0x0000000082000000, 0x0000000082000000|100%| O|  |TS  0|AC  0|TAMS 0x0000000082000000, 0x0000000082000000|
|   2|0x0000000082000000, 0x0000000082100000, 0x0000000082100000|100%| O|  |TS  0|AC  0|TAMS 0x0000000082100000, 0x0000000082100000|
|   3|0x0000000082100000, 0x0000000082200000, 0x0000000082200000|100%| O|  |TS  0|AC  0|TAMS 0x0000000082200000, 0x0000000082200000|
|   4|0x0000000082200000, 0x0000000082300000, 0x0000000082300000|100%| O|  |TS  0|AC  0|TAMS 0x0000000082300000, 0x0000000082300000|
|   5|0x0000000082300000, 0x0000000082400000, 0x0000000082400000|100%| O|  |TS  0|AC  0|TAMS 0x0000000082400000, 0x0000000082400000|
|   6|0x0000000082400000, 0x0000000082500000, 0x0000000082500000|100%| O|  |TS  0|AC  0|TAMS 0x0000000082500000, 0x0000000082500000|
|   7|0x0000000082500000, 0x0000000082600000, 0x0000000082600000|100%| O|  |TS  0|AC  0|TAMS 0x0000000082600000, 0x0000000082600000|
|   8|0x0000000082600000, 0x0000000082700000, 0x0000000082700000|100%| O|  |TS  3|AC  0|TAMS 0x0000000082600000, 0x0000000082700000|
|   9|0x0000000082700000, 0x0000000082800000, 0x0000000082800000|100%| O|  |TS  0|AC  0|TAMS 0x0000000082800000, 0x0000000082800000|
|  10|0x0000000082800000, 0x0000000082900000, 0x0000000082900000|100%| O|  |TS  0|AC  0|TAMS 0x0000000082900000, 0x0000000082900000|
|  11|0x0000000082900000, 0x0000000082a00000, 0x0000000082a00000|100%| O|  |TS  0|AC  0|TAMS 0x0000000082a00000, 0x0000000082a00000|
|  12|0x0000000082a00000, 0x0000000082b00000, 0x0000000082b00000|100%| O|  |TS  0|AC  0|TAMS 0x0000000082b00000, 0x0000000082b00000|
|  13|0x0000000082b00000, 0x0000000082c00000, 0x0000000082c00000|100%| O|  |TS  0|AC  0|TAMS 0x0000000082c00000, 0x0000000082c00000|
|  14|0x0000000082c00000, 0x0000000082d00000, 0x0000000082d00000|100%| O|  |TS  0|AC  0|TAMS 0x0000000082d00000, 0x0000000082d00000|
|  15|0x0000000082d00000, 0x0000000082e00000, 0x0000000082e00000|100%| O|  |TS  0|AC  0|TAMS 0x0000000082e00000, 0x0000000082e00000|
|  16|0x0000000082e00000, 0x0000000082f00000, 0x0000000082f00000|100%| O|  |TS  0|AC  0|TAMS 0x0000000082f00000, 0x0000000082f00000|
|  17|0x0000000082f00000, 0x0000000083000000, 0x0000000083000000|100%| O|  |TS  3|AC  0|TAMS 0x0000000082f8e200, 0x0000000083000000|
|  18|0x0000000083000000, 0x0000000083100000, 0x0000000083100000|100%| O|  |TS  3|AC  0|TAMS 0x0000000083000000, 0x0000000083100000|
|  19|0x0000000083100000, 0x0000000083189800, 0x0000000083200000| 53%| O|  |TS  3|AC  0|TAMS 0x0000000083100000, 0x0000000083189800|
|  20|0x0000000083200000, 0x0000000083200000, 0x0000000083300000|  0%| F|  |TS  0|AC  0|TAMS 0x0000000083200000, 0x0000000083200000|
|  21|0x0000000083300000, 0x0000000083300000, 0x0000000083400000|  0%| F|  |TS  0|AC  0|TAMS 0x0000000083300000, 0x0000000083300000|
|  22|0x0000000083400000, 0x0000000083400000, 0x0000000083500000|  0%| F|  |TS  0|AC  0|TAMS 0x0000000083400000, 0x0000000083400000|
|  23|0x0000000083500000, 0x0000000083500000, 0x0000000083600000|  0%| F|  |TS  0|AC  0|TAMS 0x0000000083500000, 0x0000000083500000|
|  24|0x0000000083600000, 0x0000000083600000, 0x0000000083700000|  0%| F|  |TS  0|AC  0|TAMS 0x0000000083600000, 0x0000000083600000|
|  25|0x0000000083700000, 0x0000000083700000, 0x0000000083800000|  0%| F|  |TS  0|AC  0|TAMS 0x0000000083700000, 0x0000000083700000|
|  26|0x0000000083800000, 0x0000000083800000, 0x0000000083900000|  0%| F|  |TS  0|AC  0|TAMS 0x0000000083800000, 0x0000000083800000|
|  27|0x0000000083900000, 0x0000000083900000, 0x0000000083a00000|  0%| F|  |TS  0|AC  0|TAMS 0x0000000083900000, 0x0000000083900000|
|  28|0x0000000083a00000, 0x0000000083a00000, 0x0000000083b00000|  0%| F|  |TS  0|AC  0|TAMS 0x0000000083a00000, 0x0000000083a00000|
|  29|0x0000000083b00000, 0x0000000083b00000, 0x0000000083c00000|  0%| F|  |TS  0|AC  0|TAMS 0x0000000083b00000, 0x0000000083b00000|
|  30|0x0000000083c00000, 0x0000000083c00000, 0x0000000083d00000|  0%| F|  |TS  0|AC  0|TAMS 0x0000000083c00000, 0x0000000083c00000|
|  31|0x0000000083d00000, 0x0000000083d00000, 0x0000000083e00000|  0%| F|  |TS  0|AC  0|TAMS 0x0000000083d00000, 0x0000000083d00000|
|  32|0x0000000083e00000, 0x0000000083e00000, 0x0000000083f00000|  0%| F|  |TS  0|AC  0|TAMS 0x0000000083e00000, 0x0000000083e00000|
|  33|0x0000000083f00000, 0x0000000083f00000, 0x0000000084000000|  0%| F|  |TS  0|AC  0|TAMS 0x0000000083f00000, 0x0000000083f00000|
|  34|0x0000000084000000, 0x0000000084000000, 0x0000000084100000|  0%| F|  |TS  0|AC  0|TAMS 0x0000000084000000, 0x0000000084000000|
|  35|0x0000000084100000, 0x0000000084100000, 0x0000000084200000|  0%| F|  |TS  0|AC  0|TAMS 0x0000000084100000, 0x0000000084100000|
|  36|0x0000000084200000, 0x0000000084200000, 0x0000000084300000|  0%| F|  |TS  0|AC  0|TAMS 0x0000000084200000, 0x0000000084200000|
|  37|0x0000000084300000, 0x0000000084300000, 0x0000000084400000|  0%| F|  |TS  0|AC  0|TAMS 0x0000000084300000, 0x0000000084300000|
|  38|0x0000000084400000, 0x0000000084400000, 0x0000000084500000|  0%| F|  |TS  0|AC  0|TAMS 0x0000000084400000, 0x0000000084400000|
|  39|0x0000000084500000, 0x0000000084500000, 0x0000000084600000|  0%| F|  |TS  0|AC  0|TAMS 0x0000000084500000, 0x0000000084500000|
|  40|0x0000000084600000, 0x0000000084600000, 0x0000000084700000|  0%| F|  |TS  0|AC  0|TAMS 0x0000000084600000, 0x0000000084600000|
|  41|0x0000000084700000, 0x0000000084700000, 0x0000000084800000|  0%| F|  |TS  0|AC  0|TAMS 0x0000000084700000, 0x0000000084700000|
|  42|0x0000000084800000, 0x0000000084800000, 0x0000000084900000|  0%| F|  |TS  0|AC  0|TAMS 0x0000000084800000, 0x0000000084800000|
|  43|0x0000000084900000, 0x0000000084900000, 0x0000000084a00000|  0%| F|  |TS  0|AC  0|TAMS 0x0000000084900000, 0x0000000084900000|
|  44|0x0000000084a00000, 0x0000000084a00000, 0x0000000084b00000|  0%| F|  |TS  0|AC  0|TAMS 0x0000000084a00000, 0x0000000084a00000|
|  45|0x0000000084b00000, 0x0000000084b00000, 0x0000000084c00000|  0%| F|  |TS  0|AC  0|TAMS 0x0000000084b00000, 0x0000000084b00000|
|  46|0x0000000084c00000, 0x0000000084c00000, 0x0000000084d00000|  0%| F|  |TS  0|AC  0|TAMS 0x0000000084c00000, 0x0000000084c00000|
|  47|0x0000000084d00000, 0x0000000084d00000, 0x0000000084e00000|  0%| F|  |TS  0|AC  0|TAMS 0x0000000084d00000, 0x0000000084d00000|
|  48|0x0000000084e00000, 0x0000000084e00000, 0x0000000084f00000|  0%| F|  |TS  0|AC  0|TAMS 0x0000000084e00000, 0x0000000084e00000|
|  49|0x0000000084f00000, 0x0000000084f00000, 0x0000000085000000|  0%| F|  |TS  0|AC  0|TAMS 0x0000000084f00000, 0x0000000084f00000|
|  50|0x0000000085000000, 0x0000000085000000, 0x0000000085100000|  0%| F|  |TS  0|AC  0|TAMS 0x0000000085000000, 0x0000000085000000|
|  51|0x0000000085100000, 0x0000000085100000, 0x0000000085200000|  0%| F|  |TS  0|AC  0|TAMS 0x0000000085100000, 0x0000000085100000|
|  52|0x0000000085200000, 0x0000000085200000, 0x0000000085300000|  0%| F|  |TS  0|AC  0|TAMS 0x0000000085200000, 0x0000000085200000|
|  53|0x0000000085300000, 0x0000000085300000, 0x0000000085400000|  0%| F|  |TS  0|AC  0|TAMS 0x0000000085300000, 0x0000000085300000|
|  54|0x0000000085400000, 0x0000000085400000, 0x0000000085500000|  0%| F|  |TS  3|AC  0|TAMS 0x0000000085400000, 0x0000000085400000|
|  55|0x0000000085500000, 0x0000000085500000, 0x0000000085600000|  0%| F|  |TS  3|AC  0|TAMS 0x0000000085500000, 0x0000000085500000|
|  56|0x0000000085600000, 0x0000000085600000, 0x0000000085700000|  0%| F|  |TS  3|AC  0|TAMS 0x0000000085600000, 0x0000000085600000|
|  57|0x0000000085700000, 0x0000000085700000, 0x0000000085800000|  0%| F|  |TS  3|AC  0|TAMS 0x0000000085700000, 0x0000000085700000|
|  58|0x0000000085800000, 0x0000000085800000, 0x0000000085900000|  0%| F|  |TS  3|AC  0|TAMS 0x0000000085800000, 0x0000000085800000|
|  59|0x0000000085900000, 0x0000000085900000, 0x0000000085a00000|  0%| F|  |TS  3|AC  0|TAMS 0x0000000085900000, 0x0000000085900000|
|  60|0x0000000085a00000, 0x0000000085a00000, 0x0000000085b00000|  0%| F|  |TS  3|AC  0|TAMS 0x0000000085a00000, 0x0000000085a00000|
|  61|0x0000000085b00000, 0x0000000085b00000, 0x0000000085c00000|  0%| F|  |TS  3|AC  0|TAMS 0x0000000085b00000, 0x0000000085b00000|
|  62|0x0000000085c00000, 0x0000000085c00000, 0x0000000085d00000|  0%| F|  |TS  1|AC  0|TAMS 0x0000000085c00000, 0x0000000085c00000|
|  63|0x0000000085d00000, 0x0000000085d00000, 0x0000000085e00000|  0%| F|  |TS  1|AC  0|TAMS 0x0000000085d00000, 0x0000000085d00000|
|  64|0x0000000085e00000, 0x0000000085e00000, 0x0000000085f00000|  0%| F|  |TS  1|AC  0|TAMS 0x0000000085e00000, 0x0000000085e00000|
|  65|0x0000000085f00000, 0x0000000085f00000, 0x0000000086000000|  0%| F|  |TS  1|AC  0|TAMS 0x0000000085f00000, 0x0000000085f00000|
|  66|0x0000000086000000, 0x0000000086000000, 0x0000000086100000|  0%| F|  |TS  1|AC  0|TAMS 0x0000000086000000, 0x0000000086000000|
|  67|0x0000000086100000, 0x0000000086100000, 0x0000000086200000|  0%| F|  |TS  1|AC  0|TAMS 0x0000000086100000, 0x0000000086100000|
|  68|0x0000000086200000, 0x0000000086200000, 0x0000000086300000|  0%| F|  |TS  1|AC  0|TAMS 0x0000000086200000, 0x0000000086200000|
|  69|0x0000000086300000, 0x0000000086300000, 0x0000000086400000|  0%| F|  |TS  1|AC  0|TAMS 0x0000000086300000, 0x0000000086300000|
|  70|0x0000000086400000, 0x0000000086400000, 0x0000000086500000|  0%| F|  |TS  1|AC  0|TAMS 0x0000000086400000, 0x0000000086400000|
|  71|0x0000000086500000, 0x0000000086500000, 0x0000000086600000|  0%| F|  |TS  1|AC  0|TAMS 0x0000000086500000, 0x0000000086500000|
|  72|0x0000000086600000, 0x0000000086600000, 0x0000000086700000|  0%| F|  |TS  1|AC  0|TAMS 0x0000000086600000, 0x0000000086600000|
|  73|0x0000000086700000, 0x0000000086700000, 0x0000000086800000|  0%| F|  |TS  1|AC  0|TAMS 0x0000000086700000, 0x0000000086700000|
|  74|0x0000000086800000, 0x0000000086800000, 0x0000000086900000|  0%| F|  |TS  1|AC  0|TAMS 0x0000000086800000, 0x0000000086800000|
|  75|0x0000000086900000, 0x0000000086900000, 0x0000000086a00000|  0%| F|  |TS  1|AC  0|TAMS 0x0000000086900000, 0x0000000086900000|
|  76|0x0000000086a00000, 0x0000000086a00000, 0x0000000086b00000|  0%| F|  |TS  1|AC  0|TAMS 0x0000000086a00000, 0x0000000086a00000|
|  77|0x0000000086b00000, 0x0000000086b00000, 0x0000000086c00000|  0%| F|  |TS  1|AC  0|TAMS 0x0000000086b00000, 0x0000000086b00000|
|  78|0x0000000086c00000, 0x0000000086c00000, 0x0000000086d00000|  0%| F|  |TS  1|AC  0|TAMS 0x0000000086c00000, 0x0000000086c00000|
|  79|0x0000000086d00000, 0x0000000086d00000, 0x0000000086e00000|  0%| F|  |TS  1|AC  0|TAMS 0x0000000086d00000, 0x0000000086d00000|
|  80|0x0000000086e00000, 0x0000000086e00000, 0x0000000086f00000|  0%| F|  |TS  1|AC  0|TAMS 0x0000000086e00000, 0x0000000086e00000|
|  81|0x0000000086f00000, 0x0000000086f00000, 0x0000000087000000|  0%| F|  |TS  1|AC  0|TAMS 0x0000000086f00000, 0x0000000086f00000|
|  82|0x0000000087000000, 0x0000000087000000, 0x0000000087100000|  0%| F|  |TS  1|AC  0|TAMS 0x0000000087000000, 0x0000000087000000|
|  83|0x0000000087100000, 0x0000000087100000, 0x0000000087200000|  0%| F|  |TS  1|AC  0|TAMS 0x0000000087100000, 0x0000000087100000|
|  84|0x0000000087200000, 0x0000000087200000, 0x0000000087300000|  0%| F|  |TS  1|AC  0|TAMS 0x0000000087200000, 0x0000000087200000|
|  85|0x0000000087300000, 0x0000000087300000, 0x0000000087400000|  0%| F|  |TS  1|AC  0|TAMS 0x0000000087300000, 0x0000000087300000|
|  86|0x0000000087400000, 0x0000000087400000, 0x0000000087500000|  0%| F|  |TS  1|AC  0|TAMS 0x0000000087400000, 0x0000000087400000|
|  87|0x0000000087500000, 0x0000000087500000, 0x0000000087600000|  0%| F|  |TS  1|AC  0|TAMS 0x0000000087500000, 0x0000000087500000|
|  88|0x0000000087600000, 0x0000000087600000, 0x0000000087700000|  0%| F|  |TS  1|AC  0|TAMS 0x0000000087600000, 0x0000000087600000|
|  89|0x0000000087700000, 0x0000000087700000, 0x0000000087800000|  0%| F|  |TS  1|AC  0|TAMS 0x0000000087700000, 0x0000000087700000|
|  90|0x0000000087800000, 0x0000000087800000, 0x0000000087900000|  0%| F|  |TS  1|AC  0|TAMS 0x0000000087800000, 0x0000000087800000|
|  91|0x0000000087900000, 0x0000000087900000, 0x0000000087a00000|  0%| F|  |TS  1|AC  0|TAMS 0x0000000087900000, 0x0000000087900000|
|  92|0x0000000087a00000, 0x0000000087a00000, 0x0000000087b00000|  0%| F|  |TS  1|AC  0|TAMS 0x0000000087a00000, 0x0000000087a00000|
|  93|0x0000000087b00000, 0x0000000087b00000, 0x0000000087c00000|  0%| F|  |TS  1|AC  0|TAMS 0x0000000087b00000, 0x0000000087b00000|
|  94|0x0000000087c00000, 0x0000000087c00000, 0x0000000087d00000|  0%| F|  |TS  1|AC  0|TAMS 0x0000000087c00000, 0x0000000087c00000|
|  95|0x0000000087d00000, 0x0000000087d00000, 0x0000000087e00000|  0%| F|  |TS  1|AC  0|TAMS 0x0000000087d00000, 0x0000000087d00000|
|  96|0x0000000087e00000, 0x0000000087e00000, 0x0000000087f00000|  0%| F|  |TS  1|AC  0|TAMS 0x0000000087e00000, 0x0000000087e00000|
|  97|0x0000000087f00000, 0x0000000087f00000, 0x0000000088000000|  0%| F|  |TS  1|AC  0|TAMS 0x0000000087f00000, 0x0000000087f00000|
|  98|0x0000000088000000, 0x0000000088000000, 0x0000000088100000|  0%| F|  |TS  1|AC  0|TAMS 0x0000000088000000, 0x0000000088000000|
|  99|0x0000000088100000, 0x0000000088100000, 0x0000000088200000|  0%| F|  |TS  1|AC  0|TAMS 0x0000000088100000, 0x0000000088100000|
| 100|0x0000000088200000, 0x0000000088200000, 0x0000000088300000|  0%| F|  |TS  1|AC  0|TAMS 0x0000000088200000, 0x0000000088200000|
| 101|0x0000000088300000, 0x0000000088300000, 0x0000000088400000|  0%| F|  |TS  1|AC  0|TAMS 0x0000000088300000, 0x0000000088300000|
| 102|0x0000000088400000, 0x0000000088400000, 0x0000000088500000|  0%| F|  |TS  1|AC  0|TAMS 0x0000000088400000, 0x0000000088400000|
| 103|0x0000000088500000, 0x0000000088500000, 0x0000000088600000|  0%| F|  |TS  1|AC  0|TAMS 0x0000000088500000, 0x0000000088500000|
| 104|0x0000000088600000, 0x0000000088600000, 0x0000000088700000|  0%| F|  |TS  1|AC  0|TAMS 0x0000000088600000, 0x0000000088600000|
| 105|0x0000000088700000, 0x0000000088700000, 0x0000000088800000|  0%| F|  |TS  1|AC  0|TAMS 0x0000000088700000, 0x0000000088700000|
| 106|0x0000000088800000, 0x0000000088800000, 0x0000000088900000|  0%| F|  |TS  1|AC  0|TAMS 0x0000000088800000, 0x0000000088800000|
| 107|0x0000000088900000, 0x0000000088900000, 0x0000000088a00000|  0%| F|  |TS  1|AC  0|TAMS 0x0000000088900000, 0x0000000088900000|
| 108|0x0000000088a00000, 0x0000000088a00000, 0x0000000088b00000|  0%| F|  |TS  1|AC  0|TAMS 0x0000000088a00000, 0x0000000088a00000|
| 109|0x0000000088b00000, 0x0000000088b00000, 0x0000000088c00000|  0%| F|  |TS  1|AC  0|TAMS 0x0000000088b00000, 0x0000000088b00000|
| 110|0x0000000088c00000, 0x0000000088c00000, 0x0000000088d00000|  0%| F|  |TS  1|AC  0|TAMS 0x0000000088c00000, 0x0000000088c00000|
| 111|0x0000000088d00000, 0x0000000088d00000, 0x0000000088e00000|  0%| F|  |TS  1|AC  0|TAMS 0x0000000088d00000, 0x0000000088d00000|
| 112|0x0000000088e00000, 0x0000000088e00000, 0x0000000088f00000|  0%| F|  |TS  1|AC  0|TAMS 0x0000000088e00000, 0x0000000088e00000|
| 113|0x0000000088f00000, 0x0000000088f00000, 0x0000000089000000|  0%| F|  |TS  1|AC  0|TAMS 0x0000000088f00000, 0x0000000088f00000|
| 114|0x0000000089000000, 0x0000000089000000, 0x0000000089100000|  0%| F|  |TS  1|AC  0|TAMS 0x0000000089000000, 0x0000000089000000|
| 115|0x0000000089100000, 0x0000000089100000, 0x0000000089200000|  0%| F|  |TS  1|AC  0|TAMS 0x0000000089100000, 0x0000000089100000|
| 116|0x0000000089200000, 0x0000000089200000, 0x0000000089300000|  0%| F|  |TS  1|AC  0|TAMS 0x0000000089200000, 0x0000000089200000|
| 117|0x0000000089300000, 0x0000000089300000, 0x0000000089400000|  0%| F|  |TS  1|AC  0|TAMS 0x0000000089300000, 0x0000000089300000|
| 118|0x0000000089400000, 0x0000000089400000, 0x0000000089500000|  0%| F|  |TS  1|AC  0|TAMS 0x0000000089400000, 0x0000000089400000|
| 119|0x0000000089500000, 0x0000000089600000, 0x0000000089600000|100%| S|CS|TS  3|AC  0|TAMS 0x0000000089500000, 0x0000000089500000|
| 120|0x0000000089600000, 0x0000000089700000, 0x0000000089700000|100%| S|CS|TS  3|AC  0|TAMS 0x0000000089600000, 0x0000000089600000|
| 121|0x0000000089700000, 0x0000000089800000, 0x0000000089800000|100%| S|CS|TS  3|AC  0|TAMS 0x0000000089700000, 0x0000000089700000|
| 122|0x0000000089800000, 0x0000000089900000, 0x0000000089900000|100%| S|CS|TS  3|AC  0|TAMS 0x0000000089800000, 0x0000000089800000|
| 123|0x0000000089900000, 0x0000000089a00000, 0x0000000089a00000|100%| S|CS|TS  3|AC  0|TAMS 0x0000000089900000, 0x0000000089900000|
| 124|0x0000000089a00000, 0x0000000089b00000, 0x0000000089b00000|100%| S|CS|TS  3|AC  0|TAMS 0x0000000089a00000, 0x0000000089a00000|
| 125|0x0000000089b00000, 0x0000000089b00000, 0x0000000089c00000|  0%| F|  |TS  3|AC  0|TAMS 0x0000000089b00000, 0x0000000089b00000|
| 126|0x0000000089c00000, 0x0000000089c00000, 0x0000000089d00000|  0%| F|  |TS  3|AC  0|TAMS 0x0000000089c00000, 0x0000000089c00000|
| 127|0x0000000089d00000, 0x0000000089d00000, 0x0000000089e00000|  0%| F|  |TS  3|AC  0|TAMS 0x0000000089d00000, 0x0000000089d00000|
| 128|0x0000000089e00000, 0x0000000089e00000, 0x0000000089f00000|  0%| F|  |TS  3|AC  0|TAMS 0x0000000089e00000, 0x0000000089e00000|
| 129|0x0000000089f00000, 0x0000000089f00000, 0x000000008a000000|  0%| F|  |TS  3|AC  0|TAMS 0x0000000089f00000, 0x0000000089f00000|
| 130|0x000000008a000000, 0x000000008a000000, 0x000000008a100000|  0%| F|  |TS  3|AC  0|TAMS 0x000000008a000000, 0x000000008a000000|
| 131|0x000000008a100000, 0x000000008a100000, 0x000000008a200000|  0%| F|  |TS  3|AC  0|TAMS 0x000000008a100000, 0x000000008a100000|
| 132|0x000000008a200000, 0x000000008a200000, 0x000000008a300000|  0%| F|  |TS  3|AC  0|TAMS 0x000000008a200000, 0x000000008a200000|
| 133|0x000000008a300000, 0x000000008a300000, 0x000000008a400000|  0%| F|  |TS  3|AC  0|TAMS 0x000000008a300000, 0x000000008a300000|
| 134|0x000000008a400000, 0x000000008a400000, 0x000000008a500000|  0%| F|  |TS  3|AC  0|TAMS 0x000000008a400000, 0x000000008a400000|
| 135|0x000000008a500000, 0x000000008a500000, 0x000000008a600000|  0%| F|  |TS  3|AC  0|TAMS 0x000000008a500000, 0x000000008a500000|
| 136|0x000000008a600000, 0x000000008a600000, 0x000000008a700000|  0%| F|  |TS  3|AC  0|TAMS 0x000000008a600000, 0x000000008a600000|
| 137|0x000000008a700000, 0x000000008a700000, 0x000000008a800000|  0%| F|  |TS  3|AC  0|TAMS 0x000000008a700000, 0x000000008a700000|
| 138|0x000000008a800000, 0x000000008a800000, 0x000000008a900000|  0%| F|  |TS  3|AC  0|TAMS 0x000000008a800000, 0x000000008a800000|
| 139|0x000000008a900000, 0x000000008a900000, 0x000000008aa00000|  0%| F|  |TS  3|AC  0|TAMS 0x000000008a900000, 0x000000008a900000|
| 140|0x000000008aa00000, 0x000000008aa00000, 0x000000008ab00000|  0%| F|  |TS  3|AC  0|TAMS 0x000000008aa00000, 0x000000008aa00000|
| 141|0x000000008ab00000, 0x000000008ab00000, 0x000000008ac00000|  0%| F|  |TS  3|AC  0|TAMS 0x000000008ab00000, 0x000000008ab00000|
| 142|0x000000008ac00000, 0x000000008ac00000, 0x000000008ad00000|  0%| F|  |TS  3|AC  0|TAMS 0x000000008ac00000, 0x000000008ac00000|
| 143|0x000000008ad00000, 0x000000008ad00000, 0x000000008ae00000|  0%| F|  |TS  3|AC  0|TAMS 0x000000008ad00000, 0x000000008ad00000|
| 144|0x000000008ae00000, 0x000000008ae00000, 0x000000008af00000|  0%| F|  |TS  3|AC  0|TAMS 0x000000008ae00000, 0x000000008ae00000|
| 145|0x000000008af00000, 0x000000008af00000, 0x000000008b000000|  0%| F|  |TS  3|AC  0|TAMS 0x000000008af00000, 0x000000008af00000|
| 146|0x000000008b000000, 0x000000008b000000, 0x000000008b100000|  0%| F|  |TS  3|AC  0|TAMS 0x000000008b000000, 0x000000008b000000|
| 147|0x000000008b100000, 0x000000008b100000, 0x000000008b200000|  0%| F|  |TS  3|AC  0|TAMS 0x000000008b100000, 0x000000008b100000|
| 148|0x000000008b200000, 0x000000008b200000, 0x000000008b300000|  0%| F|  |TS  3|AC  0|TAMS 0x000000008b200000, 0x000000008b200000|
| 149|0x000000008b300000, 0x000000008b300000, 0x000000008b400000|  0%| F|  |TS  3|AC  0|TAMS 0x000000008b300000, 0x000000008b300000|
| 150|0x000000008b400000, 0x000000008b400000, 0x000000008b500000|  0%| F|  |TS  3|AC  0|TAMS 0x000000008b400000, 0x000000008b400000|
| 151|0x000000008b500000, 0x000000008b500000, 0x000000008b600000|  0%| F|  |TS  3|AC  0|TAMS 0x000000008b500000, 0x000000008b500000|
| 152|0x000000008b600000, 0x000000008b600000, 0x000000008b700000|  0%| F|  |TS  3|AC  0|TAMS 0x000000008b600000, 0x000000008b600000|
| 153|0x000000008b700000, 0x000000008b700000, 0x000000008b800000|  0%| F|  |TS  3|AC  0|TAMS 0x000000008b700000, 0x000000008b700000|

Card table byte_map: [0x00000224415e0000,0x00000224419e0000] byte_map_base: 0x00000224411d1000

Marking Bits (Prev, Next): (CMBitMap*) 0x0000022427790860, (CMBitMap*) 0x0000022427790898
 Prev Bits: [0x0000022441de0000, 0x0000022443d68000)
 Next Bits: [0x0000022443d70000, 0x0000022445cf8000)

Polling page: 0x0000022428f40000

CodeHeap 'non-profiled nmethods': size=238912Kb used=7751Kb max_used=7751Kb free=231160Kb
 bounds [0x0000022431e70000, 0x0000022432610000, 0x00000224407c0000]
CodeHeap 'non-nmethods': size=6848Kb used=2453Kb max_used=2453Kb free=4394Kb
 bounds [0x00000224317c0000, 0x0000022431a30000, 0x0000022431e70000]
 total_blobs=5086 nmethods=4539 adapters=455
 compilation: enabled

Compilation events (10 events):
Event: 3.893 Thread 0x0000022448b98000 4534       1       java.lang.reflect.Field::checkAccess (32 bytes)
Event: 3.893 Thread 0x0000022448b9e800 4535       1       com.mysql.jdbc.ConnectionPropertiesImpl$ConnectionProperty::getPropertyName (5 bytes)
Event: 3.893 Thread 0x0000022448b9d800 4536       1       java.lang.reflect.Field::get (29 bytes)
Event: 3.893 Thread 0x0000022448b9e800 nmethod 4535 0x0000022432600190 code [0x0000022432600340, 0x0000022432600458]
Event: 3.893 Thread 0x0000022448b9e800 4537       1       com.mysql.jdbc.ConnectionImpl::getExceptionInterceptor (5 bytes)
Event: 3.893 Thread 0x0000022448b9e800 nmethod 4537 0x0000022432600510 code [0x00000224326006c0, 0x00000224326007d8]
Event: 3.893 Thread 0x0000022448b98000 nmethod 4534 0x0000022432600890 code [0x0000022432600a40, 0x0000022432600bd0]
Event: 3.894 Thread 0x0000022448b9e800 4539       1       jdk.internal.reflect.UnsafeFieldAccessorImpl::ensureObj (23 bytes)
Event: 3.894 Thread 0x0000022448b9d800 nmethod 4536 0x0000022432601110 code [0x00000224326012e0, 0x0000022432601520]
Event: 3.894 Thread 0x0000022448b9e800 nmethod 4539 0x0000022432601690 code [0x0000022432601880, 0x0000022432601ba0]

GC Heap History (10 events):
Event: 2.104 GC heap after
{Heap after GC invocations=5 (full 0):
 garbage-first heap   total 131072K, used 19587K [0x0000000081e00000, 0x0000000081f00400, 0x0000000100000000)
  region size 1024K, 10 young (10240K), 10 survivors (10240K)
 Metaspace       used 27273K, capacity 28934K, committed 29132K, reserved 1075200K
  class space    used 3368K, capacity 3716K, committed 3788K, reserved 1048576K
}
Event: 2.557 GC heap before
{Heap before GC invocations=5 (full 0):
 garbage-first heap   total 131072K, used 87171K [0x0000000081e00000, 0x0000000081f00400, 0x0000000100000000)
  region size 1024K, 76 young (77824K), 10 survivors (10240K)
 Metaspace       used 28073K, capacity 29800K, committed 30028K, reserved 1075200K
  class space    used 3500K, capacity 3881K, committed 3916K, reserved 1048576K
}
Event: 2.565 GC heap after
{Heap after GC invocations=6 (full 0):
 garbage-first heap   total 157696K, used 20354K [0x0000000081e00000, 0x0000000081f004d0, 0x0000000100000000)
  region size 1024K, 4 young (4096K), 4 survivors (4096K)
 Metaspace       used 28073K, capacity 29800K, committed 30028K, reserved 1075200K
  class space    used 3500K, capacity 3881K, committed 3916K, reserved 1048576K
}
Event: 3.196 GC heap before
{Heap before GC invocations=6 (full 0):
 garbage-first heap   total 157696K, used 106370K [0x0000000081e00000, 0x0000000081f004d0, 0x0000000100000000)
  region size 1024K, 88 young (90112K), 4 survivors (4096K)
 Metaspace       used 31882K, capacity 33900K, committed 33996K, reserved 1079296K
  class space    used 4070K, capacity 4492K, committed 4556K, reserved 1048576K
}
Event: 3.203 GC heap after
{Heap after GC invocations=7 (full 0):
 garbage-first heap   total 157696K, used 24530K [0x0000000081e00000, 0x0000000081f004d0, 0x0000000100000000)
  region size 1024K, 8 young (8192K), 8 survivors (8192K)
 Metaspace       used 31882K, capacity 33900K, committed 33996K, reserved 1079296K
  class space    used 4070K, capacity 4492K, committed 4556K, reserved 1048576K
}
Event: 3.428 GC heap before
{Heap before GC invocations=7 (full 0):
 garbage-first heap   total 157696K, used 53202K [0x0000000081e00000, 0x0000000081f004d0, 0x0000000100000000)
  region size 1024K, 37 young (37888K), 8 survivors (8192K)
 Metaspace       used 33645K, capacity 35950K, committed 36044K, reserved 1081344K
  class space    used 4290K, capacity 4745K, committed 4812K, reserved 1048576K
}
Event: 3.436 GC heap after
{Heap after GC invocations=8 (full 0):
 garbage-first heap   total 157696K, used 24438K [0x0000000081e00000, 0x0000000081f004d0, 0x0000000100000000)
  region size 1024K, 7 young (7168K), 7 survivors (7168K)
 Metaspace       used 33645K, capacity 35950K, committed 36044K, reserved 1081344K
  class space    used 4290K, capacity 4745K, committed 4812K, reserved 1048576K
}
Event: 3.663 GC heap before
{Heap before GC invocations=9 (full 0):
 garbage-first heap   total 157696K, used 110454K [0x0000000081e00000, 0x0000000081f004d0, 0x0000000100000000)
  region size 1024K, 92 young (94208K), 7 survivors (7168K)
 Metaspace       used 34922K, capacity 37266K, committed 37452K, reserved 1081344K
  class space    used 4432K, capacity 4919K, committed 4940K, reserved 1048576K
}
Event: 3.671 GC heap after
{Heap after GC invocations=10 (full 0):
 garbage-first heap   total 157696K, used 24468K [0x0000000081e00000, 0x0000000081f004d0, 0x0000000100000000)
  region size 1024K, 8 young (8192K), 8 survivors (8192K)
 Metaspace       used 34922K, capacity 37266K, committed 37452K, reserved 1081344K
  class space    used 4432K, capacity 4919K, committed 4940K, reserved 1048576K
}
Event: 3.897 GC heap before
{Heap before GC invocations=10 (full 0):
 garbage-first heap   total 157696K, used 53140K [0x0000000081e00000, 0x0000000081f004d0, 0x0000000100000000)
  region size 1024K, 37 young (37888K), 8 survivors (8192K)
 Metaspace       used 36733K, capacity 39098K, committed 39244K, reserved 1091584K
  class space    used 4642K, capacity 5097K, committed 5196K, reserved 1048576K
}

Deoptimization events (0 events):
No events

Classes redefined (0 events):
No events

Internal exceptions (10 events):
Event: 3.827 Thread 0x000002244993a000 Exception <a 'java/lang/ClassNotFoundException'{0x000000008a3397d0}: org/springframework/boot/autoconfigure/flyway/FlywayAutoConfiguration$FlywayConfiguration$$EnhancerBySpringCGLIB$$7d56a756Customizer> (0x000000008a3397d0) thrown at [c:/jenkins/workspace
Event: 3.827 Thread 0x000002244993a000 Exception <a 'java/lang/ClassNotFoundException'{0x000000008a35e508}: org/springframework/context/annotation/ConfigurationClassEnhancer$EnhancedConfigurationCustomizer> (0x000000008a35e508) thrown at [c:/jenkins/workspace/zulu9-silver-build-win64/zulu-src/
Event: 3.836 Thread 0x000002244993a000 Exception <a 'java/lang/ClassNotFoundException'{0x000000008a2a9618}: java/lang/ObjectCustomizer> (0x000000008a2a9618) thrown at [c:/jenkins/workspace/zulu9-silver-build-win64/zulu-src/hotspot/src/share/vm/classfile/systemDictionary.cpp, line 218]
Event: 3.836 Thread 0x000002244993a000 Exception <a 'java/lang/ClassNotFoundException'{0x000000008a2bb618}: org/flywaydb/core/FlywayCustomizer> (0x000000008a2bb618) thrown at [c:/jenkins/workspace/zulu9-silver-build-win64/zulu-src/hotspot/src/share/vm/classfile/systemDictionary.cpp, line 218]
Event: 3.837 Thread 0x000002244993a000 Exception <a 'java/lang/ClassNotFoundException'{0x000000008a115448}: org/springframework/boot/autoconfigure/flyway/FlywayAutoConfiguration$SpringBootFlywayCustomizer> (0x000000008a115448) thrown at [c:/jenkins/workspace/zulu9-silver-build-win64/zulu-src/h
Event: 3.838 Thread 0x000002244993a000 Exception <a 'java/lang/ClassNotFoundException'{0x000000008a14de60}: org/flywaydb/core/api/configuration/FlywayConfigurationCustomizer> (0x000000008a14de60) thrown at [c:/jenkins/workspace/zulu9-silver-build-win64/zulu-src/hotspot/src/share/vm/classfile/s
Event: 3.843 Thread 0x000002244993a000 Exception <a 'java/lang/ClassNotFoundException'{0x000000008a03c1c0}: java/lang/ObjectCustomizer> (0x000000008a03c1c0) thrown at [c:/jenkins/workspace/zulu9-silver-build-win64/zulu-src/hotspot/src/share/vm/classfile/systemDictionary.cpp, line 218]
Event: 3.843 Thread 0x000002244993a000 Exception <a 'java/lang/ClassNotFoundException'{0x000000008a059ac0}: org/springframework/boot/autoconfigure/flyway/FlywayMigrationInitializerCustomizer> (0x000000008a059ac0) thrown at [c:/jenkins/workspace/zulu9-silver-build-win64/zulu-src/hotspot/src/sha
Event: 3.843 Thread 0x000002244993a000 Exception <a 'java/lang/ClassNotFoundException'{0x000000008a072d58}: org/springframework/beans/factory/InitializingBeanCustomizer> (0x000000008a072d58) thrown at [c:/jenkins/workspace/zulu9-silver-build-win64/zulu-src/hotspot/src/share/vm/classfile/system
Event: 3.844 Thread 0x000002244993a000 Exception <a 'java/lang/ClassNotFoundException'{0x000000008a084428}: org/springframework/core/OrderedCustomizer> (0x000000008a084428) thrown at [c:/jenkins/workspace/zulu9-silver-build-win64/zulu-src/hotspot/src/share/vm/classfile/systemDictionary.cpp, li

Events (10 events):
Event: 3.889 loading class com/mysql/jdbc/Collation done
Event: 3.893 loading class com/mysql/jdbc/log/LogFactory
Event: 3.893 loading class com/mysql/jdbc/log/LogFactory done
Event: 3.894 loading class com/mysql/jdbc/TimeUtil
Event: 3.894 loading class com/mysql/jdbc/TimeUtil done
Event: 3.895 loading class java/io/Console
Event: 3.895 loading class java/io/Console done
Event: 3.895 loading class com/mysql/jdbc/DatabaseMetaData
Event: 3.895 loading class com/mysql/jdbc/DatabaseMetaData done
Event: 3.897 Executing VM operation: CollectForMetadataAllocation


Dynamic libraries:
0x00007ff717fc0000 - 0x00007ff717ffd000 	C:\Users\fun4l\.sdkman\candidates\java\9.0.7-zulu\bin\java.exe
0x00007ffc5d490000 - 0x00007ffc5d671000 	C:\WINDOWS\SYSTEM32\ntdll.dll
0x00007ffc5c4a0000 - 0x00007ffc5c552000 	C:\WINDOWS\System32\KERNEL32.DLL
0x00007ffc59df0000 - 0x00007ffc5a063000 	C:\WINDOWS\System32\KERNELBASE.dll
0x00007ffc5c260000 - 0x00007ffc5c3f0000 	C:\WINDOWS\System32\USER32.dll
0x00007ffc59dd0000 - 0x00007ffc59df0000 	C:\WINDOWS\System32\win32u.dll
0x00007ffc5c560000 - 0x00007ffc5c588000 	C:\WINDOWS\System32\GDI32.dll
0x00007ffc59940000 - 0x00007ffc59ad2000 	C:\WINDOWS\System32\gdi32full.dll
0x00007ffc5a070000 - 0x00007ffc5a10f000 	C:\WINDOWS\System32\msvcp_win.dll
0x00007ffc5a110000 - 0x00007ffc5a20a000 	C:\WINDOWS\System32\ucrtbase.dll
0x00007ffc402f0000 - 0x00007ffc40559000 	C:\WINDOWS\WinSxS\amd64_microsoft.windows.common-controls_6595b64144ccf1df_6.0.17134.228_none_fb4599993062b194\COMCTL32.dll
0x00007ffc5c8c0000 - 0x00007ffc5c95e000 	C:\WINDOWS\System32\msvcrt.dll
0x00007ffc5bf30000 - 0x00007ffc5c253000 	C:\WINDOWS\System32\combase.dll
0x00007ffc5c590000 - 0x00007ffc5c6b4000 	C:\WINDOWS\System32\RPCRT4.dll
0x00007ffc59860000 - 0x00007ffc598da000 	C:\WINDOWS\System32\bcryptPrimitives.dll
0x00007ffc5c470000 - 0x00007ffc5c49d000 	C:\WINDOWS\System32\IMM32.DLL
0x00007ffc355e0000 - 0x00007ffc356cf000 	C:\Users\fun4l\.sdkman\candidates\java\9.0.7-zulu\bin\msvcr120.dll
0x00007ffc4c6b0000 - 0x00007ffc4c756000 	C:\Users\fun4l\.sdkman\candidates\java\9.0.7-zulu\bin\msvcp120.dll
0x000000006aa80000 - 0x000000006b434000 	C:\Users\fun4l\.sdkman\candidates\java\9.0.7-zulu\bin\server\jvm.dll
0x00007ffc5d180000 - 0x00007ffc5d221000 	C:\WINDOWS\System32\ADVAPI32.dll
0x00007ffc5c6c0000 - 0x00007ffc5c71b000 	C:\WINDOWS\System32\sechost.dll
0x00007ffc5c960000 - 0x00007ffc5c968000 	C:\WINDOWS\System32\PSAPI.DLL
0x00007ffc41e80000 - 0x00007ffc41e89000 	C:\WINDOWS\SYSTEM32\WSOCK32.dll
0x00007ffc5c400000 - 0x00007ffc5c46c000 	C:\WINDOWS\System32\WS2_32.dll
0x00007ffc54b90000 - 0x00007ffc54b9a000 	C:\WINDOWS\SYSTEM32\VERSION.dll
0x00007ffc538c0000 - 0x00007ffc538e3000 	C:\WINDOWS\SYSTEM32\WINMM.dll
0x00007ffc53890000 - 0x00007ffc538ba000 	C:\WINDOWS\SYSTEM32\WINMMBASE.dll
0x00007ffc59b90000 - 0x00007ffc59bd9000 	C:\WINDOWS\System32\cfgmgr32.dll
0x00007ffc56790000 - 0x00007ffc5679f000 	C:\Users\fun4l\.sdkman\candidates\java\9.0.7-zulu\bin\verify.dll
0x00007ffc52790000 - 0x00007ffc527b7000 	C:\Users\fun4l\.sdkman\candidates\java\9.0.7-zulu\bin\java.dll
0x00007ffc3b9c0000 - 0x00007ffc3b9ea000 	C:\Users\fun4l\.sdkman\candidates\java\9.0.7-zulu\bin\instrument.dll
0x00007ffc56670000 - 0x00007ffc56686000 	C:\Users\fun4l\.sdkman\candidates\java\9.0.7-zulu\bin\zip.dll
0x00007ffc552e0000 - 0x00007ffc552ea000 	C:\Users\fun4l\.sdkman\candidates\java\9.0.7-zulu\bin\jimage.dll
0x00007ffc5aaf0000 - 0x00007ffc5bf30000 	C:\WINDOWS\System32\SHELL32.dll
0x00007ffc5ceb0000 - 0x00007ffc5cf59000 	C:\WINDOWS\System32\shcore.dll
0x00007ffc5a210000 - 0x00007ffc5a91d000 	C:\WINDOWS\System32\windows.storage.dll
0x00007ffc5d400000 - 0x00007ffc5d451000 	C:\WINDOWS\System32\shlwapi.dll
0x00007ffc597d0000 - 0x00007ffc597e1000 	C:\WINDOWS\System32\kernel.appcore.dll
0x00007ffc597f0000 - 0x00007ffc5980f000 	C:\WINDOWS\System32\profapi.dll
0x00007ffc59810000 - 0x00007ffc5985c000 	C:\WINDOWS\System32\powrprof.dll
0x00007ffc597a0000 - 0x00007ffc597aa000 	C:\WINDOWS\System32\FLTLIB.DLL
0x00007ffc54d70000 - 0x00007ffc54d8a000 	C:\Users\fun4l\.sdkman\candidates\java\9.0.7-zulu\bin\net.dll
0x00007ffc52f80000 - 0x00007ffc5305c000 	C:\WINDOWS\SYSTEM32\WINHTTP.dll
0x00007ffc59020000 - 0x00007ffc59086000 	C:\WINDOWS\system32\mswsock.dll
0x00007ffc3f1a0000 - 0x00007ffc3f1b1000 	C:\Users\fun4l\.sdkman\candidates\java\9.0.7-zulu\bin\nio.dll
0x00007ffc354b0000 - 0x00007ffc354ca000 	L:\JetBrains\IntelliJ IDEA 2018.2.1\bin\breakgen64.dll
0x00007ffc4c6a0000 - 0x00007ffc4c6a9000 	C:\Users\fun4l\.sdkman\candidates\java\9.0.7-zulu\bin\management.dll
0x00007ffc3b860000 - 0x00007ffc3b86a000 	C:\Users\fun4l\.sdkman\candidates\java\9.0.7-zulu\bin\management_ext.dll
0x00007ffc408b0000 - 0x00007ffc408c6000 	C:\WINDOWS\system32\napinsp.dll
0x00007ffc40890000 - 0x00007ffc408aa000 	C:\WINDOWS\system32\pnrpnsp.dll
0x00007ffc56640000 - 0x00007ffc56659000 	C:\WINDOWS\system32\NLAapi.dll
0x00007ffc58de0000 - 0x00007ffc58e9e000 	C:\WINDOWS\SYSTEM32\DNSAPI.dll
0x00007ffc5a920000 - 0x00007ffc5a928000 	C:\WINDOWS\System32\NSI.dll
0x00007ffc58da0000 - 0x00007ffc58dd8000 	C:\WINDOWS\SYSTEM32\IPHLPAPI.DLL
0x00007ffc409c0000 - 0x00007ffc409ce000 	C:\WINDOWS\System32\winrnr.dll
0x00007ffc53bf0000 - 0x00007ffc53bfa000 	C:\Windows\System32\rasadhlp.dll
0x00007ffc52f00000 - 0x00007ffc52f72000 	C:\WINDOWS\System32\fwpuclnt.dll
0x00007ffc59300000 - 0x00007ffc59325000 	C:\WINDOWS\SYSTEM32\bcrypt.dll
0x00007ffc591d0000 - 0x00007ffc591e7000 	C:\WINDOWS\SYSTEM32\CRYPTSP.dll
0x00007ffc58c00000 - 0x00007ffc58c33000 	C:\WINDOWS\system32\rsaenh.dll
0x00007ffc596d0000 - 0x00007ffc596f8000 	C:\WINDOWS\SYSTEM32\USERENV.dll
0x00007ffc591f0000 - 0x00007ffc591fb000 	C:\WINDOWS\SYSTEM32\CRYPTBASE.dll
0x00007ffc54940000 - 0x00007ffc54956000 	C:\WINDOWS\SYSTEM32\dhcpcsvc6.DLL
0x00007ffc54980000 - 0x00007ffc5499a000 	C:\WINDOWS\SYSTEM32\dhcpcsvc.DLL

VM Arguments:
jvm_args: -XX:TieredStopAtLevel=1 -Xverify:none -Dspring.output.ansi.enabled=always -Dcom.sun.management.jmxremote -Dcom.sun.management.jmxremote.port=57002 -Dcom.sun.management.jmxremote.authenticate=false -Dcom.sun.management.jmxremote.ssl=false -Djava.rmi.server.hostname=localhost -Dspring.liveBeansView.mbeanDomain -Dspring.application.admin.enabled=true -javaagent:L:\JetBrains\IntelliJ IDEA 2018.2.1\lib\idea_rt.jar=57003:L:\JetBrains\IntelliJ IDEA 2018.2.1\bin -Dfile.encoding=UTF-8 
java_command: ru.lanit.springboot.afisha.AfishaApplication
java_class_path (initial): C:\Users\fun4l\dev\study\Lanit\SpringBootAfisha\target\classes;C:\Users\fun4l\.m2\repository\org\springframework\boot\spring-boot-starter-web\2.0.3.RELEASE\spring-boot-starter-web-2.0.3.RELEASE.jar;C:\Users\fun4l\.m2\repository\org\springframework\boot\spring-boot-starter\2.0.3.RELEASE\spring-boot-starter-2.0.3.RELEASE.jar;C:\Users\fun4l\.m2\repository\org\springframework\boot\spring-boot-starter-logging\2.0.3.RELEASE\spring-boot-starter-logging-2.0.3.RELEASE.jar;C:\Users\fun4l\.m2\repository\ch\qos\logback\logback-classic\1.2.3\logback-classic-1.2.3.jar;C:\Users\fun4l\.m2\repository\ch\qos\logback\logback-core\1.2.3\logback-core-1.2.3.jar;C:\Users\fun4l\.m2\repository\org\apache\logging\log4j\log4j-to-slf4j\2.10.0\log4j-to-slf4j-2.10.0.jar;C:\Users\fun4l\.m2\repository\org\apache\logging\log4j\log4j-api\2.10.0\log4j-api-2.10.0.jar;C:\Users\fun4l\.m2\repository\org\slf4j\jul-to-slf4j\1.7.25\jul-to-slf4j-1.7.25.jar;C:\Users\fun4l\.m2\repository\javax\annotation\javax.annotation-api\1.3.2\javax.annotation-api-1.3.2.jar;C:\Users\fun4l\.m2\repository\org\yaml\snakeyaml\1.19\snakeyaml-1.19.jar;C:\Users\fun4l\.m2\repository\org\springframework\boot\spring-boot-starter-json\2.0.3.RELEASE\spring-boot-starter-json-2.0.3.RELEASE.jar;C:\Users\fun4l\.m2\repository\com\fasterxml\jackson\core\jackson-databind\2.9.6\jackson-databind-2.9.6.jar;C:\Users\fun4l\.m2\repository\com\fasterxml\jackson\core\jackson-annotations\2.9.0\jackson-annotations-2.9.0.jar;C:\Users\fun4l\.m2\repository\com\fasterxml\jackson\core\jackson-core\2.9.6\jackson-core-2.9.6.jar;C:\Users\fun4l\.m2\repository\com\fasterxml\jackson\datatype\jackson-datatype-jdk8\2.9.6\jackson-datatype-jdk8-2.9.6.jar;C:\Users\fun4l\.m2\repository\com\fasterxml\jackson\datatype\jackson-datatype-jsr310\2.9.6\jackson-datatype-jsr310-2.9.6.jar;C:\Users\fun4l\.m2\repository\com\fasterxml\jackson\module\jackson-module-parameter-names\2.9.6\jackson-module-parameter-names-2.9.6.jar;C:\Users\fun4l\.m2\reposit
Launcher Type: SUN_STANDARD

Logging:
Log output configuration:
#0: stdout all=warning uptime,level,tags
#1: stderr all=off uptime,level,tags

Environment Variables:
JAVA_HOME=C:\Program Files\Java\jdk-9.0.4
PATH=C:\ProgramData\Oracle\Java\javapath;C:\Program Files (x86)\Common Files\Intel\Shared Files\cpp\bin\Intel64;C:\Program Files (x86)\Intel\iCLS Client\;C:\Program Files\Intel\iCLS Client\;C:\WINDOWS\system32;C:\WINDOWS;C:\WINDOWS\System32\Wbem;C:\WINDOWS\System32\WindowsPowerShell\v1.0\;C:\Program Files (x86)\NVIDIA Corporation\PhysX\Common;C:\Program Files (x86)\Intel\Intel(R) Management Engine Components\DAL;C:\Program Files\Intel\Intel(R) Management Engine Components\DAL;C:\Program Files (x86)\Intel\Intel(R) Management Engine Components\IPT;C:\Program Files\Intel\Intel(R) Management Engine Components\IPT;L:\MATLAB\R2016b\runtime\win64;L:\MATLAB\R2016b\bin;L:\MATLAB\R2016b\polyspace\bin;C:\Program Files\Microsoft SQL Server\Client SDK\ODBC\110\Tools\Binn\;C:\Program Files (x86)\Microsoft SQL Server\120\Tools\Binn\;C:\Program Files\Microsoft SQL Server\120\Tools\Binn\;C:\Program Files\Microsoft SQL Server\120\DTS\Binn\;C:\Program Files (x86)\Windows Kits\8.1\Windows Performance Toolkit\;C:\WINDOWS\system32;C:\WINDOWS;C:\WINDOWS\System32\Wbem;C:\WINDOWS\System32\WindowsPowerShell\v1.0\;C:\Program Files\Java\jdk-9.0.4\bin;C:\Program Files\Git\cmd;C:\Program Files\Git\mingw64\bin;C:\Program Files\Git\usr\bin;C:\ProgramData\chocolatey\bin;;C:\WINDOWS\System32\OpenSSH\;C:\Users\fun4l\AppData\Local\Microsoft\WindowsApps
USERNAME=fun4l
OS=Windows_NT
PROCESSOR_IDENTIFIER=Intel64 Family 6 Model 158 Stepping 9, GenuineIntel



---------------  S Y S T E M  ---------------

OS: Windows 10 , 64 bit Build 17134 (10.0.17134.1)

CPU:total 4 (initial active 4) (4 cores per cpu, 1 threads per core) family 6 model 158 stepping 9, cmov, cx8, fxsr, mmx, sse, sse2, sse3, ssse3, sse4.1, sse4.2, popcnt, avx, avx2, aes, clmul, erms, 3dnowpref, lzcnt, tsc, tscinvbit, bmi1, bmi2, adx, fma

Memory: 4k page, physical 8260772k(1665268k free), swap 8260772k(4200k free)

vm_info: OpenJDK 64-Bit Server VM (9.0.7.1+1) for windows-amd64 JRE (9.0.7.1+1), built on Apr  6 2018 03:06:52 by "" with MS VC++ 12.0 (VS2013)

END.
